2024-08-17 20:27:50 [INFO]: Server app listening on port 5000!
2024-08-17 20:31:20 [INFO]: POST /api/customer/login
2024-08-17 20:31:33 [INFO]: Server app listening on port 5000!
2024-08-17 20:31:48 [INFO]: Server app listening on port 5000!
2024-08-17 20:31:52 [INFO]: POST /api/customer/login
2024-08-17 20:32:05 [INFO]: POST /api/customer/verifyOtp
2024-08-17 20:32:09 [INFO]: GET /api/product/all-products
2024-08-17 20:32:09 [INFO]: GET /api/product/all-products
2024-08-17 20:32:12 [INFO]: GET /api/cart/customer1
2024-08-17 20:32:12 [INFO]: GET /api/cart/customer1
2024-08-17 20:32:12 [INFO]: GET /api/product/363701
2024-08-17 20:32:12 [INFO]: GET /api/product/509936
2024-08-17 20:32:12 [INFO]: GET /api/product/363701
2024-08-17 20:32:12 [INFO]: GET /api/product/509936
2024-08-17 20:32:21 [INFO]: GET /api/product/all-products
2024-08-17 20:32:21 [INFO]: GET /api/product/all-products
2024-08-17 20:33:20 [INFO]: GET /api/product/all-products
2024-08-17 20:33:30 [INFO]: DELETE /api/user/users/customer1
2024-08-17 20:33:39 [INFO]: DELETE /api/user/users/customer1
2024-08-17 20:33:50 [INFO]: GET /api/product/all-products
2024-08-17 20:33:51 [INFO]: DELETE /api/user/customer1
2024-08-17 20:34:51 [INFO]: GET /api/product/all-products
2024-08-17 20:34:51 [INFO]: GET /api/product/all-products
2024-08-17 20:37:16 [INFO]: Server app listening on port 5000!
2024-08-17 20:37:22 [INFO]: Server app listening on port 5000!
2024-08-17 20:37:24 [INFO]: Server app listening on port 5000!
2024-08-17 20:37:26 [INFO]: Server app listening on port 5000!
2024-08-17 20:37:36 [INFO]: Server app listening on port 5000!
2024-08-17 20:37:39 [INFO]: Server app listening on port 5000!
2024-08-17 20:37:53 [INFO]: GET /api/cart/customer1
2024-08-17 20:37:53 [INFO]: GET /api/cart/customer1
2024-08-17 20:37:53 [INFO]: GET /api/product/363701
2024-08-17 20:37:53 [INFO]: GET /api/product/509936
2024-08-17 20:37:53 [INFO]: GET /api/product/363701
2024-08-17 20:37:53 [INFO]: GET /api/product/509936
2024-08-17 20:37:56 [INFO]: DELETE /api/cart/deleteProduct/customer1/509936
2024-08-17 20:37:57 [INFO]: GET /api/cart/customer1
2024-08-17 20:37:57 [INFO]: GET /api/cart/customer1
2024-08-17 20:37:57 [INFO]: GET /api/product/363701
2024-08-17 20:37:57 [INFO]: GET /api/product/363701
2024-08-17 20:38:00 [INFO]: GET /api/product/all-products
2024-08-17 20:38:00 [INFO]: GET /api/product/all-products
2024-08-17 20:38:05 [INFO]: POST /api/cart/register
2024-08-17 20:38:06 [INFO]: GET /api/cart/customer1
2024-08-17 20:38:06 [INFO]: GET /api/cart/customer1
2024-08-17 20:38:06 [INFO]: GET /api/product/363701
2024-08-17 20:38:06 [INFO]: GET /api/product/435240
2024-08-17 20:38:06 [INFO]: GET /api/product/363701
2024-08-17 20:38:06 [INFO]: GET /api/product/435240
2024-08-17 20:38:21 [INFO]: GET /api/product/all-products
2024-08-17 20:38:21 [INFO]: GET /api/product/all-products
2024-08-17 20:38:39 [INFO]: Server app listening on port 5000!
2024-08-17 20:38:42 [INFO]: Server app listening on port 5000!
2024-08-17 20:38:44 [INFO]: Server app listening on port 5000!
2024-08-17 20:39:07 [INFO]: Server app listening on port 5000!
2024-08-17 20:39:17 [INFO]: Server app listening on port 5000!
2024-08-17 20:39:20 [INFO]: Server app listening on port 5000!
2024-08-17 20:39:23 [INFO]: Server app listening on port 5000!
2024-08-17 20:39:25 [INFO]: Server app listening on port 5000!
2024-08-17 20:39:27 [INFO]: Server app listening on port 5000!
2024-08-17 20:39:30 [INFO]: Server app listening on port 5000!
2024-08-17 20:39:46 [INFO]: Server app listening on port 5000!
2024-08-17 20:39:48 [INFO]: Server app listening on port 5000!
2024-08-17 20:39:52 [INFO]: Server app listening on port 5000!
2024-08-17 20:39:58 [INFO]: Server app listening on port 5000!
2024-08-17 20:39:58 [INFO]: Server app listening on port 5000!
2024-08-17 20:40:00 [INFO]: Server app listening on port 5000!
2024-08-17 20:40:04 [INFO]: Server app listening on port 5000!
2024-08-17 20:40:07 [INFO]: Server app listening on port 5000!
2024-08-17 20:44:02 [INFO]: GET /api/product/all-products
2024-08-17 20:44:02 [INFO]: GET /api/product/all-products
2024-08-17 20:44:02 [INFO]: GET /api/cart/find/undefined/435240
2024-08-17 20:44:02 [INFO]: GET /api/cart/find/undefined/509936
2024-08-17 20:44:02 [INFO]: GET /api/cart/find/undefined/469108
2024-08-17 20:44:02 [INFO]: GET /api/cart/find/undefined/363701
2024-08-17 20:44:02 [INFO]: GET /api/cart/find/undefined/435240
2024-08-17 20:44:02 [INFO]: GET /api/cart/find/undefined/509936
2024-08-17 20:44:02 [INFO]: GET /api/cart/find/undefined/469108
2024-08-17 20:44:02 [INFO]: GET /api/cart/find/undefined/363701
2024-08-17 20:44:09 [INFO]: GET /api/product/all-products
2024-08-17 20:44:09 [INFO]: GET /api/product/all-products
2024-08-17 20:44:09 [INFO]: GET /api/cart/find/undefined/435240
2024-08-17 20:44:09 [INFO]: GET /api/cart/find/undefined/509936
2024-08-17 20:44:09 [INFO]: GET /api/cart/find/undefined/363701
2024-08-17 20:44:09 [INFO]: GET /api/cart/find/undefined/469108
2024-08-17 20:44:09 [INFO]: GET /api/cart/find/undefined/435240
2024-08-17 20:44:09 [INFO]: GET /api/cart/find/undefined/509936
2024-08-17 20:44:09 [INFO]: GET /api/cart/find/undefined/363701
2024-08-17 20:44:09 [INFO]: GET /api/cart/find/undefined/469108
2024-08-17 20:44:56 [INFO]: GET /api/cart/find/customer1/435240
2024-08-17 20:44:56 [INFO]: GET /api/cart/find/customer1/509936
2024-08-17 20:44:56 [INFO]: GET /api/cart/find/customer1/363701
2024-08-17 20:44:56 [INFO]: GET /api/cart/find/customer1/469108
2024-08-17 20:45:05 [INFO]: GET /api/cart/find/customer1/435240
2024-08-17 20:45:05 [INFO]: GET /api/cart/find/customer1/509936
2024-08-17 20:45:05 [INFO]: GET /api/cart/find/customer1/363701
2024-08-17 20:45:05 [INFO]: GET /api/cart/find/customer1/469108
2024-08-17 20:45:08 [INFO]: GET /api/cart/find/customer1/435240
2024-08-17 20:45:08 [INFO]: GET /api/cart/find/customer1/509936
2024-08-17 20:45:08 [INFO]: GET /api/cart/find/customer1/363701
2024-08-17 20:45:08 [INFO]: GET /api/cart/find/customer1/469108
2024-08-17 20:45:10 [INFO]: GET /api/cart/find/customer1/435240
2024-08-17 20:45:10 [INFO]: GET /api/cart/find/customer1/509936
2024-08-17 20:45:10 [INFO]: GET /api/cart/find/customer1/363701
2024-08-17 20:45:10 [INFO]: GET /api/cart/find/customer1/469108
2024-08-17 20:45:13 [INFO]: GET /api/cart/find/customer1/435240
2024-08-17 20:45:13 [INFO]: GET /api/cart/find/customer1/509936
2024-08-17 20:45:13 [INFO]: GET /api/cart/find/customer1/363701
2024-08-17 20:45:13 [INFO]: GET /api/cart/find/customer1/469108
2024-08-17 20:45:29 [INFO]: GET /api/cart/customer1
2024-08-17 20:45:29 [INFO]: GET /api/cart/customer1
2024-08-17 20:45:29 [INFO]: GET /api/product/363701
2024-08-17 20:45:29 [INFO]: GET /api/product/435240
2024-08-17 20:45:29 [INFO]: GET /api/product/363701
2024-08-17 20:45:29 [INFO]: GET /api/product/435240
2024-08-17 20:45:53 [INFO]: GET /api/cart/customer1
2024-08-17 20:45:53 [INFO]: GET /api/cart/customer1
2024-08-17 20:45:53 [INFO]: GET /api/product/363701
2024-08-17 20:45:53 [INFO]: GET /api/product/435240
2024-08-17 20:45:53 [INFO]: GET /api/product/363701
2024-08-17 20:45:53 [INFO]: GET /api/product/435240
2024-08-17 20:45:58 [INFO]: GET /api/product/all-products
2024-08-17 20:45:58 [INFO]: GET /api/product/all-products
2024-08-17 20:46:02 [INFO]: GET /api/product/all-products
2024-08-17 20:46:02 [INFO]: GET /api/product/all-products
2024-08-17 20:46:13 [INFO]: GET /api/product/all-products
2024-08-17 20:46:13 [INFO]: GET /api/product/all-products
2024-08-17 20:46:21 [INFO]: GET /api/cart/find/customer1/435240
2024-08-17 20:46:21 [INFO]: GET /api/cart/find/customer1/509936
2024-08-17 20:46:21 [INFO]: GET /api/cart/find/customer1/469108
2024-08-17 20:46:21 [INFO]: GET /api/cart/find/customer1/363701
2024-08-17 20:47:55 [INFO]: GET /api/cart/find/customer1/435240
2024-08-17 20:47:55 [INFO]: GET /api/cart/find/customer1/509936
2024-08-17 20:47:55 [INFO]: GET /api/cart/find/customer1/469108
2024-08-17 20:47:55 [INFO]: GET /api/cart/find/customer1/363701
2024-08-17 20:47:56 [INFO]: GET /api/product/all-products
2024-08-17 20:47:56 [INFO]: GET /api/product/all-products
2024-08-17 20:47:56 [INFO]: GET /api/cart/find/customer1/435240
2024-08-17 20:47:56 [INFO]: GET /api/cart/find/customer1/509936
2024-08-17 20:47:56 [INFO]: GET /api/cart/find/customer1/363701
2024-08-17 20:47:56 [INFO]: GET /api/cart/find/customer1/469108
2024-08-17 20:48:18 [INFO]: GET /api/cart/find/customer1/435240
2024-08-17 20:48:18 [INFO]: GET /api/cart/find/customer1/509936
2024-08-17 20:48:18 [INFO]: GET /api/cart/find/customer1/363701
2024-08-17 20:48:18 [INFO]: GET /api/cart/find/customer1/469108
2024-08-17 20:48:25 [INFO]: GET /api/cart/find/customer1/435240
2024-08-17 20:48:25 [INFO]: GET /api/cart/find/customer1/509936
2024-08-17 20:48:25 [INFO]: GET /api/cart/find/customer1/363701
2024-08-17 20:48:25 [INFO]: GET /api/cart/find/customer1/469108
2024-08-17 20:48:34 [INFO]: GET /api/cart/find/customer1/435240
2024-08-17 20:48:34 [INFO]: GET /api/cart/find/customer1/509936
2024-08-17 20:48:34 [INFO]: GET /api/cart/find/customer1/363701
2024-08-17 20:48:34 [INFO]: GET /api/cart/find/customer1/469108
2024-08-17 20:48:55 [INFO]: GET /api/cart/find/customer1/435240
2024-08-17 20:48:55 [INFO]: GET /api/cart/find/customer1/363701
2024-08-17 20:48:55 [INFO]: GET /api/cart/find/customer1/509936
2024-08-17 20:48:55 [INFO]: GET /api/cart/find/customer1/469108
2024-08-17 20:48:58 [INFO]: GET /api/cart/find/customer1/435240
2024-08-17 20:48:58 [INFO]: GET /api/cart/find/customer1/509936
2024-08-17 20:48:58 [INFO]: GET /api/cart/find/customer1/363701
2024-08-17 20:48:58 [INFO]: GET /api/cart/find/customer1/469108
2024-08-17 20:49:04 [INFO]: GET /api/cart/find/customer1/435240
2024-08-17 20:49:04 [INFO]: GET /api/cart/find/customer1/509936
2024-08-17 20:49:04 [INFO]: GET /api/cart/find/customer1/363701
2024-08-17 20:49:04 [INFO]: GET /api/cart/find/customer1/469108
2024-08-17 20:49:05 [INFO]: GET /api/cart/find/customer1/435240
2024-08-17 20:49:05 [INFO]: GET /api/cart/find/customer1/509936
2024-08-17 20:49:05 [INFO]: GET /api/cart/find/customer1/363701
2024-08-17 20:49:05 [INFO]: GET /api/cart/find/customer1/469108
2024-08-17 20:49:06 [INFO]: GET /api/cart/find/customer1/435240
2024-08-17 20:49:06 [INFO]: GET /api/cart/find/customer1/509936
2024-08-17 20:49:06 [INFO]: GET /api/cart/find/customer1/363701
2024-08-17 20:49:06 [INFO]: GET /api/cart/find/customer1/469108
2024-08-17 20:49:09 [INFO]: GET /api/cart/find/customer1/435240
2024-08-17 20:49:09 [INFO]: GET /api/cart/find/customer1/509936
2024-08-17 20:49:09 [INFO]: GET /api/cart/find/customer1/363701
2024-08-17 20:49:09 [INFO]: GET /api/cart/find/customer1/469108
2024-08-17 20:49:12 [INFO]: GET /api/cart/find/customer1/435240
2024-08-17 20:49:12 [INFO]: GET /api/cart/find/customer1/509936
2024-08-17 20:49:12 [INFO]: GET /api/cart/find/customer1/363701
2024-08-17 20:49:12 [INFO]: GET /api/cart/find/customer1/469108
2024-08-17 20:49:14 [INFO]: GET /api/cart/find/customer1/435240
2024-08-17 20:49:14 [INFO]: GET /api/cart/find/customer1/509936
2024-08-17 20:49:14 [INFO]: GET /api/cart/find/customer1/363701
2024-08-17 20:49:14 [INFO]: GET /api/cart/find/customer1/469108
2024-08-17 20:49:19 [INFO]: GET /api/cart/find/customer1/435240
2024-08-17 20:49:19 [INFO]: GET /api/cart/find/customer1/509936
2024-08-17 20:49:19 [INFO]: GET /api/cart/find/customer1/363701
2024-08-17 20:49:19 [INFO]: GET /api/cart/find/customer1/469108
2024-08-17 20:49:29 [INFO]: GET /api/product/all-products
2024-08-17 20:49:29 [INFO]: GET /api/product/all-products
2024-08-17 20:49:34 [INFO]: GET /api/product/all-products
2024-08-17 20:49:34 [INFO]: GET /api/product/all-products
2024-08-17 20:49:34 [INFO]: GET /api/cart/find/customer1/435240
2024-08-17 20:49:34 [INFO]: GET /api/cart/find/customer1/509936
2024-08-17 20:49:34 [INFO]: GET /api/cart/find/customer1/363701
2024-08-17 20:49:34 [INFO]: GET /api/cart/find/customer1/469108
2024-08-17 20:49:37 [INFO]: GET /api/cart/find/customer1/435240
2024-08-17 20:49:37 [INFO]: GET /api/cart/find/customer1/509936
2024-08-17 20:49:37 [INFO]: GET /api/cart/find/customer1/363701
2024-08-17 20:49:37 [INFO]: GET /api/cart/find/customer1/469108
2024-08-17 20:49:39 [INFO]: GET /api/cart/find/customer1/435240
2024-08-17 20:49:39 [INFO]: GET /api/cart/find/customer1/509936
2024-08-17 20:49:39 [INFO]: GET /api/cart/find/customer1/363701
2024-08-17 20:49:39 [INFO]: GET /api/cart/find/customer1/469108
2024-08-17 20:49:46 [INFO]: GET /api/cart/find/customer1/435240
2024-08-17 20:49:46 [INFO]: GET /api/cart/find/customer1/509936
2024-08-17 20:49:46 [INFO]: GET /api/cart/find/customer1/363701
2024-08-17 20:49:46 [INFO]: GET /api/cart/find/customer1/469108
2024-08-17 20:49:47 [INFO]: GET /api/cart/find/customer1/435240
2024-08-17 20:49:47 [INFO]: GET /api/cart/find/customer1/509936
2024-08-17 20:49:47 [INFO]: GET /api/cart/find/customer1/363701
2024-08-17 20:49:47 [INFO]: GET /api/cart/find/customer1/469108
2024-08-17 20:49:48 [INFO]: GET /api/cart/find/customer1/435240
2024-08-17 20:49:48 [INFO]: GET /api/cart/find/customer1/509936
2024-08-17 20:49:48 [INFO]: GET /api/cart/find/customer1/363701
2024-08-17 20:49:48 [INFO]: GET /api/cart/find/customer1/469108
2024-08-17 20:49:50 [INFO]: GET /api/product/all-products
2024-08-17 20:49:50 [INFO]: GET /api/product/all-products
2024-08-17 20:49:50 [INFO]: GET /api/cart/find/customer1/435240
2024-08-17 20:49:50 [INFO]: GET /api/cart/find/customer1/509936
2024-08-17 20:49:50 [INFO]: GET /api/cart/find/customer1/363701
2024-08-17 20:49:50 [INFO]: GET /api/cart/find/customer1/469108
2024-08-17 20:50:01 [INFO]: GET /api/product/all-products
2024-08-17 20:50:01 [INFO]: GET /api/product/all-products
2024-08-17 20:50:01 [INFO]: GET /api/cart/find/customer1/435240
2024-08-17 20:50:01 [INFO]: GET /api/cart/find/customer1/509936
2024-08-17 20:50:01 [INFO]: GET /api/cart/find/customer1/363701
2024-08-17 20:50:01 [INFO]: GET /api/cart/find/customer1/469108
2024-08-17 20:51:19 [INFO]: GET /api/cart/find/customer1/435240
2024-08-17 20:51:19 [INFO]: GET /api/cart/find/customer1/509936
2024-08-17 20:51:19 [INFO]: GET /api/cart/find/customer1/363701
2024-08-17 20:51:19 [INFO]: GET /api/cart/find/customer1/469108
2024-08-17 20:51:20 [INFO]: GET /api/product/all-products
2024-08-17 20:51:20 [INFO]: GET /api/product/all-products
2024-08-17 20:51:20 [INFO]: GET /api/cart/find/customer1/435240
2024-08-17 20:51:20 [INFO]: GET /api/cart/find/customer1/509936
2024-08-17 20:51:20 [INFO]: GET /api/cart/find/customer1/363701
2024-08-17 20:51:20 [INFO]: GET /api/cart/find/customer1/469108
2024-08-17 20:51:41 [INFO]: GET /api/cart/find/customer1/435240
2024-08-17 20:51:41 [INFO]: GET /api/cart/find/customer1/509936
2024-08-17 20:51:41 [INFO]: GET /api/cart/find/customer1/363701
2024-08-17 20:51:41 [INFO]: GET /api/cart/find/customer1/469108
2024-08-17 20:53:22 [INFO]: GET /api/cart/find/customer1/435240
2024-08-17 20:53:22 [INFO]: GET /api/cart/find/customer1/509936
2024-08-17 20:53:22 [INFO]: GET /api/cart/find/customer1/363701
2024-08-17 20:53:22 [INFO]: GET /api/cart/find/customer1/469108
2024-08-17 20:53:24 [INFO]: GET /api/product/all-products
2024-08-17 20:53:24 [INFO]: GET /api/product/all-products
2024-08-17 20:53:24 [INFO]: GET /api/cart/find/customer1/435240
2024-08-17 20:53:24 [INFO]: GET /api/cart/find/customer1/509936
2024-08-17 20:53:24 [INFO]: GET /api/cart/find/customer1/363701
2024-08-17 20:53:24 [INFO]: GET /api/cart/find/customer1/469108
2024-08-17 20:53:40 [INFO]: GET /api/product/all-products
2024-08-17 20:53:40 [INFO]: GET /api/product/all-products
2024-08-17 20:53:40 [INFO]: GET /api/cart/find/customer1/435240
2024-08-17 20:53:40 [INFO]: GET /api/cart/find/customer1/509936
2024-08-17 20:53:40 [INFO]: GET /api/cart/find/customer1/469108
2024-08-17 20:53:40 [INFO]: GET /api/cart/find/customer1/363701
2024-08-17 20:53:44 [INFO]: GET /api/cart/find/customer1/435240
2024-08-17 20:53:44 [INFO]: GET /api/cart/find/customer1/509936
2024-08-17 20:53:44 [INFO]: GET /api/cart/find/customer1/363701
2024-08-17 20:53:44 [INFO]: GET /api/cart/find/customer1/469108
2024-08-17 20:53:46 [INFO]: GET /api/cart/find/customer1/435240
2024-08-17 20:53:46 [INFO]: GET /api/cart/find/customer1/509936
2024-08-17 20:53:46 [INFO]: GET /api/cart/find/customer1/363701
2024-08-17 20:53:46 [INFO]: GET /api/cart/find/customer1/469108
2024-08-17 20:53:47 [INFO]: GET /api/product/all-products
2024-08-17 20:53:47 [INFO]: GET /api/product/all-products
2024-08-17 20:53:47 [INFO]: GET /api/cart/find/customer1/435240
2024-08-17 20:53:47 [INFO]: GET /api/cart/find/customer1/509936
2024-08-17 20:53:47 [INFO]: GET /api/cart/find/customer1/363701
2024-08-17 20:53:47 [INFO]: GET /api/cart/find/customer1/469108
2024-08-17 20:53:53 [INFO]: POST /api/cart/register
2024-08-17 20:53:57 [INFO]: GET /api/cart/customer1
2024-08-17 20:53:57 [INFO]: GET /api/cart/customer1
2024-08-17 20:53:57 [INFO]: GET /api/product/363701
2024-08-17 20:53:57 [INFO]: GET /api/product/435240
2024-08-17 20:53:57 [INFO]: GET /api/product/509936
2024-08-17 20:53:57 [INFO]: GET /api/product/363701
2024-08-17 20:53:57 [INFO]: GET /api/product/435240
2024-08-17 20:53:57 [INFO]: GET /api/product/509936
2024-08-17 20:54:07 [INFO]: DELETE /api/cart/deleteProduct/customer1/435240
2024-08-17 20:54:08 [INFO]: GET /api/cart/customer1
2024-08-17 20:54:08 [INFO]: GET /api/cart/customer1
2024-08-17 20:54:08 [INFO]: GET /api/product/363701
2024-08-17 20:54:08 [INFO]: GET /api/product/509936
2024-08-17 20:54:08 [INFO]: GET /api/product/363701
2024-08-17 20:54:08 [INFO]: GET /api/product/509936
2024-08-17 20:54:11 [INFO]: GET /api/product/all-products
2024-08-17 20:54:11 [INFO]: GET /api/product/all-products
2024-08-17 20:54:11 [INFO]: GET /api/cart/find/customer1/435240
2024-08-17 20:54:11 [INFO]: GET /api/cart/find/customer1/509936
2024-08-17 20:54:11 [INFO]: GET /api/cart/find/customer1/363701
2024-08-17 20:54:11 [INFO]: GET /api/cart/find/customer1/469108
2024-08-17 20:54:17 [INFO]: POST /api/cart/register
2024-08-17 20:54:18 [INFO]: GET /api/cart/customer1
2024-08-17 20:54:18 [INFO]: GET /api/cart/customer1
2024-08-17 20:54:18 [INFO]: GET /api/product/363701
2024-08-17 20:54:18 [INFO]: GET /api/product/435240
2024-08-17 20:54:18 [INFO]: GET /api/product/509936
2024-08-17 20:54:18 [INFO]: GET /api/product/363701
2024-08-17 20:54:18 [INFO]: GET /api/product/435240
2024-08-17 20:54:18 [INFO]: GET /api/product/509936
2024-08-17 20:54:24 [INFO]: DELETE /api/cart/deleteProduct/customer1/363701
2024-08-17 20:54:25 [INFO]: GET /api/product/all-products
2024-08-17 20:54:25 [INFO]: GET /api/product/all-products
2024-08-17 20:54:25 [INFO]: GET /api/cart/customer1
2024-08-17 20:54:25 [INFO]: GET /api/cart/customer1
2024-08-17 20:54:25 [INFO]: GET /api/product/509936
2024-08-17 20:54:25 [INFO]: GET /api/product/435240
2024-08-17 20:54:25 [INFO]: GET /api/product/509936
2024-08-17 20:54:25 [INFO]: GET /api/product/435240
2024-08-17 20:54:27 [INFO]: GET /api/product/all-products
2024-08-17 20:54:27 [INFO]: GET /api/product/all-products
2024-08-17 20:54:27 [INFO]: GET /api/cart/find/customer1/435240
2024-08-17 20:54:27 [INFO]: GET /api/cart/find/customer1/509936
2024-08-17 20:54:27 [INFO]: GET /api/cart/find/customer1/363701
2024-08-17 20:54:27 [INFO]: GET /api/cart/find/customer1/469108
2024-08-17 20:54:32 [INFO]: GET /api/product/all-products
2024-08-17 20:54:32 [INFO]: GET /api/product/all-products
2024-08-17 20:54:33 [INFO]: GET /api/cart/find/customer1/435240
2024-08-17 20:54:33 [INFO]: GET /api/cart/find/customer1/509936
2024-08-17 20:54:33 [INFO]: GET /api/cart/find/customer1/363701
2024-08-17 20:54:33 [INFO]: GET /api/cart/find/customer1/469108
2024-08-17 20:54:36 [INFO]: GET /api/cart/customer1
2024-08-17 20:54:36 [INFO]: GET /api/cart/customer1
2024-08-17 20:54:36 [INFO]: GET /api/product/509936
2024-08-17 20:54:36 [INFO]: GET /api/product/435240
2024-08-17 20:54:36 [INFO]: GET /api/product/509936
2024-08-17 20:54:36 [INFO]: GET /api/product/435240
2024-08-17 20:54:40 [INFO]: DELETE /api/cart/deleteProduct/customer1/435240
2024-08-17 20:54:41 [INFO]: GET /api/cart/customer1
2024-08-17 20:54:41 [INFO]: GET /api/cart/customer1
2024-08-17 20:54:41 [INFO]: GET /api/product/509936
2024-08-17 20:54:41 [INFO]: GET /api/product/509936
2024-08-17 20:54:44 [INFO]: GET /api/product/all-products
2024-08-17 20:54:44 [INFO]: GET /api/product/all-products
2024-08-17 20:54:44 [INFO]: GET /api/cart/find/customer1/435240
2024-08-17 20:54:44 [INFO]: GET /api/cart/find/customer1/509936
2024-08-17 20:54:44 [INFO]: GET /api/cart/find/customer1/469108
2024-08-17 20:54:44 [INFO]: GET /api/cart/find/customer1/363701
2024-08-17 20:54:51 [INFO]: POST /api/cart/register
2024-08-17 20:54:53 [INFO]: GET /api/cart/customer1
2024-08-17 20:54:53 [INFO]: GET /api/cart/customer1
2024-08-17 20:54:53 [INFO]: GET /api/product/509936
2024-08-17 20:54:53 [INFO]: GET /api/product/435240
2024-08-17 20:54:53 [INFO]: GET /api/product/509936
2024-08-17 20:54:53 [INFO]: GET /api/product/435240
2024-08-17 21:00:09 [INFO]: GET /api/product/509936
2024-08-17 21:00:09 [INFO]: GET /api/product/435240
2024-08-17 21:00:09 [INFO]: GET /api/cart/customer1
2024-08-17 21:00:09 [INFO]: GET /api/product/509936
2024-08-17 21:00:09 [INFO]: GET /api/product/435240
2024-08-17 21:00:12 [INFO]: GET /api/cart/customer1
2024-08-17 21:00:12 [INFO]: GET /api/cart/customer1
2024-08-17 21:00:12 [INFO]: GET /api/product/509936
2024-08-17 21:00:12 [INFO]: GET /api/product/435240
2024-08-17 21:00:12 [INFO]: GET /api/product/509936
2024-08-17 21:00:12 [INFO]: GET /api/product/435240
2024-08-17 21:08:05 [INFO]: GET /api/product/509936
2024-08-17 21:08:05 [INFO]: GET /api/product/435240
2024-08-17 21:08:05 [INFO]: GET /api/product/509936
2024-08-17 21:08:05 [INFO]: GET /api/product/435240
2024-08-17 21:08:19 [INFO]: GET /api/cart/customer1
2024-08-17 21:08:19 [INFO]: GET /api/cart/customer1
2024-08-17 21:08:19 [INFO]: GET /api/product/509936
2024-08-17 21:08:19 [INFO]: GET /api/product/435240
2024-08-17 21:08:19 [INFO]: GET /api/product/509936
2024-08-17 21:08:19 [INFO]: GET /api/product/435240
2024-08-17 21:10:03 [INFO]: GET /api/product/509936
2024-08-17 21:10:03 [INFO]: GET /api/product/435240
2024-08-17 21:10:05 [INFO]: GET /api/product/509936
2024-08-17 21:10:05 [INFO]: GET /api/product/435240
2024-08-17 21:12:34 [INFO]: GET /api/product/509936
2024-08-17 21:12:34 [INFO]: GET /api/product/435240
2024-08-17 21:12:41 [INFO]: GET /api/product/509936
2024-08-17 21:12:41 [INFO]: GET /api/product/435240
2024-08-17 21:12:44 [INFO]: GET /api/product/509936
2024-08-17 21:12:44 [INFO]: GET /api/product/435240
2024-08-17 21:12:50 [INFO]: GET /api/cart/customer1
2024-08-17 21:12:50 [INFO]: GET /api/cart/customer1
2024-08-17 21:12:50 [INFO]: GET /api/product/509936
2024-08-17 21:12:50 [INFO]: GET /api/product/435240
2024-08-17 21:12:50 [INFO]: GET /api/product/509936
2024-08-17 21:12:50 [INFO]: GET /api/product/435240
2024-08-17 21:12:57 [INFO]: GET /api/product/509936
2024-08-17 21:12:57 [INFO]: GET /api/product/435240
2024-08-17 21:12:59 [INFO]: GET /api/product/509936
2024-08-17 21:12:59 [INFO]: GET /api/product/435240
2024-08-17 21:13:08 [INFO]: GET /api/cart/customer1
2024-08-17 21:13:08 [INFO]: GET /api/cart/customer1
2024-08-17 21:13:08 [INFO]: GET /api/product/509936
2024-08-17 21:13:08 [INFO]: GET /api/product/435240
2024-08-17 21:13:08 [INFO]: GET /api/product/509936
2024-08-17 21:13:08 [INFO]: GET /api/product/435240
2024-08-17 21:14:21 [INFO]: GET /api/cart/customer1
2024-08-17 21:14:21 [INFO]: GET /api/cart/customer1
2024-08-17 21:14:21 [INFO]: GET /api/product/509936
2024-08-17 21:14:21 [INFO]: GET /api/product/435240
2024-08-17 21:14:21 [INFO]: GET /api/product/509936
2024-08-17 21:14:21 [INFO]: GET /api/product/435240
2024-08-17 21:14:29 [INFO]: GET /api/cart/customer1
2024-08-17 21:14:29 [INFO]: GET /api/product/509936
2024-08-17 21:14:29 [INFO]: GET /api/product/435240
2024-08-17 21:14:31 [INFO]: GET /api/cart/customer1
2024-08-17 21:14:31 [INFO]: GET /api/product/509936
2024-08-17 21:14:31 [INFO]: GET /api/product/435240
2024-08-17 21:14:35 [INFO]: GET /api/product/all-products
2024-08-17 21:14:35 [INFO]: GET /api/cart/find/customer1/435240
2024-08-17 21:14:35 [INFO]: GET /api/cart/find/customer1/509936
2024-08-17 21:14:35 [INFO]: GET /api/cart/find/customer1/363701
2024-08-17 21:14:35 [INFO]: GET /api/cart/find/customer1/469108
2024-08-17 21:14:39 [INFO]: GET /api/product/all-products
2024-08-17 21:14:39 [INFO]: GET /api/cart/find/customer1/435240
2024-08-17 21:14:39 [INFO]: GET /api/cart/find/customer1/509936
2024-08-17 21:14:39 [INFO]: GET /api/cart/find/customer1/363701
2024-08-17 21:14:39 [INFO]: GET /api/cart/find/customer1/469108
2024-08-17 21:14:44 [INFO]: GET /api/product/all-products
2024-08-17 21:14:44 [INFO]: GET /api/cart/find/customer1/435240
2024-08-17 21:14:44 [INFO]: GET /api/cart/find/customer1/509936
2024-08-17 21:14:44 [INFO]: GET /api/cart/find/customer1/363701
2024-08-17 21:14:44 [INFO]: GET /api/cart/find/customer1/469108
2024-08-17 21:14:52 [INFO]: GET /api/product/all-products
2024-08-17 21:14:52 [INFO]: GET /api/cart/find/customer1/435240
2024-08-17 21:14:52 [INFO]: GET /api/cart/find/customer1/509936
2024-08-17 21:14:52 [INFO]: GET /api/cart/find/customer1/363701
2024-08-17 21:14:52 [INFO]: GET /api/cart/find/customer1/469108
2024-08-17 21:15:08 [INFO]: GET /api/cart/customer1
2024-08-17 21:15:08 [INFO]: GET /api/product/509936
2024-08-17 21:15:08 [INFO]: GET /api/product/435240
