2024-08-21 10:35:39 [INFO]: Server app listening on port 5000!
2024-08-21 10:38:40 [INFO]: POST /api/admin/login
2024-08-21 10:38:49 [INFO]: POST /api/customer/login
2024-08-21 10:39:08 [INFO]: POST /api/customer/login
2024-08-21 10:39:21 [INFO]: POST /api/customer/verifyOtp
2024-08-21 10:39:25 [INFO]: GET /api/product/all-products
2024-08-21 10:39:49 [INFO]: GET /api/cart/customer1
2024-08-21 10:39:49 [INFO]: GET /api/product/509936
2024-08-21 10:39:49 [INFO]: GET /api/product/363701
2024-08-21 10:39:49 [INFO]: GET /api/product/469108
2024-08-21 10:39:54 [INFO]: GET /api/product/all-products
2024-08-21 10:40:30 [INFO]: GET /api/cart/customer1
2024-08-21 10:40:30 [INFO]: GET /api/product/509936
2024-08-21 10:40:30 [INFO]: GET /api/product/363701
2024-08-21 10:40:30 [INFO]: GET /api/product/469108
2024-08-21 10:40:40 [INFO]: GET /api/product/all-products
2024-08-21 10:40:56 [INFO]: GET /api/cart/customer1
2024-08-21 10:40:56 [INFO]: GET /api/product/509936
2024-08-21 10:40:56 [INFO]: GET /api/product/363701
2024-08-21 10:40:56 [INFO]: GET /api/product/469108
2024-08-21 10:50:34 [INFO]: GET /api/product/509936
2024-08-21 10:50:34 [INFO]: GET /api/cart/your_username
2024-08-21 10:50:34 [INFO]: GET /api/product/469108
2024-08-21 10:50:34 [INFO]: GET /api/product/363701
2024-08-21 10:50:43 [INFO]: GET /api/product/509936
2024-08-21 10:50:43 [INFO]: GET /api/product/469108
2024-08-21 10:50:43 [INFO]: GET /api/product/363701
2024-08-21 10:51:34 [INFO]: Server app listening on port 5000!
2024-08-21 10:54:34 [INFO]: Server app listening on port 5000!
2024-08-21 10:54:37 [INFO]: Server app listening on port 5000!
2024-08-21 10:54:43 [INFO]: Server app listening on port 5000!
2024-08-21 10:58:58 [INFO]: Server app listening on port 5000!
2024-08-21 11:00:24 [INFO]: Server app listening on port 5000!
2024-08-21 11:00:30 [INFO]: Server app listening on port 5000!
2024-08-21 11:00:43 [INFO]: POST /api/order
2024-08-21 11:00:51 [INFO]: POST /api/order
2024-08-21 11:00:56 [INFO]: GET /api/cart/your_username
2024-08-21 11:01:03 [INFO]: GET /api/product/all-products
2024-08-21 11:01:07 [INFO]: GET /api/cart/your_username
2024-08-21 11:01:12 [INFO]: GET /api/cart/your_username
2024-08-21 11:01:15 [INFO]: GET /api/product/all-products
2024-08-21 11:01:27 [INFO]: POST /api/customer/login
2024-08-21 11:01:45 [INFO]: POST /api/customer/verifyOtp
2024-08-21 11:01:49 [INFO]: GET /api/product/all-products
2024-08-21 11:01:54 [INFO]: GET /api/cart/your_username
2024-08-21 11:02:24 [INFO]: GET /api/cart/customer1
2024-08-21 11:02:24 [INFO]: GET /api/product/509936
2024-08-21 11:02:24 [INFO]: GET /api/product/469108
2024-08-21 11:02:24 [INFO]: GET /api/product/363701
2024-08-21 11:02:25 [INFO]: GET /api/product/509936
2024-08-21 11:02:25 [INFO]: GET /api/product/469108
2024-08-21 11:02:25 [INFO]: GET /api/product/363701
2024-08-21 11:02:25 [INFO]: GET /api/cart/your_username
2024-08-21 11:02:36 [INFO]: GET /api/product/509936
2024-08-21 11:02:36 [INFO]: GET /api/product/469108
2024-08-21 11:02:36 [INFO]: GET /api/product/363701
2024-08-21 11:02:36 [INFO]: GET /api/cart/customer1
2024-08-21 11:02:47 [INFO]: GET /api/product/509936
2024-08-21 11:02:47 [INFO]: GET /api/product/469108
2024-08-21 11:02:47 [INFO]: GET /api/product/363701
2024-08-21 11:02:47 [INFO]: GET /api/cart/your_username
2024-08-21 11:03:03 [INFO]: GET /api/cart/customer1
2024-08-21 11:03:09 [INFO]: GET /api/cart/customer1
2024-08-21 11:03:09 [INFO]: GET /api/product/509936
2024-08-21 11:03:09 [INFO]: GET /api/product/469108
2024-08-21 11:03:09 [INFO]: GET /api/product/363701
2024-08-21 11:03:15 [INFO]: POST /api/order
2024-08-21 11:03:32 [INFO]: GET /api/cart/customer1
2024-08-21 11:05:42 [INFO]: POST /api/order
2024-08-21 11:05:42 [INFO]: GET /api/cart/customer1
2024-08-21 11:05:45 [INFO]: POST /api/order
2024-08-21 11:06:32 [INFO]: GET /api/cart/customer1
2024-08-21 11:06:34 [INFO]: POST /api/order/create
2024-08-21 11:08:26 [INFO]: Server app listening on port 5000!
2024-08-21 11:08:29 [INFO]: GET /api/cart/customer1
2024-08-21 11:08:29 [INFO]: GET /api/product/509936
2024-08-21 11:08:30 [INFO]: GET /api/product/469108
2024-08-21 11:08:30 [INFO]: GET /api/product/363701
2024-08-21 11:08:37 [INFO]: GET /api/cart/customer1
2024-08-21 11:08:38 [INFO]: GET /api/product/363701
2024-08-21 11:08:38 [INFO]: GET /api/product/509936
2024-08-21 11:08:38 [INFO]: GET /api/product/469108
2024-08-21 11:08:47 [INFO]: GET /api/cart/customer1
2024-08-21 11:08:50 [INFO]: GET /api/cart/customer1
2024-08-21 11:08:50 [INFO]: GET /api/product/509936
2024-08-21 11:08:50 [INFO]: GET /api/product/363701
2024-08-21 11:08:50 [INFO]: GET /api/product/469108
2024-08-21 11:08:53 [INFO]: GET /api/product/all-products
2024-08-21 11:08:56 [INFO]: GET /api/cart/customer1
2024-08-21 11:08:56 [INFO]: GET /api/product/509936
2024-08-21 11:08:56 [INFO]: GET /api/product/469108
2024-08-21 11:08:56 [INFO]: GET /api/product/363701
2024-08-21 11:09:03 [INFO]: GET /api/product/509936
2024-08-21 11:09:03 [INFO]: GET /api/product/469108
2024-08-21 11:09:03 [INFO]: GET /api/product/363701
2024-08-21 11:09:03 [INFO]: GET /api/cart/customer1
2024-08-21 11:09:05 [INFO]: GET /api/product/509936
2024-08-21 11:09:05 [INFO]: GET /api/product/469108
2024-08-21 11:09:05 [INFO]: GET /api/product/363701
2024-08-21 11:09:07 [INFO]: GET /api/cart/customer1
2024-08-21 11:09:07 [INFO]: GET /api/product/509936
2024-08-21 11:09:07 [INFO]: GET /api/product/469108
2024-08-21 11:09:07 [INFO]: GET /api/product/363701
2024-08-21 11:11:18 [INFO]: GET /api/cart/customer1
2024-08-21 11:11:18 [INFO]: GET /api/product/509936
2024-08-21 11:11:18 [INFO]: GET /api/product/363701
2024-08-21 11:11:18 [INFO]: GET /api/product/469108
2024-08-21 11:11:40 [INFO]: GET /api/cart/customer1
2024-08-21 11:11:40 [INFO]: GET /api/product/509936
2024-08-21 11:11:40 [INFO]: GET /api/product/363701
2024-08-21 11:11:40 [INFO]: GET /api/product/469108
2024-08-21 11:11:41 [INFO]: POST /api/orders
2024-08-21 11:11:53 [INFO]: GET /api/cart/customer1
2024-08-21 11:11:53 [INFO]: GET /api/product/509936
2024-08-21 11:11:53 [INFO]: GET /api/product/469108
2024-08-21 11:11:53 [INFO]: GET /api/product/363701
2024-08-21 11:11:56 [INFO]: POST /api/orders
2024-08-21 11:13:37 [INFO]: GET /api/cart/customer1
2024-08-21 11:13:41 [INFO]: GET /api/cart/customer1
2024-08-21 11:13:42 [INFO]: GET /api/product/509936
2024-08-21 11:13:42 [INFO]: GET /api/product/469108
2024-08-21 11:13:42 [INFO]: GET /api/product/363701
2024-08-21 11:13:45 [INFO]: POST /api/orders/create
2024-08-21 11:14:04 [INFO]: GET /api/cart/customer1
2024-08-21 11:14:05 [INFO]: POST /api/order/create
2024-08-21 11:16:09 [INFO]: Server app listening on port 5000!
2024-08-21 11:16:19 [INFO]: Server app listening on port 5000!
2024-08-21 11:16:23 [INFO]: Server app listening on port 5000!
2024-08-21 11:16:43 [INFO]: GET /api/cart/customer1
2024-08-21 11:16:48 [INFO]: POST /api/order/create
2024-08-21 11:17:29 [INFO]: Server app listening on port 5000!
2024-08-21 11:17:31 [INFO]: POST /api/order/create
2024-08-21 11:17:41 [INFO]: Server app listening on port 5000!
2024-08-21 11:17:44 [INFO]: POST /api/order/create
2024-08-21 11:18:26 [INFO]: Server app listening on port 5000!
2024-08-21 11:19:05 [INFO]: Server app listening on port 5000!
2024-08-21 11:19:14 [INFO]: Server app listening on port 5000!
2024-08-21 11:19:16 [INFO]: POST /api/order/create
2024-08-21 11:20:48 [INFO]: POST /api/order/create
2024-08-21 11:20:58 [INFO]: POST /api/order/create
2024-08-21 11:22:09 [INFO]: GET /api/product/all-products
2024-08-21 11:23:08 [INFO]: GET /api/product/all-products
2024-08-21 11:23:11 [INFO]: GET /api/cart/customer1
2024-08-21 11:23:11 [INFO]: GET /api/product/509936
2024-08-21 11:23:11 [INFO]: GET /api/product/469108
2024-08-21 11:23:11 [INFO]: GET /api/product/363701
2024-08-21 11:23:15 [INFO]: POST /api/order/create
2024-08-21 11:23:17 [INFO]: GET /api/product/all-products
2024-08-21 11:23:44 [INFO]: GET /api/cart/customer1
2024-08-21 11:23:44 [INFO]: GET /api/product/509936
2024-08-21 11:23:44 [INFO]: GET /api/product/469108
2024-08-21 11:23:44 [INFO]: GET /api/product/363701
2024-08-21 11:23:47 [INFO]: POST /api/order/create
2024-08-21 11:23:49 [INFO]: GET /api/product/all-products
2024-08-21 11:25:00 [INFO]: GET /api/cart/customer1
2024-08-21 11:25:00 [INFO]: GET /api/product/all-products
2024-08-21 11:25:05 [INFO]: GET /api/cart/customer1
2024-08-21 11:25:05 [INFO]: GET /api/product/all-products
2024-08-21 11:25:26 [INFO]: GET /api/cart/customer1
2024-08-21 11:25:26 [INFO]: GET /api/product/509936
2024-08-21 11:25:26 [INFO]: GET /api/product/363701
2024-08-21 11:25:26 [INFO]: GET /api/product/469108
2024-08-21 11:25:29 [INFO]: POST /api/order/create
2024-08-21 11:25:29 [INFO]: GET /api/product/all-products
2024-08-21 11:32:13 [INFO]: Server app listening on port 5000!
2024-08-21 11:33:33 [INFO]: Server app listening on port 5000!
2024-08-21 11:33:45 [INFO]: Server app listening on port 5000!
2024-08-21 11:34:15 [INFO]: Server app listening on port 5000!
2024-08-21 11:34:23 [INFO]: Server app listening on port 5000!
2024-08-21 11:34:32 [INFO]: Server app listening on port 5000!
2024-08-21 11:36:56 [INFO]: GET /api/cart/customer1
2024-08-21 11:36:56 [INFO]: GET /api/product/509936
2024-08-21 11:36:56 [INFO]: GET /api/product/363701
2024-08-21 11:36:56 [INFO]: GET /api/product/469108
2024-08-21 11:37:13 [INFO]: POST /api/order/create
2024-08-21 11:37:13 [INFO]: DELETE /api/cart/customer1
2024-08-21 11:38:01 [INFO]: GET /api/cart/customer1
2024-08-21 11:38:05 [INFO]: GET /api/cart/customer1
2024-08-21 11:38:05 [INFO]: GET /api/product/509936
2024-08-21 11:38:05 [INFO]: GET /api/product/469108
2024-08-21 11:38:05 [INFO]: GET /api/product/363701
2024-08-21 11:38:08 [INFO]: POST /api/order/create
2024-08-21 11:38:08 [INFO]: DELETE /api/cart/clear/customer1
2024-08-21 11:38:10 [INFO]: GET /api/product/all-products
2024-08-21 11:38:20 [INFO]: GET /api/cart/customer1
2024-08-21 11:38:23 [INFO]: GET /api/product/all-products
2024-08-21 11:39:37 [INFO]: GET /api/cart/customer1
2024-08-21 11:39:40 [INFO]: GET /api/product/all-products
2024-08-21 11:41:40 [INFO]: POST /api/cart/register
2024-08-21 11:41:42 [INFO]: GET /api/cart/customer1
2024-08-21 11:41:42 [INFO]: GET /api/product/509936
2024-08-21 11:41:48 [INFO]: POST /api/order/create
2024-08-21 11:41:48 [INFO]: DELETE /api/cart/clear/customer1
2024-08-21 11:41:50 [INFO]: GET /api/product/all-products
2024-08-21 11:42:02 [INFO]: GET /api/cart/customer1
2024-08-21 11:42:05 [INFO]: GET /api/product/all-products
2024-08-21 11:45:08 [INFO]: GET /api/cart/customer1
2024-08-21 11:45:11 [INFO]: GET /api/product/all-products
2024-08-21 11:45:44 [INFO]: Server app listening on port 5000!
2024-08-21 11:45:45 [INFO]: Server app listening on port 5000!
2024-08-21 11:45:47 [INFO]: Server app listening on port 5000!
2024-08-21 11:45:49 [INFO]: Server app listening on port 5000!
2024-08-21 11:50:11 [INFO]: Server app listening on port 5000!
2024-08-21 11:50:28 [INFO]: Server app listening on port 5000!
2024-08-21 11:51:34 [INFO]: Server app listening on port 5000!
2024-08-21 11:51:39 [INFO]: Server app listening on port 5000!
2024-08-21 11:51:51 [INFO]: Server app listening on port 5000!
2024-08-21 11:52:08 [INFO]: Server app listening on port 5000!
2024-08-21 11:52:09 [INFO]: Server app listening on port 5000!
2024-08-21 11:54:37 [INFO]: Server app listening on port 5000!
2024-08-21 11:54:40 [INFO]: Server app listening on port 5000!
2024-08-21 11:55:55 [INFO]: GET /api/cart/customer1
2024-08-21 11:55:56 [INFO]: GET /api/product/all-products
2024-08-21 11:55:59 [INFO]: GET /api/cart/customer1
2024-08-21 11:56:02 [INFO]: GET /api/product/all-products
2024-08-21 11:56:07 [INFO]: POST /api/cart/register
2024-08-21 11:56:08 [INFO]: POST /api/cart/register
2024-08-21 11:56:10 [INFO]: POST /api/cart/register
2024-08-21 11:56:12 [INFO]: GET /api/cart/customer1
2024-08-21 11:56:12 [INFO]: GET /api/product/363701
2024-08-21 11:56:12 [INFO]: GET /api/product/469108
2024-08-21 11:56:12 [INFO]: GET /api/product/509936
2024-08-21 11:56:20 [INFO]: POST /api/order/create
2024-08-21 11:56:30 [INFO]: POST /api/order/create
2024-08-21 11:58:05 [INFO]: GET /api/cart/customer1
2024-08-21 11:58:06 [INFO]: GET /api/cart/customer1
2024-08-21 11:58:11 [INFO]: GET /api/cart/customer1
2024-08-21 11:58:11 [INFO]: GET /api/product/363701
2024-08-21 11:58:11 [INFO]: GET /api/product/469108
2024-08-21 11:58:11 [INFO]: GET /api/product/509936
2024-08-21 11:58:26 [INFO]: POST /api/order/create
2024-08-21 11:58:37 [INFO]: GET /api/cart/customer1
2024-08-21 11:58:40 [INFO]: GET /api/cart/customer1
2024-08-21 11:59:05 [INFO]: Server app listening on port 5000!
2024-08-21 11:59:06 [INFO]: Server app listening on port 5000!
2024-08-21 11:59:10 [INFO]: Server app listening on port 5000!
2024-08-21 11:59:24 [INFO]: POST /api/order/create
2024-08-21 11:59:24 [INFO]: DELETE /api/cart/clear/customer1
2024-08-21 11:59:26 [INFO]: GET /api/product/all-products
2024-08-21 11:59:30 [INFO]: GET /api/cart/customer1
2024-08-21 11:59:33 [INFO]: GET /api/product/all-products
2024-08-21 12:28:14 [INFO]: POST /api/cart/register
2024-08-21 12:28:18 [INFO]: GET /api/cart/customer1
2024-08-21 12:28:18 [INFO]: GET /api/product/509936
2024-08-21 12:28:25 [INFO]: POST /api/order/create
2024-08-21 12:28:25 [INFO]: DELETE /api/cart/clear/customer1
2024-08-21 12:28:27 [INFO]: GET /api/product/all-products
2024-08-21 12:29:00 [INFO]: GET /api/product/all-products
2024-08-21 12:29:26 [INFO]: POST /api/user/login
2024-08-21 12:29:43 [INFO]: POST /api/user/verifyOtp
2024-08-21 12:29:47 [INFO]: GET /api/product/user-products/seller1
2024-08-21 12:29:59 [INFO]: GET /api/product/user-products/seller1
2024-08-21 12:30:31 [INFO]: GET /api/product/user-products/seller1
2024-08-21 12:30:36 [INFO]: GET /api/product/509936
2024-08-21 12:31:07 [INFO]: PUT /api/product/update/509936
2024-08-21 12:31:07 [INFO]: GET /api/product/user-products/seller1
2024-08-21 12:31:32 [INFO]: POST /api/user/login
2024-08-21 12:31:34 [INFO]: POST /api/user/login
2024-08-21 12:31:34 [INFO]: POST /api/user/login
2024-08-21 12:31:48 [INFO]: POST /api/user/verifyOtp
2024-08-21 12:31:52 [INFO]: GET /api/product/user-products/seller1
2024-08-21 12:32:14 [INFO]: POST /api/customer/login
2024-08-21 12:32:26 [INFO]: POST /api/customer/login
2024-08-21 12:32:56 [INFO]: POST /api/customer/login
2024-08-21 12:33:10 [INFO]: POST /api/customer/verifyOtp
2024-08-21 12:33:14 [INFO]: GET /api/product/all-products
2024-08-21 12:33:23 [INFO]: POST /api/admin/login
2024-08-21 12:33:37 [INFO]: POST /api/admin/verifyOtp
2024-08-21 12:33:41 [INFO]: GET /api/product/all-products
2024-08-21 12:33:41 [INFO]: GET /api/user/users/all-users
2024-08-21 12:33:44 [INFO]: GET /api/product/509936
2024-08-21 12:33:45 [INFO]: GET /api/product/all-products
2024-08-21 12:33:45 [INFO]: GET /api/user/users/all-users
2024-08-21 14:44:12 [INFO]: POST /api/customer/login
2024-08-21 14:44:30 [INFO]: POST /api/customer/verifyOtp
2024-08-21 14:44:34 [INFO]: GET /api/product/all-products
2024-08-21 14:44:40 [INFO]: GET /api/cart/customer1
2024-08-21 14:44:43 [INFO]: GET /api/product/all-products
2024-08-21 14:46:32 [INFO]: GET /api/product/all-products
2024-08-21 14:46:34 [INFO]: GET /api/product/all-products
2024-08-21 14:46:34 [INFO]: GET /api/product/all-products
2024-08-21 14:46:34 [INFO]: GET /api/cart/customer1
2024-08-21 14:46:37 [INFO]: GET /api/product/all-products
2024-08-21 14:47:58 [INFO]: GET /api/product/all-products
2024-08-21 14:48:01 [INFO]: GET /api/cart/customer1
2024-08-21 14:48:04 [INFO]: GET /api/product/all-products
2024-08-21 14:48:48 [INFO]: GET /api/product/all-products
2024-08-21 14:48:59 [INFO]: GET /api/product/all-products
2024-08-21 14:49:03 [INFO]: GET /api/product/all-products
2024-08-21 14:53:22 [INFO]: GET /api/product/all-products
2024-08-21 14:54:30 [INFO]: GET /api/product/all-products
2024-08-21 14:54:46 [INFO]: GET /api/cart/customer1
2024-08-21 14:54:59 [INFO]: GET /api/cart/customer1
2024-08-21 14:55:01 [INFO]: GET /api/cart/customer1
2024-08-21 14:55:15 [INFO]: GET /api/cart/customer1
2024-08-21 15:00:14 [INFO]: GET /api/orders/customer1
2024-08-21 15:00:16 [INFO]: GET /api/orders/customer1
2024-08-21 15:00:23 [INFO]: GET /api/orders/customer1
2024-08-21 15:01:35 [INFO]: GET /api/orders/customer1
2024-08-21 15:01:37 [INFO]: GET /api/orders/by-username/customer1/customer1
2024-08-21 15:01:40 [INFO]: GET /api/orders/by-username/customer/customer1
2024-08-21 15:01:41 [INFO]: GET /api/orders/by-username//customer1
2024-08-21 15:01:42 [INFO]: GET /api/orders/by-username/customer1
2024-08-21 15:01:56 [INFO]: GET /api/orders/by-username/customer1
2024-08-21 15:03:20 [INFO]: GET /api/orders/by-username/customer1
2024-08-21 15:03:35 [INFO]: GET /api/orders/by-username/customer1
2024-08-21 15:03:46 [INFO]: GET /api/orders/by-username/customer1
2024-08-21 15:03:52 [INFO]: GET /api/orders/by-username/
2024-08-21 15:03:59 [INFO]: GET /api/orders/by-username/
2024-08-21 15:04:11 [INFO]: GET /api/orders/by-username/
2024-08-21 15:04:39 [INFO]: GET /api/orders/by-username/customer1
2024-08-21 15:08:11 [INFO]: Server app listening on port 5000!
2024-08-21 15:08:12 [INFO]: Server app listening on port 5000!
2024-08-21 15:08:17 [INFO]: Server app listening on port 5000!
2024-08-21 15:08:18 [INFO]: GET /api/orders/by-username/
2024-08-21 15:08:26 [INFO]: Server app listening on port 5000!
2024-08-21 15:08:59 [INFO]: GET /api/orders/by-username/customer1
2024-08-21 15:09:59 [INFO]: Server app listening on port 5000!
2024-08-21 15:10:17 [INFO]: GET /api/orders/by-username/customer1
2024-08-21 15:10:20 [INFO]: GET /api/orders/by-username/customer1
2024-08-21 15:10:22 [INFO]: GET /api/orders/by-username/customer1
2024-08-21 15:10:26 [INFO]: GET /api/orders/by-username/customer1
2024-08-21 15:10:30 [INFO]: GET /api/orders/by-username/customer1
2024-08-21 15:10:33 [INFO]: GET /api/orders/by-username/customer1
2024-08-21 15:10:36 [INFO]: GET /api/orders/by-username/customer1
2024-08-21 15:11:09 [INFO]: GET /api/order/by-username/customer1
2024-08-21 15:11:18 [INFO]: Server app listening on port 5000!
2024-08-21 15:11:18 [INFO]: GET /api/order/by-username/customer1
2024-08-21 15:12:30 [INFO]: Server app listening on port 5000!
2024-08-21 15:12:30 [INFO]: GET /api/order/by-username/customer1
2024-08-21 15:12:54 [INFO]: Server app listening on port 5000!
2024-08-21 15:12:58 [INFO]: Server app listening on port 5000!
2024-08-21 15:13:05 [INFO]: Server app listening on port 5000!
2024-08-21 15:13:05 [INFO]: GET /api/order/by-username/customer1
2024-08-21 15:15:01 [INFO]: GET /api/orders/by-username/customer1
2024-08-21 15:15:02 [INFO]: GET /api/orders/by-username/customer1
2024-08-21 15:15:10 [INFO]: GET /api/order/by-username/customer1
2024-08-21 15:15:12 [INFO]: GET /api/order/by-username/customer1
2024-08-21 15:15:12 [INFO]: GET /api/order/by-username/customer1
2024-08-21 15:15:12 [INFO]: GET /api/order/by-username/customer1
2024-08-21 15:15:13 [INFO]: GET /api/order/by-username/customer1
2024-08-21 15:15:13 [INFO]: GET /api/order/by-username/customer1
2024-08-21 15:15:13 [INFO]: GET /api/order/by-username/customer1
2024-08-21 15:15:13 [INFO]: GET /api/order/by-username/customer1
2024-08-21 15:15:13 [INFO]: GET /api/order/by-username/customer1
2024-08-21 15:15:45 [INFO]: GET /api/order/by-username/customer1
2024-08-21 15:15:45 [INFO]: GET /api/product/509936
2024-08-21 15:15:45 [INFO]: GET /api/product/363701
2024-08-21 15:15:46 [INFO]: GET /api/product/469108
2024-08-21 15:15:46 [INFO]: GET /api/product/509936
2024-08-21 15:15:50 [INFO]: GET /api/order/by-username/customer1
2024-08-21 15:15:50 [INFO]: GET /api/product/509936
2024-08-21 15:15:50 [INFO]: GET /api/product/363701
2024-08-21 15:15:50 [INFO]: GET /api/product/469108
2024-08-21 15:15:50 [INFO]: GET /api/product/509936
2024-08-21 15:15:59 [INFO]: GET /api/order/by-username/customer1
2024-08-21 15:15:59 [INFO]: GET /api/product/509936
2024-08-21 15:15:59 [INFO]: GET /api/product/363701
2024-08-21 15:15:59 [INFO]: GET /api/product/469108
2024-08-21 15:15:59 [INFO]: GET /api/product/509936
2024-08-21 15:16:02 [INFO]: GET /api/product/all-products
2024-08-21 15:16:05 [INFO]: GET /api/order/by-username/customer1
2024-08-21 15:16:05 [INFO]: GET /api/product/509936
2024-08-21 15:16:05 [INFO]: GET /api/product/363701
2024-08-21 15:16:05 [INFO]: GET /api/product/469108
2024-08-21 15:16:05 [INFO]: GET /api/product/509936
2024-08-21 15:17:17 [INFO]: GET /api/order/by-username/customer1
2024-08-21 15:17:25 [INFO]: Server app listening on port 5000!
2024-08-21 15:17:25 [INFO]: GET /api/order/by-username/customer1
2024-08-21 15:18:02 [INFO]: GET /api/product/509936
2024-08-21 15:18:02 [INFO]: GET /api/product/363701
2024-08-21 15:18:02 [INFO]: GET /api/product/469108
2024-08-21 15:18:02 [INFO]: GET /api/product/509936
2024-08-21 15:18:03 [INFO]: GET /api/order/by-username/customer1
2024-08-21 15:18:03 [INFO]: GET /api/product/509936
2024-08-21 15:18:03 [INFO]: GET /api/product/363701
2024-08-21 15:18:03 [INFO]: GET /api/product/469108
2024-08-21 15:18:03 [INFO]: GET /api/product/509936
2024-08-21 15:18:23 [INFO]: GET /api/product/all-products
2024-08-21 15:18:30 [INFO]: GET /api/order/by-username/customer1
2024-08-21 15:18:30 [INFO]: GET /api/product/509936
2024-08-21 15:18:30 [INFO]: GET /api/product/363701
2024-08-21 15:18:30 [INFO]: GET /api/product/469108
2024-08-21 15:18:30 [INFO]: GET /api/product/509936
2024-08-21 15:18:44 [INFO]: GET /api/order/by-username/customer1
2024-08-21 15:18:47 [INFO]: GET /api/order/by-username/customer1
2024-08-21 15:18:49 [INFO]: GET /api/order/by-username/customer1
2024-08-21 15:19:00 [INFO]: GET /api/product/509936
2024-08-21 15:19:00 [INFO]: GET /api/product/363701
2024-08-21 15:19:00 [INFO]: GET /api/order/by-username/customer1
2024-08-21 15:19:00 [INFO]: GET /api/product/469108
2024-08-21 15:19:00 [INFO]: GET /api/product/509936
2024-08-21 15:19:09 [INFO]: GET /api/order/by-username/customer1
2024-08-21 15:19:09 [INFO]: GET /api/product/509936
2024-08-21 15:19:09 [INFO]: GET /api/product/363701
2024-08-21 15:19:09 [INFO]: GET /api/product/509936
2024-08-21 15:19:09 [INFO]: GET /api/product/469108
2024-08-21 15:19:51 [INFO]: GET /api/order/by-username/customer1
2024-08-21 15:19:52 [INFO]: GET /api/order/by-username/customer1
2024-08-21 15:19:57 [INFO]: GET /api/order/by-username/customer1
2024-08-21 15:20:05 [INFO]: GET /api/product/509936
2024-08-21 15:20:05 [INFO]: GET /api/product/469108
2024-08-21 15:20:05 [INFO]: GET /api/product/363701
2024-08-21 15:20:05 [INFO]: GET /api/product/509936
2024-08-21 15:20:13 [INFO]: GET /api/product/509936
2024-08-21 15:20:13 [INFO]: GET /api/product/363701
2024-08-21 15:20:13 [INFO]: GET /api/product/469108
2024-08-21 15:20:13 [INFO]: GET /api/product/509936
2024-08-21 15:20:15 [INFO]: GET /api/product/509936
2024-08-21 15:20:15 [INFO]: GET /api/product/363701
2024-08-21 15:20:15 [INFO]: GET /api/product/469108
2024-08-21 15:20:15 [INFO]: GET /api/product/509936
2024-08-21 15:20:17 [INFO]: GET /api/product/509936
2024-08-21 15:20:17 [INFO]: GET /api/product/363701
2024-08-21 15:20:17 [INFO]: GET /api/product/469108
2024-08-21 15:20:17 [INFO]: GET /api/product/509936
2024-08-21 15:20:18 [INFO]: GET /api/product/509936
2024-08-21 15:20:18 [INFO]: GET /api/product/363701
2024-08-21 15:20:18 [INFO]: GET /api/product/469108
2024-08-21 15:20:18 [INFO]: GET /api/product/509936
2024-08-21 15:20:20 [INFO]: GET /api/order/by-username/customer1
2024-08-21 15:20:20 [INFO]: GET /api/product/509936
2024-08-21 15:20:20 [INFO]: GET /api/product/363701
2024-08-21 15:20:20 [INFO]: GET /api/product/469108
2024-08-21 15:20:20 [INFO]: GET /api/product/509936
2024-08-21 15:20:36 [INFO]: GET /api/product/509936
2024-08-21 15:20:36 [INFO]: GET /api/product/363701
2024-08-21 15:20:36 [INFO]: GET /api/product/469108
2024-08-21 15:20:36 [INFO]: GET /api/product/509936
2024-08-21 15:20:37 [INFO]: GET /api/product/509936
2024-08-21 15:20:37 [INFO]: GET /api/product/363701
2024-08-21 15:20:37 [INFO]: GET /api/product/469108
2024-08-21 15:20:37 [INFO]: GET /api/product/509936
2024-08-21 15:20:39 [INFO]: GET /api/order/by-username/customer1
2024-08-21 15:20:39 [INFO]: GET /api/product/509936
2024-08-21 15:20:39 [INFO]: GET /api/product/363701
2024-08-21 15:20:39 [INFO]: GET /api/product/469108
2024-08-21 15:20:39 [INFO]: GET /api/product/509936
2024-08-21 15:20:56 [INFO]: GET /api/product/all-products
2024-08-21 15:21:01 [INFO]: POST /api/cart/register
2024-08-21 15:21:02 [INFO]: GET /api/cart/customer1
2024-08-21 15:21:02 [INFO]: GET /api/product/363701
2024-08-21 15:21:09 [INFO]: DELETE /api/cart/deleteProduct/customer1/363701
2024-08-21 15:21:10 [INFO]: DELETE /api/cart/deleteProduct/customer1/363701
2024-08-21 15:21:17 [INFO]: DELETE /api/cart/deleteProduct/customer1/363701
2024-08-21 15:21:20 [INFO]: DELETE /api/cart/deleteProduct/customer1/363701
2024-08-21 15:21:21 [INFO]: DELETE /api/cart/deleteProduct/customer1/363701
2024-08-21 15:21:21 [INFO]: DELETE /api/cart/deleteProduct/customer1/363701
2024-08-21 15:21:22 [INFO]: DELETE /api/cart/deleteProduct/customer1/363701
2024-08-21 15:21:22 [INFO]: DELETE /api/cart/deleteProduct/customer1/363701
2024-08-21 15:21:26 [INFO]: GET /api/cart/customer1
2024-08-21 15:21:30 [INFO]: GET /api/product/all-products
2024-08-21 15:21:34 [INFO]: POST /api/cart/register
2024-08-21 15:21:35 [INFO]: GET /api/cart/customer1
2024-08-21 15:21:35 [INFO]: GET /api/product/363701
2024-08-21 15:21:38 [INFO]: DELETE /api/cart/deleteProduct/customer1/363701
2024-08-21 15:21:46 [INFO]: GET /api/cart/customer1
2024-08-21 15:21:50 [INFO]: GET /api/product/all-products
2024-08-21 15:24:50 [INFO]: POST /api/customer/login
2024-08-21 15:25:02 [INFO]: POST /api/customer/verifyOtp
2024-08-21 15:25:06 [INFO]: GET /api/product/all-products
2024-08-21 15:25:10 [INFO]: GET /api/cart/customer1
2024-08-21 15:25:28 [INFO]: GET /api/product/all-products
2024-08-21 15:25:33 [INFO]: POST /api/cart/register
2024-08-21 15:25:33 [INFO]: GET /api/cart/customer1
2024-08-21 15:25:33 [INFO]: GET /api/product/469108
2024-08-21 15:25:42 [INFO]: DELETE /api/cart/deleteProduct/customer1/469108
2024-08-21 15:25:50 [INFO]: DELETE /api/cart/deleteProduct/customer1/469108
2024-08-21 15:25:57 [INFO]: GET /api/product/all-products
2024-08-21 15:26:03 [INFO]: POST /api/cart/register
2024-08-21 15:26:06 [INFO]: GET /api/cart/customer1
2024-08-21 15:26:06 [INFO]: GET /api/product/509936
2024-08-21 15:26:15 [INFO]: DELETE /api/cart/deleteProduct/customer1/509936
2024-08-21 15:27:19 [INFO]: DELETE /api/cart/deleteProduct/customer1/509936
2024-08-21 15:27:34 [INFO]: DELETE /api/cart/deleteProduct/customer1/509936
2024-08-21 15:29:58 [INFO]: Server app listening on port 5000!
2024-08-21 15:30:00 [INFO]: DELETE /api/cart/deleteProduct/customer1/509936
2024-08-21 15:30:03 [INFO]: DELETE /api/cart/deleteProduct/customer1/509936
2024-08-21 15:30:30 [INFO]: DELETE /api/cart/deleteProduct/customer1/509936
2024-08-21 15:30:34 [INFO]: GET /api/product/all-products
2024-08-21 15:30:38 [INFO]: POST /api/cart/register
2024-08-21 15:30:41 [INFO]: GET /api/cart/customer1
2024-08-21 15:30:41 [INFO]: GET /api/product/363701
2024-08-21 15:30:44 [INFO]: DELETE /api/cart/deleteProduct/customer1/363701
2024-08-21 15:31:20 [INFO]: Server app listening on port 5000!
2024-08-21 15:31:22 [INFO]: Server app listening on port 5000!
2024-08-21 15:31:43 [INFO]: Server app listening on port 5000!
2024-08-21 15:31:44 [INFO]: Server app listening on port 5000!
2024-08-21 15:32:32 [INFO]: Server app listening on port 5000!
2024-08-21 15:32:33 [INFO]: Server app listening on port 5000!
2024-08-21 15:32:34 [INFO]: GET /api/product/all-products
2024-08-21 15:32:36 [INFO]: GET /api/product/all-products
2024-08-21 15:32:40 [INFO]: POST /api/cart/register
2024-08-21 15:32:41 [INFO]: GET /api/cart/customer1
2024-08-21 15:32:41 [INFO]: GET /api/product/363701
2024-08-21 15:32:44 [INFO]: DELETE /api/cart/deleteProduct/customer1/363701
2024-08-21 15:32:49 [INFO]: DELETE /api/cart/deleteProduct/customer1/363701
2024-08-21 15:32:51 [INFO]: GET /api/product/all-products
2024-08-21 15:34:17 [INFO]: GET /api/cart/customer1
2024-08-21 15:34:48 [INFO]: GET /api/product/all-products
2024-08-21 15:34:55 [INFO]: POST /api/cart/register
2024-08-21 15:34:56 [INFO]: GET /api/cart/customer1
2024-08-21 15:34:56 [INFO]: GET /api/product/363701
2024-08-21 15:34:59 [INFO]: DELETE /api/cart/deleteProduct/customer1/363701
2024-08-21 15:35:00 [INFO]: GET /api/cart/customer1
2024-08-21 15:35:18 [INFO]: GET /api/product/all-products
2024-08-21 15:35:24 [INFO]: GET /api/product/all-products
2024-08-21 15:42:35 [INFO]: GET /api/order/by-username/customer1
2024-08-21 15:42:35 [INFO]: GET /api/product/509936
2024-08-21 15:42:35 [INFO]: GET /api/product/363701
2024-08-21 15:42:35 [INFO]: GET /api/product/469108
2024-08-21 15:42:35 [INFO]: GET /api/product/509936
2024-08-21 15:42:42 [INFO]: GET /api/product/all-products
2024-08-21 15:42:48 [INFO]: POST /api/admin/login
2024-08-21 15:43:01 [INFO]: POST /api/admin/verifyOtp
2024-08-21 15:43:05 [INFO]: GET /api/product/all-products
2024-08-21 15:43:05 [INFO]: GET /api/user/users/all-users
2024-08-21 15:49:28 [INFO]: GET /api/product/seller1
2024-08-21 15:49:30 [INFO]: GET /api/user/users/all-users
2024-08-21 15:49:30 [INFO]: GET /api/product/all-products
2024-08-21 15:49:47 [INFO]: GET /api/product/all-products
2024-08-21 15:49:47 [INFO]: GET /api/user/users/all-users
2024-08-21 15:51:35 [INFO]: GET /api/product/all-products
2024-08-21 15:51:35 [INFO]: GET /api/user/users/all-users
2024-08-21 15:51:39 [INFO]: POST /api/customer/login
2024-08-21 15:51:51 [INFO]: POST /api/customer/verifyOtp
2024-08-21 15:51:55 [INFO]: GET /api/product/all-products
2024-08-21 15:52:01 [INFO]: GET /api/order/by-username/customer1
2024-08-21 15:52:01 [INFO]: GET /api/product/509936
2024-08-21 15:52:01 [INFO]: GET /api/product/363701
2024-08-21 15:52:01 [INFO]: GET /api/product/469108
2024-08-21 15:52:01 [INFO]: GET /api/product/509936
2024-08-21 15:52:25 [INFO]: GET /api/product/all-products
2024-08-21 20:38:10 [INFO]: Server app listening on port 5000!
2024-08-21 20:38:25 [INFO]: Server app listening on port 5000!
2024-08-21 20:38:29 [INFO]: Server app listening on port 5000!
2024-08-21 20:38:55 [INFO]: POST /api/user/register
2024-08-21 20:39:00 [INFO]: POST /api/user/register
2024-08-21 20:39:07 [INFO]: POST /api/user/register
2024-08-21 20:39:11 [INFO]: POST /api/user/register
2024-08-21 20:39:15 [INFO]: POST /api/user/register
2024-08-21 20:39:18 [INFO]: POST /api/user/register
2024-08-21 20:39:22 [INFO]: POST /api/user/register
2024-08-21 20:39:26 [INFO]: POST /api/user/register
2024-08-21 20:39:29 [INFO]: POST /api/user/register
2024-08-21 20:39:34 [INFO]: POST /api/user/register
2024-08-21 20:41:03 [INFO]: Server app listening on port 5000!
2024-08-21 20:41:29 [INFO]: POST /api/user/login
2024-08-21 20:41:45 [INFO]: POST /api/user/verifyOtp
2024-08-21 20:41:49 [INFO]: GET /api/product/user-products/seller1
2024-08-21 20:42:47 [INFO]: Server app listening on port 5000!
2024-08-21 20:42:48 [INFO]: Server app listening on port 5000!
2024-08-21 20:42:52 [INFO]: Server app listening on port 5000!
2024-08-21 20:42:54 [INFO]: Server app listening on port 5000!
2024-08-21 20:44:41 [INFO]: POST /api/product/add
2024-08-21 20:45:37 [INFO]: POST /api/product/add
2024-08-21 20:47:21 [INFO]: Server app listening on port 5000!
2024-08-21 20:47:29 [INFO]: POST /api/product/add
2024-08-21 20:48:51 [INFO]: POST /api/product/add
2024-08-21 20:49:10 [INFO]: POST /api/product/add
2024-08-21 20:49:14 [INFO]: POST /api/product/add
2024-08-21 20:49:17 [INFO]: POST /api/product/add
2024-08-21 20:49:21 [INFO]: POST /api/product/add
2024-08-21 20:49:24 [INFO]: POST /api/product/add
2024-08-21 20:49:27 [INFO]: POST /api/product/add
2024-08-21 20:49:30 [INFO]: POST /api/product/add
2024-08-21 20:49:32 [INFO]: POST /api/product/add
2024-08-21 20:49:35 [INFO]: POST /api/product/add
2024-08-21 20:49:39 [INFO]: POST /api/product/add
2024-08-21 20:49:43 [INFO]: POST /api/product/add
2024-08-21 20:49:47 [INFO]: POST /api/product/add
2024-08-21 20:49:50 [INFO]: POST /api/product/add
2024-08-21 20:49:52 [INFO]: POST /api/product/add
2024-08-21 20:49:55 [INFO]: GET /api/product/user-products/seller1
2024-08-21 20:50:27 [INFO]: GET /api/product/436287
2024-08-21 20:50:29 [INFO]: PUT /api/product/update/436287
2024-08-21 20:50:29 [INFO]: GET /api/product/user-products/seller1
2024-08-21 20:50:46 [INFO]: GET /api/product/877849
2024-08-21 20:50:47 [INFO]: PUT /api/product/update/877849
2024-08-21 20:50:47 [INFO]: GET /api/product/user-products/seller1
2024-08-21 20:51:02 [INFO]: GET /api/product/564414
2024-08-21 20:51:04 [INFO]: PUT /api/product/update/564414
2024-08-21 20:51:04 [INFO]: GET /api/product/user-products/seller1
2024-08-21 20:51:27 [INFO]: GET /api/product/705841
2024-08-21 20:51:28 [INFO]: PUT /api/product/update/705841
2024-08-21 20:51:28 [INFO]: GET /api/product/user-products/seller1
2024-08-21 20:51:32 [INFO]: GET /api/product/341621
2024-08-21 20:51:43 [INFO]: PUT /api/product/update/341621
2024-08-21 20:51:43 [INFO]: GET /api/product/user-products/seller1
2024-08-21 20:51:48 [INFO]: GET /api/product/409770
2024-08-21 20:51:57 [INFO]: PUT /api/product/update/409770
2024-08-21 20:51:57 [INFO]: GET /api/product/user-products/seller1
2024-08-21 20:52:12 [INFO]: GET /api/product/881631
2024-08-21 20:52:13 [INFO]: PUT /api/product/update/881631
2024-08-21 20:52:13 [INFO]: GET /api/product/user-products/seller1
2024-08-21 20:52:17 [INFO]: GET /api/product/730121
2024-08-21 20:52:30 [INFO]: PUT /api/product/update/730121
2024-08-21 20:52:30 [INFO]: GET /api/product/user-products/seller1
2024-08-21 20:52:35 [INFO]: GET /api/product/389926
2024-08-21 20:52:45 [INFO]: PUT /api/product/update/389926
2024-08-21 20:52:45 [INFO]: GET /api/product/user-products/seller1
2024-08-21 20:52:49 [INFO]: GET /api/user/seller1
2024-08-21 20:52:50 [INFO]: GET /api/product/user-products/seller1
2024-08-21 20:53:39 [INFO]: Server app listening on port 5000!
