2024-08-13 10:36:43 [INFO]: Server app listening on port 5000!
2024-08-13 10:37:13 [INFO]: POST /api/user/login
2024-08-13 10:37:22 [INFO]: POST /api/admin/login
2024-08-13 10:37:38 [INFO]: POST /api/admin/login
2024-08-13 10:38:02 [INFO]: POST /api/admin/verifyOtp
2024-08-13 10:38:06 [INFO]: GET /api/product/all
2024-08-13 10:38:06 [INFO]: GET /api/user/users
2024-08-13 10:38:06 [INFO]: GET /api/product/all
2024-08-13 10:38:06 [INFO]: GET /api/user/users
2024-08-13 10:38:13 [INFO]: GET /api/product/rut
2024-08-13 10:38:13 [INFO]: GET /api/product/rut
2024-08-13 10:38:19 [INFO]: PUT /api/product/update/rut
2024-08-13 10:38:19 [INFO]: GET /api/product/all
2024-08-13 10:38:19 [INFO]: GET /api/product/all
2024-08-13 10:38:19 [INFO]: GET /api/user/users
2024-08-13 10:38:19 [INFO]: GET /api/user/users
2024-08-13 10:38:25 [INFO]: GET /api/product/shivamsatyam209@gmail.com
2024-08-13 10:38:25 [INFO]: GET /api/product/shivamsatyam209@gmail.com
2024-08-13 10:38:26 [INFO]: GET /api/product/all
2024-08-13 10:38:26 [INFO]: GET /api/product/all
2024-08-13 10:38:26 [INFO]: GET /api/user/users
2024-08-13 10:38:26 [INFO]: GET /api/user/users
2024-08-13 10:38:32 [INFO]: GET /api/product/shivamsatyam209@gmail.com
2024-08-13 10:38:32 [INFO]: GET /api/product/shivamsatyam209@gmail.com
2024-08-13 10:38:44 [INFO]: GET /api/product/shivamsatyam209@gmail.com
2024-08-13 10:38:44 [INFO]: GET /api/product/shivamsatyam209@gmail.com
2024-08-13 10:39:19 [INFO]: GET /api/product/all
2024-08-13 10:39:19 [INFO]: GET /api/user/users
2024-08-13 10:39:19 [INFO]: GET /api/product/all
2024-08-13 10:39:19 [INFO]: GET /api/user/users
2024-08-13 10:39:48 [INFO]: GET /api/admin/users/admin-user
2024-08-13 10:39:48 [INFO]: GET /api/admin/users/admin-user
2024-08-13 10:40:06 [INFO]: GET /api/admin/users/admin-user
2024-08-13 10:40:09 [INFO]: GET /api/product/all
2024-08-13 10:40:09 [INFO]: GET /api/product/all
2024-08-13 10:40:09 [INFO]: GET /api/user/users
2024-08-13 10:40:09 [INFO]: GET /api/user/users
2024-08-13 10:40:16 [INFO]: DELETE /api/product/delete/shivamsatyam209@gmail.com
2024-08-13 10:40:22 [INFO]: DELETE /api/product/delete/shivamsatyam209@gmail.com
2024-08-13 11:03:32 [INFO]: DELETE /api/product/delete/shivamsatyam209@gmail.com
2024-08-13 11:03:34 [INFO]: DELETE /api/product/delete-all/2024-08-09T10:05:25.000Z
2024-08-13 11:03:38 [INFO]: GET /api/product/all
2024-08-13 11:03:38 [INFO]: GET /api/user/users
2024-08-13 11:03:38 [INFO]: GET /api/product/all
2024-08-13 11:03:38 [INFO]: GET /api/user/users
2024-08-13 11:03:44 [INFO]: DELETE /api/product/delete/shivamsatyam209@gmail.com
2024-08-13 11:03:52 [INFO]: DELETE /api/product/delete-all/2024-08-09T10:05:25.000Z
2024-08-13 11:04:20 [INFO]: GET /api/product/shivamsatyam209@gmail.com
2024-08-13 11:04:20 [INFO]: GET /api/product/shivamsatyam209@gmail.com
2024-08-13 11:04:21 [INFO]: GET /api/product/all
2024-08-13 11:04:21 [INFO]: GET /api/product/all
2024-08-13 11:04:21 [INFO]: GET /api/user/users
2024-08-13 11:04:21 [INFO]: GET /api/user/users
2024-08-13 11:04:31 [INFO]: GET /api/product/all
2024-08-13 11:04:31 [INFO]: GET /api/user/users
2024-08-13 11:04:31 [INFO]: GET /api/product/all
2024-08-13 11:04:31 [INFO]: GET /api/user/users
2024-08-13 11:08:14 [INFO]: DELETE /api/product/delete-all/2024-08-09T10:05:25.000Z
2024-08-13 11:10:01 [INFO]: GET /api/product/all
2024-08-13 11:10:01 [INFO]: GET /api/user/users
2024-08-13 11:10:01 [INFO]: GET /api/product/all
2024-08-13 11:10:01 [INFO]: GET /api/user/users
2024-08-13 11:10:08 [INFO]: DELETE /api/product/delete-all/Kakashi3303
2024-08-13 11:10:12 [INFO]: DELETE /api/user/users/shivamsatyam209@gmail.com
2024-08-13 11:10:49 [INFO]: DELETE /api/user/users/Kakashi3303
2024-08-13 11:10:52 [INFO]: GET /api/product/all
2024-08-13 11:10:52 [INFO]: GET /api/user/users
2024-08-13 11:10:52 [INFO]: GET /api/product/all
2024-08-13 11:10:52 [INFO]: GET /api/user/users
2024-08-13 11:11:04 [INFO]: DELETE /api/product/delete/rut
2024-08-13 11:11:06 [INFO]: GET /api/product/all
2024-08-13 11:11:06 [INFO]: GET /api/user/users
2024-08-13 11:11:06 [INFO]: GET /api/product/all
2024-08-13 11:11:06 [INFO]: GET /api/user/users
2024-08-13 11:11:34 [INFO]: GET /api/product/all
2024-08-13 11:11:34 [INFO]: GET /api/user/users
2024-08-13 11:11:36 [INFO]: GET /api/product/all
2024-08-13 11:11:36 [INFO]: GET /api/user/users
2024-08-13 11:11:38 [INFO]: GET /api/product/all
2024-08-13 11:11:38 [INFO]: GET /api/user/users
2024-08-13 11:11:39 [INFO]: GET /api/product/all
2024-08-13 11:11:39 [INFO]: GET /api/user/users
2024-08-13 11:11:40 [INFO]: GET /api/product/all
2024-08-13 11:11:40 [INFO]: GET /api/user/users
2024-08-13 11:11:41 [INFO]: GET /api/product/all
2024-08-13 11:11:41 [INFO]: GET /api/user/users
2024-08-13 11:11:43 [INFO]: GET /api/product/all
2024-08-13 11:11:43 [INFO]: GET /api/user/users
2024-08-13 11:11:45 [INFO]: GET /api/product/all
2024-08-13 11:11:45 [INFO]: GET /api/user/users
2024-08-13 11:11:48 [INFO]: GET /api/product/all
2024-08-13 11:11:48 [INFO]: GET /api/user/users
2024-08-13 11:11:51 [INFO]: GET /api/product/all
2024-08-13 11:11:51 [INFO]: GET /api/user/users
2024-08-13 11:11:54 [INFO]: GET /api/product/all
2024-08-13 11:11:54 [INFO]: GET /api/user/users
2024-08-13 11:11:55 [INFO]: GET /api/product/all
2024-08-13 11:11:55 [INFO]: GET /api/user/users
2024-08-13 11:11:56 [INFO]: GET /api/product/all
2024-08-13 11:11:56 [INFO]: GET /api/user/users
2024-08-13 11:13:19 [INFO]: GET /api/product/all
2024-08-13 11:13:19 [INFO]: GET /api/user/users
2024-08-13 11:13:19 [INFO]: GET /api/product/all
2024-08-13 11:13:19 [INFO]: GET /api/user/users
2024-08-13 11:15:10 [INFO]: GET /api/product/all
2024-08-13 11:15:10 [INFO]: GET /api/user/users
2024-08-13 11:15:10 [INFO]: GET /api/product/all
2024-08-13 11:15:10 [INFO]: GET /api/user/users
2024-08-13 11:15:42 [INFO]: DELETE /api/user/users/52
2024-08-13 11:16:02 [INFO]: DELETE /api/user/users/shivam123
2024-08-13 11:16:04 [INFO]: GET /api/product/all
2024-08-13 11:16:04 [INFO]: GET /api/user/users
2024-08-13 11:16:04 [INFO]: GET /api/product/all
2024-08-13 11:16:04 [INFO]: GET /api/user/users
2024-08-13 11:16:13 [INFO]: DELETE /api/product/delete/609395
2024-08-13 11:16:15 [INFO]: GET /api/product/all
2024-08-13 11:16:15 [INFO]: GET /api/user/users
2024-08-13 11:16:15 [INFO]: GET /api/product/all
2024-08-13 11:16:15 [INFO]: GET /api/user/users
2024-08-13 11:16:33 [INFO]: GET /api/product/all
2024-08-13 11:16:33 [INFO]: GET /api/user/users
2024-08-13 11:16:44 [INFO]: POST /api/user/login
2024-08-13 11:17:10 [INFO]: POST /api/user/register
2024-08-13 11:17:16 [INFO]: POST /api/user/login
2024-08-13 11:17:31 [INFO]: POST /api/user/verifyOtp
2024-08-13 11:17:35 [INFO]: GET /api/product/user-products/seller1
2024-08-13 11:17:35 [INFO]: GET /api/product/user-products/seller1
2024-08-13 11:17:39 [INFO]: GET /api/user/users/seller1
2024-08-13 11:17:39 [INFO]: GET /api/user/users/seller1
2024-08-13 11:18:07 [INFO]: GET /api/admin/users/admin-user
2024-08-13 11:18:07 [INFO]: GET /api/admin/users/admin-user
2024-08-13 11:18:12 [INFO]: PUT /api/admin/update/admin-user
2024-08-13 11:18:12 [INFO]: GET /api/product/all
2024-08-13 11:18:12 [INFO]: GET /api/product/all
2024-08-13 11:18:12 [INFO]: GET /api/user/users
2024-08-13 11:18:12 [INFO]: GET /api/user/users
2024-08-13 11:18:18 [INFO]: GET /api/admin/users/admin-user
2024-08-13 11:18:18 [INFO]: GET /api/admin/users/admin-user
2024-08-13 11:18:22 [INFO]: PUT /api/admin/update/admin-user
2024-08-13 11:18:22 [INFO]: GET /api/product/all
2024-08-13 11:18:22 [INFO]: GET /api/product/all
2024-08-13 11:18:22 [INFO]: GET /api/user/users
2024-08-13 11:18:22 [INFO]: GET /api/user/users
2024-08-13 11:18:30 [INFO]: GET /api/admin/users/admin-user
2024-08-13 11:18:30 [INFO]: GET /api/admin/users/admin-user
2024-08-13 11:18:37 [INFO]: PUT /api/admin/update/admin-user
2024-08-13 11:18:37 [INFO]: GET /api/product/all
2024-08-13 11:18:37 [INFO]: GET /api/user/users
2024-08-13 11:18:37 [INFO]: GET /api/product/all
2024-08-13 11:18:37 [INFO]: GET /api/user/users
2024-08-13 11:19:00 [INFO]: GET /api/admin/users/admin-user
2024-08-13 11:19:00 [INFO]: GET /api/admin/users/admin-user
2024-08-13 11:19:05 [INFO]: PUT /api/admin/update/admin-user
2024-08-13 11:19:05 [INFO]: GET /api/product/all
2024-08-13 11:19:05 [INFO]: GET /api/user/users
2024-08-13 11:19:05 [INFO]: GET /api/product/all
2024-08-13 11:19:05 [INFO]: GET /api/user/users
2024-08-13 11:19:12 [INFO]: POST /api/admin/login
2024-08-13 11:19:17 [INFO]: POST /api/admin/login
2024-08-13 11:19:28 [INFO]: POST /api/admin/verifyOtp
2024-08-13 11:19:32 [INFO]: GET /api/product/all
2024-08-13 11:19:32 [INFO]: GET /api/product/all
2024-08-13 11:19:32 [INFO]: GET /api/user/users
2024-08-13 11:19:32 [INFO]: GET /api/user/users
2024-08-13 11:19:35 [INFO]: GET /api/admin/users/admin-user
2024-08-13 11:19:35 [INFO]: GET /api/admin/users/admin-user
2024-08-13 11:19:39 [INFO]: PUT /api/admin/update/admin-user
2024-08-13 11:19:39 [INFO]: GET /api/product/all
2024-08-13 11:19:39 [INFO]: GET /api/product/all
2024-08-13 11:19:39 [INFO]: GET /api/user/users
2024-08-13 11:19:39 [INFO]: GET /api/user/users
2024-08-13 11:20:10 [INFO]: PUT /api/user/update/seller1
2024-08-13 11:20:10 [INFO]: GET /api/product/user-products/seller1
2024-08-13 11:20:10 [INFO]: GET /api/product/user-products/seller1
2024-08-13 11:20:19 [INFO]: GET /api/user/users/seller1
2024-08-13 11:20:19 [INFO]: GET /api/user/users/seller1
2024-08-13 11:20:22 [INFO]: GET /api/product/user-products/seller1
2024-08-13 11:20:23 [INFO]: GET /api/product/user-products/seller1
2024-08-13 11:20:32 [INFO]: POST /api/user/login
2024-08-13 11:20:37 [INFO]: POST /api/user/login
2024-08-13 11:20:48 [INFO]: POST /api/user/verifyOtp
2024-08-13 11:20:52 [INFO]: GET /api/product/user-products/seller1
2024-08-13 11:20:52 [INFO]: GET /api/product/user-products/seller1
2024-08-13 11:20:55 [INFO]: GET /api/user/users/seller1
2024-08-13 11:20:55 [INFO]: GET /api/user/users/seller1
2024-08-13 11:20:59 [INFO]: PUT /api/user/update/seller1
2024-08-13 11:20:59 [INFO]: GET /api/product/user-products/seller1
2024-08-13 11:20:59 [INFO]: GET /api/product/user-products/seller1
2024-08-13 11:21:09 [INFO]: GET /api/product/user-products/seller1
2024-08-13 11:21:09 [INFO]: GET /api/product/user-products/seller1
2024-08-13 11:21:18 [INFO]: POST /api/admin/login
2024-08-13 11:21:31 [INFO]: POST /api/admin/verifyOtp
2024-08-13 11:21:35 [INFO]: GET /api/product/all
2024-08-13 11:21:35 [INFO]: GET /api/product/all
2024-08-13 11:21:35 [INFO]: GET /api/user/users
2024-08-13 11:21:35 [INFO]: GET /api/user/users
2024-08-13 11:22:16 [INFO]: DELETE /api/product/delete-all/seller1
2024-08-13 11:22:36 [INFO]: POST /api/product/add
2024-08-13 11:22:36 [INFO]: GET /api/product/user-products/seller1
2024-08-13 11:22:36 [INFO]: GET /api/product/user-products/seller1
2024-08-13 11:22:38 [INFO]: GET /api/product/all
2024-08-13 11:22:38 [INFO]: GET /api/user/users
2024-08-13 11:22:38 [INFO]: GET /api/product/all
2024-08-13 11:22:38 [INFO]: GET /api/user/users
2024-08-13 11:22:59 [INFO]: POST /api/product/add
2024-08-13 11:22:59 [INFO]: GET /api/product/user-products/seller1
2024-08-13 11:22:59 [INFO]: GET /api/product/user-products/seller1
2024-08-13 11:23:04 [INFO]: GET /api/product/all
2024-08-13 11:23:04 [INFO]: GET /api/user/users
2024-08-13 11:23:04 [INFO]: GET /api/product/all
2024-08-13 11:23:04 [INFO]: GET /api/user/users
2024-08-13 11:23:30 [INFO]: POST /api/user/register
2024-08-13 11:23:37 [INFO]: POST /api/user/register
2024-08-13 11:23:47 [INFO]: POST /api/user/login
2024-08-13 11:24:02 [INFO]: POST /api/user/verifyOtp
2024-08-13 11:24:06 [INFO]: GET /api/product/user-products/seller2
2024-08-13 11:24:06 [INFO]: GET /api/product/user-products/seller2
2024-08-13 11:24:43 [INFO]: POST /api/product/add
2024-08-13 11:24:44 [INFO]: GET /api/product/user-products/seller2
2024-08-13 11:24:44 [INFO]: GET /api/product/user-products/seller2
2024-08-13 11:24:48 [INFO]: GET /api/product/all
2024-08-13 11:24:48 [INFO]: GET /api/user/users
2024-08-13 11:24:48 [INFO]: GET /api/product/all
2024-08-13 11:24:48 [INFO]: GET /api/user/users
2024-08-13 11:24:58 [INFO]: GET /api/product/403624
2024-08-13 11:24:58 [INFO]: GET /api/product/403624
2024-08-13 11:25:01 [INFO]: PUT /api/product/update/403624
2024-08-13 11:25:01 [INFO]: GET /api/product/user-products/seller2
2024-08-13 11:25:01 [INFO]: GET /api/product/user-products/seller2
2024-08-13 11:25:03 [INFO]: GET /api/product/all
2024-08-13 11:25:03 [INFO]: GET /api/user/users
2024-08-13 11:25:03 [INFO]: GET /api/product/all
2024-08-13 11:25:03 [INFO]: GET /api/user/users
2024-08-13 11:25:08 [INFO]: GET /api/product/403624
2024-08-13 11:25:08 [INFO]: GET /api/product/403624
2024-08-13 11:25:11 [INFO]: PUT /api/product/update/403624
2024-08-13 11:25:11 [INFO]: GET /api/product/all
2024-08-13 11:25:11 [INFO]: GET /api/user/users
2024-08-13 11:25:11 [INFO]: GET /api/product/all
2024-08-13 11:25:11 [INFO]: GET /api/user/users
2024-08-13 11:25:13 [INFO]: GET /api/product/user-products/seller2
2024-08-13 11:25:13 [INFO]: GET /api/product/user-products/seller2
2024-08-13 11:25:16 [INFO]: GET /api/product/403624
2024-08-13 11:25:16 [INFO]: GET /api/product/403624
2024-08-13 11:25:19 [INFO]: PUT /api/product/update/403624
2024-08-13 11:25:19 [INFO]: GET /api/product/user-products/seller2
2024-08-13 11:25:19 [INFO]: GET /api/product/user-products/seller2
2024-08-13 11:25:20 [INFO]: GET /api/product/all
2024-08-13 11:25:20 [INFO]: GET /api/user/users
2024-08-13 11:25:20 [INFO]: GET /api/product/all
2024-08-13 11:25:20 [INFO]: GET /api/user/users
2024-08-13 11:25:40 [INFO]: POST /api/product/add
2024-08-13 11:25:40 [INFO]: GET /api/product/user-products/seller2
2024-08-13 11:25:40 [INFO]: GET /api/product/user-products/seller2
2024-08-13 11:25:53 [INFO]: GET /api/admin/users/admin-user
2024-08-13 11:25:53 [INFO]: GET /api/admin/users/admin-user
2024-08-13 11:25:55 [INFO]: GET /api/product/all
2024-08-13 11:25:55 [INFO]: GET /api/product/all
2024-08-13 11:25:55 [INFO]: GET /api/user/users
2024-08-13 11:25:55 [INFO]: GET /api/user/users
2024-08-13 11:26:13 [INFO]: DELETE /api/product/delete/586511
2024-08-13 11:26:15 [INFO]: GET /api/product/all
2024-08-13 11:26:15 [INFO]: GET /api/user/users
2024-08-13 11:26:15 [INFO]: GET /api/product/all
2024-08-13 11:26:15 [INFO]: GET /api/user/users
2024-08-13 11:26:17 [INFO]: GET /api/product/user-products/seller2
2024-08-13 11:26:17 [INFO]: GET /api/product/user-products/seller2
2024-08-13 11:26:28 [INFO]: POST /api/product/add
2024-08-13 11:26:28 [INFO]: GET /api/product/user-products/seller2
2024-08-13 11:26:28 [INFO]: GET /api/product/user-products/seller2
2024-08-13 11:26:33 [INFO]: GET /api/product/all
2024-08-13 11:26:33 [INFO]: GET /api/user/users
2024-08-13 11:26:33 [INFO]: GET /api/product/all
2024-08-13 11:26:33 [INFO]: GET /api/user/users
2024-08-13 11:26:44 [INFO]: DELETE /api/product/delete-all/seller2
2024-08-13 11:26:49 [INFO]: DELETE /api/product/delete-all/seller2
2024-08-13 12:02:57 [INFO]: GET /api/product/seller1
2024-08-13 12:02:57 [INFO]: GET /api/product/seller1
2024-08-13 12:02:58 [INFO]: GET /api/product/all
2024-08-13 12:02:58 [INFO]: GET /api/user/users
2024-08-13 12:02:58 [INFO]: GET /api/product/all
2024-08-13 12:02:58 [INFO]: GET /api/user/users
2024-08-13 12:04:05 [INFO]: GET /api/product/all
2024-08-13 12:04:05 [INFO]: GET /api/user/users
2024-08-13 12:04:18 [INFO]: GET /api/product/all
2024-08-13 12:04:18 [INFO]: GET /api/user/users
2024-08-13 12:04:18 [INFO]: GET /api/product/all
2024-08-13 12:04:18 [INFO]: GET /api/user/users
2024-08-13 12:04:22 [INFO]: DELETE /api/user/users/admin-user
2024-08-13 12:04:27 [INFO]: DELETE /api/user/users/admin-user
2024-08-13 12:04:33 [INFO]: GET /api/product/950011
2024-08-13 12:04:33 [INFO]: GET /api/product/950011
2024-08-13 12:04:34 [INFO]: GET /api/product/all
2024-08-13 12:04:34 [INFO]: GET /api/product/all
2024-08-13 12:04:34 [INFO]: GET /api/user/users
2024-08-13 12:04:34 [INFO]: GET /api/user/users
2024-08-13 12:04:37 [INFO]: DELETE /api/product/delete/950011
2024-08-13 12:04:39 [INFO]: GET /api/product/all
2024-08-13 12:04:39 [INFO]: GET /api/user/users
2024-08-13 12:04:39 [INFO]: GET /api/product/all
2024-08-13 12:04:39 [INFO]: GET /api/user/users
2024-08-13 12:05:17 [INFO]: POST /api/user/login
2024-08-13 12:05:31 [INFO]: POST /api/user/verifyOtp
2024-08-13 12:05:35 [INFO]: GET /api/product/user-products/seller1
2024-08-13 12:05:35 [INFO]: GET /api/product/user-products/seller1
2024-08-13 12:05:50 [INFO]: POST /api/product/add
2024-08-13 12:05:50 [INFO]: GET /api/product/user-products/seller1
2024-08-13 12:05:50 [INFO]: GET /api/product/user-products/seller1
2024-08-13 12:05:55 [INFO]: GET /api/product/all
2024-08-13 12:05:55 [INFO]: GET /api/user/users
2024-08-13 12:05:55 [INFO]: GET /api/product/all
2024-08-13 12:05:55 [INFO]: GET /api/user/users
2024-08-13 12:06:01 [INFO]: DELETE /api/product/delete-all/seller1
2024-08-13 12:06:08 [INFO]: DELETE /api/product/delete-all/seller1
2024-08-13 12:06:51 [INFO]: GET /api/product/all
2024-08-13 12:06:51 [INFO]: GET /api/user/users
2024-08-13 12:06:54 [INFO]: GET /api/product/all
2024-08-13 12:06:54 [INFO]: GET /api/user/users
2024-08-13 12:06:55 [INFO]: GET /api/product/all
2024-08-13 12:06:55 [INFO]: GET /api/user/users
2024-08-13 12:06:57 [INFO]: GET /api/product/all
2024-08-13 12:06:57 [INFO]: GET /api/user/users
2024-08-13 12:07:01 [INFO]: GET /api/product/all
2024-08-13 12:07:01 [INFO]: GET /api/user/users
2024-08-13 12:07:20 [INFO]: GET /api/product/all
2024-08-13 12:07:20 [INFO]: GET /api/user/users
2024-08-13 12:07:25 [INFO]: GET /api/product/all
2024-08-13 12:07:25 [INFO]: GET /api/user/users
2024-08-13 12:07:30 [INFO]: GET /api/product/all
2024-08-13 12:07:30 [INFO]: GET /api/user/users
2024-08-13 12:07:35 [INFO]: GET /api/product/all
2024-08-13 12:07:35 [INFO]: GET /api/user/users
2024-08-13 12:07:38 [INFO]: GET /api/product/all
2024-08-13 12:07:38 [INFO]: GET /api/user/users
2024-08-13 12:07:38 [INFO]: GET /api/product/all
2024-08-13 12:07:38 [INFO]: GET /api/user/users
2024-08-13 12:07:40 [INFO]: GET /api/admin/users/admin-user
2024-08-13 12:07:40 [INFO]: GET /api/admin/users/admin-user
2024-08-13 12:07:42 [INFO]: PUT /api/admin/update/admin-user
2024-08-13 12:07:42 [INFO]: GET /api/product/all
2024-08-13 12:07:42 [INFO]: GET /api/user/users
2024-08-13 12:07:42 [INFO]: GET /api/product/all
2024-08-13 12:07:42 [INFO]: GET /api/user/users
2024-08-13 12:07:46 [INFO]: GET /api/admin/users/admin-user
2024-08-13 12:07:46 [INFO]: GET /api/admin/users/admin-user
2024-08-13 12:07:47 [INFO]: PUT /api/admin/update/admin-user
2024-08-13 12:07:47 [INFO]: GET /api/product/all
2024-08-13 12:07:47 [INFO]: GET /api/product/all
2024-08-13 12:07:47 [INFO]: GET /api/user/users
2024-08-13 12:07:47 [INFO]: GET /api/user/users
2024-08-13 12:07:51 [INFO]: GET /api/admin/users/admin-user
2024-08-13 12:07:51 [INFO]: GET /api/admin/users/admin-user
2024-08-13 12:07:54 [INFO]: PUT /api/admin/update/admin-user
2024-08-13 12:07:54 [INFO]: GET /api/product/all
2024-08-13 12:07:54 [INFO]: GET /api/product/all
2024-08-13 12:07:54 [INFO]: GET /api/user/users
2024-08-13 12:07:54 [INFO]: GET /api/user/users
2024-08-13 12:08:06 [INFO]: DELETE /api/product/delete-all/seller1
2024-08-13 12:09:14 [INFO]: DELETE /api/user/users/seller1
2024-08-13 12:09:17 [INFO]: GET /api/product/all
2024-08-13 12:09:17 [INFO]: GET /api/user/users
2024-08-13 12:09:17 [INFO]: GET /api/product/all
2024-08-13 12:09:17 [INFO]: GET /api/user/users
2024-08-13 12:09:36 [INFO]: GET /api/product/user-products/seller1
2024-08-13 12:09:36 [INFO]: GET /api/product/user-products/seller1
2024-08-13 12:09:44 [INFO]: GET /api/user/users/seller1
2024-08-13 12:09:44 [INFO]: GET /api/user/users/seller1
2024-08-13 12:09:45 [INFO]: GET /api/product/user-products/seller1
2024-08-13 12:09:45 [INFO]: GET /api/product/user-products/seller1
2024-08-13 12:09:49 [INFO]: GET /api/product/819933
2024-08-13 12:09:49 [INFO]: GET /api/product/819933
2024-08-13 12:09:50 [INFO]: GET /api/product/user-products/seller1
2024-08-13 12:09:50 [INFO]: GET /api/product/user-products/seller1
2024-08-13 12:09:55 [INFO]: POST /api/user/login
2024-08-13 12:10:35 [INFO]: POST /api/user/register
2024-08-13 12:10:38 [INFO]: POST /api/user/login
2024-08-13 12:10:51 [INFO]: POST /api/user/verifyOtp
2024-08-13 12:10:55 [INFO]: GET /api/product/user-products/seller1
2024-08-13 12:10:55 [INFO]: GET /api/product/user-products/seller1
2024-08-13 12:12:48 [INFO]: Server app listening on port 5000!
2024-08-13 12:13:04 [INFO]: Server app listening on port 5000!
2024-08-13 12:13:06 [INFO]: Server app listening on port 5000!
2024-08-13 12:13:08 [INFO]: Server app listening on port 5000!
2024-08-13 12:13:18 [INFO]: Server app listening on port 5000!
2024-08-13 12:13:21 [INFO]: Server app listening on port 5000!
2024-08-13 12:13:23 [INFO]: Server app listening on port 5000!
2024-08-13 12:13:25 [INFO]: Server app listening on port 5000!
2024-08-13 12:13:26 [INFO]: Server app listening on port 5000!
2024-08-13 12:13:33 [INFO]: Server app listening on port 5000!
2024-08-13 12:13:36 [INFO]: Server app listening on port 5000!
2024-08-13 12:13:38 [INFO]: Server app listening on port 5000!
2024-08-13 12:14:15 [INFO]: Server app listening on port 5000!
2024-08-13 12:14:21 [INFO]: Server app listening on port 5000!
2024-08-13 12:14:22 [INFO]: Server app listening on port 5000!
2024-08-13 12:14:36 [INFO]: Server app listening on port 5000!
2024-08-13 12:14:47 [INFO]: Server app listening on port 5000!
2024-08-13 12:14:48 [INFO]: Server app listening on port 5000!
2024-08-13 12:14:54 [INFO]: Server app listening on port 5000!
2024-08-13 12:14:59 [INFO]: Server app listening on port 5000!
2024-08-13 12:15:04 [INFO]: Server app listening on port 5000!
2024-08-13 12:15:05 [INFO]: Server app listening on port 5000!
2024-08-13 12:15:42 [INFO]: Server app listening on port 5000!
2024-08-13 12:15:46 [INFO]: Server app listening on port 5000!
2024-08-13 12:15:49 [INFO]: Server app listening on port 5000!
2024-08-13 12:15:50 [INFO]: Server app listening on port 5000!
2024-08-13 12:15:58 [INFO]: Server app listening on port 5000!
2024-08-13 12:15:59 [INFO]: Server app listening on port 5000!
2024-08-13 12:16:01 [INFO]: Server app listening on port 5000!
2024-08-13 12:16:02 [INFO]: Server app listening on port 5000!
2024-08-13 12:16:11 [INFO]: Server app listening on port 5000!
2024-08-13 12:16:12 [INFO]: Server app listening on port 5000!
2024-08-13 12:16:14 [INFO]: Server app listening on port 5000!
2024-08-13 12:16:39 [INFO]: Server app listening on port 5000!
2024-08-13 12:16:44 [INFO]: Server app listening on port 5000!
2024-08-13 12:16:45 [INFO]: Server app listening on port 5000!
2024-08-13 12:16:48 [INFO]: Server app listening on port 5000!
2024-08-13 12:16:49 [INFO]: Server app listening on port 5000!
2024-08-13 12:17:03 [INFO]: Server app listening on port 5000!
2024-08-13 12:17:05 [INFO]: Server app listening on port 5000!
2024-08-13 12:17:10 [INFO]: Server app listening on port 5000!
2024-08-13 12:17:12 [INFO]: Server app listening on port 5000!
2024-08-13 12:17:14 [INFO]: Server app listening on port 5000!
2024-08-13 12:17:16 [INFO]: Server app listening on port 5000!
2024-08-13 12:17:22 [INFO]: Server app listening on port 5000!
2024-08-13 12:17:29 [INFO]: Server app listening on port 5000!
2024-08-13 12:17:33 [INFO]: Server app listening on port 5000!
2024-08-13 12:17:42 [INFO]: Server app listening on port 5000!
2024-08-13 12:18:06 [INFO]: Server app listening on port 5000!
2024-08-13 12:18:09 [INFO]: Server app listening on port 5000!
2024-08-13 12:18:13 [INFO]: Server app listening on port 5000!
2024-08-13 12:18:14 [INFO]: Server app listening on port 5000!
2024-08-13 12:18:15 [INFO]: Server app listening on port 5000!
2024-08-13 12:18:20 [INFO]: Server app listening on port 5000!
2024-08-13 12:18:22 [INFO]: Server app listening on port 5000!
2024-08-13 12:18:50 [INFO]: Server app listening on port 5000!
2024-08-13 12:19:37 [INFO]: DELETE /api/user/users/seller2
2024-08-13 12:19:40 [INFO]: GET /api/product/all
2024-08-13 12:19:40 [INFO]: GET /api/user/users
2024-08-13 12:19:40 [INFO]: GET /api/product/all
2024-08-13 12:19:40 [INFO]: GET /api/user/users
2024-08-13 12:20:06 [INFO]: DELETE /api/user/users/seller1
2024-08-13 12:20:09 [INFO]: GET /api/product/all
2024-08-13 12:20:09 [INFO]: GET /api/user/users
2024-08-13 12:20:09 [INFO]: GET /api/product/all
2024-08-13 12:20:09 [INFO]: GET /api/user/users
2024-08-13 12:21:31 [INFO]: Server app listening on port 5000!
2024-08-13 12:21:32 [INFO]: Server app listening on port 5000!
2024-08-13 12:21:36 [INFO]: GET /api/product/all
2024-08-13 12:21:36 [INFO]: GET /api/user/users
2024-08-13 12:21:36 [INFO]: GET /api/product/all
2024-08-13 12:21:36 [INFO]: GET /api/user/users
2024-08-13 12:21:41 [INFO]: POST /api/admin/login
2024-08-13 12:21:52 [INFO]: POST /api/admin/verifyOtp
2024-08-13 12:21:56 [INFO]: GET /api/product/all
2024-08-13 12:21:56 [INFO]: GET /api/product/all
2024-08-13 12:21:56 [INFO]: GET /api/user/users
2024-08-13 12:21:56 [INFO]: GET /api/user/users
2024-08-13 12:22:06 [INFO]: Server app listening on port 5000!
2024-08-13 12:23:19 [INFO]: POST /api/user/login
2024-08-13 12:23:36 [INFO]: POST /api/user/register
2024-08-13 12:23:41 [INFO]: POST /api/user/login
2024-08-13 12:23:58 [INFO]: POST /api/user/verifyOtp
2024-08-13 12:24:02 [INFO]: GET /api/product/user-products/seller2
2024-08-13 12:24:02 [INFO]: GET /api/product/user-products/seller2
2024-08-13 12:24:14 [INFO]: GET /api/user/users/seller1
2024-08-13 12:24:14 [INFO]: GET /api/user/users/seller1
2024-08-13 12:24:14 [INFO]: GET /api/product/user-products/seller2
2024-08-13 12:24:14 [INFO]: GET /api/product/user-products/seller2
2024-08-13 12:24:29 [INFO]: POST /api/user/register
2024-08-13 12:24:31 [INFO]: POST /api/user/login
2024-08-13 12:24:41 [INFO]: POST /api/user/verifyOtp
2024-08-13 12:24:45 [INFO]: GET /api/product/user-products/seler1
2024-08-13 12:24:45 [INFO]: GET /api/product/user-products/seler1
2024-08-13 12:24:49 [INFO]: GET /api/product/user-products/seler1
2024-08-13 12:24:49 [INFO]: GET /api/product/user-products/seler1
2024-08-13 12:24:53 [INFO]: GET /api/user/users/seler1
2024-08-13 12:24:53 [INFO]: GET /api/user/users/seler1
2024-08-13 12:24:55 [INFO]: GET /api/product/user-products/seler1
2024-08-13 12:24:55 [INFO]: GET /api/product/user-products/seler1
2024-08-13 12:25:16 [INFO]: GET /api/product/user-products/seler1
2024-08-13 12:25:16 [INFO]: GET /api/product/user-products/seler1
2024-08-13 12:25:20 [INFO]: GET /api/product/user-products/seler1
2024-08-13 12:25:20 [INFO]: GET /api/product/user-products/seler1
2024-08-13 12:25:27 [INFO]: POST /api/user/login
2024-08-13 12:25:40 [INFO]: POST /api/user/verifyOtp
2024-08-13 12:25:44 [INFO]: GET /api/product/user-products/seller1
2024-08-13 12:25:44 [INFO]: GET /api/product/user-products/seller1
2024-08-13 12:25:52 [INFO]: GET /api/product/all
2024-08-13 12:25:52 [INFO]: GET /api/user/users
2024-08-13 12:25:52 [INFO]: GET /api/product/all
2024-08-13 12:25:52 [INFO]: GET /api/user/users
2024-08-13 12:26:56 [INFO]: DELETE /api/product/delete-all/seller2
2024-08-13 12:28:07 [INFO]: Server app listening on port 5000!
2024-08-13 12:28:12 [INFO]: DELETE /api/product/delete-all/seller2
2024-08-13 12:28:59 [INFO]: Server app listening on port 5000!
2024-08-13 12:29:00 [INFO]: Server app listening on port 5000!
2024-08-13 12:29:08 [INFO]: DELETE /api/product/delete-all/seller2
2024-08-13 12:29:51 [INFO]: Server app listening on port 5000!
2024-08-13 12:29:53 [INFO]: DELETE /api/product/delete-all/seller2
2024-08-13 12:30:13 [INFO]: Server app listening on port 5000!
2024-08-13 12:30:20 [INFO]: DELETE /api/product/delete-all/seller2
2024-08-13 12:30:39 [INFO]: Server app listening on port 5000!
2024-08-13 12:30:42 [INFO]: Server app listening on port 5000!
2024-08-13 12:30:43 [INFO]: Server app listening on port 5000!
2024-08-13 12:30:44 [INFO]: Server app listening on port 5000!
2024-08-13 12:30:46 [INFO]: Server app listening on port 5000!
2024-08-13 12:30:49 [INFO]: Server app listening on port 5000!
2024-08-13 12:30:52 [INFO]: Server app listening on port 5000!
2024-08-13 12:30:54 [INFO]: Server app listening on port 5000!
2024-08-13 12:30:55 [INFO]: Server app listening on port 5000!
2024-08-13 12:30:58 [INFO]: Server app listening on port 5000!
2024-08-13 12:31:00 [INFO]: Server app listening on port 5000!
2024-08-13 12:31:01 [INFO]: Server app listening on port 5000!
2024-08-13 12:31:02 [INFO]: Server app listening on port 5000!
2024-08-13 12:31:04 [INFO]: Server app listening on port 5000!
2024-08-13 12:31:10 [INFO]: Server app listening on port 5000!
2024-08-13 12:31:11 [INFO]: Server app listening on port 5000!
2024-08-13 12:31:12 [INFO]: Server app listening on port 5000!
2024-08-13 12:31:17 [INFO]: Server app listening on port 5000!
2024-08-13 12:31:23 [INFO]: DELETE /api/product/delete-all/seller2
2024-08-13 12:31:37 [INFO]: Server app listening on port 5000!
2024-08-13 12:31:37 [INFO]: Server app listening on port 5000!
2024-08-13 12:31:40 [INFO]: DELETE /api/product/delete-all/seller2
2024-08-13 12:31:52 [INFO]: Server app listening on port 5000!
2024-08-13 12:31:54 [INFO]: DELETE /api/product/delete-all/seller2
2024-08-13 12:32:02 [INFO]: Server app listening on port 5000!
2024-08-13 12:32:03 [INFO]: DELETE /api/product/delete-all/seller2
2024-08-13 12:32:26 [INFO]: Server app listening on port 5000!
2024-08-13 12:32:27 [INFO]: DELETE /api/product/delete-all/seller2
2024-08-13 12:32:38 [INFO]: Server app listening on port 5000!
2024-08-13 12:32:40 [INFO]: Server app listening on port 5000!
2024-08-13 12:32:41 [INFO]: DELETE /api/product/delete-all/seller2
2024-08-13 12:33:27 [INFO]: Server app listening on port 5000!
2024-08-13 12:33:33 [INFO]: Server app listening on port 5000!
2024-08-13 12:33:34 [INFO]: DELETE /api/product/delete-all/seller2
2024-08-13 12:34:12 [INFO]: Server app listening on port 5000!
2024-08-13 12:34:15 [INFO]: Server app listening on port 5000!
2024-08-13 12:34:18 [INFO]: Server app listening on port 5000!
2024-08-13 12:34:20 [INFO]: Server app listening on port 5000!
2024-08-13 12:34:23 [INFO]: DELETE /api/product/delete-all/seller2
2024-08-13 12:34:29 [INFO]: GET /api/product/all
2024-08-13 12:34:29 [INFO]: GET /api/user/users
2024-08-13 12:34:29 [INFO]: GET /api/product/all
2024-08-13 12:34:29 [INFO]: GET /api/user/users
2024-08-13 12:34:54 [INFO]: DELETE /api/product/delete-all/seller2
2024-08-13 12:34:58 [INFO]: DELETE /api/product/delete-all/seller2
2024-08-13 12:35:28 [INFO]: DELETE /api/product/delete-all/seller2
2024-08-13 12:35:28 [INFO]: DELETE /api/user/users/seller2
2024-08-13 12:35:30 [INFO]: GET /api/product/all
2024-08-13 12:35:30 [INFO]: GET /api/user/users
2024-08-13 12:35:30 [INFO]: GET /api/product/all
2024-08-13 12:35:30 [INFO]: GET /api/user/users
2024-08-13 12:36:34 [INFO]: DELETE /api/product/delete-all/seller1
2024-08-13 12:36:34 [INFO]: DELETE /api/user/users/seller1
2024-08-13 12:36:40 [INFO]: GET /api/product/all
2024-08-13 12:36:40 [INFO]: GET /api/user/users
2024-08-13 12:36:40 [INFO]: GET /api/product/all
2024-08-13 12:36:40 [INFO]: GET /api/user/users
2024-08-13 12:38:00 [INFO]: POST /api/user/register
2024-08-13 12:38:03 [INFO]: POST /api/user/login
2024-08-13 12:38:17 [INFO]: POST /api/user/verifyOtp
2024-08-13 12:38:21 [INFO]: GET /api/product/user-products/seller1
2024-08-13 12:38:21 [INFO]: GET /api/product/user-products/seller1
2024-08-13 12:38:35 [INFO]: POST /api/user/register
2024-08-13 12:38:41 [INFO]: POST /api/user/login
2024-08-13 12:39:07 [INFO]: POST /api/user/verifyOtp
2024-08-13 12:39:11 [INFO]: GET /api/product/user-products/seller2
2024-08-13 12:39:11 [INFO]: GET /api/product/user-products/seller2
2024-08-13 12:39:32 [INFO]: POST /api/product/add
2024-08-13 12:39:32 [INFO]: GET /api/product/user-products/seller2
2024-08-13 12:39:32 [INFO]: GET /api/product/user-products/seller2
2024-08-13 12:39:43 [INFO]: POST /api/product/add
2024-08-13 12:39:43 [INFO]: GET /api/product/user-products/seller2
2024-08-13 12:39:43 [INFO]: GET /api/product/user-products/seller2
2024-08-13 12:39:56 [INFO]: GET /api/product/user-products/seller2
2024-08-13 12:39:56 [INFO]: GET /api/product/user-products/seller2
2024-08-13 12:39:57 [INFO]: GET /api/product/user-products/seller2
2024-08-13 12:39:57 [INFO]: GET /api/product/user-products/seller2
2024-08-13 12:40:07 [INFO]: GET /api/product/615299
2024-08-13 12:40:07 [INFO]: GET /api/product/615299
2024-08-13 12:40:13 [INFO]: PUT /api/product/update/615299
2024-08-13 12:40:13 [INFO]: GET /api/product/user-products/seller2
2024-08-13 12:40:13 [INFO]: GET /api/product/user-products/seller2
2024-08-13 12:40:21 [INFO]: GET /api/product/user-products/seller2
2024-08-13 12:40:21 [INFO]: GET /api/product/user-products/seller2
2024-08-13 12:40:30 [INFO]: POST /api/user/login
2024-08-13 12:40:41 [INFO]: POST /api/user/verifyOtp
2024-08-13 12:40:45 [INFO]: GET /api/product/user-products/seller1
2024-08-13 12:40:45 [INFO]: GET /api/product/user-products/seller1
2024-08-13 12:41:06 [INFO]: POST /api/product/add
2024-08-13 12:41:06 [INFO]: GET /api/product/user-products/seller1
2024-08-13 12:41:06 [INFO]: GET /api/product/user-products/seller1
2024-08-13 12:41:19 [INFO]: POST /api/product/add
2024-08-13 12:41:19 [INFO]: GET /api/product/user-products/seller1
2024-08-13 12:41:19 [INFO]: GET /api/product/user-products/seller1
2024-08-13 12:41:33 [INFO]: GET /api/product/all
2024-08-13 12:41:33 [INFO]: GET /api/user/users
2024-08-13 12:41:33 [INFO]: GET /api/product/all
2024-08-13 12:41:33 [INFO]: GET /api/user/users
2024-08-13 14:44:25 [INFO]: GET /api/product/all
2024-08-13 14:44:25 [INFO]: GET /api/user/users
2024-08-13 14:44:25 [INFO]: GET /api/product/all
2024-08-13 14:44:25 [INFO]: GET /api/user/users
2024-08-13 14:44:32 [INFO]: POST /api/admin/login
2024-08-13 14:44:58 [INFO]: POST /api/admin/login
2024-08-13 14:45:09 [INFO]: POST /api/admin/verifyOtp
2024-08-13 14:45:13 [INFO]: POST /api/admin/verifyOtp
2024-08-13 14:45:17 [INFO]: GET /api/product/all
2024-08-13 14:45:17 [INFO]: GET /api/product/all
2024-08-13 14:45:17 [INFO]: GET /api/user/users
2024-08-13 14:45:17 [INFO]: GET /api/user/users
2024-08-13 14:46:43 [INFO]: Server app listening on port 5000!
2024-08-13 14:47:07 [INFO]: GET /api/product/user-products/seller1
2024-08-13 14:47:08 [INFO]: GET /api/product/user-products/seller1
2024-08-13 14:47:09 [INFO]: GET /api/product/user-products/seller1
2024-08-13 14:47:09 [INFO]: GET /api/product/user-products/seller1
2024-08-13 14:47:35 [INFO]: GET /api/product/user-products/seller1
2024-08-13 14:47:35 [INFO]: GET /api/product/user-products/seller1
2024-08-13 14:48:12 [INFO]: GET /api/product/user-products/seller1
2024-08-13 14:48:12 [INFO]: GET /api/product/user-products/seller1
2024-08-13 14:48:13 [INFO]: GET /api/product/user-products/seller1
2024-08-13 14:48:13 [INFO]: GET /api/product/user-products/seller1
2024-08-13 14:50:48 [INFO]: GET /api/product/user-products/seller1
2024-08-13 14:50:48 [INFO]: GET /api/product/user-products/seller1
2024-08-13 14:50:48 [INFO]: GET /api/product/user-products/seller1
2024-08-13 14:50:48 [INFO]: GET /api/product/user-products/seller1
2024-08-13 14:50:54 [INFO]: GET /api/product/user-products/seller1
2024-08-13 14:50:54 [INFO]: GET /api/product/user-products/seller1
2024-08-13 14:50:54 [INFO]: GET /api/product/user-products/seller1
2024-08-13 14:50:54 [INFO]: GET /api/product/user-products/seller1
2024-08-13 14:51:03 [INFO]: DELETE /api/user/users/seller1
2024-08-13 14:51:09 [INFO]: GET /api/product/all
2024-08-13 14:51:09 [INFO]: GET /api/user/users
2024-08-13 14:51:09 [INFO]: GET /api/product/all
2024-08-13 14:51:09 [INFO]: GET /api/user/users
2024-08-13 14:51:47 [INFO]: POST /api/user/register
2024-08-13 14:51:50 [INFO]: POST /api/user/register
2024-08-13 14:51:53 [INFO]: POST /api/user/login
2024-08-13 14:51:59 [INFO]: GET /api/product/all
2024-08-13 14:51:59 [INFO]: GET /api/user/users
2024-08-13 14:51:59 [INFO]: GET /api/product/all
2024-08-13 14:51:59 [INFO]: GET /api/user/users
2024-08-13 14:52:33 [INFO]: POST /api/user/verifyOtp
2024-08-13 14:52:37 [INFO]: GET /api/product/user-products/seller1
2024-08-13 14:52:37 [INFO]: GET /api/product/user-products/seller1
2024-08-13 14:53:31 [INFO]: GET /api/product/seller2
2024-08-13 14:53:31 [INFO]: GET /api/product/seller2
2024-08-13 14:53:33 [INFO]: GET /api/product/all
2024-08-13 14:53:33 [INFO]: GET /api/product/all
2024-08-13 14:53:33 [INFO]: GET /api/user/users
2024-08-13 14:53:33 [INFO]: GET /api/user/users
2024-08-13 14:53:38 [INFO]: GET /api/product/615299
2024-08-13 14:53:38 [INFO]: GET /api/product/615299
2024-08-13 14:53:38 [INFO]: GET /api/product/all
2024-08-13 14:53:38 [INFO]: GET /api/user/users
2024-08-13 14:53:38 [INFO]: GET /api/product/all
2024-08-13 14:53:38 [INFO]: GET /api/user/users
2024-08-13 14:54:22 [INFO]: GET /api/admin/users/admin-user
2024-08-13 14:54:22 [INFO]: GET /api/admin/users/admin-user
2024-08-13 14:54:25 [INFO]: GET /api/product/all
2024-08-13 14:54:25 [INFO]: GET /api/product/all
2024-08-13 14:54:25 [INFO]: GET /api/user/users
2024-08-13 14:54:25 [INFO]: GET /api/user/users
2024-08-13 14:54:37 [INFO]: GET /api/product/seller2
2024-08-13 14:54:37 [INFO]: GET /api/product/seller2
2024-08-13 14:54:38 [INFO]: GET /api/product/all
2024-08-13 14:54:38 [INFO]: GET /api/user/users
2024-08-13 14:54:38 [INFO]: GET /api/product/all
2024-08-13 14:54:38 [INFO]: GET /api/user/users
2024-08-13 14:54:47 [INFO]: GET /api/product/seller2
2024-08-13 14:54:47 [INFO]: GET /api/product/seller2
2024-08-13 14:54:49 [INFO]: GET /api/product/all
2024-08-13 14:54:49 [INFO]: GET /api/user/users
2024-08-13 14:54:49 [INFO]: GET /api/product/all
2024-08-13 14:54:49 [INFO]: GET /api/user/users
2024-08-13 14:55:19 [INFO]: DELETE /api/user/users/admin-user
2024-08-13 14:56:02 [INFO]: DELETE /api/user/users/admin-user
2024-08-13 14:57:56 [INFO]: GET /api/product/user-products/seller1
2024-08-13 14:57:56 [INFO]: GET /api/product/user-products/seller1
2024-08-13 14:58:03 [INFO]: DELETE /api/product/delete/736967
2024-08-13 14:58:04 [INFO]: GET /api/product/user-products/seller1
2024-08-13 14:58:04 [INFO]: GET /api/product/user-products/seller1
2024-08-13 14:58:39 [INFO]: POST /api/product/add
2024-08-13 14:58:39 [INFO]: GET /api/product/user-products/seller1
2024-08-13 14:58:39 [INFO]: GET /api/product/user-products/seller1
2024-08-13 14:58:45 [INFO]: GET /api/product/all
2024-08-13 14:58:45 [INFO]: GET /api/user/users
2024-08-13 14:58:45 [INFO]: GET /api/product/all
2024-08-13 14:58:45 [INFO]: GET /api/user/users
2024-08-13 14:58:53 [INFO]: DELETE /api/user/users/admin-user
2024-08-13 14:58:55 [INFO]: GET /api/admin/users/admin-user
2024-08-13 14:58:55 [INFO]: GET /api/admin/users/admin-user
2024-08-13 14:58:57 [INFO]: GET /api/product/all
2024-08-13 14:58:57 [INFO]: GET /api/product/all
2024-08-13 14:58:57 [INFO]: GET /api/user/users
2024-08-13 14:58:57 [INFO]: GET /api/user/users
2024-08-13 14:59:34 [INFO]: GET /api/product/831759
2024-08-13 14:59:34 [INFO]: GET /api/product/831759
2024-08-13 14:59:35 [INFO]: GET /api/product/user-products/seller1
2024-08-13 14:59:35 [INFO]: GET /api/product/user-products/seller1
2024-08-13 14:59:41 [INFO]: GET /api/product/user-products/seller1
2024-08-13 14:59:41 [INFO]: GET /api/product/user-products/seller1
2024-08-13 14:59:44 [INFO]: GET /api/user/users/seller1
2024-08-13 14:59:44 [INFO]: GET /api/user/users/seller1
2024-08-13 14:59:46 [INFO]: GET /api/product/user-products/seller1
2024-08-13 14:59:46 [INFO]: GET /api/product/user-products/seller1
2024-08-13 14:59:54 [INFO]: GET /api/product/seller2
2024-08-13 14:59:54 [INFO]: GET /api/product/seller2
2024-08-13 14:59:56 [INFO]: GET /api/product/all
2024-08-13 14:59:56 [INFO]: GET /api/user/users
2024-08-13 14:59:56 [INFO]: GET /api/product/all
2024-08-13 14:59:56 [INFO]: GET /api/user/users
2024-08-13 15:00:49 [INFO]: GET /api/product/all
2024-08-13 15:00:49 [INFO]: GET /api/product/all
2024-08-13 15:00:49 [INFO]: GET /api/user/users
2024-08-13 15:00:49 [INFO]: GET /api/user/users
2024-08-13 15:01:56 [INFO]: GET /api/product/237365
2024-08-13 15:01:56 [INFO]: GET /api/product/237365
2024-08-13 15:01:57 [INFO]: GET /api/product/all
2024-08-13 15:01:57 [INFO]: GET /api/user/users
2024-08-13 15:01:57 [INFO]: GET /api/product/all
2024-08-13 15:01:57 [INFO]: GET /api/user/users
2024-08-13 15:02:00 [INFO]: DELETE /api/product/delete/237365
2024-08-13 15:02:03 [INFO]: GET /api/product/all
2024-08-13 15:02:03 [INFO]: GET /api/user/users
2024-08-13 15:02:03 [INFO]: GET /api/product/all
2024-08-13 15:02:03 [INFO]: GET /api/user/users
2024-08-13 15:02:15 [INFO]: GET /api/product/user-products/seller1
2024-08-13 15:02:15 [INFO]: GET /api/product/user-products/seller1
2024-08-13 15:02:27 [INFO]: POST /api/user/login
2024-08-13 15:02:42 [INFO]: POST /api/user/verifyOtp
2024-08-13 15:02:46 [INFO]: GET /api/product/user-products/seller2
2024-08-13 15:02:47 [INFO]: GET /api/product/user-products/seller2
2024-08-13 15:02:50 [INFO]: GET /api/product/user-products/seller2
2024-08-13 15:02:50 [INFO]: GET /api/product/user-products/seller2
2024-08-13 15:03:00 [INFO]: GET /api/user/users/seller2
2024-08-13 15:03:00 [INFO]: GET /api/user/users/seller2
2024-08-13 15:03:00 [INFO]: GET /api/product/user-products/seller2
2024-08-13 15:03:00 [INFO]: GET /api/product/user-products/seller2
2024-08-13 15:03:14 [INFO]: POST /api/product/add
2024-08-13 15:03:14 [INFO]: GET /api/product/user-products/seller2
2024-08-13 15:03:14 [INFO]: GET /api/product/user-products/seller2
2024-08-13 15:03:20 [INFO]: GET /api/product/all
2024-08-13 15:03:20 [INFO]: GET /api/user/users
2024-08-13 15:03:21 [INFO]: GET /api/product/all
2024-08-13 15:03:21 [INFO]: GET /api/user/users
2024-08-13 15:09:05 [INFO]: GET /api/product/user-products/seller2
2024-08-13 15:09:05 [INFO]: GET /api/product/user-products/seller2
2024-08-13 15:09:05 [INFO]: GET /api/product/user-products/seller2
2024-08-13 15:09:05 [INFO]: GET /api/product/user-products/seller2
2024-08-13 15:09:05 [INFO]: GET /api/product/all
2024-08-13 15:09:05 [INFO]: GET /api/user/users
2024-08-13 15:09:05 [INFO]: GET /api/product/all
2024-08-13 15:09:05 [INFO]: GET /api/user/users
2024-08-13 15:10:06 [INFO]: GET /api/product/user-products/seller2
2024-08-13 15:10:06 [INFO]: GET /api/product/user-products/seller2
2024-08-13 15:10:06 [INFO]: GET /api/product/user-products/seller2
2024-08-13 15:10:06 [INFO]: GET /api/product/user-products/seller2
2024-08-13 15:10:06 [INFO]: GET /api/product/all
2024-08-13 15:10:06 [INFO]: GET /api/user/users
2024-08-13 15:10:06 [INFO]: GET /api/product/all
2024-08-13 15:10:06 [INFO]: GET /api/user/users
2024-08-13 15:11:08 [INFO]: GET /api/product/user-products/seller2
2024-08-13 15:11:08 [INFO]: GET /api/product/user-products/seller2
2024-08-13 15:11:08 [INFO]: GET /api/product/all
2024-08-13 15:11:08 [INFO]: GET /api/user/users
2024-08-13 15:11:08 [INFO]: GET /api/product/user-products/seller2
2024-08-13 15:11:08 [INFO]: GET /api/product/all
2024-08-13 15:11:08 [INFO]: GET /api/user/users
2024-08-13 15:11:08 [INFO]: GET /api/product/user-products/seller2
