2024-08-12 12:12:05 [INFO]: Server app listening on port 5000!
2024-08-12 12:12:09 [INFO]: Server app listening on port 5000!
2024-08-12 12:12:13 [INFO]: Server app listening on port 5000!
2024-08-12 12:12:14 [INFO]: Server app listening on port 5000!
2024-08-12 12:12:30 [INFO]: Server app listening on port 5000!
2024-08-12 12:12:32 [INFO]: Server app listening on port 5000!
2024-08-12 12:35:53 [INFO]: POST /api/user/login
2024-08-12 12:36:05 [INFO]: POST /api/user/verifyOtp
2024-08-12 12:36:09 [INFO]: GET /api/product/user-products/Kakashi3303
2024-08-12 12:36:09 [INFO]: GET /api/product/user-products/Kakashi3303
2024-08-12 12:38:57 [INFO]: POST /api/admin/login
2024-08-12 12:40:33 [INFO]: POST /api/user/login
2024-08-12 12:40:50 [INFO]: POST /api/user/verifyOtp
2024-08-12 12:40:54 [INFO]: GET /api/product/user-products/Kakashi3303
2024-08-12 12:40:54 [INFO]: GET /api/product/user-products/Kakashi3303
2024-08-12 12:40:58 [INFO]: POST /api/admin/login
2024-08-12 12:41:14 [INFO]: POST /api/admin/verifyOtp
2024-08-12 12:41:18 [INFO]: GET /api/product/all
2024-08-12 12:41:18 [INFO]: GET /api/product/all
2024-08-12 12:42:34 [INFO]: Server app listening on port 5000!
2024-08-12 12:42:38 [INFO]: Server app listening on port 5000!
2024-08-12 12:43:04 [INFO]: Server app listening on port 5000!
2024-08-12 12:43:10 [INFO]: Server app listening on port 5000!
2024-08-12 12:43:12 [INFO]: Server app listening on port 5000!
2024-08-12 12:43:31 [INFO]: Server app listening on port 5000!
2024-08-12 12:43:34 [INFO]: Server app listening on port 5000!
2024-08-12 12:43:38 [INFO]: Server app listening on port 5000!
2024-08-12 12:43:46 [INFO]: Server app listening on port 5000!
2024-08-12 12:43:52 [INFO]: Server app listening on port 5000!
2024-08-12 12:44:54 [INFO]: Server app listening on port 5000!
2024-08-12 12:45:02 [INFO]: Server app listening on port 5000!
2024-08-12 12:45:05 [INFO]: Server app listening on port 5000!
2024-08-12 12:45:31 [INFO]: Server app listening on port 5000!
2024-08-12 12:45:35 [INFO]: Server app listening on port 5000!
2024-08-12 12:46:37 [INFO]: Server app listening on port 5000!
2024-08-12 12:46:56 [INFO]: Server app listening on port 5000!
2024-08-12 12:47:21 [INFO]: Server app listening on port 5000!
2024-08-12 12:51:06 [INFO]: POST /api/admin/login
2024-08-12 12:51:17 [INFO]: POST /api/admin/verifyOtp
2024-08-12 12:51:21 [INFO]: GET /api/product/all
2024-08-12 12:51:21 [INFO]: GET /api/product/all
2024-08-12 12:51:25 [INFO]: DELETE /api/user/users/admin-user
2024-08-12 12:51:43 [INFO]: DELETE /api/user/users/admin-user
2024-08-12 14:03:39 [INFO]: GET /api/product/all
2024-08-12 14:03:39 [INFO]: GET /api/product/all
2024-08-12 14:35:43 [INFO]: Server app listening on port 5000!
2024-08-12 14:36:26 [INFO]: POST /api/admin/login
2024-08-12 14:36:45 [INFO]: POST /api/admin/verifyOtp
2024-08-12 14:36:51 [INFO]: POST /api/admin/verifyOtp
2024-08-12 14:36:55 [INFO]: GET /api/product/all
2024-08-12 14:36:55 [INFO]: GET /api/product/all
2024-08-12 14:37:17 [INFO]: DELETE /api/user/users/admin-user
2024-08-12 14:37:21 [INFO]: GET /api/product/609395
2024-08-12 14:37:21 [INFO]: GET /api/product/609395
2024-08-12 14:37:24 [INFO]: PUT /api/product/update/609395
2024-08-12 14:37:24 [INFO]: GET /api/product/all
2024-08-12 14:37:24 [INFO]: GET /api/product/all
2024-08-12 14:37:49 [INFO]: GET /api/product/609395
2024-08-12 14:37:49 [INFO]: GET /api/product/609395
2024-08-12 14:37:53 [INFO]: PUT /api/product/update/609395
2024-08-12 14:37:53 [INFO]: GET /api/product/all
2024-08-12 14:37:53 [INFO]: GET /api/product/all
2024-08-12 14:46:44 [INFO]: GET /api/product/all
2024-08-12 14:47:20 [INFO]: GET /api/product/all
2024-08-12 14:47:20 [INFO]: GET /api/product/all
2024-08-12 14:47:22 [INFO]: GET /api/product/all
2024-08-12 14:47:23 [INFO]: GET /api/product/all
2024-08-12 14:47:25 [INFO]: GET /api/product/all
2024-08-12 14:47:25 [INFO]: GET /api/product/all
2024-08-12 14:47:34 [INFO]: GET /api/product/all
2024-08-12 14:47:34 [INFO]: GET /api/product/all
2024-08-12 14:47:38 [INFO]: GET /api/product/609395
2024-08-12 14:47:38 [INFO]: GET /api/product/609395
2024-08-12 14:47:39 [INFO]: PUT /api/product/update/609395
2024-08-12 14:47:39 [INFO]: GET /api/product/all
2024-08-12 14:47:39 [INFO]: GET /api/product/all
2024-08-12 14:47:44 [INFO]: GET /api/product/609395
2024-08-12 14:47:44 [INFO]: GET /api/product/609395
2024-08-12 14:47:46 [INFO]: PUT /api/product/update/609395
2024-08-12 14:47:46 [INFO]: GET /api/product/all
2024-08-12 14:47:47 [INFO]: GET /api/product/all
2024-08-12 14:47:53 [INFO]: DELETE /api/product/delete/918653
2024-08-12 14:47:55 [INFO]: GET /api/product/all
2024-08-12 14:47:55 [INFO]: GET /api/product/all
2024-08-12 14:49:43 [INFO]: GET /api/product/all
2024-08-12 14:49:43 [INFO]: GET /api/product/all
2024-08-12 14:50:02 [INFO]: GET /api/product/all
2024-08-12 14:50:33 [INFO]: GET /api/product/all
2024-08-12 14:50:36 [INFO]: GET /api/product/all
2024-08-12 14:50:38 [INFO]: GET /api/product/all
2024-08-12 14:50:39 [INFO]: GET /api/product/all
2024-08-12 14:50:39 [INFO]: GET /api/product/all
2024-08-12 14:50:59 [INFO]: GET /api/product/all
2024-08-12 14:50:59 [INFO]: GET /api/product/all
2024-08-12 14:51:01 [INFO]: GET /api/product/all
2024-08-12 14:51:01 [INFO]: GET /api/product/all
2024-08-12 14:52:38 [INFO]: GET /api/product/all
2024-08-12 14:52:39 [INFO]: GET /api/product/all
2024-08-12 14:52:39 [INFO]: GET /api/product/all
2024-08-12 14:53:04 [INFO]: GET /api/product/all
2024-08-12 14:53:04 [INFO]: GET /api/product/all
2024-08-12 14:57:44 [INFO]: GET /api/product/all
2024-08-12 14:57:44 [INFO]: GET /api/product/all
2024-08-12 14:58:02 [INFO]: GET /api/product/all
2024-08-12 14:59:32 [INFO]: GET /api/product/all
2024-08-12 14:59:33 [INFO]: GET /api/product/all
2024-08-12 14:59:33 [INFO]: GET /api/product/all
2024-08-12 15:00:01 [INFO]: GET /api/product/all
2024-08-12 15:00:28 [INFO]: GET /api/product/all
2024-08-12 15:00:50 [INFO]: GET /api/product/all
2024-08-12 15:01:23 [INFO]: GET /api/product/all
2024-08-12 15:01:23 [INFO]: GET /api/product/all
2024-08-12 15:01:23 [INFO]: GET /api/product/all
2024-08-12 15:01:23 [INFO]: GET /api/product/all
2024-08-12 15:01:23 [INFO]: GET /api/product/all
2024-08-12 15:01:23 [INFO]: GET /api/product/all
2024-08-12 15:03:19 [INFO]: GET /api/product/all
2024-08-12 15:03:20 [INFO]: GET /api/product/all
2024-08-12 15:03:21 [INFO]: GET /api/product/all
2024-08-12 15:03:44 [INFO]: GET /api/product/all
2024-08-12 15:03:44 [INFO]: GET /api/product/all
2024-08-12 15:03:46 [INFO]: GET /api/product/all
2024-08-12 15:03:46 [INFO]: GET /api/product/all
2024-08-12 15:07:55 [INFO]: GET /api/product/all
2024-08-12 15:08:18 [INFO]: GET /api/product/all
2024-08-12 15:08:19 [INFO]: GET /api/product/all
2024-08-12 15:08:19 [INFO]: GET /api/product/all
2024-08-12 15:08:50 [INFO]: GET /api/product/all
2024-08-12 15:08:50 [INFO]: GET /api/product/all
2024-08-12 15:08:50 [INFO]: GET /api/product/all
2024-08-12 15:08:50 [INFO]: GET /api/product/all
2024-08-12 15:08:59 [INFO]: GET /api/product/all
2024-08-12 15:08:59 [INFO]: GET /api/product/all
2024-08-12 15:09:01 [INFO]: GET /api/product/all
2024-08-12 15:09:01 [INFO]: GET /api/product/all
2024-08-12 15:09:07 [INFO]: GET /api/product/all
2024-08-12 15:09:07 [INFO]: GET /api/product/all
2024-08-12 15:09:09 [INFO]: GET /api/product/all
2024-08-12 15:09:09 [INFO]: GET /api/product/all
2024-08-12 15:09:10 [INFO]: GET /api/product/all
2024-08-12 15:09:10 [INFO]: GET /api/product/all
2024-08-12 15:09:14 [INFO]: GET /api/product/all
2024-08-12 15:09:14 [INFO]: GET /api/product/all
2024-08-12 15:09:14 [INFO]: GET /api/product/all
2024-08-12 15:09:14 [INFO]: GET /api/product/all
2024-08-12 15:09:19 [INFO]: GET /api/product/all
2024-08-12 15:09:19 [INFO]: GET /api/product/all
2024-08-12 15:09:19 [INFO]: GET /api/product/all
2024-08-12 15:09:19 [INFO]: GET /api/product/all
2024-08-12 15:09:39 [INFO]: GET /api/product/all
2024-08-12 15:09:39 [INFO]: GET /api/product/all
2024-08-12 15:09:40 [INFO]: GET /api/product/all
2024-08-12 15:09:40 [INFO]: GET /api/product/all
2024-08-12 15:09:43 [INFO]: GET /api/product/all
2024-08-12 15:09:43 [INFO]: GET /api/product/all
2024-08-12 15:09:43 [INFO]: GET /api/product/all
2024-08-12 15:09:43 [INFO]: GET /api/product/all
2024-08-12 15:09:43 [INFO]: GET /api/product/all
2024-08-12 15:09:43 [INFO]: GET /api/product/all
2024-08-12 15:09:43 [INFO]: GET /api/product/all
2024-08-12 15:09:43 [INFO]: GET /api/product/all
2024-08-12 15:10:08 [INFO]: GET /api/product/all
2024-08-12 15:10:08 [INFO]: GET /api/product/all
2024-08-12 15:10:08 [INFO]: GET /api/product/all
2024-08-12 15:10:08 [INFO]: GET /api/product/all
2024-08-12 15:10:56 [INFO]: GET /api/product/all
2024-08-12 15:10:56 [INFO]: GET /api/product/all
2024-08-12 15:10:56 [INFO]: GET /api/product/all
2024-08-12 15:10:56 [INFO]: GET /api/product/all
2024-08-12 15:11:03 [INFO]: GET /api/product/all
2024-08-12 15:11:03 [INFO]: GET /api/product/all
2024-08-12 15:11:08 [INFO]: GET /api/product/all
2024-08-12 15:11:08 [INFO]: GET /api/product/all
2024-08-12 15:11:38 [INFO]: GET /api/product/all
2024-08-12 15:11:38 [INFO]: GET /api/pr/all
2024-08-12 15:11:39 [INFO]: GET /api/product/all
2024-08-12 15:11:39 [INFO]: GET /api/admin/all
2024-08-12 15:12:30 [INFO]: GET /api//all
2024-08-12 15:12:30 [INFO]: GET /api/product/all
2024-08-12 15:12:31 [INFO]: GET /api/product/all
2024-08-12 15:12:31 [INFO]: GET /api/user/all
2024-08-12 15:12:33 [INFO]: GET /api/product/all
2024-08-12 15:12:33 [INFO]: GET /api/user/al
2024-08-12 15:12:33 [INFO]: GET /api/product/all
2024-08-12 15:12:33 [INFO]: GET /api/user/us
2024-08-12 15:12:33 [INFO]: GET /api/product/all
2024-08-12 15:12:33 [INFO]: GET /api/user/users
2024-08-12 15:12:35 [INFO]: GET /api/product/all
2024-08-12 15:12:35 [INFO]: GET /api/user/users
2024-08-12 15:12:35 [INFO]: GET /api/product/all
2024-08-12 15:12:35 [INFO]: GET /api/user/users
2024-08-12 15:13:05 [INFO]: GET /api/product/all
2024-08-12 15:13:05 [INFO]: GET /api/user/users
2024-08-12 15:13:10 [INFO]: GET /api/product/all
2024-08-12 15:13:10 [INFO]: GET /api/user/users
2024-08-12 15:13:13 [INFO]: GET /api/product/all
2024-08-12 15:13:13 [INFO]: GET /api/user/users
2024-08-12 15:13:14 [INFO]: GET /api/product/all
2024-08-12 15:13:14 [INFO]: GET /api/user/users
2024-08-12 15:13:15 [INFO]: GET /api/product/all
2024-08-12 15:13:15 [INFO]: GET /api/user/users
2024-08-12 15:13:16 [INFO]: GET /api/product/all
2024-08-12 15:13:16 [INFO]: GET /api/user/users
2024-08-12 15:13:19 [INFO]: GET /api/product/all
2024-08-12 15:13:19 [INFO]: GET /api/user/users
2024-08-12 15:13:22 [INFO]: GET /api/product/all
2024-08-12 15:13:22 [INFO]: GET /api/user/users
2024-08-12 15:13:28 [INFO]: GET /api/product/all
2024-08-12 15:13:28 [INFO]: GET /api/product/all
2024-08-12 15:13:28 [INFO]: GET /api/user/users
2024-08-12 15:13:28 [INFO]: GET /api/user/users
2024-08-12 15:13:44 [INFO]: GET /api/product/all
2024-08-12 15:13:44 [INFO]: GET /api/user/users
2024-08-12 15:13:50 [INFO]: GET /api/product/all
2024-08-12 15:13:50 [INFO]: GET /api/user/users
2024-08-12 15:13:50 [INFO]: GET /api/product/all
2024-08-12 15:13:50 [INFO]: GET /api/user/users
2024-08-12 15:14:07 [INFO]: GET /api/product/all
2024-08-12 15:14:07 [INFO]: GET /api/user/users
2024-08-12 15:14:10 [INFO]: GET /api/product/all
2024-08-12 15:14:10 [INFO]: GET /api/user/users
2024-08-12 15:14:12 [INFO]: GET /api/product/all
2024-08-12 15:14:12 [INFO]: GET /api/user/users
2024-08-12 15:14:13 [INFO]: GET /api/product/all
2024-08-12 15:14:13 [INFO]: GET /api/user/users
2024-08-12 15:14:15 [INFO]: GET /api/product/all
2024-08-12 15:14:15 [INFO]: GET /api/user/users
2024-08-12 15:14:15 [INFO]: GET /api/product/all
2024-08-12 15:14:15 [INFO]: GET /api/user/users
2024-08-12 15:14:15 [INFO]: GET /api/product/all
2024-08-12 15:14:15 [INFO]: GET /api/user/users
2024-08-12 15:14:22 [INFO]: GET /api/product/all
2024-08-12 15:14:22 [INFO]: GET /api/product/all
2024-08-12 15:14:22 [INFO]: GET /api/user/users
2024-08-12 15:14:22 [INFO]: GET /api/user/users
2024-08-12 15:14:36 [INFO]: GET /api/product/all
2024-08-12 15:14:36 [INFO]: GET /api/user/users
2024-08-12 15:14:37 [INFO]: GET /api/product/all
2024-08-12 15:14:37 [INFO]: GET /api/user/users
2024-08-12 15:14:48 [INFO]: GET /api/product/all
2024-08-12 15:14:48 [INFO]: GET /api/user/users
2024-08-12 15:14:48 [INFO]: GET /api/product/all
2024-08-12 15:14:48 [INFO]: GET /api/user/users
2024-08-12 15:14:54 [INFO]: GET /api/product/all
2024-08-12 15:14:54 [INFO]: GET /api/user/users
2024-08-12 15:14:54 [INFO]: GET /api/product/all
2024-08-12 15:14:54 [INFO]: GET /api/user/users
2024-08-12 15:15:08 [INFO]: GET /api/product/all
2024-08-12 15:15:08 [INFO]: GET /api/user/users
2024-08-12 15:15:09 [INFO]: GET /api/product/all
2024-08-12 15:15:09 [INFO]: GET /api/user/users
2024-08-12 15:15:11 [INFO]: GET /api/product/all
2024-08-12 15:15:11 [INFO]: GET /api/user/users
2024-08-12 15:15:22 [INFO]: GET /api/product/all
2024-08-12 15:15:22 [INFO]: GET /api/user/users
2024-08-12 15:15:29 [INFO]: GET /api/product/all
2024-08-12 15:15:29 [INFO]: GET /api/product/all
2024-08-12 15:15:29 [INFO]: GET /api/user/users
2024-08-12 15:15:29 [INFO]: GET /api/user/users
2024-08-12 15:15:40 [INFO]: GET /api/product/all
2024-08-12 15:15:40 [INFO]: GET /api/user/users
2024-08-12 15:19:27 [INFO]: GET /api/product/all
2024-08-12 15:19:27 [INFO]: GET /api/product/all
2024-08-12 15:19:27 [INFO]: GET /api/user/users
2024-08-12 15:19:27 [INFO]: GET /api/user/users
2024-08-12 15:19:38 [INFO]: GET /api/product/all
2024-08-12 15:19:38 [INFO]: GET /api/user/users
2024-08-12 15:19:38 [INFO]: GET /api/product/all
2024-08-12 15:19:38 [INFO]: GET /api/user/users
2024-08-12 15:26:55 [INFO]: GET /api/product/all
2024-08-12 15:26:55 [INFO]: GET /api/user/users
2024-08-12 15:27:04 [INFO]: GET /api/product/all
2024-08-12 15:27:04 [INFO]: GET /api/user/users
2024-08-12 15:27:31 [INFO]: GET /api/product/all
2024-08-12 15:27:31 [INFO]: GET /api/user/users
2024-08-12 15:27:31 [INFO]: GET /api/product/all
2024-08-12 15:27:31 [INFO]: GET /api/user/users
2024-08-12 15:27:44 [INFO]: GET /api/product/all
2024-08-12 15:27:44 [INFO]: GET /api/user/users
2024-08-12 15:27:46 [INFO]: GET /api/product/all
2024-08-12 15:27:46 [INFO]: GET /api/user/users
2024-08-12 15:27:49 [INFO]: GET /api/product/all
2024-08-12 15:27:49 [INFO]: GET /api/user/users
2024-08-12 15:30:15 [INFO]: GET /api/product/all
2024-08-12 15:30:15 [INFO]: GET /api/user/users
2024-08-12 15:30:18 [INFO]: GET /api/product/all
2024-08-12 15:30:18 [INFO]: GET /api/user/users
2024-08-12 15:30:22 [INFO]: GET /api/product/all
2024-08-12 15:30:22 [INFO]: GET /api/user/users
2024-08-12 15:30:22 [INFO]: GET /api/product/all
2024-08-12 15:30:22 [INFO]: GET /api/user/users
2024-08-12 15:30:49 [INFO]: GET /api/product/all
2024-08-12 15:30:49 [INFO]: GET /api/user/users
2024-08-12 15:31:03 [INFO]: GET /api/product/all
2024-08-12 15:31:03 [INFO]: GET /api/user/users
2024-08-12 15:31:05 [INFO]: GET /api/product/all
2024-08-12 15:31:05 [INFO]: GET /api/user/users
2024-08-12 15:31:05 [INFO]: GET /api/product/all
2024-08-12 15:31:05 [INFO]: GET /api/user/users
2024-08-12 15:31:13 [INFO]: GET /api/product/all
2024-08-12 15:31:13 [INFO]: GET /api/user/users
2024-08-12 15:31:14 [INFO]: GET /api/product/all
2024-08-12 15:31:14 [INFO]: GET /api/user/users
2024-08-12 15:31:15 [INFO]: GET /api/product/all
2024-08-12 15:31:15 [INFO]: GET /api/user/users
2024-08-12 15:31:17 [INFO]: GET /api/product/all
2024-08-12 15:31:17 [INFO]: GET /api/user/users
2024-08-12 15:31:22 [INFO]: GET /api/product/all
2024-08-12 15:31:22 [INFO]: GET /api/user/users
2024-08-12 15:31:22 [INFO]: GET /api/product/all
2024-08-12 15:31:22 [INFO]: GET /api/user/users
2024-08-12 15:31:24 [INFO]: GET /api/product/all
2024-08-12 15:31:24 [INFO]: GET /api/user/users
2024-08-12 15:31:25 [INFO]: GET /api/product/all
2024-08-12 15:31:25 [INFO]: GET /api/user/users
2024-08-12 15:31:26 [INFO]: GET /api/product/all
2024-08-12 15:31:26 [INFO]: GET /api/user/users
2024-08-12 15:31:27 [INFO]: GET /api/product/all
2024-08-12 15:31:27 [INFO]: GET /api/user/users
2024-08-12 15:31:31 [INFO]: GET /api/product/all
2024-08-12 15:31:31 [INFO]: GET /api/user/users
2024-08-12 15:31:37 [INFO]: GET /api/product/all
2024-08-12 15:31:37 [INFO]: GET /api/user/users
2024-08-12 15:31:38 [INFO]: GET /api/product/all
2024-08-12 15:31:38 [INFO]: GET /api/user/users
2024-08-12 15:31:44 [INFO]: GET /api/product/all
2024-08-12 15:31:44 [INFO]: GET /api/user/users
2024-08-12 15:31:46 [INFO]: GET /api/product/all
2024-08-12 15:31:46 [INFO]: GET /api/user/users
2024-08-12 15:31:47 [INFO]: GET /api/product/all
2024-08-12 15:31:47 [INFO]: GET /api/user/users
2024-08-12 15:32:15 [INFO]: GET /api/product/all
2024-08-12 15:32:15 [INFO]: GET /api/user/users
2024-08-12 15:32:15 [INFO]: GET /api/product/all
2024-08-12 15:32:15 [INFO]: GET /api/user/users
2024-08-12 15:32:28 [INFO]: GET /api/product/all
2024-08-12 15:32:28 [INFO]: GET /api/user/users
2024-08-12 15:32:29 [INFO]: GET /api/product/all
2024-08-12 15:32:29 [INFO]: GET /api/user/users
2024-08-12 15:32:32 [INFO]: GET /api/product/all
2024-08-12 15:32:32 [INFO]: GET /api/user/users
2024-08-12 15:32:33 [INFO]: GET /api/product/all
2024-08-12 15:32:33 [INFO]: GET /api/user/users
2024-08-12 15:32:41 [INFO]: GET /api/product/all
2024-08-12 15:32:41 [INFO]: GET /api/user/users
2024-08-12 15:32:41 [INFO]: GET /api/product/all
2024-08-12 15:32:41 [INFO]: GET /api/user/users
2024-08-12 15:33:22 [INFO]: GET /api/product/all
2024-08-12 15:33:22 [INFO]: GET /api/user/users
2024-08-12 15:33:22 [INFO]: GET /api/product/all
2024-08-12 15:33:22 [INFO]: GET /api/user/users
2024-08-12 15:33:23 [INFO]: GET /api/product/all
2024-08-12 15:33:23 [INFO]: GET /api/user/users
2024-08-12 15:33:28 [INFO]: GET /api/product/all
2024-08-12 15:33:28 [INFO]: GET /api/user/users
2024-08-12 15:33:30 [INFO]: GET /api/product/all
2024-08-12 15:33:30 [INFO]: GET /api/user/users
2024-08-12 15:33:31 [INFO]: GET /api/product/all
2024-08-12 15:33:31 [INFO]: GET /api/user/users
2024-08-12 15:33:33 [INFO]: GET /api/product/all
2024-08-12 15:33:33 [INFO]: GET /api/user/users
2024-08-12 15:33:35 [INFO]: GET /api/product/all
2024-08-12 15:33:35 [INFO]: GET /api/user/users
2024-08-12 15:33:38 [INFO]: GET /api/product/all
2024-08-12 15:33:38 [INFO]: GET /api/user/users
2024-08-12 15:34:37 [INFO]: GET /api/product/all
2024-08-12 15:34:37 [INFO]: GET /api/user/users
2024-08-12 15:34:48 [INFO]: GET /api/product/all
2024-08-12 15:34:48 [INFO]: GET /api/user/users
2024-08-12 15:34:57 [INFO]: GET /api/product/all
2024-08-12 15:34:57 [INFO]: GET /api/user/users
2024-08-12 15:36:08 [INFO]: GET /api/product/all
2024-08-12 15:36:08 [INFO]: GET /api/user/users
2024-08-12 15:36:23 [INFO]: GET /api/product/all
2024-08-12 15:36:23 [INFO]: GET /api/user/users
2024-08-12 15:36:23 [INFO]: GET /api/user/users
2024-08-12 15:36:23 [INFO]: GET /api/product/all
2024-08-12 15:36:48 [INFO]: GET /api/product/all
2024-08-12 15:36:48 [INFO]: GET /api/user/users
2024-08-12 15:36:48 [INFO]: GET /api/product/all
2024-08-12 15:36:48 [INFO]: GET /api/user/users
2024-08-12 15:37:24 [INFO]: GET /api/product/all
2024-08-12 15:37:24 [INFO]: GET /api/user/users
2024-08-12 15:37:40 [INFO]: GET /api/product/all
2024-08-12 15:37:40 [INFO]: GET /api/user/users
2024-08-12 15:37:50 [INFO]: GET /api/product/all
2024-08-12 15:37:50 [INFO]: GET /api/user/users
2024-08-12 15:37:50 [INFO]: GET /api/product/all
2024-08-12 15:37:50 [INFO]: GET /api/user/users
2024-08-12 15:37:55 [INFO]: POST /api/admin/login
2024-08-12 15:38:19 [INFO]: POST /api/admin/verifyOtp
2024-08-12 15:38:47 [INFO]: POST /api/admin/verifyOtp
2024-08-12 15:38:56 [INFO]: POST /api/admin/verifyOtp
2024-08-12 15:39:00 [INFO]: GET /api/product/all
2024-08-12 15:39:00 [INFO]: GET /api/product/all
2024-08-12 15:39:00 [INFO]: GET /api/user/users
2024-08-12 15:39:00 [INFO]: GET /api/user/users
2024-08-12 15:39:14 [INFO]: GET /api/product/all
2024-08-12 15:39:14 [INFO]: GET /api/user/users
2024-08-12 15:39:19 [INFO]: GET /api/product/all
2024-08-12 15:39:19 [INFO]: GET /api/user/users
2024-08-12 15:39:19 [INFO]: GET /api/user/users
2024-08-12 15:39:19 [INFO]: GET /api/product/all
2024-08-12 15:39:41 [INFO]: GET /api/product/all
2024-08-12 15:39:41 [INFO]: GET /api/user/users
2024-08-12 15:39:42 [INFO]: GET /api/product/all
2024-08-12 15:39:42 [INFO]: GET /api/user/users
2024-08-12 15:39:42 [INFO]: GET /api/product/all
2024-08-12 15:39:42 [INFO]: GET /api/user/users
2024-08-12 15:39:45 [INFO]: GET /api/product/all
2024-08-12 15:39:45 [INFO]: GET /api/user/users
2024-08-12 15:39:45 [INFO]: GET /api/product/all
2024-08-12 15:39:45 [INFO]: GET /api/user/users
2024-08-12 15:41:16 [INFO]: GET /api/product/all
2024-08-12 15:41:16 [INFO]: GET /api/user/users
2024-08-12 15:41:25 [INFO]: GET /api/product/all
2024-08-12 15:41:25 [INFO]: GET /api/user/users
2024-08-12 15:41:25 [INFO]: GET /api/product/all
2024-08-12 15:41:25 [INFO]: GET /api/user/users
2024-08-12 15:41:26 [INFO]: GET /api/product/all
2024-08-12 15:41:26 [INFO]: GET /api/user/users
2024-08-12 15:41:27 [INFO]: GET /api/product/all
2024-08-12 15:41:27 [INFO]: GET /api/user/users
2024-08-12 15:41:41 [INFO]: GET /api/product/shivamsatyam209@gmail.com
2024-08-12 15:41:41 [INFO]: GET /api/product/shivamsatyam209@gmail.com
2024-08-12 15:41:42 [INFO]: GET /api/product/all
2024-08-12 15:41:42 [INFO]: GET /api/user/users
2024-08-12 15:41:42 [INFO]: GET /api/product/all
2024-08-12 15:41:42 [INFO]: GET /api/user/users
2024-08-12 15:46:42 [INFO]: GET /api/product/shivamsatyam209@gmail.com
2024-08-12 15:46:42 [INFO]: GET /api/product/shivamsatyam209@gmail.com
2024-08-12 15:46:45 [INFO]: GET /api/product/all
2024-08-12 15:46:45 [INFO]: GET /api/product/all
2024-08-12 15:46:45 [INFO]: GET /api/user/users
2024-08-12 15:46:45 [INFO]: GET /api/user/users
2024-08-12 15:46:55 [INFO]: GET /api/product/rut
2024-08-12 15:46:55 [INFO]: GET /api/product/rut
2024-08-12 15:46:59 [INFO]: GET /api/product/all
2024-08-12 15:46:59 [INFO]: GET /api/user/users
2024-08-12 15:46:59 [INFO]: GET /api/product/all
2024-08-12 15:46:59 [INFO]: GET /api/user/users
2024-08-12 15:59:33 [INFO]: GET /api/product/all
2024-08-12 15:59:33 [INFO]: GET /api/user/users
2024-08-12 15:59:33 [INFO]: GET /api/product/all
2024-08-12 15:59:33 [INFO]: GET /api/user/users
2024-08-12 15:59:33 [INFO]: GET /api/product/all
2024-08-12 15:59:33 [INFO]: GET /api/user/users
2024-08-12 15:59:33 [INFO]: GET /api/product/all
2024-08-12 15:59:33 [INFO]: GET /api/user/users
2024-08-12 15:59:33 [INFO]: GET /api/product/all
2024-08-12 15:59:33 [INFO]: GET /api/user/users
2024-08-12 15:59:33 [INFO]: GET /api/product/all
2024-08-12 15:59:33 [INFO]: GET /api/user/users
2024-08-12 15:59:33 [INFO]: GET /api/product/all
2024-08-12 15:59:33 [INFO]: GET /api/user/users
2024-08-12 15:59:33 [INFO]: GET /api/product/all
2024-08-12 15:59:33 [INFO]: GET /api/user/users
2024-08-12 15:59:33 [INFO]: GET /api/product/all
2024-08-12 15:59:33 [INFO]: GET /api/user/users
2024-08-12 15:59:33 [INFO]: GET /api/product/all
2024-08-12 15:59:33 [INFO]: GET /api/user/users
2024-08-12 15:59:33 [INFO]: GET /api/product/all
2024-08-12 15:59:33 [INFO]: GET /api/user/users
2024-08-12 15:59:33 [INFO]: GET /api/product/all
2024-08-12 15:59:33 [INFO]: GET /api/user/users
2024-08-12 15:59:33 [INFO]: GET /api/product/all
2024-08-12 15:59:33 [INFO]: GET /api/user/users
2024-08-12 15:59:33 [INFO]: GET /api/product/all
2024-08-12 15:59:33 [INFO]: GET /api/user/users
2024-08-12 15:59:33 [INFO]: GET /api/product/all
2024-08-12 15:59:33 [INFO]: GET /api/user/users
2024-08-12 15:59:33 [INFO]: GET /api/product/all
2024-08-12 15:59:33 [INFO]: GET /api/user/users
2024-08-12 15:59:33 [INFO]: GET /api/product/all
2024-08-12 15:59:33 [INFO]: GET /api/user/users
2024-08-12 15:59:33 [INFO]: GET /api/product/all
2024-08-12 15:59:33 [INFO]: GET /api/user/users
2024-08-12 15:59:33 [INFO]: GET /api/product/all
2024-08-12 15:59:33 [INFO]: GET /api/user/users
2024-08-12 15:59:33 [INFO]: GET /api/product/all
2024-08-12 15:59:33 [INFO]: GET /api/user/users
2024-08-12 15:59:33 [INFO]: GET /api/product/all
2024-08-12 15:59:33 [INFO]: GET /api/user/users
2024-08-12 15:59:33 [INFO]: GET /api/product/all
2024-08-12 15:59:33 [INFO]: GET /api/user/users
2024-08-12 15:59:33 [INFO]: GET /api/user/users
2024-08-12 15:59:33 [INFO]: GET /api/product/all
2024-08-12 15:59:33 [INFO]: GET /api/product/all
2024-08-12 15:59:33 [INFO]: GET /api/user/users
2024-08-12 15:59:33 [INFO]: GET /api/product/all
2024-08-12 15:59:33 [INFO]: GET /api/user/users
2024-08-12 15:59:33 [INFO]: GET /api/product/all
2024-08-12 15:59:33 [INFO]: GET /api/user/users
2024-08-12 15:59:33 [INFO]: GET /api/product/all
2024-08-12 15:59:33 [INFO]: GET /api/user/users
2024-08-12 15:59:33 [INFO]: GET /api/product/all
2024-08-12 15:59:33 [INFO]: GET /api/user/users
2024-08-12 15:59:33 [INFO]: GET /api/product/all
2024-08-12 15:59:33 [INFO]: GET /api/user/users
2024-08-12 15:59:33 [INFO]: GET /api/product/all
2024-08-12 15:59:33 [INFO]: GET /api/user/users
2024-08-12 15:59:33 [INFO]: GET /api/product/all
2024-08-12 15:59:33 [INFO]: GET /api/user/users
2024-08-12 15:59:33 [INFO]: GET /api/product/all
2024-08-12 15:59:33 [INFO]: GET /api/user/users
2024-08-12 15:59:33 [INFO]: GET /api/product/all
2024-08-12 15:59:33 [INFO]: GET /api/user/users
2024-08-12 15:59:33 [INFO]: GET /api/product/all
2024-08-12 15:59:33 [INFO]: GET /api/user/users
2024-08-12 15:59:33 [INFO]: GET /api/product/all
2024-08-12 15:59:33 [INFO]: GET /api/user/users
2024-08-12 15:59:33 [INFO]: GET /api/product/all
2024-08-12 15:59:33 [INFO]: GET /api/user/users
2024-08-12 15:59:33 [INFO]: GET /api/product/all
2024-08-12 15:59:33 [INFO]: GET /api/user/users
2024-08-12 15:59:33 [INFO]: GET /api/product/all
2024-08-12 15:59:33 [INFO]: GET /api/user/users
2024-08-12 15:59:33 [INFO]: GET /api/product/all
2024-08-12 15:59:33 [INFO]: GET /api/user/users
2024-08-12 15:59:33 [INFO]: GET /api/product/all
2024-08-12 15:59:33 [INFO]: GET /api/user/users
2024-08-12 15:59:33 [INFO]: GET /api/product/all
2024-08-12 15:59:33 [INFO]: GET /api/user/users
2024-08-12 15:59:33 [INFO]: GET /api/product/all
2024-08-12 15:59:33 [INFO]: GET /api/user/users
2024-08-12 15:59:33 [INFO]: GET /api/product/all
2024-08-12 15:59:33 [INFO]: GET /api/user/users
2024-08-12 15:59:33 [INFO]: GET /api/product/all
2024-08-12 15:59:33 [INFO]: GET /api/user/users
2024-08-12 15:59:33 [INFO]: GET /api/product/all
2024-08-12 15:59:33 [INFO]: GET /api/user/users
2024-08-12 15:59:33 [INFO]: GET /api/product/all
2024-08-12 15:59:33 [INFO]: GET /api/user/users
2024-08-12 15:59:33 [INFO]: GET /api/product/all
2024-08-12 15:59:33 [INFO]: GET /api/user/users
2024-08-12 15:59:33 [INFO]: GET /api/product/all
2024-08-12 15:59:33 [INFO]: GET /api/user/users
2024-08-12 15:59:33 [INFO]: GET /api/product/all
2024-08-12 15:59:33 [INFO]: GET /api/user/users
2024-08-12 15:59:33 [INFO]: GET /api/product/all
2024-08-12 15:59:33 [INFO]: GET /api/user/users
2024-08-12 15:59:33 [INFO]: GET /api/product/all
2024-08-12 15:59:33 [INFO]: GET /api/user/users
2024-08-12 15:59:33 [INFO]: GET /api/product/all
2024-08-12 15:59:33 [INFO]: GET /api/user/users
2024-08-12 15:59:33 [INFO]: GET /api/product/all
2024-08-12 15:59:33 [INFO]: GET /api/user/users
2024-08-12 15:59:33 [INFO]: GET /api/product/all
2024-08-12 15:59:33 [INFO]: GET /api/user/users
2024-08-12 15:59:33 [INFO]: GET /api/product/all
2024-08-12 15:59:33 [INFO]: GET /api/user/users
2024-08-12 15:59:33 [INFO]: GET /api/product/all
2024-08-12 15:59:33 [INFO]: GET /api/user/users
2024-08-12 15:59:33 [INFO]: GET /api/product/all
2024-08-12 15:59:33 [INFO]: GET /api/user/users
2024-08-12 15:59:33 [INFO]: GET /api/product/all
2024-08-12 15:59:34 [INFO]: GET /api/user/users
2024-08-12 15:59:34 [INFO]: GET /api/product/all
2024-08-12 15:59:34 [INFO]: GET /api/user/users
2024-08-12 15:59:34 [INFO]: GET /api/product/all
2024-08-12 15:59:34 [INFO]: GET /api/user/users
2024-08-12 15:59:34 [INFO]: GET /api/product/all
2024-08-12 15:59:34 [INFO]: GET /api/user/users
2024-08-12 15:59:34 [INFO]: GET /api/user/users
2024-08-12 15:59:34 [INFO]: GET /api/product/all
2024-08-12 15:59:34 [INFO]: GET /api/user/users
2024-08-12 15:59:34 [INFO]: GET /api/product/all
2024-08-12 15:59:34 [INFO]: GET /api/product/all
2024-08-12 15:59:34 [INFO]: GET /api/user/users
2024-08-12 15:59:34 [INFO]: GET /api/product/all
2024-08-12 15:59:34 [INFO]: GET /api/user/users
2024-08-12 15:59:34 [INFO]: GET /api/product/all
2024-08-12 15:59:34 [INFO]: GET /api/user/users
2024-08-12 15:59:34 [INFO]: GET /api/product/all
2024-08-12 15:59:34 [INFO]: GET /api/user/users
2024-08-12 15:59:34 [INFO]: GET /api/product/all
2024-08-12 15:59:34 [INFO]: GET /api/user/users
2024-08-12 15:59:34 [INFO]: GET /api/product/all
2024-08-12 15:59:34 [INFO]: GET /api/user/users
2024-08-12 15:59:34 [INFO]: GET /api/product/all
2024-08-12 15:59:34 [INFO]: GET /api/user/users
2024-08-12 15:59:34 [INFO]: GET /api/product/all
2024-08-12 15:59:34 [INFO]: GET /api/user/users
2024-08-12 15:59:34 [INFO]: GET /api/product/all
2024-08-12 15:59:34 [INFO]: GET /api/user/users
2024-08-12 15:59:34 [INFO]: GET /api/product/all
2024-08-12 15:59:34 [INFO]: GET /api/user/users
2024-08-12 15:59:34 [INFO]: GET /api/product/all
2024-08-12 15:59:34 [INFO]: GET /api/user/users
2024-08-12 15:59:34 [INFO]: GET /api/product/all
2024-08-12 15:59:34 [INFO]: GET /api/user/users
2024-08-12 15:59:34 [INFO]: GET /api/product/all
2024-08-12 15:59:34 [INFO]: GET /api/user/users
2024-08-12 15:59:34 [INFO]: GET /api/product/all
2024-08-12 15:59:34 [INFO]: GET /api/user/users
2024-08-12 15:59:34 [INFO]: GET /api/product/all
2024-08-12 15:59:34 [INFO]: GET /api/user/users
2024-08-12 15:59:34 [INFO]: GET /api/product/all
2024-08-12 15:59:34 [INFO]: GET /api/user/users
2024-08-12 15:59:34 [INFO]: GET /api/product/all
2024-08-12 15:59:34 [INFO]: GET /api/user/users
2024-08-12 15:59:34 [INFO]: GET /api/product/all
2024-08-12 15:59:34 [INFO]: GET /api/user/users
2024-08-12 15:59:34 [INFO]: GET /api/product/all
2024-08-12 15:59:34 [INFO]: GET /api/user/users
2024-08-12 15:59:34 [INFO]: GET /api/product/all
2024-08-12 15:59:34 [INFO]: GET /api/user/users
2024-08-12 15:59:34 [INFO]: GET /api/product/all
2024-08-12 15:59:34 [INFO]: GET /api/user/users
2024-08-12 15:59:34 [INFO]: GET /api/product/all
2024-08-12 15:59:34 [INFO]: GET /api/user/users
2024-08-12 15:59:34 [INFO]: GET /api/product/all
2024-08-12 15:59:34 [INFO]: GET /api/user/users
2024-08-12 15:59:34 [INFO]: GET /api/product/all
2024-08-12 15:59:34 [INFO]: GET /api/user/users
2024-08-12 15:59:34 [INFO]: GET /api/product/all
2024-08-12 15:59:34 [INFO]: GET /api/user/users
2024-08-12 15:59:34 [INFO]: GET /api/product/all
2024-08-12 15:59:34 [INFO]: GET /api/user/users
2024-08-12 15:59:34 [INFO]: GET /api/product/all
2024-08-12 15:59:34 [INFO]: GET /api/user/users
2024-08-12 15:59:34 [INFO]: GET /api/product/all
2024-08-12 15:59:34 [INFO]: GET /api/user/users
2024-08-12 15:59:34 [INFO]: GET /api/product/all
2024-08-12 15:59:34 [INFO]: GET /api/user/users
2024-08-12 15:59:34 [INFO]: GET /api/product/all
2024-08-12 15:59:34 [INFO]: GET /api/user/users
2024-08-12 15:59:34 [INFO]: GET /api/product/all
2024-08-12 15:59:34 [INFO]: GET /api/user/users
2024-08-12 15:59:34 [INFO]: GET /api/product/all
2024-08-12 15:59:34 [INFO]: GET /api/user/users
2024-08-12 15:59:34 [INFO]: GET /api/product/all
2024-08-12 15:59:34 [INFO]: GET /api/user/users
2024-08-12 15:59:34 [INFO]: GET /api/product/all
2024-08-12 15:59:34 [INFO]: GET /api/user/users
2024-08-12 15:59:34 [INFO]: GET /api/product/all
2024-08-12 15:59:34 [INFO]: GET /api/user/users
2024-08-12 15:59:34 [INFO]: GET /api/product/all
2024-08-12 15:59:34 [INFO]: GET /api/user/users
2024-08-12 15:59:34 [INFO]: GET /api/product/all
2024-08-12 15:59:34 [INFO]: GET /api/user/users
2024-08-12 15:59:34 [INFO]: GET /api/product/all
2024-08-12 15:59:34 [INFO]: GET /api/user/users
2024-08-12 15:59:34 [INFO]: GET /api/product/all
2024-08-12 15:59:34 [INFO]: GET /api/user/users
2024-08-12 15:59:34 [INFO]: GET /api/product/all
2024-08-12 15:59:34 [INFO]: GET /api/user/users
2024-08-12 15:59:34 [INFO]: GET /api/product/all
2024-08-12 15:59:34 [INFO]: GET /api/user/users
2024-08-12 15:59:34 [INFO]: GET /api/product/all
2024-08-12 15:59:34 [INFO]: GET /api/user/users
2024-08-12 15:59:34 [INFO]: GET /api/product/all
2024-08-12 15:59:34 [INFO]: GET /api/user/users
2024-08-12 15:59:34 [INFO]: GET /api/product/all
2024-08-12 15:59:34 [INFO]: GET /api/user/users
2024-08-12 15:59:34 [INFO]: GET /api/product/all
2024-08-12 15:59:34 [INFO]: GET /api/user/users
2024-08-12 15:59:34 [INFO]: GET /api/product/all
2024-08-12 15:59:34 [INFO]: GET /api/user/users
2024-08-12 15:59:34 [INFO]: GET /api/product/all
2024-08-12 15:59:34 [INFO]: GET /api/user/users
2024-08-12 15:59:34 [INFO]: GET /api/product/all
2024-08-12 15:59:34 [INFO]: GET /api/user/users
2024-08-12 15:59:34 [INFO]: GET /api/product/all
2024-08-12 15:59:34 [INFO]: GET /api/user/users
2024-08-12 15:59:34 [INFO]: GET /api/product/all
2024-08-12 15:59:34 [INFO]: GET /api/user/users
2024-08-12 15:59:34 [INFO]: GET /api/product/all
2024-08-12 15:59:34 [INFO]: GET /api/user/users
2024-08-12 15:59:34 [INFO]: GET /api/product/all
2024-08-12 15:59:34 [INFO]: GET /api/user/users
2024-08-12 15:59:34 [INFO]: GET /api/product/all
2024-08-12 15:59:34 [INFO]: GET /api/user/users
2024-08-12 15:59:34 [INFO]: GET /api/product/all
2024-08-12 15:59:34 [INFO]: GET /api/user/users
2024-08-12 15:59:34 [INFO]: GET /api/product/all
2024-08-12 15:59:34 [INFO]: GET /api/user/users
2024-08-12 15:59:34 [INFO]: GET /api/product/all
2024-08-12 15:59:34 [INFO]: GET /api/user/users
2024-08-12 15:59:34 [INFO]: GET /api/product/all
2024-08-12 15:59:34 [INFO]: GET /api/user/users
2024-08-12 15:59:34 [INFO]: GET /api/product/all
2024-08-12 15:59:34 [INFO]: GET /api/user/users
2024-08-12 15:59:34 [INFO]: GET /api/product/all
2024-08-12 15:59:34 [INFO]: GET /api/user/users
2024-08-12 15:59:34 [INFO]: GET /api/product/all
2024-08-12 15:59:34 [INFO]: GET /api/user/users
2024-08-12 15:59:34 [INFO]: GET /api/product/all
2024-08-12 15:59:34 [INFO]: GET /api/user/users
2024-08-12 15:59:34 [INFO]: GET /api/product/all
2024-08-12 15:59:34 [INFO]: GET /api/user/users
2024-08-12 15:59:34 [INFO]: GET /api/user/users
2024-08-12 15:59:34 [INFO]: GET /api/product/all
2024-08-12 15:59:34 [INFO]: GET /api/product/all
2024-08-12 15:59:34 [INFO]: GET /api/user/users
2024-08-12 15:59:34 [INFO]: GET /api/product/all
2024-08-12 15:59:34 [INFO]: GET /api/user/users
2024-08-12 15:59:34 [INFO]: GET /api/user/users
2024-08-12 15:59:34 [INFO]: GET /api/product/all
2024-08-12 15:59:34 [INFO]: GET /api/product/all
2024-08-12 15:59:34 [INFO]: GET /api/user/users
2024-08-12 15:59:34 [INFO]: GET /api/product/all
2024-08-12 15:59:34 [INFO]: GET /api/user/users
2024-08-12 15:59:34 [INFO]: GET /api/product/all
2024-08-12 15:59:34 [INFO]: GET /api/user/users
2024-08-12 15:59:34 [INFO]: GET /api/product/all
2024-08-12 15:59:34 [INFO]: GET /api/user/users
2024-08-12 15:59:34 [INFO]: GET /api/product/all
2024-08-12 15:59:34 [INFO]: GET /api/user/users
2024-08-12 15:59:34 [INFO]: GET /api/product/all
2024-08-12 15:59:34 [INFO]: GET /api/user/users
2024-08-12 15:59:34 [INFO]: GET /api/product/all
2024-08-12 15:59:34 [INFO]: GET /api/user/users
2024-08-12 15:59:34 [INFO]: GET /api/product/all
2024-08-12 15:59:34 [INFO]: GET /api/user/users
2024-08-12 15:59:34 [INFO]: GET /api/product/all
2024-08-12 15:59:34 [INFO]: GET /api/user/users
2024-08-12 15:59:34 [INFO]: GET /api/product/all
2024-08-12 15:59:34 [INFO]: GET /api/user/users
2024-08-12 15:59:34 [INFO]: GET /api/product/all
2024-08-12 15:59:34 [INFO]: GET /api/user/users
2024-08-12 15:59:34 [INFO]: GET /api/product/all
2024-08-12 15:59:34 [INFO]: GET /api/user/users
2024-08-12 15:59:34 [INFO]: GET /api/product/all
2024-08-12 15:59:34 [INFO]: GET /api/user/users
2024-08-12 15:59:34 [INFO]: GET /api/product/all
2024-08-12 15:59:34 [INFO]: GET /api/user/users
2024-08-12 15:59:35 [INFO]: GET /api/product/all
2024-08-12 15:59:35 [INFO]: GET /api/user/users
2024-08-12 15:59:35 [INFO]: GET /api/product/all
2024-08-12 15:59:35 [INFO]: GET /api/user/users
2024-08-12 15:59:35 [INFO]: GET /api/product/all
2024-08-12 15:59:35 [INFO]: GET /api/user/users
2024-08-12 15:59:35 [INFO]: GET /api/product/all
2024-08-12 15:59:35 [INFO]: GET /api/user/users
2024-08-12 15:59:35 [INFO]: GET /api/product/all
2024-08-12 15:59:35 [INFO]: GET /api/user/users
2024-08-12 15:59:35 [INFO]: GET /api/product/all
2024-08-12 15:59:35 [INFO]: GET /api/user/users
2024-08-12 15:59:35 [INFO]: GET /api/product/all
2024-08-12 15:59:35 [INFO]: GET /api/user/users
2024-08-12 15:59:35 [INFO]: GET /api/product/all
2024-08-12 15:59:35 [INFO]: GET /api/user/users
2024-08-12 15:59:35 [INFO]: GET /api/product/all
2024-08-12 15:59:35 [INFO]: GET /api/user/users
2024-08-12 15:59:35 [INFO]: GET /api/product/all
2024-08-12 15:59:35 [INFO]: GET /api/user/users
2024-08-12 15:59:35 [INFO]: GET /api/product/all
2024-08-12 15:59:35 [INFO]: GET /api/user/users
2024-08-12 15:59:35 [INFO]: GET /api/product/all
2024-08-12 15:59:35 [INFO]: GET /api/user/users
2024-08-12 15:59:35 [INFO]: GET /api/product/all
2024-08-12 15:59:35 [INFO]: GET /api/user/users
2024-08-12 15:59:35 [INFO]: GET /api/product/all
2024-08-12 15:59:35 [INFO]: GET /api/user/users
2024-08-12 15:59:35 [INFO]: GET /api/product/all
2024-08-12 15:59:35 [INFO]: GET /api/user/users
2024-08-12 15:59:35 [INFO]: GET /api/product/all
2024-08-12 15:59:35 [INFO]: GET /api/user/users
2024-08-12 15:59:35 [INFO]: GET /api/product/all
2024-08-12 15:59:35 [INFO]: GET /api/user/users
2024-08-12 15:59:35 [INFO]: GET /api/product/all
2024-08-12 15:59:35 [INFO]: GET /api/user/users
2024-08-12 15:59:35 [INFO]: GET /api/product/all
2024-08-12 15:59:35 [INFO]: GET /api/user/users
2024-08-12 15:59:35 [INFO]: GET /api/product/all
2024-08-12 15:59:35 [INFO]: GET /api/user/users
2024-08-12 15:59:35 [INFO]: GET /api/product/all
2024-08-12 15:59:35 [INFO]: GET /api/user/users
2024-08-12 15:59:35 [INFO]: GET /api/product/all
2024-08-12 15:59:35 [INFO]: GET /api/user/users
2024-08-12 15:59:35 [INFO]: GET /api/product/all
2024-08-12 15:59:35 [INFO]: GET /api/user/users
2024-08-12 15:59:35 [INFO]: GET /api/product/all
2024-08-12 15:59:35 [INFO]: GET /api/user/users
2024-08-12 15:59:35 [INFO]: GET /api/product/all
2024-08-12 15:59:35 [INFO]: GET /api/user/users
2024-08-12 15:59:35 [INFO]: GET /api/product/all
2024-08-12 15:59:35 [INFO]: GET /api/user/users
2024-08-12 15:59:35 [INFO]: GET /api/product/all
2024-08-12 15:59:35 [INFO]: GET /api/user/users
2024-08-12 15:59:35 [INFO]: GET /api/product/all
2024-08-12 15:59:35 [INFO]: GET /api/user/users
2024-08-12 15:59:35 [INFO]: GET /api/product/all
2024-08-12 15:59:35 [INFO]: GET /api/user/users
2024-08-12 15:59:35 [INFO]: GET /api/product/all
2024-08-12 15:59:35 [INFO]: GET /api/user/users
2024-08-12 15:59:35 [INFO]: GET /api/product/all
2024-08-12 15:59:35 [INFO]: GET /api/user/users
2024-08-12 15:59:35 [INFO]: GET /api/product/all
2024-08-12 15:59:35 [INFO]: GET /api/user/users
2024-08-12 15:59:35 [INFO]: GET /api/product/all
2024-08-12 15:59:35 [INFO]: GET /api/user/users
2024-08-12 15:59:35 [INFO]: GET /api/product/all
2024-08-12 15:59:35 [INFO]: GET /api/user/users
2024-08-12 15:59:35 [INFO]: GET /api/product/all
2024-08-12 15:59:35 [INFO]: GET /api/user/users
2024-08-12 15:59:35 [INFO]: GET /api/product/all
2024-08-12 15:59:35 [INFO]: GET /api/user/users
2024-08-12 15:59:35 [INFO]: GET /api/product/all
2024-08-12 15:59:35 [INFO]: GET /api/user/users
2024-08-12 15:59:35 [INFO]: GET /api/product/all
2024-08-12 15:59:35 [INFO]: GET /api/user/users
2024-08-12 15:59:35 [INFO]: GET /api/product/all
2024-08-12 15:59:35 [INFO]: GET /api/user/users
2024-08-12 15:59:35 [INFO]: GET /api/product/all
2024-08-12 15:59:35 [INFO]: GET /api/user/users
2024-08-12 15:59:35 [INFO]: GET /api/product/all
2024-08-12 15:59:35 [INFO]: GET /api/user/users
2024-08-12 15:59:35 [INFO]: GET /api/product/all
2024-08-12 15:59:35 [INFO]: GET /api/user/users
2024-08-12 15:59:35 [INFO]: GET /api/product/all
2024-08-12 15:59:35 [INFO]: GET /api/user/users
2024-08-12 15:59:35 [INFO]: GET /api/product/all
2024-08-12 15:59:35 [INFO]: GET /api/user/users
2024-08-12 15:59:35 [INFO]: GET /api/product/all
2024-08-12 15:59:35 [INFO]: GET /api/user/users
2024-08-12 15:59:35 [INFO]: GET /api/product/all
2024-08-12 15:59:35 [INFO]: GET /api/user/users
2024-08-12 15:59:35 [INFO]: GET /api/product/all
2024-08-12 15:59:35 [INFO]: GET /api/user/users
2024-08-12 15:59:35 [INFO]: GET /api/product/all
2024-08-12 15:59:35 [INFO]: GET /api/user/users
2024-08-12 15:59:35 [INFO]: GET /api/product/all
2024-08-12 15:59:35 [INFO]: GET /api/user/users
2024-08-12 15:59:35 [INFO]: GET /api/product/all
2024-08-12 15:59:35 [INFO]: GET /api/user/users
2024-08-12 15:59:35 [INFO]: GET /api/product/all
2024-08-12 15:59:35 [INFO]: GET /api/user/users
2024-08-12 15:59:35 [INFO]: GET /api/product/all
2024-08-12 15:59:35 [INFO]: GET /api/user/users
2024-08-12 15:59:35 [INFO]: GET /api/product/all
2024-08-12 15:59:35 [INFO]: GET /api/user/users
2024-08-12 15:59:35 [INFO]: GET /api/product/all
2024-08-12 15:59:35 [INFO]: GET /api/user/users
2024-08-12 15:59:35 [INFO]: GET /api/product/all
2024-08-12 15:59:35 [INFO]: GET /api/user/users
2024-08-12 15:59:35 [INFO]: GET /api/product/all
2024-08-12 15:59:35 [INFO]: GET /api/user/users
2024-08-12 15:59:35 [INFO]: GET /api/product/all
2024-08-12 15:59:35 [INFO]: GET /api/user/users
2024-08-12 15:59:35 [INFO]: GET /api/product/all
2024-08-12 15:59:35 [INFO]: GET /api/user/users
2024-08-12 15:59:35 [INFO]: GET /api/product/all
2024-08-12 15:59:35 [INFO]: GET /api/user/users
2024-08-12 15:59:35 [INFO]: GET /api/product/all
2024-08-12 15:59:35 [INFO]: GET /api/user/users
2024-08-12 15:59:35 [INFO]: GET /api/product/all
2024-08-12 15:59:35 [INFO]: GET /api/user/users
2024-08-12 15:59:35 [INFO]: GET /api/product/all
2024-08-12 15:59:35 [INFO]: GET /api/user/users
2024-08-12 15:59:35 [INFO]: GET /api/product/all
2024-08-12 15:59:35 [INFO]: GET /api/user/users
2024-08-12 15:59:35 [INFO]: GET /api/product/all
2024-08-12 15:59:35 [INFO]: GET /api/user/users
2024-08-12 15:59:35 [INFO]: GET /api/product/all
2024-08-12 15:59:35 [INFO]: GET /api/user/users
2024-08-12 15:59:35 [INFO]: GET /api/product/all
2024-08-12 15:59:35 [INFO]: GET /api/user/users
2024-08-12 15:59:35 [INFO]: GET /api/product/all
2024-08-12 15:59:35 [INFO]: GET /api/user/users
2024-08-12 15:59:35 [INFO]: GET /api/product/all
2024-08-12 15:59:35 [INFO]: GET /api/user/users
2024-08-12 15:59:35 [INFO]: GET /api/product/all
2024-08-12 15:59:35 [INFO]: GET /api/user/users
2024-08-12 15:59:35 [INFO]: GET /api/product/all
2024-08-12 15:59:35 [INFO]: GET /api/user/users
2024-08-12 15:59:35 [INFO]: GET /api/product/all
2024-08-12 15:59:35 [INFO]: GET /api/user/users
2024-08-12 15:59:35 [INFO]: GET /api/product/all
2024-08-12 15:59:35 [INFO]: GET /api/user/users
2024-08-12 15:59:35 [INFO]: GET /api/product/all
2024-08-12 15:59:35 [INFO]: GET /api/user/users
2024-08-12 15:59:35 [INFO]: GET /api/product/all
2024-08-12 15:59:35 [INFO]: GET /api/user/users
2024-08-12 15:59:35 [INFO]: GET /api/product/all
2024-08-12 15:59:35 [INFO]: GET /api/user/users
2024-08-12 15:59:35 [INFO]: GET /api/product/all
2024-08-12 15:59:35 [INFO]: GET /api/user/users
2024-08-12 15:59:35 [INFO]: GET /api/product/all
2024-08-12 15:59:35 [INFO]: GET /api/user/users
2024-08-12 15:59:35 [INFO]: GET /api/product/all
2024-08-12 15:59:35 [INFO]: GET /api/user/users
2024-08-12 15:59:35 [INFO]: GET /api/product/all
2024-08-12 15:59:35 [INFO]: GET /api/user/users
2024-08-12 15:59:35 [INFO]: GET /api/product/all
2024-08-12 15:59:35 [INFO]: GET /api/user/users
2024-08-12 15:59:35 [INFO]: GET /api/product/all
2024-08-12 15:59:35 [INFO]: GET /api/user/users
2024-08-12 15:59:35 [INFO]: GET /api/product/all
2024-08-12 15:59:35 [INFO]: GET /api/user/users
2024-08-12 15:59:35 [INFO]: GET /api/product/all
2024-08-12 15:59:35 [INFO]: GET /api/user/users
2024-08-12 15:59:35 [INFO]: GET /api/product/all
2024-08-12 15:59:35 [INFO]: GET /api/user/users
2024-08-12 15:59:35 [INFO]: GET /api/product/all
2024-08-12 15:59:35 [INFO]: GET /api/user/users
2024-08-12 15:59:35 [INFO]: GET /api/product/all
2024-08-12 15:59:35 [INFO]: GET /api/user/users
2024-08-12 15:59:35 [INFO]: GET /api/product/all
2024-08-12 15:59:35 [INFO]: GET /api/user/users
2024-08-12 15:59:35 [INFO]: GET /api/product/all
2024-08-12 15:59:35 [INFO]: GET /api/user/users
2024-08-12 15:59:35 [INFO]: GET /api/product/all
2024-08-12 15:59:35 [INFO]: GET /api/user/users
2024-08-12 15:59:35 [INFO]: GET /api/product/all
2024-08-12 15:59:35 [INFO]: GET /api/user/users
2024-08-12 15:59:35 [INFO]: GET /api/product/all
2024-08-12 15:59:35 [INFO]: GET /api/user/users
2024-08-12 15:59:35 [INFO]: GET /api/product/all
2024-08-12 15:59:35 [INFO]: GET /api/user/users
2024-08-12 15:59:35 [INFO]: GET /api/product/all
2024-08-12 15:59:35 [INFO]: GET /api/user/users
2024-08-12 15:59:35 [INFO]: GET /api/product/all
2024-08-12 15:59:35 [INFO]: GET /api/user/users
2024-08-12 15:59:35 [INFO]: GET /api/product/all
2024-08-12 15:59:35 [INFO]: GET /api/user/users
2024-08-12 15:59:35 [INFO]: GET /api/product/all
2024-08-12 15:59:35 [INFO]: GET /api/user/users
2024-08-12 15:59:35 [INFO]: GET /api/product/all
2024-08-12 15:59:35 [INFO]: GET /api/user/users
2024-08-12 15:59:35 [INFO]: GET /api/product/all
2024-08-12 15:59:35 [INFO]: GET /api/user/users
2024-08-12 15:59:35 [INFO]: GET /api/product/all
2024-08-12 15:59:35 [INFO]: GET /api/user/users
2024-08-12 15:59:35 [INFO]: GET /api/product/all
2024-08-12 15:59:35 [INFO]: GET /api/user/users
2024-08-12 15:59:35 [INFO]: GET /api/product/all
2024-08-12 15:59:35 [INFO]: GET /api/user/users
2024-08-12 15:59:35 [INFO]: GET /api/product/all
2024-08-12 15:59:35 [INFO]: GET /api/user/users
2024-08-12 15:59:35 [INFO]: GET /api/product/all
2024-08-12 15:59:35 [INFO]: GET /api/user/users
2024-08-12 15:59:35 [INFO]: GET /api/product/all
2024-08-12 15:59:35 [INFO]: GET /api/user/users
2024-08-12 15:59:35 [INFO]: GET /api/product/all
2024-08-12 15:59:35 [INFO]: GET /api/user/users
2024-08-12 15:59:35 [INFO]: GET /api/product/all
2024-08-12 15:59:35 [INFO]: GET /api/user/users
2024-08-12 15:59:36 [INFO]: GET /api/product/all
2024-08-12 15:59:36 [INFO]: GET /api/user/users
2024-08-12 15:59:36 [INFO]: GET /api/product/all
2024-08-12 15:59:36 [INFO]: GET /api/user/users
2024-08-12 15:59:36 [INFO]: GET /api/product/all
2024-08-12 15:59:36 [INFO]: GET /api/user/users
2024-08-12 15:59:36 [INFO]: GET /api/product/all
2024-08-12 15:59:36 [INFO]: GET /api/user/users
2024-08-12 15:59:36 [INFO]: GET /api/product/all
2024-08-12 15:59:36 [INFO]: GET /api/user/users
2024-08-12 15:59:36 [INFO]: GET /api/product/all
2024-08-12 15:59:36 [INFO]: GET /api/user/users
2024-08-12 15:59:36 [INFO]: GET /api/product/all
2024-08-12 15:59:36 [INFO]: GET /api/user/users
2024-08-12 15:59:36 [INFO]: GET /api/product/all
2024-08-12 15:59:36 [INFO]: GET /api/user/users
2024-08-12 15:59:36 [INFO]: GET /api/product/all
2024-08-12 15:59:36 [INFO]: GET /api/user/users
2024-08-12 15:59:36 [INFO]: GET /api/product/all
2024-08-12 15:59:36 [INFO]: GET /api/user/users
2024-08-12 15:59:36 [INFO]: GET /api/product/all
2024-08-12 15:59:36 [INFO]: GET /api/user/users
2024-08-12 15:59:36 [INFO]: GET /api/product/all
2024-08-12 15:59:36 [INFO]: GET /api/user/users
2024-08-12 15:59:36 [INFO]: GET /api/product/all
2024-08-12 15:59:36 [INFO]: GET /api/user/users
2024-08-12 15:59:36 [INFO]: GET /api/product/all
2024-08-12 15:59:36 [INFO]: GET /api/user/users
2024-08-12 15:59:36 [INFO]: GET /api/product/all
2024-08-12 15:59:36 [INFO]: GET /api/user/users
2024-08-12 15:59:36 [INFO]: GET /api/product/all
2024-08-12 15:59:36 [INFO]: GET /api/user/users
2024-08-12 15:59:36 [INFO]: GET /api/product/all
2024-08-12 15:59:36 [INFO]: GET /api/user/users
2024-08-12 15:59:36 [INFO]: GET /api/product/all
2024-08-12 15:59:36 [INFO]: GET /api/user/users
2024-08-12 15:59:36 [INFO]: GET /api/product/all
2024-08-12 15:59:36 [INFO]: GET /api/user/users
2024-08-12 15:59:36 [INFO]: GET /api/product/all
2024-08-12 15:59:36 [INFO]: GET /api/user/users
2024-08-12 15:59:36 [INFO]: GET /api/product/all
2024-08-12 15:59:36 [INFO]: GET /api/user/users
2024-08-12 15:59:36 [INFO]: GET /api/product/all
2024-08-12 15:59:36 [INFO]: GET /api/user/users
2024-08-12 15:59:36 [INFO]: GET /api/product/all
2024-08-12 15:59:36 [INFO]: GET /api/user/users
2024-08-12 15:59:36 [INFO]: GET /api/product/all
2024-08-12 15:59:36 [INFO]: GET /api/user/users
2024-08-12 15:59:36 [INFO]: GET /api/product/all
2024-08-12 15:59:36 [INFO]: GET /api/user/users
2024-08-12 15:59:36 [INFO]: GET /api/product/all
2024-08-12 15:59:36 [INFO]: GET /api/user/users
2024-08-12 15:59:36 [INFO]: GET /api/product/all
2024-08-12 15:59:36 [INFO]: GET /api/user/users
2024-08-12 15:59:36 [INFO]: GET /api/product/all
2024-08-12 15:59:36 [INFO]: GET /api/user/users
2024-08-12 15:59:36 [INFO]: GET /api/product/all
2024-08-12 15:59:36 [INFO]: GET /api/user/users
2024-08-12 15:59:36 [INFO]: GET /api/product/all
2024-08-12 15:59:36 [INFO]: GET /api/user/users
2024-08-12 15:59:36 [INFO]: GET /api/product/all
2024-08-12 15:59:36 [INFO]: GET /api/user/users
2024-08-12 15:59:36 [INFO]: GET /api/product/all
2024-08-12 15:59:36 [INFO]: GET /api/user/users
2024-08-12 15:59:36 [INFO]: GET /api/product/all
2024-08-12 15:59:36 [INFO]: GET /api/user/users
2024-08-12 15:59:36 [INFO]: GET /api/product/all
2024-08-12 15:59:36 [INFO]: GET /api/user/users
2024-08-12 15:59:36 [INFO]: GET /api/product/all
2024-08-12 15:59:36 [INFO]: GET /api/user/users
2024-08-12 15:59:36 [INFO]: GET /api/product/all
2024-08-12 15:59:36 [INFO]: GET /api/user/users
2024-08-12 15:59:36 [INFO]: GET /api/product/all
2024-08-12 15:59:36 [INFO]: GET /api/user/users
2024-08-12 15:59:36 [INFO]: GET /api/product/all
2024-08-12 15:59:36 [INFO]: GET /api/user/users
2024-08-12 15:59:36 [INFO]: GET /api/product/all
2024-08-12 15:59:36 [INFO]: GET /api/user/users
2024-08-12 15:59:36 [INFO]: GET /api/product/all
2024-08-12 15:59:36 [INFO]: GET /api/user/users
2024-08-12 15:59:36 [INFO]: GET /api/product/all
2024-08-12 15:59:36 [INFO]: GET /api/user/users
2024-08-12 15:59:36 [INFO]: GET /api/product/all
2024-08-12 15:59:36 [INFO]: GET /api/user/users
2024-08-12 15:59:36 [INFO]: GET /api/product/all
2024-08-12 15:59:36 [INFO]: GET /api/user/users
2024-08-12 15:59:36 [INFO]: GET /api/product/all
2024-08-12 15:59:36 [INFO]: GET /api/user/users
2024-08-12 15:59:36 [INFO]: GET /api/product/all
2024-08-12 15:59:36 [INFO]: GET /api/user/users
2024-08-12 15:59:36 [INFO]: GET /api/product/all
2024-08-12 15:59:36 [INFO]: GET /api/user/users
2024-08-12 15:59:36 [INFO]: GET /api/product/all
2024-08-12 15:59:36 [INFO]: GET /api/user/users
2024-08-12 15:59:36 [INFO]: GET /api/product/all
2024-08-12 15:59:36 [INFO]: GET /api/user/users
2024-08-12 15:59:36 [INFO]: GET /api/product/all
2024-08-12 15:59:36 [INFO]: GET /api/user/users
2024-08-12 15:59:36 [INFO]: GET /api/product/all
2024-08-12 15:59:36 [INFO]: GET /api/user/users
2024-08-12 15:59:36 [INFO]: GET /api/product/all
2024-08-12 15:59:36 [INFO]: GET /api/user/users
2024-08-12 15:59:36 [INFO]: GET /api/product/all
2024-08-12 15:59:36 [INFO]: GET /api/user/users
2024-08-12 15:59:36 [INFO]: GET /api/product/all
2024-08-12 15:59:36 [INFO]: GET /api/user/users
2024-08-12 15:59:36 [INFO]: GET /api/product/all
2024-08-12 15:59:36 [INFO]: GET /api/user/users
2024-08-12 15:59:36 [INFO]: GET /api/product/all
2024-08-12 15:59:36 [INFO]: GET /api/user/users
2024-08-12 15:59:36 [INFO]: GET /api/product/all
2024-08-12 15:59:36 [INFO]: GET /api/user/users
2024-08-12 15:59:36 [INFO]: GET /api/product/all
2024-08-12 15:59:36 [INFO]: GET /api/user/users
2024-08-12 15:59:36 [INFO]: GET /api/product/all
2024-08-12 15:59:36 [INFO]: GET /api/user/users
2024-08-12 15:59:36 [INFO]: GET /api/product/all
2024-08-12 15:59:36 [INFO]: GET /api/user/users
2024-08-12 15:59:36 [INFO]: GET /api/product/all
2024-08-12 15:59:36 [INFO]: GET /api/user/users
2024-08-12 15:59:36 [INFO]: GET /api/product/all
2024-08-12 15:59:36 [INFO]: GET /api/user/users
2024-08-12 15:59:36 [INFO]: GET /api/product/all
2024-08-12 15:59:36 [INFO]: GET /api/user/users
2024-08-12 15:59:36 [INFO]: GET /api/product/all
2024-08-12 15:59:36 [INFO]: GET /api/user/users
2024-08-12 15:59:36 [INFO]: GET /api/product/all
2024-08-12 15:59:36 [INFO]: GET /api/user/users
2024-08-12 15:59:36 [INFO]: GET /api/product/all
2024-08-12 15:59:36 [INFO]: GET /api/user/users
2024-08-12 15:59:36 [INFO]: GET /api/product/all
2024-08-12 15:59:36 [INFO]: GET /api/user/users
2024-08-12 15:59:36 [INFO]: GET /api/product/all
2024-08-12 15:59:36 [INFO]: GET /api/user/users
2024-08-12 15:59:36 [INFO]: GET /api/product/all
2024-08-12 15:59:36 [INFO]: GET /api/user/users
2024-08-12 15:59:36 [INFO]: GET /api/product/all
2024-08-12 15:59:36 [INFO]: GET /api/user/users
2024-08-12 15:59:36 [INFO]: GET /api/product/all
2024-08-12 15:59:36 [INFO]: GET /api/user/users
2024-08-12 15:59:36 [INFO]: GET /api/product/all
2024-08-12 15:59:36 [INFO]: GET /api/user/users
2024-08-12 15:59:36 [INFO]: GET /api/product/all
2024-08-12 15:59:36 [INFO]: GET /api/user/users
2024-08-12 15:59:36 [INFO]: GET /api/product/all
2024-08-12 15:59:36 [INFO]: GET /api/user/users
2024-08-12 15:59:36 [INFO]: GET /api/product/all
2024-08-12 15:59:36 [INFO]: GET /api/user/users
2024-08-12 15:59:36 [INFO]: GET /api/product/all
2024-08-12 15:59:36 [INFO]: GET /api/user/users
2024-08-12 15:59:36 [INFO]: GET /api/product/all
2024-08-12 15:59:36 [INFO]: GET /api/user/users
2024-08-12 15:59:36 [INFO]: GET /api/product/all
2024-08-12 15:59:36 [INFO]: GET /api/user/users
2024-08-12 15:59:36 [INFO]: GET /api/product/all
2024-08-12 15:59:36 [INFO]: GET /api/user/users
2024-08-12 15:59:36 [INFO]: GET /api/product/all
2024-08-12 15:59:36 [INFO]: GET /api/user/users
2024-08-12 15:59:36 [INFO]: GET /api/product/all
2024-08-12 15:59:36 [INFO]: GET /api/user/users
2024-08-12 15:59:36 [INFO]: GET /api/product/all
2024-08-12 15:59:36 [INFO]: GET /api/user/users
2024-08-12 15:59:36 [INFO]: GET /api/product/all
2024-08-12 15:59:36 [INFO]: GET /api/user/users
2024-08-12 15:59:36 [INFO]: GET /api/product/all
2024-08-12 15:59:36 [INFO]: GET /api/user/users
2024-08-12 15:59:36 [INFO]: GET /api/product/all
2024-08-12 15:59:36 [INFO]: GET /api/user/users
2024-08-12 15:59:36 [INFO]: GET /api/product/all
2024-08-12 15:59:36 [INFO]: GET /api/user/users
2024-08-12 15:59:36 [INFO]: GET /api/product/all
2024-08-12 15:59:36 [INFO]: GET /api/user/users
2024-08-12 15:59:36 [INFO]: GET /api/product/all
2024-08-12 15:59:36 [INFO]: GET /api/user/users
2024-08-12 15:59:36 [INFO]: GET /api/product/all
2024-08-12 15:59:36 [INFO]: GET /api/user/users
2024-08-12 15:59:36 [INFO]: GET /api/product/all
2024-08-12 15:59:36 [INFO]: GET /api/user/users
2024-08-12 15:59:36 [INFO]: GET /api/product/all
2024-08-12 15:59:36 [INFO]: GET /api/user/users
2024-08-12 15:59:36 [INFO]: GET /api/product/all
2024-08-12 15:59:36 [INFO]: GET /api/user/users
2024-08-12 15:59:36 [INFO]: GET /api/product/all
2024-08-12 15:59:36 [INFO]: GET /api/user/users
2024-08-12 15:59:36 [INFO]: GET /api/product/all
2024-08-12 15:59:36 [INFO]: GET /api/user/users
2024-08-12 15:59:36 [INFO]: GET /api/product/all
2024-08-12 15:59:36 [INFO]: GET /api/user/users
2024-08-12 15:59:36 [INFO]: GET /api/product/all
2024-08-12 15:59:36 [INFO]: GET /api/user/users
2024-08-12 15:59:36 [INFO]: GET /api/product/all
2024-08-12 15:59:36 [INFO]: GET /api/user/users
2024-08-12 15:59:36 [INFO]: GET /api/product/all
2024-08-12 15:59:36 [INFO]: GET /api/user/users
2024-08-12 15:59:36 [INFO]: GET /api/product/all
2024-08-12 15:59:36 [INFO]: GET /api/user/users
2024-08-12 15:59:36 [INFO]: GET /api/product/all
2024-08-12 15:59:36 [INFO]: GET /api/user/users
2024-08-12 15:59:36 [INFO]: GET /api/product/all
2024-08-12 15:59:36 [INFO]: GET /api/user/users
2024-08-12 15:59:36 [INFO]: GET /api/product/all
2024-08-12 15:59:36 [INFO]: GET /api/user/users
2024-08-12 15:59:36 [INFO]: GET /api/product/all
2024-08-12 15:59:36 [INFO]: GET /api/user/users
2024-08-12 15:59:36 [INFO]: GET /api/product/all
2024-08-12 15:59:36 [INFO]: GET /api/user/users
2024-08-12 15:59:36 [INFO]: GET /api/product/all
2024-08-12 15:59:36 [INFO]: GET /api/user/users
2024-08-12 15:59:36 [INFO]: GET /api/user/users
2024-08-12 15:59:36 [INFO]: GET /api/product/all
2024-08-12 15:59:36 [INFO]: GET /api/product/all
2024-08-12 15:59:36 [INFO]: GET /api/user/users
2024-08-12 15:59:36 [INFO]: GET /api/product/all
2024-08-12 15:59:36 [INFO]: GET /api/user/users
2024-08-12 15:59:36 [INFO]: GET /api/product/all
2024-08-12 15:59:36 [INFO]: GET /api/user/users
2024-08-12 15:59:36 [INFO]: GET /api/product/all
2024-08-12 15:59:36 [INFO]: GET /api/user/users
2024-08-12 15:59:37 [INFO]: GET /api/product/all
2024-08-12 15:59:37 [INFO]: GET /api/user/users
2024-08-12 15:59:37 [INFO]: GET /api/product/all
2024-08-12 15:59:37 [INFO]: GET /api/user/users
2024-08-12 15:59:37 [INFO]: GET /api/product/all
2024-08-12 15:59:37 [INFO]: GET /api/user/users
2024-08-12 15:59:37 [INFO]: GET /api/product/all
2024-08-12 15:59:37 [INFO]: GET /api/user/users
2024-08-12 15:59:37 [INFO]: GET /api/product/all
2024-08-12 15:59:37 [INFO]: GET /api/user/users
2024-08-12 15:59:37 [INFO]: GET /api/product/all
2024-08-12 15:59:37 [INFO]: GET /api/user/users
2024-08-12 15:59:37 [INFO]: GET /api/product/all
2024-08-12 15:59:37 [INFO]: GET /api/user/users
2024-08-12 15:59:37 [INFO]: GET /api/product/all
2024-08-12 15:59:37 [INFO]: GET /api/user/users
2024-08-12 15:59:37 [INFO]: GET /api/product/all
2024-08-12 15:59:37 [INFO]: GET /api/user/users
2024-08-12 15:59:37 [INFO]: GET /api/product/all
2024-08-12 15:59:37 [INFO]: GET /api/user/users
2024-08-12 15:59:37 [INFO]: GET /api/product/all
2024-08-12 15:59:37 [INFO]: GET /api/user/users
2024-08-12 15:59:37 [INFO]: GET /api/product/all
2024-08-12 15:59:37 [INFO]: GET /api/user/users
2024-08-12 15:59:37 [INFO]: GET /api/product/all
2024-08-12 15:59:37 [INFO]: GET /api/user/users
2024-08-12 15:59:37 [INFO]: GET /api/product/all
2024-08-12 15:59:37 [INFO]: GET /api/user/users
2024-08-12 15:59:37 [INFO]: GET /api/product/all
2024-08-12 15:59:37 [INFO]: GET /api/user/users
2024-08-12 15:59:37 [INFO]: GET /api/product/all
2024-08-12 15:59:37 [INFO]: GET /api/user/users
2024-08-12 15:59:37 [INFO]: GET /api/product/all
2024-08-12 15:59:37 [INFO]: GET /api/user/users
2024-08-12 15:59:37 [INFO]: GET /api/product/all
2024-08-12 15:59:37 [INFO]: GET /api/user/users
2024-08-12 15:59:37 [INFO]: GET /api/product/all
2024-08-12 15:59:37 [INFO]: GET /api/user/users
2024-08-12 15:59:37 [INFO]: GET /api/product/all
2024-08-12 15:59:37 [INFO]: GET /api/user/users
2024-08-12 15:59:37 [INFO]: GET /api/product/all
2024-08-12 15:59:37 [INFO]: GET /api/user/users
2024-08-12 15:59:37 [INFO]: GET /api/product/all
2024-08-12 15:59:37 [INFO]: GET /api/user/users
2024-08-12 15:59:37 [INFO]: GET /api/product/all
2024-08-12 15:59:37 [INFO]: GET /api/user/users
2024-08-12 15:59:37 [INFO]: GET /api/product/all
2024-08-12 15:59:37 [INFO]: GET /api/user/users
2024-08-12 15:59:37 [INFO]: GET /api/product/all
2024-08-12 15:59:37 [INFO]: GET /api/user/users
2024-08-12 15:59:37 [INFO]: GET /api/product/all
2024-08-12 15:59:37 [INFO]: GET /api/user/users
2024-08-12 15:59:37 [INFO]: GET /api/product/all
2024-08-12 15:59:37 [INFO]: GET /api/user/users
2024-08-12 15:59:37 [INFO]: GET /api/product/all
2024-08-12 15:59:37 [INFO]: GET /api/user/users
2024-08-12 15:59:37 [INFO]: GET /api/product/all
2024-08-12 15:59:37 [INFO]: GET /api/user/users
2024-08-12 15:59:37 [INFO]: GET /api/product/all
2024-08-12 15:59:37 [INFO]: GET /api/user/users
2024-08-12 15:59:37 [INFO]: GET /api/product/all
2024-08-12 15:59:37 [INFO]: GET /api/user/users
2024-08-12 15:59:37 [INFO]: GET /api/product/all
2024-08-12 15:59:37 [INFO]: GET /api/user/users
2024-08-12 15:59:37 [INFO]: GET /api/product/all
2024-08-12 15:59:37 [INFO]: GET /api/user/users
2024-08-12 15:59:37 [INFO]: GET /api/product/all
2024-08-12 15:59:37 [INFO]: GET /api/user/users
2024-08-12 15:59:37 [INFO]: GET /api/product/all
2024-08-12 15:59:37 [INFO]: GET /api/user/users
2024-08-12 15:59:37 [INFO]: GET /api/product/all
2024-08-12 15:59:37 [INFO]: GET /api/user/users
2024-08-12 15:59:37 [INFO]: GET /api/product/all
2024-08-12 15:59:37 [INFO]: GET /api/user/users
2024-08-12 16:00:55 [INFO]: GET /api/product/all
2024-08-12 16:00:55 [INFO]: GET /api/user/users
2024-08-12 16:00:55 [INFO]: GET /api/product/all
2024-08-12 16:00:55 [INFO]: GET /api/user/users
2024-08-12 16:01:06 [INFO]: GET /api/product/all
2024-08-12 16:01:06 [INFO]: GET /api/user/users
2024-08-12 16:01:06 [INFO]: GET /api/user/users
2024-08-12 16:01:06 [INFO]: GET /api/product/all
2024-08-12 16:03:19 [INFO]: GET /api/product/all
2024-08-12 16:03:19 [INFO]: GET /api/user/users
2024-08-12 16:03:19 [INFO]: GET /api/user/users
2024-08-12 16:03:19 [INFO]: GET /api/product/all
2024-08-12 16:05:02 [INFO]: GET /api/product/all
2024-08-12 16:05:02 [INFO]: GET /api/user/users
2024-08-12 16:05:03 [INFO]: GET /api/product/all
2024-08-12 16:05:03 [INFO]: GET /api/user/users
2024-08-12 16:05:04 [INFO]: GET /api/product/all
2024-08-12 16:05:04 [INFO]: GET /api/user/users
2024-08-12 16:06:20 [INFO]: GET /api/product/shivamsatyam209@gmail.com
2024-08-12 16:06:20 [INFO]: GET /api/product/shivamsatyam209@gmail.com
2024-08-12 16:06:21 [INFO]: GET /api/product/all
2024-08-12 16:06:21 [INFO]: GET /api/product/all
2024-08-12 16:06:21 [INFO]: GET /api/user/users
2024-08-12 16:06:21 [INFO]: GET /api/user/users
2024-08-12 16:09:45 [INFO]: GET /api/product/all
2024-08-12 16:09:45 [INFO]: GET /api/user/users
2024-08-12 16:09:47 [INFO]: GET /api/product/all
2024-08-12 16:09:47 [INFO]: GET /api/user/users
2024-08-12 16:09:48 [INFO]: GET /api/product/all
2024-08-12 16:09:48 [INFO]: GET /api/user/users
2024-08-12 16:09:49 [INFO]: GET /api/product/all
2024-08-12 16:09:49 [INFO]: GET /api/user/users
2024-08-12 16:09:52 [INFO]: GET /api/product/all
2024-08-12 16:09:52 [INFO]: GET /api/user/users
2024-08-12 16:13:16 [INFO]: GET /api/product/all
2024-08-12 16:13:16 [INFO]: GET /api/user/users
2024-08-12 16:13:16 [INFO]: GET /api/product/all
2024-08-12 16:13:16 [INFO]: GET /api/user/users
2024-08-12 16:15:29 [INFO]: GET /api/product/all
2024-08-12 16:15:29 [INFO]: GET /api/user/users
2024-08-12 16:15:30 [INFO]: GET /api/product/all
2024-08-12 16:15:30 [INFO]: GET /api/user/users
2024-08-12 16:15:33 [INFO]: GET /api/product/all
2024-08-12 16:15:33 [INFO]: GET /api/user/users
2024-08-12 16:15:33 [INFO]: GET /api/user/users
2024-08-12 16:15:33 [INFO]: GET /api/product/all
2024-08-12 16:15:57 [INFO]: GET /api/product/all
2024-08-12 16:15:57 [INFO]: GET /api/user/users
2024-08-12 16:17:37 [INFO]: GET /api/product/all
2024-08-12 16:17:37 [INFO]: GET /api/user/users
2024-08-12 16:17:37 [INFO]: GET /api/user/users
2024-08-12 16:17:37 [INFO]: GET /api/product/all
2024-08-12 16:17:39 [INFO]: GET /api/product/all
2024-08-12 16:17:39 [INFO]: GET /api/user/users
2024-08-12 16:17:39 [INFO]: GET /api/user/users
2024-08-12 16:17:39 [INFO]: GET /api/product/all
2024-08-12 16:18:18 [INFO]: GET /api/product/all
2024-08-12 16:18:18 [INFO]: GET /api/user/users
2024-08-12 16:18:18 [INFO]: GET /api/product/all
2024-08-12 16:18:18 [INFO]: GET /api/user/users
2024-08-12 16:18:47 [INFO]: GET /api/product/all
2024-08-12 16:18:47 [INFO]: GET /api/user/users
2024-08-12 16:18:55 [INFO]: GET /api/product/all
2024-08-12 16:18:55 [INFO]: GET /api/user/users
2024-08-12 16:18:57 [INFO]: GET /api/product/all
2024-08-12 16:18:57 [INFO]: GET /api/user/users
2024-08-12 16:19:00 [INFO]: GET /api/product/all
2024-08-12 16:19:00 [INFO]: GET /api/user/users
2024-08-12 16:19:01 [INFO]: GET /api/product/all
2024-08-12 16:19:01 [INFO]: GET /api/user/users
2024-08-12 16:19:01 [INFO]: GET /api/product/all
2024-08-12 16:19:01 [INFO]: GET /api/user/users
2024-08-12 16:19:33 [INFO]: GET /api/product/all
2024-08-12 16:19:33 [INFO]: GET /api/user/users
2024-08-12 16:19:34 [INFO]: GET /api/product/all
2024-08-12 16:19:34 [INFO]: GET /api/user/users
2024-08-12 16:19:35 [INFO]: GET /api/product/all
2024-08-12 16:19:35 [INFO]: GET /api/user/users
2024-08-12 16:19:39 [INFO]: GET /api/product/all
2024-08-12 16:19:39 [INFO]: GET /api/user/users
2024-08-12 16:19:42 [INFO]: GET /api/product/all
2024-08-12 16:19:42 [INFO]: GET /api/user/users
2024-08-12 16:19:44 [INFO]: GET /api/product/all
2024-08-12 16:19:44 [INFO]: GET /api/user/users
2024-08-12 16:19:44 [INFO]: GET /api/product/all
2024-08-12 16:19:44 [INFO]: GET /api/user/users
2024-08-12 16:20:22 [INFO]: GET /api/product/all
2024-08-12 16:20:22 [INFO]: GET /api/user/users
2024-08-12 16:20:23 [INFO]: GET /api/product/all
2024-08-12 16:20:23 [INFO]: GET /api/user/users
2024-08-12 16:20:40 [INFO]: DELETE /api/product/delete/shivamsatyam209@gmail.com
2024-08-12 16:20:50 [INFO]: DELETE /api/product/delete/shivamsatyam209@gmail.com
2024-08-12 16:25:36 [INFO]: GET /api/product/all
2024-08-12 16:25:36 [INFO]: GET /api/user/users
2024-08-12 16:26:56 [INFO]: GET /api/product/all
2024-08-12 16:26:56 [INFO]: GET /api/user/users
2024-08-12 16:27:34 [INFO]: GET /api/product/all
2024-08-12 16:27:34 [INFO]: GET /api/user/users
2024-08-12 16:28:04 [INFO]: GET /api/product/all
2024-08-12 16:28:04 [INFO]: GET /api/user/users
2024-08-12 16:28:08 [INFO]: GET /api/product/all
2024-08-12 16:28:08 [INFO]: GET /api/user/users
2024-08-12 16:28:10 [INFO]: GET /api/product/all
2024-08-12 16:28:10 [INFO]: GET /api/user/users
2024-08-12 16:28:10 [INFO]: GET /api/product/all
2024-08-12 16:28:10 [INFO]: GET /api/user/users
2024-08-12 16:29:00 [INFO]: GET /api/product/all
2024-08-12 16:29:00 [INFO]: GET /api/user/users
2024-08-12 16:29:00 [INFO]: GET /api/product/all
2024-08-12 16:29:00 [INFO]: GET /api/user/users
2024-08-12 16:29:39 [INFO]: GET /api/product/all
2024-08-12 16:29:39 [INFO]: GET /api/user/users
2024-08-12 16:29:43 [INFO]: GET /api/product/all
2024-08-12 16:29:43 [INFO]: GET /api/user/users
2024-08-12 16:29:45 [INFO]: GET /api/product/all
2024-08-12 16:29:45 [INFO]: GET /api/user/users
2024-08-12 16:29:46 [INFO]: GET /api/product/all
2024-08-12 16:29:46 [INFO]: GET /api/user/users
2024-08-12 16:29:48 [INFO]: GET /api/product/all
2024-08-12 16:29:48 [INFO]: GET /api/user/users
2024-08-12 16:29:50 [INFO]: GET /api/product/all
2024-08-12 16:29:50 [INFO]: GET /api/user/users
2024-08-12 16:29:52 [INFO]: GET /api/product/all
2024-08-12 16:29:52 [INFO]: GET /api/user/users
2024-08-12 16:29:56 [INFO]: GET /api/product/all
2024-08-12 16:29:56 [INFO]: GET /api/user/users
2024-08-12 16:30:00 [INFO]: GET /api/product/all
2024-08-12 16:30:00 [INFO]: GET /api/user/users
2024-08-12 16:30:04 [INFO]: GET /api/product/all
2024-08-12 16:30:04 [INFO]: GET /api/user/users
2024-08-12 16:30:05 [INFO]: GET /api/product/all
2024-08-12 16:30:05 [INFO]: GET /api/user/users
2024-08-12 16:30:07 [INFO]: GET /api/product/all
2024-08-12 16:30:07 [INFO]: GET /api/user/users
2024-08-12 16:30:07 [INFO]: GET /api/product/all
2024-08-12 16:30:07 [INFO]: GET /api/user/users
2024-08-12 16:43:58 [INFO]: GET /api/product/all
2024-08-12 16:43:58 [INFO]: GET /api/user/users
2024-08-12 16:43:58 [INFO]: GET /api/product/all
2024-08-12 16:43:58 [INFO]: GET /api/user/users
2024-08-12 16:44:46 [INFO]: GET /api/product/all
2024-08-12 16:44:46 [INFO]: GET /api/user/users
2024-08-12 16:44:58 [INFO]: GET /api/product/all
2024-08-12 16:44:58 [INFO]: GET /api/user/users
2024-08-12 16:44:58 [INFO]: GET /api/product/all
2024-08-12 16:44:58 [INFO]: GET /api/user/users
2024-08-12 16:45:03 [INFO]: POST /api/admin/login
2024-08-12 16:45:17 [INFO]: POST /api/admin/verifyOtp
2024-08-12 16:45:21 [INFO]: GET /api/product/all
2024-08-12 16:45:21 [INFO]: GET /api/user/users
2024-08-12 16:45:21 [INFO]: GET /api/product/all
2024-08-12 16:45:21 [INFO]: GET /api/user/users
2024-08-12 16:46:35 [INFO]: GET /api/product/all
2024-08-12 16:46:35 [INFO]: GET /api/user/users
2024-08-12 16:47:05 [INFO]: GET /api/product/all
2024-08-12 16:47:05 [INFO]: GET /api/user/users
2024-08-12 16:47:07 [INFO]: GET /api/product/all
2024-08-12 16:47:07 [INFO]: GET /api/user/users
2024-08-12 16:47:07 [INFO]: GET /api/product/all
2024-08-12 16:47:07 [INFO]: GET /api/user/users
2024-08-12 16:47:30 [INFO]: GET /api/product/all
2024-08-12 16:47:30 [INFO]: GET /api/user/users
2024-08-12 16:47:46 [INFO]: GET /api/product/all
2024-08-12 16:47:46 [INFO]: GET /api/user/users
2024-08-12 16:47:47 [INFO]: GET /api/product/all
2024-08-12 16:47:47 [INFO]: GET /api/user/users
2024-08-12 16:47:51 [INFO]: GET /api/product/all
2024-08-12 16:47:51 [INFO]: GET /api/user/users
2024-08-12 16:48:10 [INFO]: GET /api/product/all
2024-08-12 16:48:10 [INFO]: GET /api/user/users
2024-08-12 16:48:12 [INFO]: GET /api/product/all
2024-08-12 16:48:12 [INFO]: GET /api/user/users
2024-08-12 16:48:12 [INFO]: GET /api/product/all
2024-08-12 16:48:12 [INFO]: GET /api/user/users
2024-08-12 16:48:21 [INFO]: GET /api/product/all
2024-08-12 16:48:21 [INFO]: GET /api/user/users
2024-08-12 16:48:23 [INFO]: GET /api/product/all
2024-08-12 16:48:23 [INFO]: GET /api/user/users
2024-08-12 16:48:24 [INFO]: GET /api/product/all
2024-08-12 16:48:24 [INFO]: GET /api/user/users
2024-08-12 16:48:27 [INFO]: GET /api/product/all
2024-08-12 16:48:27 [INFO]: GET /api/user/users
2024-08-12 16:48:28 [INFO]: GET /api/product/all
2024-08-12 16:48:28 [INFO]: GET /api/user/users
2024-08-12 16:48:29 [INFO]: GET /api/product/all
2024-08-12 16:48:29 [INFO]: GET /api/user/users
2024-08-12 16:49:46 [INFO]: GET /api/product/all
2024-08-12 16:49:46 [INFO]: GET /api/product/all
2024-08-12 16:49:46 [INFO]: GET /api/user/users
2024-08-12 16:49:46 [INFO]: GET /api/user/users
