2024-08-20 10:43:56 [INFO]: Server app listening on port 5000!
2024-08-20 10:44:10 [INFO]: Server app listening on port 5000!
2024-08-20 11:09:40 [INFO]: POST /api/user/login
2024-08-20 11:12:18 [INFO]: POST /api/user/login
2024-08-20 12:02:38 [INFO]: POST /api/user/login
2024-08-20 12:04:41 [INFO]: POST /api/user/login
2024-08-20 12:24:05 [INFO]: POST /api/admin/login
2024-08-20 12:33:21 [INFO]: POST /api/user/login
2024-08-20 12:34:04 [INFO]: POST /api/user/verifyOtp
2024-08-20 12:34:08 [INFO]: GET /api/product/user-products/seller1
2024-08-20 12:34:54 [INFO]: GET /api/user/seller1
2024-08-20 12:34:56 [INFO]: GET /api/product/user-products/seller1
2024-08-20 12:35:01 [INFO]: GET /api/product/user-products/seller1
2024-08-20 12:35:51 [INFO]: POST /api/admin/login
2024-08-20 12:36:02 [INFO]: POST /api/admin/verifyOtp
2024-08-20 12:36:06 [INFO]: GET /api/product/all-products
2024-08-20 12:36:06 [INFO]: GET /api/user/users/all-users
2024-08-20 12:37:43 [INFO]: DELETE /api/product/delete/435240
2024-08-20 12:37:45 [INFO]: GET /api/product/all-products
2024-08-20 12:37:45 [INFO]: GET /api/user/users/all-users
2024-08-20 12:37:50 [INFO]: GET /api/product/509936
2024-08-20 12:37:52 [INFO]: GET /api/product/all-products
2024-08-20 12:37:52 [INFO]: GET /api/user/users/all-users
2024-08-20 12:39:37 [INFO]: GET /api/product/all-products
2024-08-20 12:39:37 [INFO]: GET /api/user/users/all-users
2024-08-20 12:41:11 [INFO]: GET /api/product/all-products
2024-08-20 12:41:11 [INFO]: GET /api/user/users/all-users
2024-08-20 12:41:32 [INFO]: GET /api/product/all-products
2024-08-20 12:41:32 [INFO]: GET /api/user/users/all-users
2024-08-20 12:41:55 [INFO]: DELETE /api/user/users/admin-user
2024-08-20 12:42:17 [INFO]: GET /api/product/all-products
2024-08-20 12:42:17 [INFO]: GET /api/user/users/all-users
2024-08-20 12:42:19 [INFO]: GET /api/product/all-products
2024-08-20 12:42:19 [INFO]: GET /api/user/users/all-users
2024-08-20 12:42:35 [INFO]: POST /api/customer/login
2024-08-20 12:42:47 [INFO]: POST /api/customer/verifyOtp
2024-08-20 12:42:51 [INFO]: GET /api/product/all-products
2024-08-20 12:42:57 [INFO]: DELETE /api/user/customer1
2024-08-20 12:43:06 [INFO]: DELETE /api/user/customer1
2024-08-20 12:43:52 [INFO]: GET /api/product/all-products
2024-08-20 12:43:53 [INFO]: GET /api/product/all-products
2024-08-20 12:43:54 [INFO]: GET /api/product/all-products
2024-08-20 12:44:00 [INFO]: DELETE /api/customer/customer1
2024-08-20 12:44:10 [INFO]: POST /api/customer/login
2024-08-20 12:44:23 [INFO]: POST /api/customer/register
2024-08-20 12:44:24 [INFO]: POST /api/customer/login
2024-08-20 12:44:35 [INFO]: POST /api/customer/verifyOtp
2024-08-20 12:44:39 [INFO]: GET /api/product/all-products
2024-08-20 12:44:42 [INFO]: GET /api/cart/customer1
2024-08-20 12:44:42 [INFO]: GET /api/product/509936
2024-08-20 12:44:42 [INFO]: GET /api/product/435240
2024-08-20 12:44:42 [INFO]: GET /api/product/509936
2024-08-20 12:44:51 [INFO]: DELETE /api/cart/deleteProduct/customer1/435240
2024-08-20 12:44:54 [INFO]: DELETE /api/cart/deleteProduct/customer1/435240
2024-08-20 12:44:54 [INFO]: DELETE /api/cart/deleteProduct/customer1/435240
2024-08-20 12:44:54 [INFO]: DELETE /api/cart/deleteProduct/customer1/435240
2024-08-20 12:44:58 [INFO]: DELETE /api/cart/deleteProduct/customer1/509936
2024-08-20 12:44:59 [INFO]: DELETE /api/cart/deleteProduct/customer1/435240
2024-08-20 12:44:59 [INFO]: DELETE /api/cart/deleteProduct/customer1/435240
2024-08-20 12:44:59 [INFO]: DELETE /api/cart/deleteProduct/customer1/435240
2024-08-20 12:45:05 [INFO]: GET /api/cart/customer1
2024-08-20 12:45:12 [INFO]: GET /api/product/all-products
2024-08-20 12:45:15 [INFO]: GET /api/cart/customer1
2024-08-20 12:45:37 [INFO]: GET /api/product/all-products
2024-08-20 12:45:41 [INFO]: POST /api/cart/register
2024-08-20 12:45:42 [INFO]: GET /api/cart/customer1
2024-08-20 12:45:42 [INFO]: GET /api/product/509936
2024-08-20 12:46:24 [INFO]: GET /api/product/all-products
2024-08-20 12:56:45 [INFO]: GET /api/product/all-products
2024-08-20 12:56:59 [INFO]: GET /api/cart/customer1
2024-08-20 12:56:59 [INFO]: GET /api/product/509936
2024-08-20 12:57:03 [INFO]: GET /api/product/all-products
2024-08-20 12:59:18 [INFO]: Server app listening on port 5000!
2024-08-20 12:59:21 [INFO]: Server app listening on port 5000!
2024-08-20 12:59:22 [INFO]: Server app listening on port 5000!
2024-08-20 12:59:32 [INFO]: Server app listening on port 5000!
2024-08-20 12:59:39 [INFO]: Server app listening on port 5000!
2024-08-20 13:00:12 [INFO]: Server app listening on port 5000!
2024-08-20 13:00:13 [INFO]: Server app listening on port 5000!
2024-08-20 13:00:29 [INFO]: Server app listening on port 5000!
2024-08-20 13:01:00 [INFO]: Server app listening on port 5000!
2024-08-20 13:01:13 [INFO]: Server app listening on port 5000!
2024-08-20 13:01:14 [INFO]: Server app listening on port 5000!
2024-08-20 13:01:14 [INFO]: Server app listening on port 5000!
2024-08-20 13:01:19 [INFO]: Server app listening on port 5000!
2024-08-20 13:01:20 [INFO]: Server app listening on port 5000!
2024-08-20 13:01:25 [INFO]: Server app listening on port 5000!
2024-08-20 13:01:56 [INFO]: Server app listening on port 5000!
2024-08-20 13:02:01 [INFO]: Server app listening on port 5000!
2024-08-20 13:02:12 [INFO]: Server app listening on port 5000!
2024-08-20 13:02:29 [INFO]: Server app listening on port 5000!
2024-08-20 13:02:35 [INFO]: Server app listening on port 5000!
2024-08-20 13:02:36 [INFO]: Server app listening on port 5000!
2024-08-20 13:02:41 [INFO]: Server app listening on port 5000!
2024-08-20 13:02:46 [INFO]: Server app listening on port 5000!
2024-08-20 13:02:52 [INFO]: Server app listening on port 5000!
2024-08-20 13:02:58 [INFO]: Server app listening on port 5000!
2024-08-20 13:03:00 [INFO]: Server app listening on port 5000!
2024-08-20 13:03:00 [INFO]: Server app listening on port 5000!
2024-08-20 13:03:09 [INFO]: Server app listening on port 5000!
2024-08-20 13:03:23 [INFO]: Server app listening on port 5000!
2024-08-20 13:03:28 [INFO]: Server app listening on port 5000!
2024-08-20 13:03:34 [INFO]: Server app listening on port 5000!
2024-08-20 13:03:40 [INFO]: Server app listening on port 5000!
2024-08-20 13:03:42 [INFO]: Server app listening on port 5000!
2024-08-20 13:03:46 [INFO]: Server app listening on port 5000!
2024-08-20 13:03:59 [INFO]: Server app listening on port 5000!
2024-08-20 13:04:11 [INFO]: Server app listening on port 5000!
2024-08-20 13:04:38 [INFO]: Server app listening on port 5000!
2024-08-20 13:04:39 [INFO]: Server app listening on port 5000!
2024-08-20 13:04:45 [INFO]: Server app listening on port 5000!
2024-08-20 13:04:49 [INFO]: Server app listening on port 5000!
2024-08-20 13:04:50 [INFO]: Server app listening on port 5000!
2024-08-20 13:04:54 [INFO]: Server app listening on port 5000!
2024-08-20 13:04:56 [INFO]: Server app listening on port 5000!
2024-08-20 13:05:15 [INFO]: POST /api/customer/login
2024-08-20 13:05:34 [INFO]: POST /api/customer/verifyOtp
2024-08-20 13:05:38 [INFO]: GET /api/product/all-products
2024-08-20 13:05:45 [INFO]: POST /api/cart/register
2024-08-20 13:05:48 [INFO]: POST /api/cart/register
2024-08-20 13:05:51 [INFO]: GET /api/cart/customer1
2024-08-20 13:05:51 [INFO]: GET /api/product/509936
2024-08-20 13:05:51 [INFO]: GET /api/product/469108
2024-08-20 13:05:51 [INFO]: GET /api/product/363701
2024-08-20 13:06:05 [INFO]: GET /api/product/all-products
2024-08-20 13:06:13 [INFO]: POST /api/user/login
2024-08-20 13:06:26 [INFO]: POST /api/user/verifyOtp
2024-08-20 13:06:30 [INFO]: GET /api/product/user-products/seller1
2024-08-20 13:06:36 [INFO]: GET /api/product/user-products/seller1
2024-08-20 21:13:53 [INFO]: Server app listening on port 5000!
