2024-08-15 17:15:13 [INFO]: Server app listening on port 5000!
2024-08-15 17:20:01 [INFO]: POST /api/user/login
2024-08-15 17:20:54 [INFO]: POST /api/user/verifyOtp
2024-08-15 17:20:58 [INFO]: GET /api/product/user-products/seller1
2024-08-15 17:20:58 [INFO]: GET /api/product/user-products/seller1
2024-08-15 17:25:43 [INFO]: Server app listening on port 5000!
2024-08-15 17:25:47 [INFO]: Server app listening on port 5000!
2024-08-15 17:37:49 [INFO]: Server app listening on port 5000!
2024-08-15 17:39:05 [INFO]: POST /api/customer/login
2024-08-15 17:41:36 [INFO]: POST /api/customer/login
2024-08-15 17:43:22 [INFO]: POST /api/customer/login
2024-08-15 17:50:31 [INFO]: POST /api/customer/register
2024-08-15 17:50:58 [INFO]: POST /api/customer/login
2024-08-15 17:51:37 [INFO]: POST /api/customer/verifyOtp
2024-08-15 17:51:41 [INFO]: GET /api/product/user-products/shivamsatyam209@gmail.com
2024-08-15 17:51:41 [INFO]: GET /api/product/user-products/shivamsatyam209@gmail.com
2024-08-15 17:51:49 [INFO]: GET /api/product/user-products/shivamsatyam209@gmail.com
2024-08-15 17:51:49 [INFO]: GET /api/product/user-products/shivamsatyam209@gmail.com
2024-08-15 17:53:07 [INFO]: GET /api/product//alls/shivamsatyam209@gmail.com
2024-08-15 17:53:08 [INFO]: GET /api/product//all/shivamsatyam209@gmail.com
2024-08-15 17:53:08 [INFO]: GET /api/product/all/shivamsatyam209@gmail.com
2024-08-15 17:53:12 [INFO]: GET /api/product/all
2024-08-15 17:53:20 [INFO]: GET /api/product/all
2024-08-15 17:53:20 [INFO]: GET /api/product/all
2024-08-15 17:53:27 [INFO]: GET /api/product/615299
2024-08-15 17:53:27 [INFO]: GET /api/product/615299
2024-08-15 17:53:28 [INFO]: GET /api/product/user-products/shivamsatyam209@gmail.com
2024-08-15 17:53:28 [INFO]: GET /api/product/user-products/shivamsatyam209@gmail.com
2024-08-15 17:53:33 [INFO]: GET /api/product/615299
2024-08-15 17:53:33 [INFO]: GET /api/product/615299
2024-08-15 17:53:34 [INFO]: GET /api/product/all
2024-08-15 17:53:34 [INFO]: GET /api/product/all
2024-08-15 17:53:46 [INFO]: GET /api/product/all
2024-08-15 17:53:47 [INFO]: GET /api/product/all
2024-08-15 17:53:47 [INFO]: GET /api/product/all
2024-08-15 17:53:48 [INFO]: GET /api/product/all
2024-08-15 17:53:49 [INFO]: GET /api/product/all
2024-08-15 17:53:51 [INFO]: POST /api/customer/login
2024-08-15 17:54:02 [INFO]: POST /api/customer/verifyOtp
2024-08-15 17:54:06 [INFO]: GET /api/product/all
2024-08-15 17:54:06 [INFO]: GET /api/product/all
2024-08-15 17:55:54 [INFO]: GET /api/product/all
2024-08-15 17:55:56 [INFO]: GET /api/product/all
2024-08-15 17:55:59 [INFO]: GET /api/product/all
2024-08-15 17:56:01 [INFO]: GET /api/product/all
2024-08-15 17:56:02 [INFO]: GET /api/product/all
2024-08-15 17:56:03 [INFO]: GET /api/product/all
2024-08-15 17:56:19 [INFO]: GET /api/product/all
2024-08-15 17:56:19 [INFO]: GET /api/product/all
2024-08-15 17:56:22 [INFO]: GET /api/product/all
2024-08-15 17:56:23 [INFO]: GET /api/product/all
2024-08-15 17:56:24 [INFO]: GET /api/product/all
2024-08-15 17:56:25 [INFO]: GET /api/product/all
2024-08-15 17:56:34 [INFO]: Server app listening on port 5000!
2024-08-15 17:56:38 [INFO]: Server app listening on port 5000!
2024-08-15 17:56:38 [INFO]: Server app listening on port 5000!
2024-08-15 17:56:42 [INFO]: Server app listening on port 5000!
2024-08-15 17:56:44 [INFO]: Server app listening on port 5000!
2024-08-15 17:56:44 [INFO]: Server app listening on port 5000!
2024-08-15 20:14:04 [INFO]: Server app listening on port 5000!
2024-08-15 20:15:00 [INFO]: Server app listening on port 5000!
2024-08-15 20:15:48 [INFO]: POST /api/customer/login
2024-08-15 20:16:02 [INFO]: POST /api/customer/login
2024-08-15 20:16:32 [INFO]: POST /api/customer/verifyOtp
2024-08-15 20:16:37 [INFO]: POST /api/customer/verifyOtp
2024-08-15 20:16:41 [INFO]: GET /api/product/all
2024-08-15 20:16:41 [INFO]: GET /api/product/all
2024-08-15 20:17:02 [INFO]: DELETE /api/product/delete/615299
2024-08-15 20:17:03 [INFO]: GET /api/product/all
2024-08-15 20:17:03 [INFO]: GET /api/product/all
2024-08-15 20:19:16 [INFO]: GET /api/product/all
2024-08-15 20:19:33 [INFO]: GET /api/product/all
2024-08-15 20:19:40 [INFO]: GET /api/product/all
2024-08-15 20:19:41 [INFO]: GET /api/product/all
2024-08-15 20:19:59 [INFO]: GET /api/product/all
2024-08-15 20:20:00 [INFO]: GET /api/product/all
2024-08-15 20:21:39 [INFO]: GET /api/product/all
2024-08-15 20:21:48 [INFO]: DELETE /api/product/delete/919581
2024-08-15 20:21:49 [INFO]: GET /api/product/all
2024-08-15 20:21:49 [INFO]: GET /api/product/all
2024-08-15 20:23:01 [INFO]: Server app listening on port 5000!
2024-08-15 20:23:06 [INFO]: Server app listening on port 5000!
2024-08-15 20:23:41 [INFO]: Server app listening on port 5000!
2024-08-15 20:27:44 [INFO]: Server app listening on port 5000!
2024-08-15 20:27:46 [INFO]: Server app listening on port 5000!
2024-08-15 20:28:39 [INFO]: Server app listening on port 5000!
2024-08-15 20:30:15 [INFO]: Server app listening on port 5000!
2024-08-15 20:30:23 [INFO]: Server app listening on port 5000!
2024-08-15 20:30:49 [INFO]: Server app listening on port 5000!
2024-08-15 20:30:55 [INFO]: Server app listening on port 5000!
2024-08-15 20:31:13 [INFO]: Server app listening on port 5000!
2024-08-15 20:31:46 [INFO]: Server app listening on port 5000!
2024-08-15 20:31:54 [INFO]: Server app listening on port 5000!
2024-08-15 20:32:01 [INFO]: Server app listening on port 5000!
2024-08-15 20:32:07 [INFO]: Server app listening on port 5000!
2024-08-15 20:32:16 [INFO]: Server app listening on port 5000!
2024-08-15 20:32:25 [INFO]: Server app listening on port 5000!
2024-08-15 20:32:49 [INFO]: Server app listening on port 5000!
2024-08-15 20:32:52 [INFO]: Server app listening on port 5000!
2024-08-15 20:34:53 [INFO]: Server app listening on port 5000!
2024-08-15 20:35:00 [INFO]: Server app listening on port 5000!
2024-08-15 20:35:04 [INFO]: Server app listening on port 5000!
2024-08-15 20:35:09 [INFO]: Server app listening on port 5000!
2024-08-15 20:35:14 [INFO]: Server app listening on port 5000!
2024-08-15 20:35:16 [INFO]: Server app listening on port 5000!
2024-08-15 20:35:19 [INFO]: Server app listening on port 5000!
2024-08-15 20:35:22 [INFO]: Server app listening on port 5000!
2024-08-15 20:35:24 [INFO]: Server app listening on port 5000!
2024-08-15 20:35:27 [INFO]: Server app listening on port 5000!
2024-08-15 20:35:31 [INFO]: Server app listening on port 5000!
