2024-08-25 15:38:16 [INFO]: Server app listening on port 5000!
2024-08-25 15:39:24 [INFO]: POST /api/user/login
2024-08-25 16:02:55 [INFO]: POST /api/customer/login
2024-08-25 16:03:06 [INFO]: POST /api/customer/login
2024-08-25 16:04:39 [INFO]: Server app listening on port 5000!
2024-08-25 16:04:44 [INFO]: Server app listening on port 5000!
2024-08-25 16:05:13 [INFO]: POST /api/customer/login
2024-08-25 16:05:20 [INFO]: POST /api/customer/login
2024-08-25 16:05:24 [INFO]: POST /api/customer/login
2024-08-25 16:06:28 [INFO]: Server app listening on port 5000!
2024-08-25 16:06:32 [INFO]: Server app listening on port 5000!
2024-08-25 16:06:36 [INFO]: Server app listening on port 5000!
2024-08-25 16:06:38 [INFO]: POST /api/customer/login
2024-08-25 16:06:45 [INFO]: Server app listening on port 5000!
2024-08-25 16:06:46 [INFO]: Server app listening on port 5000!
2024-08-25 16:08:05 [INFO]: POST /api/customer/login
2024-08-25 16:10:05 [INFO]: POST /api/user/login
2024-08-25 16:10:14 [INFO]: POST /api/user/login
2024-08-25 16:10:26 [INFO]: POST /api/admin/login
2024-08-25 16:12:03 [INFO]: POST /api/customer/login
2024-08-25 16:12:52 [INFO]: Server app listening on port 5000!
2024-08-25 16:12:58 [INFO]: POST /api/customer/login
2024-08-25 16:13:11 [INFO]: POST /api/customer/verifyOtp
2024-08-25 16:13:14 [INFO]: POST /api/customer/verifyOtp
2024-08-25 16:13:18 [INFO]: GET /api/product/all-products
2024-08-25 16:17:55 [INFO]: GET /api/product/all-products
2024-08-25 16:20:27 [INFO]: GET /api/product/all-products
2024-08-25 16:20:28 [INFO]: GET /api/product/all-products
2024-08-25 16:21:08 [INFO]: GET /api/product/all-products
2024-08-25 16:21:10 [INFO]: GET /api/product/all-products
2024-08-25 16:21:17 [INFO]: GET /api/customer/customer1
2024-08-25 16:21:18 [INFO]: GET /api/product/all-products
2024-08-25 16:21:23 [INFO]: GET /api/product/all-products
2024-08-25 16:21:32 [INFO]: GET /api/product/all-products
2024-08-25 16:21:33 [INFO]: GET /api/product/all-products
2024-08-25 16:22:22 [INFO]: GET /api/product/all-products
2024-08-25 16:22:24 [INFO]: GET /api/product/all-products
2024-08-25 16:22:27 [INFO]: GET /api/product/all-products
2024-08-25 16:22:32 [INFO]: GET /api/product/all-products
2024-08-25 16:23:21 [INFO]: GET /api/product/all-products
2024-08-25 16:24:09 [INFO]: GET /api/product/all-products
2024-08-25 16:24:10 [INFO]: GET /api/product/all-products
2024-08-25 16:24:36 [INFO]: GET /api/customer/customer1
2024-08-25 16:24:37 [INFO]: GET /api/product/all-products
2024-08-25 16:25:17 [INFO]: POST /api/customer/login
2024-08-25 16:26:05 [INFO]: POST /api/customer/verifyOtp
2024-08-25 16:26:09 [INFO]: GET /api/product/all-products
2024-08-25 16:26:42 [INFO]: GET /api/product/all-products
2024-08-25 16:28:19 [INFO]: GET /api/product/all-products
2024-08-25 16:28:20 [INFO]: GET /api/product/all-products
2024-08-25 16:28:22 [INFO]: GET /api/product/all-products
2024-08-25 16:29:19 [INFO]: GET /api/product/all-products
2024-08-25 16:29:19 [INFO]: GET /api/product/all-products
2024-08-25 16:29:21 [INFO]: GET /api/product/all-products
2024-08-25 16:29:21 [INFO]: GET /api/product/all-products
2024-08-25 16:29:50 [INFO]: GET /api/product/all-products
2024-08-25 16:29:57 [INFO]: GET /api/product/all-products
2024-08-25 16:30:28 [INFO]: GET /api/product/all-products
2024-08-25 16:30:48 [INFO]: GET /api/product/all-products
2024-08-25 16:30:51 [INFO]: GET /api/product/all-products
2024-08-25 16:30:51 [INFO]: GET /api/product/all-products
2024-08-25 16:30:52 [INFO]: GET /api/product/all-products
2024-08-25 16:31:05 [INFO]: GET /api/product/all-products
2024-08-25 16:31:09 [INFO]: GET /api/product/all-products
2024-08-25 16:31:12 [INFO]: GET /api/product/all-products
2024-08-25 16:31:14 [INFO]: GET /api/product/all-products
2024-08-25 16:31:17 [INFO]: GET /api/product/all-products
2024-08-25 16:31:18 [INFO]: GET /api/product/all-products
2024-08-25 16:31:20 [INFO]: GET /api/product/all-products
2024-08-25 16:31:21 [INFO]: GET /api/product/all-products
2024-08-25 16:31:22 [INFO]: GET /api/product/all-products
2024-08-25 16:31:22 [INFO]: GET /api/product/all-products
2024-08-25 16:31:23 [INFO]: GET /api/product/all-products
2024-08-25 16:31:23 [INFO]: GET /api/product/all-products
2024-08-25 16:31:23 [INFO]: GET /api/product/all-products
2024-08-25 16:31:24 [INFO]: GET /api/product/all-products
2024-08-25 16:32:04 [INFO]: GET /api/product/all-products
2024-08-25 16:32:06 [INFO]: GET /api/product/all-products
2024-08-25 16:32:07 [INFO]: GET /api/product/all-products
2024-08-25 16:32:07 [INFO]: GET /api/product/all-products
2024-08-25 16:32:07 [INFO]: GET /api/product/all-products
2024-08-25 16:32:14 [INFO]: GET /api/product/all-products
2024-08-25 16:32:16 [INFO]: GET /api/product/all-products
2024-08-25 16:32:17 [INFO]: GET /api/product/all-products
2024-08-25 16:32:18 [INFO]: GET /api/product/all-products
2024-08-25 16:32:20 [INFO]: GET /api/product/all-products
2024-08-25 16:32:22 [INFO]: GET /api/product/all-products
2024-08-25 16:32:23 [INFO]: GET /api/product/all-products
2024-08-25 16:32:24 [INFO]: GET /api/product/all-products
2024-08-25 16:32:25 [INFO]: GET /api/product/all-products
2024-08-25 16:32:25 [INFO]: GET /api/product/all-products
2024-08-25 16:32:25 [INFO]: GET /api/product/all-products
2024-08-25 16:32:25 [INFO]: GET /api/product/all-products
2024-08-25 16:32:26 [INFO]: GET /api/product/all-products
2024-08-25 16:32:27 [INFO]: GET /api/product/all-products
2024-08-25 16:32:27 [INFO]: GET /api/product/all-products
2024-08-25 16:32:37 [INFO]: GET /api/product/all-products
2024-08-25 16:32:58 [INFO]: GET /api/product/all-products
2024-08-25 16:33:01 [INFO]: GET /api/product/all-products
2024-08-25 16:33:01 [INFO]: GET /api/product/all-products
2024-08-25 16:33:16 [INFO]: GET /api/product/all-products
2024-08-25 16:33:21 [INFO]: GET /api/product/all-products
2024-08-25 16:33:22 [INFO]: GET /api/product/all-products
2024-08-25 16:34:10 [INFO]: GET /api/product/all-products
2024-08-25 16:35:24 [INFO]: GET /api/product/all-products
2024-08-25 16:46:30 [INFO]: GET /api/product/all-products
2024-08-25 16:46:30 [INFO]: GET /api/product/all-products
2024-08-25 16:46:31 [INFO]: GET /api/product/all-products
2024-08-25 16:46:32 [INFO]: GET /api/product/all-products
2024-08-25 16:46:36 [INFO]: GET /api/product/all-products
2024-08-25 16:46:36 [INFO]: GET /api/product/all-products
2024-08-25 16:46:36 [INFO]: GET /api/product/all-products
2024-08-25 16:52:50 [INFO]: GET /api/product/all-products
2024-08-25 16:54:35 [INFO]: GET /api/product/all-products
2024-08-25 16:55:48 [INFO]: GET /api/product/all-products
2024-08-25 16:56:04 [INFO]: GET /api/product/all-products
2024-08-25 16:56:31 [INFO]: GET /api/product/all-products
2024-08-25 16:57:06 [INFO]: GET /api/product/all-products
2024-08-25 16:57:21 [INFO]: GET /api/product/all-products
2024-08-25 16:57:21 [INFO]: GET /api/product/all-products
2024-08-25 16:57:34 [INFO]: GET /api/product/all-products
2024-08-25 16:58:20 [INFO]: GET /api/product/all-products
2024-08-25 17:01:14 [INFO]: GET /api/product/all-products
2024-08-25 17:04:01 [INFO]: GET /api/product/all-products
2024-08-25 17:04:17 [INFO]: GET /api/product/all-products
2024-08-25 17:05:42 [INFO]: GET /api/product/all-products
2024-08-25 17:06:10 [INFO]: GET /api/product/all-products
2024-08-25 17:10:01 [INFO]: GET /api/product/all-products
2024-08-25 17:11:49 [INFO]: POST /api/cart/register
2024-08-25 17:14:43 [INFO]: GET /api/product/all-products
2024-08-25 17:14:43 [INFO]: GET /api/product/all-products
2024-08-25 17:14:44 [INFO]: GET /api/product/all-products
2024-08-25 17:14:45 [INFO]: GET /api/product/all-products
2024-08-25 17:14:49 [INFO]: GET /api/product/all-products
2024-08-25 17:14:51 [INFO]: GET /api/product/all-products
2024-08-25 17:14:55 [INFO]: GET /api/product/all-products
2024-08-25 17:14:58 [INFO]: GET /api/product/all-products
2024-08-25 17:14:58 [INFO]: GET /api/product/all-products
2024-08-25 17:15:00 [INFO]: GET /api/product/all-products
2024-08-25 17:15:01 [INFO]: GET /api/product/all-products
2024-08-25 17:15:03 [INFO]: GET /api/product/all-products
2024-08-25 17:15:03 [INFO]: GET /api/product/all-products
2024-08-25 17:15:10 [INFO]: GET /api/product/all-products
2024-08-25 17:15:10 [INFO]: GET /api/product/all-products
2024-08-25 17:15:11 [INFO]: GET /api/product/all-products
2024-08-25 17:15:12 [INFO]: GET /api/product/all-products
2024-08-25 17:15:13 [INFO]: GET /api/product/all-products
2024-08-25 17:15:13 [INFO]: GET /api/product/all-products
2024-08-25 17:15:14 [INFO]: GET /api/product/all-products
2024-08-25 17:15:15 [INFO]: GET /api/product/all-products
2024-08-25 17:15:16 [INFO]: GET /api/product/all-products
2024-08-25 17:16:13 [INFO]: GET /api/customer/customer1
2024-08-25 17:16:25 [INFO]: GET /api/customer/customer1
2024-08-25 17:17:25 [INFO]: GET /api/customer/customer1
2024-08-25 17:17:42 [INFO]: GET /api/customer/customer1
2024-08-25 17:17:44 [INFO]: GET /api/customer/customer1
2024-08-25 17:17:45 [INFO]: GET /api/customer/customer1
2024-08-25 17:17:45 [INFO]: GET /api/customer/customer1
2024-08-25 17:17:47 [INFO]: GET /api/customer/customer1
2024-08-25 17:17:58 [INFO]: GET /api/customer/customer1
2024-08-25 17:19:22 [INFO]: GET /api/customer/customer1
2024-08-25 17:19:25 [INFO]: GET /api/customer/customer1
2024-08-25 17:21:50 [INFO]: GET /api/customer/customer1
2024-08-25 17:21:54 [INFO]: GET /api/customer/customer1
2024-08-25 17:21:55 [INFO]: GET /api/customer/customer1
2024-08-25 17:23:39 [INFO]: GET /api/customer/customer1
2024-08-25 17:23:53 [INFO]: GET /api/customer/customer1
2024-08-25 17:24:14 [INFO]: GET /api/product/all-products
2024-08-25 17:24:20 [INFO]: GET /api/cart/customer1
2024-08-25 17:24:20 [INFO]: GET /api/product/509936
2024-08-25 17:24:24 [INFO]: GET /api/product/all-products
2024-08-25 17:24:28 [INFO]: GET /api/order/by-username/customer1
2024-08-25 17:24:28 [INFO]: GET /api/product/509936
2024-08-25 17:24:28 [INFO]: GET /api/product/469108
2024-08-25 17:24:28 [INFO]: GET /api/product/363701
2024-08-25 17:24:28 [INFO]: GET /api/product/509936
2024-08-25 17:24:30 [INFO]: GET /api/product/all-products
2024-08-25 17:24:40 [INFO]: POST /api/customer/login
2024-08-25 17:24:53 [INFO]: POST /api/customer/verifyOtp
2024-08-25 17:24:57 [INFO]: GET /api/product/all-products
2024-08-25 17:25:18 [INFO]: GET /api/product/all-products
2024-08-25 17:25:20 [INFO]: GET /api/product/all-products
2024-08-25 17:25:21 [INFO]: GET /api/product/all-products
2024-08-25 17:25:22 [INFO]: GET /api/product/all-products
2024-08-25 17:25:22 [INFO]: GET /api/product/all-products
2024-08-25 17:25:24 [INFO]: GET /api/product/all-products
2024-08-25 17:25:31 [INFO]: GET /api/product/all-products
2024-08-25 17:25:32 [INFO]: GET /api/product/all-products
2024-08-25 17:25:33 [INFO]: GET /api/product/all-products
2024-08-25 17:25:34 [INFO]: GET /api/product/all-products
2024-08-25 17:25:34 [INFO]: GET /api/product/all-products
2024-08-25 17:25:39 [INFO]: GET /api/product/all-products
2024-08-25 17:25:39 [INFO]: GET /api/product/all-products
2024-08-25 17:25:40 [INFO]: GET /api/product/all-products
2024-08-25 17:25:40 [INFO]: GET /api/product/all-products
2024-08-25 17:25:41 [INFO]: GET /api/product/all-products
2024-08-25 17:25:41 [INFO]: GET /api/product/all-products
2024-08-25 17:25:42 [INFO]: GET /api/product/all-products
2024-08-25 17:25:43 [INFO]: GET /api/product/all-products
2024-08-25 17:25:43 [INFO]: GET /api/product/all-products
2024-08-25 17:26:39 [INFO]: GET /api/product/all-products
2024-08-25 17:26:40 [INFO]: GET /api/product/all-products
2024-08-25 17:26:49 [INFO]: GET /api/product/all-products
2024-08-25 17:26:52 [INFO]: GET /api/product/all-products
2024-08-25 17:26:58 [INFO]: GET /api/customer/customer1
2024-08-25 17:27:00 [INFO]: GET /api/product/all-products
2024-08-25 17:32:01 [INFO]: GET /api/customer/customer1
2024-08-25 17:32:03 [INFO]: GET /api/product/all-products
2024-08-25 17:32:23 [INFO]: GET /api/cart/customer1
2024-08-25 17:32:23 [INFO]: GET /api/product/509936
2024-08-25 17:33:52 [INFO]: GET /api/cart/customer1
2024-08-25 17:33:54 [INFO]: GET /api/cart/customer1
2024-08-25 17:33:54 [INFO]: GET /api/product/509936
2024-08-25 17:33:57 [INFO]: GET /api/cart/customer1
2024-08-25 17:34:11 [INFO]: GET /api/cart/customer1
2024-08-25 17:34:21 [INFO]: GET /api/cart/customer1
2024-08-25 17:34:21 [INFO]: GET /api/product/509936
2024-08-25 17:37:42 [INFO]: GET /api/cart/customer1
2024-08-25 17:37:43 [INFO]: GET /api/cart/customer1
2024-08-25 17:37:44 [INFO]: GET /api/cart/customer1
2024-08-25 17:37:44 [INFO]: GET /api/cart/customer1
2024-08-25 17:38:18 [INFO]: GET /api/product/509936
2024-08-25 17:38:55 [INFO]: GET /api/product/509936
2024-08-25 17:38:55 [INFO]: GET /api/product/509936
2024-08-25 17:38:56 [INFO]: GET /api/product/509936
2024-08-25 17:38:57 [INFO]: GET /api/product/509936
2024-08-25 17:41:07 [INFO]: GET /api/cart/customer1
2024-08-25 17:41:07 [INFO]: GET /api/product/509936
2024-08-25 17:43:19 [INFO]: GET /api/product/509936
2024-08-25 17:43:19 [INFO]: GET /api/product/509936
2024-08-25 17:43:21 [INFO]: GET /api/product/509936
2024-08-25 17:43:21 [INFO]: GET /api/product/509936
2024-08-25 17:43:26 [INFO]: GET /api/product/509936
2024-08-25 17:43:27 [INFO]: GET /api/product/509936
2024-08-25 17:45:08 [INFO]: GET /api/cart/customer1
2024-08-25 17:45:10 [INFO]: GET /api/cart/customer1
2024-08-25 17:45:29 [INFO]: GET /api/product/509936
2024-08-25 17:45:30 [INFO]: GET /api/product/509936
2024-08-25 17:45:38 [INFO]: GET /api/product/509936
2024-08-25 17:45:41 [INFO]: GET /api/product/509936
2024-08-25 17:45:41 [INFO]: GET /api/product/509936
2024-08-25 17:46:56 [INFO]: GET /api/cart/customer1
2024-08-25 17:46:57 [INFO]: GET /api/cart/customer1
2024-08-25 17:46:58 [INFO]: GET /api/cart/customer1
2024-08-25 17:47:03 [INFO]: GET /api/cart/customer1
2024-08-25 17:47:05 [INFO]: GET /api/cart/customer1
2024-08-25 17:47:08 [INFO]: GET /api/cart/customer1
2024-08-25 17:47:10 [INFO]: GET /api/cart/customer1
2024-08-25 17:47:20 [INFO]: GET /api/cart/customer1
2024-08-25 17:47:22 [INFO]: GET /api/cart/customer1
2024-08-25 17:47:23 [INFO]: GET /api/cart/customer1
2024-08-25 17:47:34 [INFO]: GET /api/cart/customer1
2024-08-25 17:47:37 [INFO]: GET /api/cart/customer1
2024-08-25 17:47:42 [INFO]: GET /api/cart/customer1
2024-08-25 17:47:44 [INFO]: GET /api/cart/customer1
2024-08-25 17:47:54 [INFO]: GET /api/cart/customer1
2024-08-25 17:50:00 [INFO]: GET /api/cart/customer1
2024-08-25 17:50:05 [INFO]: GET /api/cart/customer1
2024-08-25 17:50:05 [INFO]: GET /api/product/509936
2024-08-25 17:50:17 [INFO]: GET /api/cart/customer1
2024-08-25 17:50:19 [INFO]: GET /api/cart/customer1
2024-08-25 17:50:20 [INFO]: GET /api/cart/customer1
2024-08-25 17:50:21 [INFO]: GET /api/cart/customer1
2024-08-25 17:50:21 [INFO]: GET /api/cart/customer1
2024-08-25 17:50:22 [INFO]: GET /api/cart/customer1
2024-08-25 17:50:23 [INFO]: GET /api/cart/customer1
2024-08-25 17:50:23 [INFO]: GET /api/cart/customer1
2024-08-25 17:50:24 [INFO]: GET /api/product/all-products
2024-08-25 17:51:37 [INFO]: GET /api/customer/customer1
2024-08-25 17:51:39 [INFO]: GET /api/product/all-products
2024-08-25 17:51:43 [INFO]: GET /api/cart/customer1
2024-08-25 17:51:43 [INFO]: GET /api/product/509936
2024-08-25 17:51:47 [INFO]: GET /api/product/all-products
2024-08-25 17:51:51 [INFO]: GET /api/order/by-username/customer1
2024-08-25 17:51:51 [INFO]: GET /api/product/509936
2024-08-25 17:51:51 [INFO]: GET /api/product/363701
2024-08-25 17:51:51 [INFO]: GET /api/product/469108
2024-08-25 17:51:51 [INFO]: GET /api/product/509936
2024-08-25 17:51:54 [INFO]: GET /api/product/all-products
2024-08-25 17:52:00 [INFO]: GET /api/cart/customer1
2024-08-25 17:52:00 [INFO]: GET /api/product/509936
2024-08-25 17:52:03 [INFO]: GET /api/product/all-products
2024-08-25 17:52:11 [INFO]: GET /api/order/by-username/customer1
2024-08-25 17:52:11 [INFO]: GET /api/product/509936
2024-08-25 17:52:11 [INFO]: GET /api/product/363701
2024-08-25 17:52:11 [INFO]: GET /api/product/469108
2024-08-25 17:52:11 [INFO]: GET /api/product/509936
2024-08-25 17:55:15 [INFO]: GET /api/product/509936
2024-08-25 17:55:15 [INFO]: GET /api/product/363701
2024-08-25 17:55:15 [INFO]: GET /api/product/469108
2024-08-25 17:55:15 [INFO]: GET /api/product/509936
2024-08-25 17:56:02 [INFO]: GET /api/order/by-username/customer1
2024-08-25 17:56:03 [INFO]: GET /api/product/509936
2024-08-25 17:56:03 [INFO]: GET /api/product/469108
2024-08-25 17:56:03 [INFO]: GET /api/product/363701
2024-08-25 17:56:03 [INFO]: GET /api/product/509936
2024-08-25 17:56:08 [INFO]: GET /api/order/by-username/customer1
2024-08-25 17:56:08 [INFO]: GET /api/product/509936
2024-08-25 17:56:08 [INFO]: GET /api/product/363701
2024-08-25 17:56:08 [INFO]: GET /api/product/469108
2024-08-25 17:56:08 [INFO]: GET /api/product/509936
2024-08-25 17:56:23 [INFO]: GET /api/order/by-username/customer1
2024-08-25 17:56:23 [INFO]: GET /api/product/509936
2024-08-25 17:56:23 [INFO]: GET /api/product/363701
2024-08-25 17:56:23 [INFO]: GET /api/product/469108
2024-08-25 17:56:23 [INFO]: GET /api/product/509936
2024-08-25 17:56:25 [INFO]: GET /api/order/by-username/customer1
2024-08-25 17:56:25 [INFO]: GET /api/product/509936
2024-08-25 17:56:25 [INFO]: GET /api/product/363701
2024-08-25 17:56:25 [INFO]: GET /api/product/469108
2024-08-25 17:56:25 [INFO]: GET /api/product/509936
2024-08-25 17:57:10 [INFO]: GET /api/product/all-products
2024-08-25 17:57:18 [INFO]: GET /api/order/by-username/customer1
2024-08-25 17:57:18 [INFO]: GET /api/product/509936
2024-08-25 17:57:18 [INFO]: GET /api/product/469108
2024-08-25 17:57:18 [INFO]: GET /api/product/363701
2024-08-25 17:57:18 [INFO]: GET /api/product/509936
2024-08-25 17:57:19 [INFO]: GET /api/product/all-products
2024-08-25 17:57:23 [INFO]: GET /api/order/by-username/customer1
2024-08-25 17:57:23 [INFO]: GET /api/product/509936
2024-08-25 17:57:23 [INFO]: GET /api/product/363701
2024-08-25 17:57:23 [INFO]: GET /api/product/469108
2024-08-25 17:57:23 [INFO]: GET /api/product/509936
2024-08-25 17:57:36 [INFO]: GET /api/product/509936
2024-08-25 17:57:36 [INFO]: GET /api/product/363701
2024-08-25 17:57:36 [INFO]: GET /api/product/469108
2024-08-25 17:57:36 [INFO]: GET /api/product/509936
2024-08-25 17:57:36 [INFO]: GET /api/product/509936
2024-08-25 17:57:36 [INFO]: GET /api/product/363701
2024-08-25 17:57:36 [INFO]: GET /api/product/469108
2024-08-25 17:57:36 [INFO]: GET /api/product/509936
2024-08-25 17:57:43 [INFO]: GET /api/product/509936
2024-08-25 17:57:43 [INFO]: GET /api/product/363701
2024-08-25 17:57:43 [INFO]: GET /api/product/469108
2024-08-25 17:57:43 [INFO]: GET /api/product/509936
2024-08-25 17:57:43 [INFO]: GET /api/product/509936
2024-08-25 17:57:43 [INFO]: GET /api/product/363701
2024-08-25 17:57:43 [INFO]: GET /api/product/469108
2024-08-25 17:57:43 [INFO]: GET /api/product/509936
2024-08-25 17:57:43 [INFO]: GET /api/product/509936
2024-08-25 17:57:43 [INFO]: GET /api/product/363701
2024-08-25 17:57:43 [INFO]: GET /api/product/469108
2024-08-25 17:57:43 [INFO]: GET /api/product/509936
2024-08-25 17:57:44 [INFO]: GET /api/product/509936
2024-08-25 17:57:44 [INFO]: GET /api/product/363701
2024-08-25 17:57:44 [INFO]: GET /api/product/469108
2024-08-25 17:57:44 [INFO]: GET /api/product/509936
2024-08-25 17:57:45 [INFO]: GET /api/product/509936
2024-08-25 17:57:45 [INFO]: GET /api/product/363701
2024-08-25 17:57:45 [INFO]: GET /api/product/469108
2024-08-25 17:57:45 [INFO]: GET /api/product/509936
2024-08-25 17:57:45 [INFO]: GET /api/product/509936
2024-08-25 17:57:45 [INFO]: GET /api/product/363701
2024-08-25 17:57:45 [INFO]: GET /api/product/469108
2024-08-25 17:57:45 [INFO]: GET /api/product/509936
2024-08-25 17:57:49 [INFO]: GET /api/product/509936
2024-08-25 17:57:49 [INFO]: GET /api/product/363701
2024-08-25 17:57:49 [INFO]: GET /api/product/469108
2024-08-25 17:57:49 [INFO]: GET /api/product/509936
2024-08-25 17:57:50 [INFO]: GET /api/product/509936
2024-08-25 17:57:50 [INFO]: GET /api/product/363701
2024-08-25 17:57:50 [INFO]: GET /api/product/469108
2024-08-25 17:57:50 [INFO]: GET /api/product/509936
2024-08-25 17:57:54 [INFO]: GET /api/product/509936
2024-08-25 17:57:54 [INFO]: GET /api/product/363701
2024-08-25 17:57:54 [INFO]: GET /api/product/469108
2024-08-25 17:57:54 [INFO]: GET /api/product/509936
2024-08-25 17:57:54 [INFO]: GET /api/product/509936
2024-08-25 17:57:54 [INFO]: GET /api/product/363701
2024-08-25 17:57:54 [INFO]: GET /api/product/469108
2024-08-25 17:57:54 [INFO]: GET /api/product/509936
2024-08-25 17:57:57 [INFO]: GET /api/product/509936
2024-08-25 17:57:57 [INFO]: GET /api/product/363701
2024-08-25 17:57:57 [INFO]: GET /api/product/469108
2024-08-25 17:57:57 [INFO]: GET /api/product/509936
2024-08-25 17:57:57 [INFO]: GET /api/product/509936
2024-08-25 17:57:57 [INFO]: GET /api/product/363701
2024-08-25 17:57:57 [INFO]: GET /api/product/469108
2024-08-25 17:57:57 [INFO]: GET /api/product/509936
2024-08-25 17:57:58 [INFO]: GET /api/product/509936
2024-08-25 17:57:58 [INFO]: GET /api/product/363701
2024-08-25 17:57:58 [INFO]: GET /api/product/469108
2024-08-25 17:57:58 [INFO]: GET /api/product/509936
2024-08-25 17:57:58 [INFO]: GET /api/product/509936
2024-08-25 17:57:58 [INFO]: GET /api/product/363701
2024-08-25 17:57:58 [INFO]: GET /api/product/469108
2024-08-25 17:57:58 [INFO]: GET /api/product/509936
2024-08-25 17:57:59 [INFO]: GET /api/product/509936
2024-08-25 17:57:59 [INFO]: GET /api/product/363701
2024-08-25 17:57:59 [INFO]: GET /api/product/469108
2024-08-25 17:57:59 [INFO]: GET /api/product/509936
2024-08-25 17:57:59 [INFO]: GET /api/product/509936
2024-08-25 17:57:59 [INFO]: GET /api/product/363701
2024-08-25 17:57:59 [INFO]: GET /api/product/469108
2024-08-25 17:57:59 [INFO]: GET /api/product/509936
2024-08-25 17:57:59 [INFO]: GET /api/product/509936
2024-08-25 17:57:59 [INFO]: GET /api/product/363701
2024-08-25 17:57:59 [INFO]: GET /api/product/469108
2024-08-25 17:57:59 [INFO]: GET /api/product/509936
2024-08-25 17:58:05 [INFO]: GET /api/product/509936
2024-08-25 17:58:05 [INFO]: GET /api/product/469108
2024-08-25 17:58:05 [INFO]: GET /api/product/363701
2024-08-25 17:58:05 [INFO]: GET /api/product/509936
2024-08-25 17:58:07 [INFO]: GET /api/product/509936
2024-08-25 17:58:07 [INFO]: GET /api/product/363701
2024-08-25 17:58:07 [INFO]: GET /api/product/469108
2024-08-25 17:58:07 [INFO]: GET /api/product/509936
2024-08-25 17:58:07 [INFO]: GET /api/product/509936
2024-08-25 17:58:07 [INFO]: GET /api/product/363701
2024-08-25 17:58:07 [INFO]: GET /api/product/469108
2024-08-25 17:58:07 [INFO]: GET /api/product/509936
2024-08-25 17:58:10 [INFO]: GET /api/product/509936
2024-08-25 17:58:10 [INFO]: GET /api/product/363701
2024-08-25 17:58:10 [INFO]: GET /api/product/469108
2024-08-25 17:58:10 [INFO]: GET /api/product/509936
2024-08-25 17:58:10 [INFO]: GET /api/product/509936
2024-08-25 17:58:10 [INFO]: GET /api/product/363701
2024-08-25 17:58:10 [INFO]: GET /api/product/469108
2024-08-25 17:58:10 [INFO]: GET /api/product/509936
2024-08-25 17:58:14 [INFO]: GET /api/product/509936
2024-08-25 17:58:14 [INFO]: GET /api/product/363701
2024-08-25 17:58:14 [INFO]: GET /api/product/469108
2024-08-25 17:58:14 [INFO]: GET /api/product/509936
2024-08-25 17:58:14 [INFO]: GET /api/product/509936
2024-08-25 17:58:14 [INFO]: GET /api/product/363701
2024-08-25 17:58:14 [INFO]: GET /api/product/469108
2024-08-25 17:58:14 [INFO]: GET /api/product/509936
2024-08-25 17:58:19 [INFO]: GET /api/product/509936
2024-08-25 17:58:19 [INFO]: GET /api/product/363701
2024-08-25 17:58:19 [INFO]: GET /api/product/469108
2024-08-25 17:58:19 [INFO]: GET /api/product/509936
2024-08-25 17:58:19 [INFO]: GET /api/product/509936
2024-08-25 17:58:19 [INFO]: GET /api/product/363701
2024-08-25 17:58:19 [INFO]: GET /api/product/469108
2024-08-25 17:58:19 [INFO]: GET /api/product/509936
2024-08-25 17:58:20 [INFO]: GET /api/product/509936
2024-08-25 17:58:20 [INFO]: GET /api/product/363701
2024-08-25 17:58:20 [INFO]: GET /api/product/469108
2024-08-25 17:58:20 [INFO]: GET /api/product/509936
2024-08-25 17:58:37 [INFO]: GET /api/product/509936
2024-08-25 17:58:37 [INFO]: GET /api/product/363701
2024-08-25 17:58:37 [INFO]: GET /api/product/469108
2024-08-25 17:58:37 [INFO]: GET /api/product/509936
2024-08-25 17:59:14 [INFO]: GET /api/product/509936
2024-08-25 17:59:14 [INFO]: GET /api/product/469108
2024-08-25 17:59:14 [INFO]: GET /api/product/363701
2024-08-25 17:59:14 [INFO]: GET /api/product/509936
2024-08-25 17:59:14 [INFO]: GET /api/product/509936
2024-08-25 17:59:14 [INFO]: GET /api/product/363701
2024-08-25 17:59:14 [INFO]: GET /api/product/469108
2024-08-25 17:59:14 [INFO]: GET /api/product/509936
2024-08-25 17:59:17 [INFO]: GET /api/product/509936
2024-08-25 17:59:17 [INFO]: GET /api/product/363701
2024-08-25 17:59:17 [INFO]: GET /api/product/469108
2024-08-25 17:59:17 [INFO]: GET /api/product/509936
2024-08-25 17:59:17 [INFO]: GET /api/product/509936
2024-08-25 17:59:17 [INFO]: GET /api/product/363701
2024-08-25 17:59:17 [INFO]: GET /api/product/469108
2024-08-25 17:59:17 [INFO]: GET /api/product/509936
2024-08-25 17:59:20 [INFO]: GET /api/product/509936
2024-08-25 17:59:20 [INFO]: GET /api/product/363701
2024-08-25 17:59:20 [INFO]: GET /api/product/469108
2024-08-25 17:59:20 [INFO]: GET /api/product/509936
2024-08-25 17:59:20 [INFO]: GET /api/product/509936
2024-08-25 17:59:20 [INFO]: GET /api/product/363701
2024-08-25 17:59:20 [INFO]: GET /api/product/469108
2024-08-25 17:59:20 [INFO]: GET /api/product/509936
2024-08-25 17:59:24 [INFO]: GET /api/product/509936
2024-08-25 17:59:24 [INFO]: GET /api/product/363701
2024-08-25 17:59:24 [INFO]: GET /api/product/469108
2024-08-25 17:59:24 [INFO]: GET /api/product/509936
2024-08-25 17:59:24 [INFO]: GET /api/product/509936
2024-08-25 17:59:24 [INFO]: GET /api/product/363701
2024-08-25 17:59:24 [INFO]: GET /api/product/469108
2024-08-25 17:59:24 [INFO]: GET /api/product/509936
2024-08-25 17:59:26 [INFO]: GET /api/product/509936
2024-08-25 17:59:26 [INFO]: GET /api/product/363701
2024-08-25 17:59:26 [INFO]: GET /api/product/469108
2024-08-25 17:59:26 [INFO]: GET /api/product/509936
2024-08-25 17:59:27 [INFO]: GET /api/product/509936
2024-08-25 17:59:27 [INFO]: GET /api/product/363701
2024-08-25 17:59:27 [INFO]: GET /api/product/469108
2024-08-25 17:59:27 [INFO]: GET /api/product/509936
2024-08-25 17:59:28 [INFO]: GET /api/product/509936
2024-08-25 17:59:28 [INFO]: GET /api/product/363701
2024-08-25 17:59:28 [INFO]: GET /api/product/469108
2024-08-25 17:59:28 [INFO]: GET /api/product/509936
2024-08-25 17:59:28 [INFO]: GET /api/product/509936
2024-08-25 17:59:28 [INFO]: GET /api/product/363701
2024-08-25 17:59:28 [INFO]: GET /api/product/469108
2024-08-25 17:59:28 [INFO]: GET /api/product/509936
2024-08-25 17:59:29 [INFO]: GET /api/product/509936
2024-08-25 17:59:29 [INFO]: GET /api/product/363701
2024-08-25 17:59:29 [INFO]: GET /api/product/469108
2024-08-25 17:59:29 [INFO]: GET /api/product/509936
2024-08-25 17:59:39 [INFO]: GET /api/product/509936
2024-08-25 17:59:39 [INFO]: GET /api/product/363701
2024-08-25 17:59:39 [INFO]: GET /api/product/469108
2024-08-25 17:59:39 [INFO]: GET /api/product/509936
2024-08-25 17:59:46 [INFO]: GET /api/product/509936
2024-08-25 17:59:46 [INFO]: GET /api/product/363701
2024-08-25 17:59:46 [INFO]: GET /api/product/469108
2024-08-25 17:59:46 [INFO]: GET /api/product/509936
2024-08-25 18:00:42 [INFO]: GET /api/order/by-username/customer1
2024-08-25 18:00:50 [INFO]: GET /api/order/by-username/customer1
2024-08-25 18:00:51 [INFO]: GET /api/order/by-username/customer1
2024-08-25 18:00:51 [INFO]: GET /api/order/by-username/customer1
2024-08-25 18:00:52 [INFO]: GET /api/order/by-username/customer1
2024-08-25 18:00:52 [INFO]: GET /api/order/by-username/customer1
2024-08-25 18:00:53 [INFO]: GET /api/order/by-username/customer1
2024-08-25 18:00:53 [INFO]: GET /api/order/by-username/customer1
2024-08-25 18:00:53 [INFO]: GET /api/order/by-username/customer1
2024-08-25 18:01:01 [INFO]: GET /api/order/by-username/customer1
2024-08-25 18:01:02 [INFO]: GET /api/order/by-username/customer1
2024-08-25 18:01:03 [INFO]: GET /api/order/by-username/customer1
2024-08-25 18:01:03 [INFO]: GET /api/order/by-username/customer1
2024-08-25 18:01:03 [INFO]: GET /api/order/by-username/customer1
2024-08-25 18:01:04 [INFO]: GET /api/order/by-username/customer1
2024-08-25 18:01:05 [INFO]: GET /api/order/by-username/customer1
2024-08-25 18:01:05 [INFO]: GET /api/order/by-username/customer1
2024-08-25 18:01:06 [INFO]: GET /api/order/by-username/customer1
2024-08-25 18:01:06 [INFO]: GET /api/order/by-username/customer1
2024-08-25 18:01:06 [INFO]: GET /api/order/by-username/customer1
2024-08-25 18:01:12 [INFO]: GET /api/order/by-username/customer1
2024-08-25 18:01:13 [INFO]: GET /api/order/by-username/customer1
2024-08-25 18:01:17 [INFO]: GET /api/order/by-username/customer1
2024-08-25 18:01:18 [INFO]: GET /api/order/by-username/customer1
2024-08-25 18:01:20 [INFO]: GET /api/order/by-username/customer1
2024-08-25 18:01:20 [INFO]: GET /api/order/by-username/customer1
2024-08-25 18:01:29 [INFO]: GET /api/order/by-username/customer1
2024-08-25 18:01:30 [INFO]: GET /api/order/by-username/customer1
2024-08-25 18:01:32 [INFO]: GET /api/order/by-username/customer1
2024-08-25 18:01:34 [INFO]: GET /api/order/by-username/customer1
2024-08-25 18:01:37 [INFO]: GET /api/order/by-username/customer1
2024-08-25 18:01:45 [INFO]: GET /api/order/by-username/customer1
2024-08-25 18:01:47 [INFO]: GET /api/order/by-username/customer1
2024-08-25 18:01:48 [INFO]: GET /api/order/by-username/customer1
2024-08-25 18:01:49 [INFO]: GET /api/order/by-username/customer1
2024-08-25 18:01:49 [INFO]: GET /api/order/by-username/customer1
2024-08-25 18:01:52 [INFO]: GET /api/order/by-username/customer1
2024-08-25 18:01:58 [INFO]: GET /api/product/all-products
2024-08-25 18:03:55 [INFO]: GET /api/order/by-username/customer1
2024-08-25 18:03:55 [INFO]: GET /api/product/509936
2024-08-25 18:03:55 [INFO]: GET /api/product/469108
2024-08-25 18:03:55 [INFO]: GET /api/product/363701
2024-08-25 18:03:55 [INFO]: GET /api/product/509936
2024-08-25 18:04:01 [INFO]: GET /api/product/all-products
2024-08-25 18:04:05 [INFO]: GET /api/customer/customer1
2024-08-25 18:04:07 [INFO]: GET /api/product/all-products
2024-08-25 18:04:11 [INFO]: GET /api/cart/customer1
2024-08-25 18:04:11 [INFO]: GET /api/product/509936
2024-08-25 18:05:19 [INFO]: GET /api/product/all-products
2024-08-25 18:14:29 [INFO]: POST /api/admin/login
2024-08-25 18:14:43 [INFO]: POST /api/admin/verifyOtp
2024-08-25 18:14:47 [INFO]: GET /api/product/all-products
2024-08-25 18:14:47 [INFO]: GET /api/user/users/all-users
2024-08-25 18:14:55 [INFO]: GET /api/admin/admin-user
2024-08-25 18:14:56 [INFO]: GET /api/product/all-products
2024-08-25 18:14:56 [INFO]: GET /api/user/users/all-users
2024-08-25 18:24:38 [INFO]: GET /api/product/all-products
2024-08-25 18:24:38 [INFO]: GET /api/user/users/all-users
2024-08-25 18:25:05 [INFO]: GET /api/product/all-products
2024-08-25 18:25:05 [INFO]: GET /api/user/users/all-users
2024-08-25 18:31:06 [INFO]: GET /api/product/all-products
2024-08-25 18:31:06 [INFO]: GET /api/user/users/all-users
2024-08-25 18:31:25 [INFO]: GET /api/product/all-products
2024-08-25 18:31:25 [INFO]: GET /api/user/users/all-users
2024-08-25 18:31:38 [INFO]: GET /api/product/all-products
2024-08-25 18:31:38 [INFO]: GET /api/user/users/all-users
2024-08-25 18:32:24 [INFO]: GET /api/product/all-products
2024-08-25 18:32:24 [INFO]: GET /api/user/users/all-users
2024-08-25 18:32:39 [INFO]: GET /api/product/all-products
2024-08-25 18:32:39 [INFO]: GET /api/user/users/all-users
2024-08-25 18:36:13 [INFO]: GET /api/product/all-products
2024-08-25 18:36:13 [INFO]: GET /api/user/users/all-users
2024-08-25 18:36:18 [INFO]: GET /api/product/all-products
2024-08-25 18:36:18 [INFO]: GET /api/user/users/all-users
2024-08-25 18:36:27 [INFO]: DELETE /api/product/delete-all-product/user4
2024-08-25 18:36:27 [INFO]: DELETE /api/user/user4
2024-08-25 18:36:30 [INFO]: GET /api/product/all-products
2024-08-25 18:36:30 [INFO]: GET /api/user/users/all-users
2024-08-25 18:36:35 [INFO]: DELETE /api/product/delete-all-product/user9
2024-08-25 18:36:35 [INFO]: DELETE /api/user/user9
2024-08-25 18:36:38 [INFO]: GET /api/product/all-products
2024-08-25 18:36:38 [INFO]: GET /api/user/users/all-users
2024-08-25 18:41:15 [INFO]: GET /api/product/all-products
2024-08-25 18:41:15 [INFO]: GET /api/user/users/all-users
2024-08-25 18:41:16 [INFO]: GET /api/product/all-products
2024-08-25 18:41:16 [INFO]: GET /api/user/users/all-users
2024-08-25 18:41:16 [INFO]: GET /api/product/all-products
2024-08-25 18:41:16 [INFO]: GET /api/user/users/all-users
2024-08-25 18:41:17 [INFO]: GET /api/product/all-products
2024-08-25 18:41:17 [INFO]: GET /api/user/users/all-users
2024-08-25 18:41:20 [INFO]: GET /api/product/all-products
2024-08-25 18:41:20 [INFO]: GET /api/user/users/all-users
2024-08-25 18:41:26 [INFO]: GET /api/product/all-products
2024-08-25 18:41:26 [INFO]: GET /api/user/users/all-users
2024-08-25 18:41:30 [INFO]: GET /api/product/all-products
2024-08-25 18:41:30 [INFO]: GET /api/user/users/all-users
2024-08-25 18:41:40 [INFO]: GET /api/product/all-products
2024-08-25 18:41:40 [INFO]: GET /api/user/users/all-users
2024-08-25 18:41:42 [INFO]: GET /api/product/all-products
2024-08-25 18:41:42 [INFO]: GET /api/user/users/all-users
2024-08-25 18:42:33 [INFO]: GET /api/product/all-products
2024-08-25 18:42:33 [INFO]: GET /api/user/users/all-users
2024-08-25 18:42:37 [INFO]: GET /api/product/all-products
2024-08-25 18:42:37 [INFO]: GET /api/user/users/all-users
2024-08-25 18:42:38 [INFO]: GET /api/product/all-products
2024-08-25 18:42:38 [INFO]: GET /api/user/users/all-users
2024-08-25 18:42:40 [INFO]: GET /api/product/all-products
2024-08-25 18:42:40 [INFO]: GET /api/user/users/all-users
2024-08-25 18:42:40 [INFO]: GET /api/product/all-products
2024-08-25 18:42:40 [INFO]: GET /api/user/users/all-users
2024-08-25 18:42:42 [INFO]: GET /api/product/all-products
2024-08-25 18:42:42 [INFO]: GET /api/user/users/all-users
2024-08-25 18:42:43 [INFO]: GET /api/product/all-products
2024-08-25 18:42:43 [INFO]: GET /api/user/users/all-users
2024-08-25 18:42:55 [INFO]: GET /api/product/all-products
2024-08-25 18:42:55 [INFO]: GET /api/user/users/all-users
2024-08-25 18:43:27 [INFO]: GET /api/product/all-products
2024-08-25 18:43:27 [INFO]: GET /api/user/users/all-users
2024-08-25 18:43:28 [INFO]: GET /api/product/all-products
2024-08-25 18:43:28 [INFO]: GET /api/user/users/all-users
2024-08-25 18:43:29 [INFO]: GET /api/product/all-products
2024-08-25 18:43:29 [INFO]: GET /api/user/users/all-users
2024-08-25 18:43:30 [INFO]: GET /api/product/all-products
2024-08-25 18:43:30 [INFO]: GET /api/user/users/all-users
2024-08-25 18:43:43 [INFO]: GET /api/product/all-products
2024-08-25 18:43:43 [INFO]: GET /api/user/users/all-users
2024-08-25 18:44:14 [INFO]: GET /api/product/all-products
2024-08-25 18:44:14 [INFO]: GET /api/user/users/all-users
2024-08-25 18:46:14 [INFO]: GET /api/product/all-products
2024-08-25 18:46:14 [INFO]: GET /api/user/users/all-users
2024-08-25 18:46:17 [INFO]: GET /api/product/all-products
2024-08-25 18:46:17 [INFO]: GET /api/user/users/all-users
2024-08-25 18:46:19 [INFO]: GET /api/product/all-products
2024-08-25 18:46:19 [INFO]: GET /api/user/users/all-users
2024-08-25 18:46:19 [INFO]: GET /api/product/all-products
2024-08-25 18:46:19 [INFO]: GET /api/user/users/all-users
2024-08-25 18:46:19 [INFO]: GET /api/product/all-products
2024-08-25 18:46:19 [INFO]: GET /api/user/users/all-users
2024-08-25 18:46:20 [INFO]: GET /api/product/all-products
2024-08-25 18:46:20 [INFO]: GET /api/user/users/all-users
2024-08-25 18:46:21 [INFO]: GET /api/product/all-products
2024-08-25 18:46:21 [INFO]: GET /api/user/users/all-users
2024-08-25 18:46:22 [INFO]: GET /api/product/all-products
2024-08-25 18:46:22 [INFO]: GET /api/user/users/all-users
2024-08-25 18:46:22 [INFO]: GET /api/product/all-products
2024-08-25 18:46:22 [INFO]: GET /api/user/users/all-users
2024-08-25 18:46:22 [INFO]: GET /api/product/all-products
2024-08-25 18:46:22 [INFO]: GET /api/user/users/all-users
2024-08-25 18:46:22 [INFO]: GET /api/product/all-products
2024-08-25 18:46:22 [INFO]: GET /api/user/users/all-users
2024-08-25 18:46:22 [INFO]: GET /api/product/all-products
2024-08-25 18:46:22 [INFO]: GET /api/user/users/all-users
2024-08-25 18:46:29 [INFO]: GET /api/product/all-products
2024-08-25 18:46:29 [INFO]: GET /api/user/users/all-users
2024-08-25 18:46:29 [INFO]: GET /api/product/all-products
2024-08-25 18:46:29 [INFO]: GET /api/user/users/all-users
2024-08-25 18:46:31 [INFO]: GET /api/product/all-products
2024-08-25 18:46:31 [INFO]: GET /api/user/users/all-users
2024-08-25 18:46:31 [INFO]: GET /api/product/all-products
2024-08-25 18:46:31 [INFO]: GET /api/user/users/all-users
2024-08-25 18:46:32 [INFO]: GET /api/product/all-products
2024-08-25 18:46:32 [INFO]: GET /api/user/users/all-users
2024-08-25 18:46:33 [INFO]: GET /api/product/all-products
2024-08-25 18:46:33 [INFO]: GET /api/user/users/all-users
2024-08-25 18:46:33 [INFO]: GET /api/product/all-products
2024-08-25 18:46:33 [INFO]: GET /api/user/users/all-users
2024-08-25 18:46:33 [INFO]: GET /api/product/all-products
2024-08-25 18:46:33 [INFO]: GET /api/user/users/all-users
2024-08-25 18:46:34 [INFO]: GET /api/product/all-products
2024-08-25 18:46:34 [INFO]: GET /api/user/users/all-users
2024-08-25 18:46:34 [INFO]: GET /api/product/all-products
2024-08-25 18:46:34 [INFO]: GET /api/user/users/all-users
2024-08-25 18:46:35 [INFO]: GET /api/product/all-products
2024-08-25 18:46:35 [INFO]: GET /api/user/users/all-users
2024-08-25 18:46:35 [INFO]: GET /api/product/all-products
2024-08-25 18:46:35 [INFO]: GET /api/user/users/all-users
2024-08-25 18:46:35 [INFO]: GET /api/product/all-products
2024-08-25 18:46:35 [INFO]: GET /api/user/users/all-users
2024-08-25 18:46:41 [INFO]: GET /api/product/all-products
2024-08-25 18:46:41 [INFO]: GET /api/user/users/all-users
2024-08-25 18:46:54 [INFO]: GET /api/product/all-products
2024-08-25 18:46:54 [INFO]: GET /api/user/users/all-users
2024-08-25 18:47:07 [INFO]: GET /api/product/all-products
2024-08-25 18:47:07 [INFO]: GET /api/user/users/all-users
2024-08-25 18:47:11 [INFO]: GET /api/product/all-products
2024-08-25 18:47:11 [INFO]: GET /api/user/users/all-users
2024-08-25 18:47:13 [INFO]: GET /api/product/all-products
2024-08-25 18:47:13 [INFO]: GET /api/user/users/all-users
2024-08-25 18:49:52 [INFO]: GET /api/product/all-products
2024-08-25 18:49:52 [INFO]: GET /api/user/users/all-users
2024-08-25 18:49:52 [INFO]: GET /api/product/all-products
2024-08-25 18:49:52 [INFO]: GET /api/user/users/all-users
2024-08-25 18:49:54 [INFO]: GET /api/product/all-products
2024-08-25 18:49:54 [INFO]: GET /api/user/users/all-users
2024-08-25 18:49:54 [INFO]: GET /api/product/all-products
2024-08-25 18:49:54 [INFO]: GET /api/user/users/all-users
2024-08-25 18:49:56 [INFO]: GET /api/product/all-products
2024-08-25 18:49:56 [INFO]: GET /api/user/users/all-users
2024-08-25 18:50:02 [INFO]: GET /api/product/all-products
2024-08-25 18:50:02 [INFO]: GET /api/user/users/all-users
2024-08-25 18:58:00 [INFO]: GET /api/product/all-products
2024-08-25 18:58:00 [INFO]: GET /api/user/users/all-users
2024-08-25 18:58:13 [INFO]: DELETE /api/product/delete/363701
2024-08-25 18:58:15 [INFO]: GET /api/product/all-products
2024-08-25 18:58:15 [INFO]: GET /api/user/users/all-users
2024-08-25 19:00:58 [INFO]: GET /api/product/all-products
2024-08-25 19:00:58 [INFO]: GET /api/user/users/all-users
2024-08-25 19:01:02 [INFO]: GET /api/product/all-products
2024-08-25 19:01:02 [INFO]: GET /api/user/users/all-users
2024-08-25 19:01:03 [INFO]: GET /api/product/all-products
2024-08-25 19:01:03 [INFO]: GET /api/user/users/all-users
2024-08-25 19:01:04 [INFO]: GET /api/product/all-products
2024-08-25 19:01:04 [INFO]: GET /api/user/users/all-users
2024-08-25 19:01:04 [INFO]: GET /api/product/all-products
2024-08-25 19:01:04 [INFO]: GET /api/user/users/all-users
2024-08-25 19:01:06 [INFO]: GET /api/product/all-products
2024-08-25 19:01:06 [INFO]: GET /api/user/users/all-users
2024-08-25 19:01:10 [INFO]: GET /api/product/all-products
2024-08-25 19:01:10 [INFO]: GET /api/user/users/all-users
2024-08-25 19:01:11 [INFO]: GET /api/product/all-products
2024-08-25 19:01:11 [INFO]: GET /api/user/users/all-users
2024-08-25 19:01:16 [INFO]: GET /api/product/all-products
2024-08-25 19:01:16 [INFO]: GET /api/user/users/all-users
2024-08-25 19:01:24 [INFO]: GET /api/admin/admin-user
2024-08-25 19:01:25 [INFO]: GET /api/product/all-products
2024-08-25 19:01:25 [INFO]: GET /api/user/users/all-users
2024-08-25 19:02:10 [INFO]: GET /api/product/all-products
2024-08-25 19:02:10 [INFO]: GET /api/user/users/all-users
2024-08-25 19:06:00 [INFO]: GET /api/admin/admin-user
2024-08-25 19:06:20 [INFO]: GET /api/admin/admin-user
2024-08-25 19:06:43 [INFO]: GET /api/admin/admin-user
2024-08-25 19:06:44 [INFO]: GET /api/admin/admin-user
2024-08-25 19:06:44 [INFO]: GET /api/admin/admin-user
2024-08-25 19:06:47 [INFO]: GET /api/admin/admin-user
2024-08-25 19:06:48 [INFO]: GET /api/admin/admin-user
2024-08-25 19:06:49 [INFO]: GET /api/admin/admin-user
2024-08-25 19:06:50 [INFO]: GET /api/admin/admin-user
2024-08-25 19:06:50 [INFO]: GET /api/admin/admin-user
2024-08-25 19:06:51 [INFO]: GET /api/admin/admin-user
2024-08-25 19:06:51 [INFO]: GET /api/admin/admin-user
2024-08-25 19:06:52 [INFO]: GET /api/admin/admin-user
2024-08-25 19:06:52 [INFO]: GET /api/admin/admin-user
2024-08-25 19:07:06 [INFO]: GET /api/admin/admin-user
2024-08-25 19:07:15 [INFO]: GET /api/admin/admin-user
2024-08-25 19:07:15 [INFO]: GET /api/admin/admin-user
2024-08-25 19:07:17 [INFO]: GET /api/admin/admin-user
2024-08-25 19:07:18 [INFO]: GET /api/admin/admin-user
2024-08-25 19:08:01 [INFO]: GET /api/admin/admin-user
2024-08-25 19:08:11 [INFO]: GET /api/admin/admin-user
2024-08-25 19:08:12 [INFO]: GET /api/admin/admin-user
2024-08-25 19:08:12 [INFO]: GET /api/admin/admin-user
2024-08-25 19:08:12 [INFO]: GET /api/admin/admin-user
2024-08-25 19:08:19 [INFO]: GET /api/admin/admin-user
2024-08-25 19:08:19 [INFO]: GET /api/admin/admin-user
2024-08-25 19:08:20 [INFO]: GET /api/admin/admin-user
2024-08-25 19:08:20 [INFO]: GET /api/admin/admin-user
2024-08-25 19:08:22 [INFO]: GET /api/admin/admin-user
2024-08-25 19:08:23 [INFO]: GET /api/admin/admin-user
2024-08-25 19:08:23 [INFO]: GET /api/admin/admin-user
2024-08-25 19:08:24 [INFO]: GET /api/admin/admin-user
2024-08-25 19:08:25 [INFO]: GET /api/admin/admin-user
2024-08-25 19:08:25 [INFO]: GET /api/admin/admin-user
2024-08-25 19:08:26 [INFO]: GET /api/admin/admin-user
2024-08-25 19:08:44 [INFO]: GET /api/product/all-products
2024-08-25 19:08:44 [INFO]: GET /api/user/users/all-users
2024-08-25 19:08:46 [INFO]: GET /api/admin/admin-user
2024-08-25 19:09:44 [INFO]: GET /api/product/all-products
2024-08-25 19:09:44 [INFO]: GET /api/user/users/all-users
2024-08-25 19:09:54 [INFO]: POST /api/user/login
2024-08-25 19:10:46 [INFO]: POST /api/user/verifyOtp
2024-08-25 19:10:50 [INFO]: GET /api/product/user-products/seller1
2024-08-25 19:16:12 [INFO]: Server app listening on port 5000!
2024-08-25 19:16:27 [INFO]: POST /api/user/login
2024-08-25 19:16:41 [INFO]: POST /api/user/verifyOtp
2024-08-25 19:16:45 [INFO]: GET /api/product/user-products/seller1
2024-08-25 19:21:28 [INFO]: GET /api/product/user-products/seller1
2024-08-25 19:21:29 [INFO]: GET /api/product/user-products/seller1
2024-08-25 19:21:29 [INFO]: GET /api/product/user-products/seller1
2024-08-25 19:21:29 [INFO]: GET /api/product/user-products/seller1
2024-08-25 19:21:30 [INFO]: GET /api/product/user-products/seller1
2024-08-25 19:21:30 [INFO]: GET /api/product/user-products/seller1
2024-08-25 19:21:42 [INFO]: GET /api/product/user-products/seller1
2024-08-25 19:37:00 [INFO]: GET /api/product/user-products/seller1
2024-08-25 19:38:28 [INFO]: GET /api/product/user-products/seller1
2024-08-25 19:38:36 [INFO]: GET /api/product/user-products/seller1
2024-08-25 19:38:37 [INFO]: GET /api/product/user-products/seller1
2024-08-25 19:38:46 [INFO]: GET /api/product/user-products/seller1
2024-08-25 19:38:47 [INFO]: GET /api/product/user-products/seller1
2024-08-25 19:38:48 [INFO]: GET /api/product/user-products/seller1
2024-08-25 19:38:49 [INFO]: GET /api/product/user-products/seller1
2024-08-25 19:38:50 [INFO]: GET /api/product/user-products/seller1
2024-08-25 19:38:51 [INFO]: GET /api/product/user-products/seller1
2024-08-25 19:38:51 [INFO]: GET /api/product/user-products/seller1
2024-08-25 19:38:51 [INFO]: GET /api/product/user-products/seller1
2024-08-25 19:39:07 [INFO]: GET /api/product/user-products/seller1
2024-08-25 19:39:08 [INFO]: GET /api/product/user-products/seller1
2024-08-25 19:39:08 [INFO]: GET /api/product/user-products/seller1
2024-08-25 19:39:11 [INFO]: GET /api/product/user-products/seller1
2024-08-25 19:39:12 [INFO]: GET /api/product/user-products/seller1
2024-08-25 19:39:12 [INFO]: GET /api/product/user-products/seller1
2024-08-25 19:39:13 [INFO]: GET /api/product/user-products/seller1
2024-08-25 19:39:17 [INFO]: GET /api/product/user-products/seller1
2024-08-25 19:39:18 [INFO]: GET /api/product/user-products/seller1
2024-08-25 19:39:19 [INFO]: GET /api/product/user-products/seller1
2024-08-25 19:39:22 [INFO]: GET /api/product/user-products/seller1
2024-08-25 19:39:38 [INFO]: GET /api/product/user-products/seller1
2024-08-25 19:39:39 [INFO]: GET /api/product/user-products/seller1
2024-08-25 19:39:40 [INFO]: GET /api/product/user-products/seller1
2024-08-25 19:39:40 [INFO]: GET /api/product/user-products/seller1
2024-08-25 19:39:43 [INFO]: GET /api/product/user-products/seller1
2024-08-25 19:39:43 [INFO]: GET /api/product/user-products/seller1
2024-08-25 19:39:44 [INFO]: GET /api/product/user-products/seller1
2024-08-25 19:39:44 [INFO]: GET /api/product/user-products/seller1
2024-08-25 19:39:44 [INFO]: GET /api/product/user-products/seller1
2024-08-25 19:39:54 [INFO]: GET /api/product/user-products/seller1
2024-08-25 19:39:57 [INFO]: GET /api/product/user-products/seller1
2024-08-25 19:39:57 [INFO]: GET /api/product/user-products/seller1
2024-08-25 19:39:58 [INFO]: GET /api/product/user-products/seller1
2024-08-25 19:39:59 [INFO]: GET /api/product/user-products/seller1
2024-08-25 19:40:15 [INFO]: GET /api/product/user-products/seller1
2024-08-25 19:40:16 [INFO]: GET /api/product/user-products/seller1
2024-08-25 19:40:18 [INFO]: GET /api/product/user-products/seller1
2024-08-25 19:40:18 [INFO]: GET /api/product/user-products/seller1
2024-08-25 19:40:19 [INFO]: GET /api/product/user-products/seller1
2024-08-25 19:40:22 [INFO]: GET /api/product/user-products/seller1
2024-08-25 19:40:23 [INFO]: GET /api/product/user-products/seller1
2024-08-25 19:40:23 [INFO]: GET /api/product/user-products/seller1
2024-08-25 19:40:27 [INFO]: GET /api/product/user-products/seller1
2024-08-25 19:40:32 [INFO]: GET /api/product/user-products/seller1
2024-08-25 19:40:33 [INFO]: GET /api/product/user-products/seller1
2024-08-25 19:40:34 [INFO]: GET /api/product/user-products/seller1
2024-08-25 19:40:34 [INFO]: GET /api/product/user-products/seller1
2024-08-25 19:40:34 [INFO]: GET /api/product/user-products/seller1
2024-08-25 19:40:35 [INFO]: GET /api/product/user-products/seller1
2024-08-25 19:40:37 [INFO]: GET /api/product/user-products/seller1
2024-08-25 19:40:37 [INFO]: GET /api/product/user-products/seller1
2024-08-25 19:40:38 [INFO]: GET /api/product/user-products/seller1
2024-08-25 19:40:43 [INFO]: GET /api/product/877849
2024-08-25 19:40:44 [INFO]: GET /api/product/user-products/seller1
2024-08-25 19:40:51 [INFO]: GET /api/user/seller1
2024-08-25 19:42:41 [INFO]: GET /api/user/seller1
2024-08-25 19:42:43 [INFO]: GET /api/user/seller1
2024-08-25 19:42:44 [INFO]: GET /api/user/seller1
2024-08-25 19:42:54 [INFO]: GET /api/user/seller1
2024-08-25 19:42:55 [INFO]: GET /api/user/seller1
2024-08-25 19:43:02 [INFO]: GET /api/user/seller1
2024-08-25 19:43:02 [INFO]: GET /api/user/seller1
2024-08-25 19:43:02 [INFO]: GET /api/user/seller1
2024-08-25 19:43:03 [INFO]: GET /api/user/seller1
2024-08-25 19:43:03 [INFO]: GET /api/user/seller1
2024-08-25 19:43:04 [INFO]: GET /api/user/seller1
2024-08-25 19:43:04 [INFO]: GET /api/user/seller1
2024-08-25 19:43:05 [INFO]: GET /api/user/seller1
2024-08-25 19:43:05 [INFO]: GET /api/user/seller1
2024-08-25 19:43:08 [INFO]: GET /api/user/seller1
2024-08-25 19:43:13 [INFO]: GET /api/user/seller1
2024-08-25 19:43:13 [INFO]: GET /api/user/seller1
2024-08-25 19:43:13 [INFO]: GET /api/user/seller1
2024-08-25 19:43:14 [INFO]: GET /api/user/seller1
2024-08-25 19:43:20 [INFO]: GET /api/user/seller1
2024-08-25 19:43:21 [INFO]: GET /api/user/seller1
2024-08-25 19:43:22 [INFO]: GET /api/user/seller1
2024-08-25 19:43:22 [INFO]: GET /api/user/seller1
2024-08-25 19:43:22 [INFO]: GET /api/user/seller1
2024-08-25 19:43:23 [INFO]: GET /api/user/seller1
2024-08-25 19:43:24 [INFO]: GET /api/user/seller1
2024-08-25 19:43:25 [INFO]: GET /api/user/seller1
2024-08-25 19:43:25 [INFO]: GET /api/user/seller1
2024-08-25 19:43:26 [INFO]: GET /api/product/user-products/seller1
2024-08-25 19:45:23 [INFO]: GET /api/product/user-products/seller1
2024-08-25 19:45:24 [INFO]: GET /api/user/seller1
2024-08-25 19:45:25 [INFO]: GET /api/product/user-products/seller1
2024-08-25 19:45:28 [INFO]: GET /api/product/user-products/seller1
2024-08-25 19:45:31 [INFO]: GET /api/product/341621
2024-08-25 19:46:06 [INFO]: GET /api/product/341621
2024-08-25 19:46:08 [INFO]: GET /api/product/341621
2024-08-25 19:46:09 [INFO]: GET /api/product/341621
2024-08-25 19:46:10 [INFO]: GET /api/product/341621
2024-08-25 19:46:10 [INFO]: GET /api/product/341621
2024-08-25 19:46:11 [INFO]: GET /api/product/341621
2024-08-25 19:46:11 [INFO]: GET /api/product/341621
2024-08-25 19:46:11 [INFO]: GET /api/product/341621
2024-08-25 19:46:11 [INFO]: GET /api/product/341621
2024-08-25 19:46:18 [INFO]: GET /api/product/341621
2024-08-25 19:46:20 [INFO]: GET /api/product/341621
2024-08-25 19:46:21 [INFO]: GET /api/product/341621
2024-08-25 19:46:21 [INFO]: GET /api/product/341621
2024-08-25 19:46:22 [INFO]: GET /api/product/341621
2024-08-25 19:46:23 [INFO]: GET /api/product/341621
2024-08-25 19:46:29 [INFO]: GET /api/product/341621
2024-08-25 19:46:32 [INFO]: GET /api/product/341621
2024-08-25 19:46:33 [INFO]: GET /api/product/user-products/seller1
2024-08-25 19:46:34 [INFO]: GET /api/user/seller1
2024-08-25 19:46:36 [INFO]: GET /api/product/user-products/seller1
2024-08-25 19:47:14 [INFO]: GET /api/product/user-products/seller1
2024-08-25 19:47:15 [INFO]: GET /api/product/436287
2024-08-25 19:47:28 [INFO]: GET /api/product/436287
2024-08-25 19:47:30 [INFO]: GET /api/product/436287
2024-08-25 19:47:30 [INFO]: GET /api/product/436287
2024-08-25 19:47:31 [INFO]: GET /api/product/436287
2024-08-25 19:47:35 [INFO]: GET /api/product/436287
2024-08-25 19:47:36 [INFO]: GET /api/product/436287
2024-08-25 19:47:40 [INFO]: GET /api/product/436287
2024-08-25 19:47:40 [INFO]: GET /api/product/436287
2024-08-25 19:47:41 [INFO]: GET /api/product/436287
2024-08-25 19:47:41 [INFO]: GET /api/product/436287
2024-08-25 19:47:42 [INFO]: GET /api/product/436287
2024-08-25 19:47:43 [INFO]: GET /api/product/436287
2024-08-25 19:47:43 [INFO]: GET /api/product/436287
2024-08-25 19:47:44 [INFO]: GET /api/product/user-products/seller1
2024-08-25 19:48:05 [INFO]: GET /api/product/user-products/seller1
2024-08-25 19:48:14 [INFO]: GET /api/product/user-products/seller1
