2024-08-16 11:57:33 [INFO]: Server app listening on port 5000!
2024-08-16 11:59:25 [INFO]: Server app listening on port 5000!
2024-08-16 11:59:27 [INFO]: Server app listening on port 5000!
2024-08-16 11:59:30 [INFO]: Server app listening on port 5000!
2024-08-16 11:59:47 [INFO]: Server app listening on port 5000!
2024-08-16 11:59:49 [INFO]: Server app listening on port 5000!
2024-08-16 12:02:08 [INFO]: POST /api/customer/login
2024-08-16 12:02:19 [INFO]: POST /api/customer/login
2024-08-16 12:03:27 [INFO]: POST /api/customer/login
2024-08-16 12:04:47 [INFO]: Server app listening on port 5000!
2024-08-16 12:05:03 [INFO]: Server app listening on port 5000!
2024-08-16 12:05:07 [INFO]: POST /api/customer/login
2024-08-16 12:05:23 [INFO]: POST /api/customer/verifyOtp
2024-08-16 12:05:41 [INFO]: Server app listening on port 5000!
2024-08-16 12:05:45 [INFO]: POST /api/customer/verifyOtp
2024-08-16 12:05:58 [INFO]: POST /api/customer/login
2024-08-16 12:06:14 [INFO]: POST /api/customer/verifyOtp
2024-08-16 12:06:18 [INFO]: GET /api/product/all
2024-08-16 12:06:18 [INFO]: GET /api/product/all
2024-08-16 12:07:03 [INFO]: GET /api/product/all-products
2024-08-16 12:07:05 [INFO]: GET /api/product/all-products
2024-08-16 12:07:05 [INFO]: GET /api/product/all-products
2024-08-16 12:17:50 [INFO]: POST /api/customer/register
2024-08-16 12:17:58 [INFO]: GET /api/product/all-products
2024-08-16 12:17:58 [INFO]: GET /api/product/all-products
2024-08-16 12:18:01 [INFO]: POST /api/cart/register/
2024-08-16 12:18:10 [INFO]: POST /api/cart/register
2024-08-16 12:19:01 [INFO]: Server app listening on port 5000!
2024-08-16 12:19:03 [INFO]: Server app listening on port 5000!
2024-08-16 12:19:50 [INFO]: POST /api/cart/register
2024-08-16 12:22:12 [INFO]: Server app listening on port 5000!
2024-08-16 12:22:14 [INFO]: Server app listening on port 5000!
2024-08-16 12:22:16 [INFO]: POST /api/cart/register
2024-08-16 12:23:22 [INFO]: Server app listening on port 5000!
2024-08-16 12:23:24 [INFO]: POST /api/cart/register
2024-08-16 12:23:56 [INFO]: Server app listening on port 5000!
2024-08-16 12:24:00 [INFO]: POST /api/cart/register
2024-08-16 12:24:36 [INFO]: Server app listening on port 5000!
2024-08-16 12:24:37 [INFO]: POST /api/cart/register
2024-08-16 12:24:46 [INFO]: Server app listening on port 5000!
2024-08-16 12:24:55 [INFO]: Server app listening on port 5000!
2024-08-16 12:24:55 [INFO]: POST /api/cart/register
2024-08-16 12:25:04 [INFO]: Server app listening on port 5000!
2024-08-16 12:25:05 [INFO]: POST /api/cart/register
2024-08-16 12:25:24 [INFO]: Server app listening on port 5000!
2024-08-16 12:25:26 [INFO]: Server app listening on port 5000!
2024-08-16 12:25:27 [INFO]: Server app listening on port 5000!
2024-08-16 12:25:30 [INFO]: POST /api/cart/register
2024-08-16 12:25:58 [INFO]: Server app listening on port 5000!
2024-08-16 12:26:07 [INFO]: Server app listening on port 5000!
2024-08-16 12:26:09 [INFO]: POST /api/cart/register
2024-08-16 12:26:17 [INFO]: GET /api/product/all-products
2024-08-16 12:26:17 [INFO]: GET /api/product/all-products
2024-08-16 12:26:21 [INFO]: POST /api/cart/register
2024-08-16 12:26:49 [INFO]: Server app listening on port 5000!
2024-08-16 12:26:50 [INFO]: POST /api/cart/register
2024-08-16 12:27:13 [INFO]: Server app listening on port 5000!
2024-08-16 12:27:27 [INFO]: Server app listening on port 5000!
2024-08-16 12:27:32 [INFO]: Server app listening on port 5000!
2024-08-16 12:28:42 [INFO]: GET /api/product/all-products
2024-08-16 12:28:42 [INFO]: GET /api/product/all-products
2024-08-16 12:29:10 [INFO]: GET /api/product/all-products
2024-08-16 12:29:11 [INFO]: GET /api/product/all-products
2024-08-16 12:29:12 [INFO]: GET /api/product/all-products
2024-08-16 12:29:13 [INFO]: GET /api/product/all-products
2024-08-16 12:29:14 [INFO]: GET /api/product/all-products
2024-08-16 12:29:18 [INFO]: GET /api/product/all-products
2024-08-16 12:29:22 [INFO]: GET /api/product/all-products
2024-08-16 12:29:24 [INFO]: GET /api/product/all-products
2024-08-16 12:34:34 [INFO]: GET /api/product/all-products
2024-08-16 12:34:34 [INFO]: GET /api/product/all-products
2024-08-16 12:34:38 [INFO]: POST /api/cart/register
2024-08-16 12:35:42 [INFO]: GET /api/product/all-products
2024-08-16 12:35:42 [INFO]: GET /api/product/all-products
2024-08-16 12:35:45 [INFO]: POST /api/cart/register
2024-08-16 12:36:15 [INFO]: POST /api/cart/register
2024-08-16 12:36:25 [INFO]: Server app listening on port 5000!
2024-08-16 12:36:27 [INFO]: Server app listening on port 5000!
2024-08-16 12:36:44 [INFO]: GET /api/product/all-products
2024-08-16 12:36:44 [INFO]: POST /api/cart/register
2024-08-16 12:37:22 [INFO]: Server app listening on port 5000!
2024-08-16 12:37:25 [INFO]: Server app listening on port 5000!
2024-08-16 12:37:33 [INFO]: Server app listening on port 5000!
2024-08-16 12:37:35 [INFO]: Server app listening on port 5000!
2024-08-16 12:37:37 [INFO]: GET /api/product/all-products
2024-08-16 12:37:37 [INFO]: GET /api/product/all-products
2024-08-16 12:37:40 [INFO]: POST /api/cart/register
2024-08-16 12:37:54 [INFO]: Server app listening on port 5000!
2024-08-16 12:38:02 [INFO]: Server app listening on port 5000!
2024-08-16 12:38:04 [INFO]: POST /api/cart/register
2024-08-16 12:39:41 [INFO]: POST /api/cart/register
2024-08-16 12:39:54 [INFO]: POST /api/cart/register
2024-08-16 12:39:55 [INFO]: POST /api/cart/register
2024-08-16 12:39:55 [INFO]: POST /api/cart/register
2024-08-16 12:39:55 [INFO]: POST /api/cart/register
2024-08-16 12:39:55 [INFO]: POST /api/cart/register
2024-08-16 12:39:55 [INFO]: POST /api/cart/register
2024-08-16 12:39:55 [INFO]: POST /api/cart/register
2024-08-16 12:43:39 [INFO]: GET /api/product/all-products
2024-08-16 12:43:39 [INFO]: GET /api/product/all-products
2024-08-16 12:43:41 [INFO]: GET /api/product/all-products
2024-08-16 12:43:41 [INFO]: GET /api/product/all-products
2024-08-16 12:43:47 [INFO]: POST /api/cart/register
2024-08-16 12:43:57 [INFO]: POST /api/cart/register
2024-08-16 12:44:24 [INFO]: GET /api/cart/register
2024-08-16 12:44:25 [INFO]: GET /api/cart/register
2024-08-16 12:44:41 [INFO]: Server app listening on port 5000!
2024-08-16 12:44:49 [INFO]: Server app listening on port 5000!
2024-08-16 12:44:51 [INFO]: Server app listening on port 5000!
2024-08-16 12:45:04 [INFO]: Server app listening on port 5000!
2024-08-16 12:45:21 [INFO]: Server app listening on port 5000!
2024-08-16 12:45:29 [INFO]: Server app listening on port 5000!
2024-08-16 12:45:30 [INFO]: GET /api/product/all-products
2024-08-16 12:45:30 [INFO]: GET /api/product/all-products
2024-08-16 12:45:35 [INFO]: POST /api/cart/register
2024-08-16 12:46:08 [INFO]: Server app listening on port 5000!
2024-08-16 12:46:10 [INFO]: POST /api/cart/register
2024-08-16 12:48:42 [INFO]: GET /api/product/all-products
2024-08-16 12:48:45 [INFO]: GET /api/product/all-products
2024-08-16 12:48:45 [INFO]: GET /api/product/all-products
2024-08-16 12:48:51 [INFO]: GET /api/product/all-products
2024-08-16 12:48:52 [INFO]: GET /api/product/all-products
2024-08-16 12:49:03 [INFO]: GET /api/product/all-products
2024-08-16 12:49:03 [INFO]: GET /api/product/all-products
2024-08-16 12:49:11 [INFO]: GET /api/product/all-products
2024-08-16 12:49:11 [INFO]: GET /api/product/all-products
2024-08-16 12:49:15 [INFO]: POST /api/user/login
2024-08-16 12:49:20 [INFO]: POST /api/customer/login
2024-08-16 12:49:32 [INFO]: POST /api/customer/verifyOtp
2024-08-16 12:49:36 [INFO]: GET /api/product/all-products
2024-08-16 12:49:36 [INFO]: GET /api/product/all-products
2024-08-16 12:50:14 [INFO]: GET /api/product/all-products
2024-08-16 12:50:14 [INFO]: GET /api/product/all-products
2024-08-16 12:50:14 [INFO]: GET /api/product/all-products
2024-08-16 12:50:14 [INFO]: GET /api/product/all-products
2024-08-16 12:50:14 [INFO]: GET /api/product/all-products
2024-08-16 12:50:14 [INFO]: GET /api/product/all-products
2024-08-16 12:50:14 [INFO]: GET /api/product/all-products
2024-08-16 12:50:14 [INFO]: GET /api/product/all-products
2024-08-16 12:50:14 [INFO]: GET /api/product/all-products
2024-08-16 12:50:14 [INFO]: GET /api/product/all-products
2024-08-16 12:50:14 [INFO]: GET /api/product/all-products
2024-08-16 12:50:14 [INFO]: GET /api/product/all-products
2024-08-16 12:50:14 [INFO]: GET /api/product/all-products
2024-08-16 12:50:14 [INFO]: GET /api/product/all-products
2024-08-16 12:50:14 [INFO]: GET /api/product/all-products
2024-08-16 12:50:14 [INFO]: GET /api/product/all-products
2024-08-16 12:50:14 [INFO]: GET /api/product/all-products
2024-08-16 12:50:22 [INFO]: GET /api/product/all-products
2024-08-16 12:50:25 [INFO]: GET /api/product/all-products
2024-08-16 12:50:27 [INFO]: GET /api/product/all-products
2024-08-16 12:50:28 [INFO]: GET /api/product/all-products
2024-08-16 12:51:20 [INFO]: GET /api/product/all-products
2024-08-16 12:51:20 [INFO]: GET /api/product/all-products
2024-08-16 12:52:13 [INFO]: POST /api/customer/login
2024-08-16 12:52:26 [INFO]: POST /api/customer/verifyOtp
2024-08-16 12:52:30 [INFO]: GET /api/product/all-products
2024-08-16 12:52:30 [INFO]: GET /api/product/all-products
2024-08-16 12:52:35 [INFO]: GET /api/product/all-products
2024-08-16 12:52:35 [INFO]: GET /api/product/all-products
2024-08-16 12:52:53 [INFO]: POST /api/admin/login
2024-08-16 12:53:05 [INFO]: POST /api/admin/verifyOtp
2024-08-16 12:53:09 [INFO]: GET /api/product/all
2024-08-16 12:53:09 [INFO]: GET /api/user/all-users
2024-08-16 12:53:09 [INFO]: GET /api/product/all
2024-08-16 12:53:09 [INFO]: GET /api/user/all-users
2024-08-16 12:53:30 [INFO]: GET /api/product/all-
2024-08-16 12:53:30 [INFO]: GET /api/user/all-users
2024-08-16 12:53:30 [INFO]: GET /api/user/all-users
2024-08-16 12:53:30 [INFO]: GET /api/product/all-pr
2024-08-16 12:53:30 [INFO]: GET /api/product/all-products
2024-08-16 12:53:30 [INFO]: GET /api/user/all-users
2024-08-16 12:53:32 [INFO]: GET /api/product/275256
2024-08-16 12:53:32 [INFO]: GET /api/product/275256
2024-08-16 12:53:33 [INFO]: GET /api/product/all-products
2024-08-16 12:53:33 [INFO]: GET /api/user/all-users
2024-08-16 12:53:33 [INFO]: GET /api/product/all-products
2024-08-16 12:53:33 [INFO]: GET /api/user/all-users
2024-08-16 12:53:35 [INFO]: DELETE /api/product/delete/831759
2024-08-16 12:53:38 [INFO]: GET /api/product/all-products
2024-08-16 12:53:38 [INFO]: GET /api/user/all-users
2024-08-16 12:53:38 [INFO]: GET /api/product/all-products
2024-08-16 12:53:38 [INFO]: GET /api/user/all-users
2024-08-16 12:53:41 [INFO]: DELETE /api/user/users/admin-user
2024-08-16 12:53:45 [INFO]: GET /api/product/all-products
2024-08-16 12:53:45 [INFO]: GET /api/user/all-users
2024-08-16 12:53:45 [INFO]: GET /api/product/all-products
2024-08-16 12:53:45 [INFO]: GET /api/user/all-users
2024-08-16 12:54:05 [INFO]: GET /api/product/all-products
2024-08-16 12:54:05 [INFO]: GET /api/user/all-users
2024-08-16 12:54:05 [INFO]: GET /api/product/all-products
2024-08-16 12:54:05 [INFO]: GET /api/user/all-users
2024-08-16 12:54:42 [INFO]: GET /api/product/all-products
2024-08-16 12:54:42 [INFO]: GET /api/user/all-users
2024-08-16 12:54:56 [INFO]: GET /api/product/all-products
2024-08-16 12:54:56 [INFO]: GET /api/product/all-products
2024-08-16 12:54:56 [INFO]: GET /api/user/all-users
2024-08-16 12:54:56 [INFO]: GET /api/user/all-users
2024-08-16 12:56:19 [INFO]: Server app listening on port 5000!
2024-08-16 12:56:25 [INFO]: Server app listening on port 5000!
2024-08-16 12:56:27 [INFO]: GET /api/product/all-products
2024-08-16 12:56:27 [INFO]: GET /api/user/all-users
2024-08-16 12:56:27 [INFO]: GET /api/product/all-products
2024-08-16 12:56:27 [INFO]: GET /api/user/all-users
2024-08-16 12:56:56 [INFO]: Server app listening on port 5000!
2024-08-16 12:57:56 [INFO]: Server app listening on port 5000!
2024-08-16 12:57:57 [INFO]: Server app listening on port 5000!
2024-08-16 12:58:01 [INFO]: GET /api/product/all-products
2024-08-16 12:58:01 [INFO]: GET /api/user/all-users
2024-08-16 12:58:01 [INFO]: GET /api/product/all-products
2024-08-16 12:58:01 [INFO]: GET /api/user/all-users
2024-08-16 12:59:13 [INFO]: Server app listening on port 5000!
2024-08-16 12:59:15 [INFO]: GET /api/product/all-products
2024-08-16 12:59:15 [INFO]: GET /api/product/all-products
2024-08-16 12:59:15 [INFO]: GET /api/user/all-users
2024-08-16 12:59:15 [INFO]: GET /api/user/all-users
2024-08-16 13:00:29 [INFO]: GET /api/product/all-products
2024-08-16 13:00:29 [INFO]: GET /api/user/all-users
2024-08-16 13:00:29 [INFO]: GET /api/product/all-products
2024-08-16 13:00:29 [INFO]: GET /api/user/all-users
2024-08-16 13:01:25 [INFO]: Server app listening on port 5000!
2024-08-16 13:01:32 [INFO]: Server app listening on port 5000!
2024-08-16 13:01:37 [INFO]: Server app listening on port 5000!
2024-08-16 13:02:00 [INFO]: Server app listening on port 5000!
2024-08-16 13:02:03 [INFO]: GET /api/product/all-products
2024-08-16 13:02:03 [INFO]: GET /api/user/all-users
2024-08-16 13:02:04 [INFO]: GET /api/product/all-products
2024-08-16 13:02:04 [INFO]: GET /api/user/all-users
2024-08-16 13:02:33 [INFO]: Server app listening on port 5000!
2024-08-16 13:02:38 [INFO]: GET /api/user
2024-08-16 13:02:38 [INFO]: GET /api/product/all-products
2024-08-16 13:02:41 [INFO]: GET /api/product/all-product
2024-08-16 13:02:41 [INFO]: GET /api/user/all-users
2024-08-16 13:02:45 [INFO]: GET /api/product/all
2024-08-16 13:02:45 [INFO]: GET /api/user/alusers
2024-08-16 13:02:46 [INFO]: GET /api/product/all
2024-08-16 13:02:46 [INFO]: GET /api/user/users
2024-08-16 13:02:49 [INFO]: GET /api/product/all
2024-08-16 13:02:49 [INFO]: GET /api/user/users
2024-08-16 13:02:49 [INFO]: GET /api/product/all
2024-08-16 13:02:49 [INFO]: GET /api/user/users
2024-08-16 13:03:00 [INFO]: GET /api/product/all-products
2024-08-16 13:03:00 [INFO]: GET /api/user/all-users
2024-08-16 13:03:06 [INFO]: Server app listening on port 5000!
2024-08-16 13:03:21 [INFO]: Server app listening on port 5000!
2024-08-16 13:03:24 [INFO]: GET /api/product/all-products
2024-08-16 13:03:24 [INFO]: GET /api/user/all-users
2024-08-16 13:03:24 [INFO]: GET /api/product/all-products
2024-08-16 13:03:24 [INFO]: GET /api/user/all-users
2024-08-16 13:05:12 [INFO]: GET /api/product/all-products
2024-08-16 13:05:12 [INFO]: GET /api/user/all-users
2024-08-16 13:05:13 [INFO]: GET /api/product/all-products
2024-08-16 13:05:13 [INFO]: GET /api/user/all-users
2024-08-16 13:05:48 [INFO]: Server app listening on port 5000!
2024-08-16 13:06:06 [INFO]: GET /api/product/all-products
2024-08-16 13:06:06 [INFO]: GET /api/user/all-user
2024-08-16 13:06:07 [INFO]: GET /api/product/all-products
2024-08-16 13:06:07 [INFO]: GET /api/user/all-users
2024-08-16 13:07:47 [INFO]: GET /api/product/all-products
2024-08-16 13:07:47 [INFO]: GET /api/user/all-users
2024-08-16 13:07:49 [INFO]: GET /api/product/all-products
2024-08-16 13:07:49 [INFO]: GET /api/user/all-users
2024-08-16 13:07:49 [INFO]: GET /api/product/all-products
2024-08-16 13:07:49 [INFO]: GET /api/user/all-users
2024-08-16 13:08:27 [INFO]: Server app listening on port 5000!
2024-08-16 13:08:32 [INFO]: GET /api/product/all-products
2024-08-16 13:08:32 [INFO]: GET /api/user/all-users
2024-08-16 13:08:32 [INFO]: GET /api/product/all-products
2024-08-16 13:08:32 [INFO]: GET /api/user/all-users
2024-08-16 13:08:33 [INFO]: GET /api/product/all-products
2024-08-16 13:08:33 [INFO]: GET /api/user/all-users
2024-08-16 13:08:33 [INFO]: GET /api/product/all-products
2024-08-16 13:08:33 [INFO]: GET /api/user/all-users
2024-08-16 13:08:37 [INFO]: GET /api/product/all-products
2024-08-16 13:08:37 [INFO]: GET /api/user/all-users
2024-08-16 13:08:37 [INFO]: GET /api/product/all-products
2024-08-16 13:08:37 [INFO]: GET /api/user/all-users
2024-08-16 13:08:38 [INFO]: GET /api/product/all-products
2024-08-16 13:08:38 [INFO]: GET /api/product/all-products
2024-08-16 13:08:38 [INFO]: GET /api/user/all-users
2024-08-16 13:08:38 [INFO]: GET /api/user/all-users
2024-08-16 13:08:47 [INFO]: GET /api/product/all-products
2024-08-16 13:08:47 [INFO]: GET /api/product/all-products
2024-08-16 13:08:47 [INFO]: GET /api/user/all-users
2024-08-16 13:08:47 [INFO]: GET /api/user/all-users
2024-08-16 14:05:39 [INFO]: Server app listening on port 5000!
2024-08-16 14:05:49 [INFO]: GET /api/product/all-products
2024-08-16 14:05:49 [INFO]: GET /api/user/users/all-users
2024-08-16 14:05:51 [INFO]: GET /api/product/all-products
2024-08-16 14:05:51 [INFO]: GET /api/user/users/all-users
2024-08-16 14:05:51 [INFO]: GET /api/product/all-products
2024-08-16 14:05:51 [INFO]: GET /api/user/users/all-users
2024-08-16 14:05:57 [INFO]: GET /api/product/all-products
2024-08-16 14:05:57 [INFO]: GET /api/user/users/all-users
2024-08-16 14:05:57 [INFO]: GET /api/user/users/all-users
2024-08-16 14:05:57 [INFO]: GET /api/product/all-products
2024-08-16 14:06:01 [INFO]: DELETE /api/product/delete-all-product/seller1
2024-08-16 14:06:01 [INFO]: DELETE /api/user/users/seller1
2024-08-16 14:06:08 [INFO]: DELETE /api/product/delete-all-product/seller1
2024-08-16 14:06:08 [INFO]: DELETE /api/user/users/seller1
2024-08-16 14:06:40 [INFO]: GET /api/product/all-products
2024-08-16 14:06:40 [INFO]: GET /api/user/users/all-users
2024-08-16 14:06:40 [INFO]: GET /api/product/all-products
2024-08-16 14:06:40 [INFO]: GET /api/user/users/all-users
2024-08-16 14:06:43 [INFO]: DELETE /api/product/delete-all-product/seller1
2024-08-16 14:06:43 [INFO]: DELETE /api/user/seller1
2024-08-16 14:06:46 [INFO]: GET /api/product/all-products
2024-08-16 14:06:46 [INFO]: GET /api/user/users/all-users
2024-08-16 14:06:46 [INFO]: GET /api/product/all-products
2024-08-16 14:06:46 [INFO]: GET /api/user/users/all-users
2024-08-16 14:06:51 [INFO]: DELETE /api/product/delete-all-product/seller2
2024-08-16 14:06:51 [INFO]: DELETE /api/user/seller2
2024-08-16 14:06:54 [INFO]: GET /api/product/all-products
2024-08-16 14:06:54 [INFO]: GET /api/user/users/all-users
2024-08-16 14:06:54 [INFO]: GET /api/product/all-products
2024-08-16 14:06:54 [INFO]: GET /api/user/users/all-users
2024-08-16 14:08:53 [INFO]: POST /api/user/login
2024-08-16 14:09:15 [INFO]: POST /api/user/register
2024-08-16 14:09:29 [INFO]: POST /api/user/register
2024-08-16 14:09:34 [INFO]: POST /api/user/register
2024-08-16 14:09:40 [INFO]: POST /api/user/register
2024-08-16 14:09:45 [INFO]: POST /api/user/login
2024-08-16 14:09:53 [INFO]: POST /api/user/login
2024-08-16 14:10:03 [INFO]: POST /api/user/verifyOtp
2024-08-16 14:10:07 [INFO]: GET /api/product/user-products/seller1
2024-08-16 14:10:07 [INFO]: GET /api/product/user-products/seller1
2024-08-16 14:10:08 [INFO]: POST /api/user/verifyOtp
2024-08-16 14:10:12 [INFO]: GET /api/product/user-products/seller2
2024-08-16 14:10:12 [INFO]: GET /api/product/user-products/seller2
2024-08-16 14:10:19 [INFO]: GET /api/product/user-products/seller2
2024-08-16 14:10:19 [INFO]: GET /api/product/user-products/seller2
2024-08-16 14:10:30 [INFO]: POST /api/user/login
2024-08-16 14:10:43 [INFO]: POST /api/user/verifyOtp
2024-08-16 14:10:47 [INFO]: GET /api/product/user-products/seller1
2024-08-16 14:10:47 [INFO]: GET /api/product/user-products/seller1
2024-08-16 14:10:55 [INFO]: GET /api/product/user-products/seller1
2024-08-16 14:10:55 [INFO]: GET /api/product/user-products/seller1
2024-08-16 14:11:26 [INFO]: POST /api/product/add
2024-08-16 14:11:26 [INFO]: GET /api/product/user-products/seller1
2024-08-16 14:11:26 [INFO]: GET /api/product/user-products/seller1
2024-08-16 14:11:26 [INFO]: POST /api/product/add
2024-08-16 14:11:26 [INFO]: GET /api/product/user-products/seller1
2024-08-16 14:11:26 [INFO]: GET /api/product/user-products/seller1
2024-08-16 14:11:29 [INFO]: GET /api/product/user-products/seller1
2024-08-16 14:11:29 [INFO]: GET /api/product/user-products/seller1
2024-08-16 14:11:30 [INFO]: GET /api/product/user-products/seller1
2024-08-16 14:11:30 [INFO]: GET /api/product/user-products/seller1
2024-08-16 14:11:33 [INFO]: GET /api/product/435240
2024-08-16 14:11:33 [INFO]: GET /api/product/435240
2024-08-16 14:11:34 [INFO]: GET /api/product/user-products/seller1
2024-08-16 14:11:34 [INFO]: GET /api/product/user-products/seller1
2024-08-16 14:12:09 [INFO]: DELETE /api/product/delete/730116
2024-08-16 14:12:09 [INFO]: GET /api/product/user-products/seller1
2024-08-16 14:12:09 [INFO]: GET /api/product/user-products/seller1
2024-08-16 14:12:11 [INFO]: GET /api/product/user-products/seller1
2024-08-16 14:12:11 [INFO]: GET /api/product/user-products/seller1
2024-08-16 14:12:45 [INFO]: POST /api/user/login
2024-08-16 14:12:57 [INFO]: POST /api/user/verifyOtp
2024-08-16 14:13:01 [INFO]: GET /api/product/user-products/seller1
2024-08-16 14:13:01 [INFO]: GET /api/product/user-products/seller1
2024-08-16 14:13:16 [INFO]: POST /api/product/add
2024-08-16 14:13:16 [INFO]: GET /api/product/user-products/seller1
2024-08-16 14:13:16 [INFO]: GET /api/product/user-products/seller1
2024-08-16 14:13:26 [INFO]: POST /api/user/login
2024-08-16 14:13:55 [INFO]: POST /api/user/login
2024-08-16 14:14:22 [INFO]: POST /api/user/verifyOtp
2024-08-16 14:14:26 [INFO]: GET /api/product/user-products/seller2
2024-08-16 14:14:26 [INFO]: GET /api/product/user-products/seller2
2024-08-16 14:14:43 [INFO]: POST /api/product/add
2024-08-16 14:14:43 [INFO]: GET /api/product/user-products/seller2
2024-08-16 14:14:43 [INFO]: GET /api/product/user-products/seller2
2024-08-16 14:14:56 [INFO]: POST /api/product/add
2024-08-16 14:14:56 [INFO]: GET /api/product/user-products/seller2
2024-08-16 14:14:56 [INFO]: GET /api/product/user-products/seller2
2024-08-16 14:15:18 [INFO]: GET /api/product/all-products
2024-08-16 14:15:18 [INFO]: GET /api/user/users/all-users
2024-08-16 14:15:18 [INFO]: GET /api/product/all-products
2024-08-16 14:15:18 [INFO]: GET /api/user/users/all-users
2024-08-16 14:15:37 [INFO]: GET /api/product/seller1
2024-08-16 14:15:37 [INFO]: GET /api/product/seller1
2024-08-16 14:15:38 [INFO]: GET /api/product/all-products
2024-08-16 14:15:38 [INFO]: GET /api/product/all-products
2024-08-16 14:15:38 [INFO]: GET /api/user/users/all-users
2024-08-16 14:15:38 [INFO]: GET /api/user/users/all-users
2024-08-16 14:17:37 [INFO]: DELETE /api/user/users/admin-user
2024-08-16 14:17:39 [INFO]: GET /api/admin/users/admin-user
2024-08-16 14:17:39 [INFO]: GET /api/admin/users/admin-user
2024-08-16 14:17:40 [INFO]: GET /api/product/all-products
2024-08-16 14:17:40 [INFO]: GET /api/user/users/all-users
2024-08-16 14:17:40 [INFO]: GET /api/product/all-products
2024-08-16 14:17:40 [INFO]: GET /api/user/users/all-users
2024-08-16 14:17:43 [INFO]: GET /api/admin/users/admin-user
2024-08-16 14:17:43 [INFO]: GET /api/admin/users/admin-user
2024-08-16 14:17:45 [INFO]: GET /api/product/all-products
2024-08-16 14:17:45 [INFO]: GET /api/user/users/all-users
2024-08-16 14:17:45 [INFO]: GET /api/product/all-products
2024-08-16 14:17:45 [INFO]: GET /api/user/users/all-users
2024-08-16 14:17:51 [INFO]: GET /api/admin/users/admin-user
2024-08-16 14:17:51 [INFO]: GET /api/admin/users/admin-user
2024-08-16 14:18:27 [INFO]: GET /api/admin/use/admin-user
2024-08-16 14:18:27 [INFO]: GET /api/admin/admin-user
2024-08-16 14:18:29 [INFO]: GET /api/admin/admin-user
2024-08-16 14:18:29 [INFO]: GET /api/admin/admin-user
2024-08-16 14:18:39 [INFO]: PUT /api/admin/update/admin-user
2024-08-16 14:18:39 [INFO]: GET /api/product/all-products
2024-08-16 14:18:39 [INFO]: GET /api/user/users/all-users
2024-08-16 14:18:39 [INFO]: GET /api/product/all-products
2024-08-16 14:18:39 [INFO]: GET /api/user/users/all-users
2024-08-16 14:18:49 [INFO]: POST /api/customer/login
2024-08-16 14:19:24 [INFO]: POST /api/customer/register
2024-08-16 14:19:26 [INFO]: POST /api/customer/login
2024-08-16 14:19:38 [INFO]: POST /api/customer/verifyOtp
2024-08-16 14:19:42 [INFO]: GET /api/product/all-products
2024-08-16 14:19:42 [INFO]: GET /api/product/all-products
2024-08-16 14:19:50 [INFO]: POST /api/cart/register
2024-08-16 14:20:13 [INFO]: POST /api/cart/register
2024-08-16 14:20:26 [INFO]: GET /api/product/all-products
2024-08-16 14:20:26 [INFO]: GET /api/product/all-products
2024-08-16 14:20:29 [INFO]: GET /api/user/customer1
2024-08-16 14:20:29 [INFO]: GET /api/user/customer1
2024-08-16 14:20:30 [INFO]: GET /api/product/user-products/customer1
2024-08-16 14:20:30 [INFO]: GET /api/product/user-products/customer1
2024-08-16 14:20:34 [INFO]: GET /api/user/customer1
2024-08-16 14:20:34 [INFO]: GET /api/user/customer1
2024-08-16 14:20:35 [INFO]: GET /api/product/all-products
2024-08-16 14:20:35 [INFO]: GET /api/product/all-products
2024-08-16 14:22:18 [INFO]: GET /api/product/all-products
2024-08-16 14:22:36 [INFO]: GET /api/user/customer1
2024-08-16 14:22:36 [INFO]: GET /api/user/customer1
2024-08-16 14:22:57 [INFO]: GET /api/product/all-products
2024-08-16 14:22:57 [INFO]: GET /api/product/all-products
2024-08-16 14:23:59 [INFO]: GET /api/product/user-products/seller2
2024-08-16 14:23:59 [INFO]: GET /api/product/user-products/seller2
2024-08-16 14:23:59 [INFO]: GET /api/product/all-products
2024-08-16 14:23:59 [INFO]: GET /api/product/all-products
2024-08-16 14:24:02 [INFO]: GET /api/customer/customer1
2024-08-16 14:24:02 [INFO]: GET /api/customer/customer1
2024-08-16 14:24:08 [INFO]: GET /api/customer/customer1
2024-08-16 14:24:08 [INFO]: GET /api/customer/customer1
2024-08-16 14:24:34 [INFO]: GET /api/customer/customer1
2024-08-16 14:24:34 [INFO]: GET /api/customer/customer1
2024-08-16 14:25:23 [INFO]: Server app listening on port 5000!
2024-08-16 14:25:25 [INFO]: Server app listening on port 5000!
2024-08-16 14:25:29 [INFO]: GET /api/customer/customer1
2024-08-16 14:25:29 [INFO]: GET /api/customer/customer1
2024-08-16 14:25:36 [INFO]: GET /api/product/user-products/seller2
2024-08-16 14:25:36 [INFO]: GET /api/product/user-products/seller2
2024-08-16 14:26:08 [INFO]: GET /api/customer/customer1
2024-08-16 14:26:08 [INFO]: GET /api/customer/customer1
2024-08-16 14:26:17 [INFO]: GET /api/customer/customer1
2024-08-16 14:26:17 [INFO]: GET /api/customer/customer1
2024-08-16 14:26:30 [INFO]: GET /api/customer/customer1
2024-08-16 14:26:30 [INFO]: GET /api/customer/customer1
2024-08-16 14:26:30 [INFO]: GET /api/customer/customer1
2024-08-16 14:26:32 [INFO]: GET /api/customer/customer1
2024-08-16 14:26:32 [INFO]: GET /api/customer/customer1
2024-08-16 14:26:52 [INFO]: GET /api/customer/customer1
2024-08-16 14:26:52 [INFO]: GET /api/customer/customer1
2024-08-16 14:26:56 [INFO]: GET /api/customer/customer1
2024-08-16 14:26:56 [INFO]: GET /api/customer/customer1
2024-08-16 14:26:58 [INFO]: GET /api/customer/customer1
2024-08-16 14:26:58 [INFO]: GET /api/customer/customer1
2024-08-16 14:27:10 [INFO]: GET /api/custome/customer1
2024-08-16 14:27:11 [INFO]: GET /api/customer/customer1
2024-08-16 14:27:12 [INFO]: GET /api/custome/customer1
2024-08-16 14:27:13 [INFO]: GET /api/customer/customer1
2024-08-16 14:27:15 [INFO]: GET /api/customer/customer1
2024-08-16 14:27:18 [INFO]: GET /api/customer/customer1
2024-08-16 14:27:21 [INFO]: GET /api/customer/customer1
2024-08-16 14:27:23 [INFO]: GET /api/customer/customer1
2024-08-16 14:27:25 [INFO]: GET /api/customer/customer1
2024-08-16 14:27:25 [INFO]: GET /api/customer/customer1
2024-08-16 14:27:29 [INFO]: PUT /api/admin/update/customer1
2024-08-16 14:27:30 [INFO]: PUT /api/admin/update/customer1
2024-08-16 14:27:40 [INFO]: PUT /api/admin/update/customer1
2024-08-16 14:27:55 [INFO]: GET /api/customer/customer1
2024-08-16 14:27:56 [INFO]: GET /api/customer/customer1
2024-08-16 14:27:57 [INFO]: GET /api/customer/customer1
2024-08-16 14:28:04 [INFO]: GET /api/product/all-products
2024-08-16 14:28:04 [INFO]: GET /api/product/all-products
2024-08-16 14:28:14 [INFO]: GET /api/customer/customer1
2024-08-16 14:28:14 [INFO]: GET /api/customer/customer1
2024-08-16 14:28:17 [INFO]: GET /api/product/all-products
2024-08-16 14:28:17 [INFO]: GET /api/product/all-products
2024-08-16 14:28:20 [INFO]: GET /api/customer/customer1
2024-08-16 14:28:20 [INFO]: GET /api/customer/customer1
2024-08-16 14:28:38 [INFO]: GET /api/customer/customer1
2024-08-16 14:28:39 [INFO]: GET /api/customer/customer1
2024-08-16 14:29:15 [INFO]: PUT /api/admin/update/customer1
2024-08-16 14:29:19 [INFO]: GET /api/customer/customer1
2024-08-16 14:29:19 [INFO]: GET /api/customer/customer1
2024-08-16 14:29:24 [INFO]: PUT /api/customer/update/customer1
2024-08-16 14:29:24 [INFO]: GET /api/product/all-products
2024-08-16 14:29:24 [INFO]: GET /api/product/all-products
2024-08-16 14:29:30 [INFO]: GET /api/customer/customer1
2024-08-16 14:29:30 [INFO]: GET /api/customer/customer1
2024-08-16 14:29:36 [INFO]: PUT /api/customer/update/customer1
2024-08-16 14:29:36 [INFO]: GET /api/product/all-products
2024-08-16 14:29:36 [INFO]: GET /api/product/all-products
2024-08-16 14:29:45 [INFO]: GET /api/customer/customer1
2024-08-16 14:29:45 [INFO]: GET /api/customer/customer1
2024-08-16 14:29:48 [INFO]: PUT /api/customer/update/customer1
2024-08-16 14:29:48 [INFO]: GET /api/product/all-products
2024-08-16 14:29:48 [INFO]: GET /api/product/all-products
2024-08-16 14:31:45 [INFO]: GET /api/customer/customer1
2024-08-16 14:31:45 [INFO]: GET /api/customer/customer1
2024-08-16 14:31:46 [INFO]: GET /api/product/all-products
2024-08-16 14:31:46 [INFO]: GET /api/product/all-products
2024-08-16 14:31:50 [INFO]: GET /api/product/all-products
2024-08-16 14:31:50 [INFO]: GET /api/product/all-products
2024-08-16 14:31:58 [INFO]: POST /api/cart/register
2024-08-16 14:44:07 [INFO]: GET /api/product/all-products
2024-08-16 14:44:07 [INFO]: GET /api/product/all-products
2024-08-16 14:44:10 [INFO]: GET /api/product/all-products
2024-08-16 14:44:10 [INFO]: GET /api/product/all-products
2024-08-16 14:44:10 [INFO]: GET /api/user/users/all-users
2024-08-16 14:44:10 [INFO]: GET /api/user/users/all-users
2024-08-16 14:44:17 [INFO]: GET /api/product/all-products
2024-08-16 14:44:17 [INFO]: GET /api/product/all-products
2024-08-16 14:44:21 [INFO]: GET /api/product/all-products
2024-08-16 14:44:21 [INFO]: GET /api/product/all-products
2024-08-16 14:44:21 [INFO]: GET /api/user/users/all-users
2024-08-16 14:44:21 [INFO]: GET /api/user/users/all-users
2024-08-16 14:44:24 [INFO]: GET /api/product/all-products
2024-08-16 14:44:24 [INFO]: GET /api/product/all-products
2024-08-16 14:44:35 [INFO]: GET /api/product/all-products
2024-08-16 14:44:35 [INFO]: GET /api/user/users/all-users
2024-08-16 14:44:35 [INFO]: GET /api/product/all-products
2024-08-16 14:44:35 [INFO]: GET /api/user/users/all-users
2024-08-16 14:44:48 [INFO]: GET /api/product/all-products
2024-08-16 14:44:48 [INFO]: GET /api/user/users/all-users
2024-08-16 14:44:50 [INFO]: GET /api/product/all-products
2024-08-16 14:44:50 [INFO]: GET /api/user/users/all-users
2024-08-16 14:45:02 [INFO]: GET /api/product/all-products
2024-08-16 14:45:02 [INFO]: GET /api/user/users/all-users
2024-08-16 14:45:09 [INFO]: GET /api/product/all-products
2024-08-16 14:45:09 [INFO]: GET /api/user/users/all-users
2024-08-16 14:45:16 [INFO]: GET /api/product/all-products
2024-08-16 14:45:16 [INFO]: GET /api/user/users/all-users
2024-08-16 14:45:17 [INFO]: GET /api/product/all-products
2024-08-16 14:45:17 [INFO]: GET /api/user/users/all-users
2024-08-16 14:45:21 [INFO]: GET /api/product/all-products
2024-08-16 14:45:21 [INFO]: GET /api/product/all-products
2024-08-16 14:45:28 [INFO]: GET /api/product/all-products
2024-08-16 14:45:28 [INFO]: GET /api/user/users/all-users
2024-08-16 14:45:28 [INFO]: GET /api/product/all-products
2024-08-16 14:45:28 [INFO]: GET /api/user/users/all-users
2024-08-16 14:45:44 [INFO]: GET /api/product/all-products
2024-08-16 14:45:44 [INFO]: GET /api/user/users/all-users
2024-08-16 14:45:49 [INFO]: GET /api/product/all-products
2024-08-16 14:45:49 [INFO]: GET /api/user/users/all-users
2024-08-16 14:45:52 [INFO]: GET /api/product/all-products
2024-08-16 14:45:52 [INFO]: GET /api/user/users/all-users
2024-08-16 14:46:09 [INFO]: GET /api/product/all-products
2024-08-16 14:46:09 [INFO]: GET /api/user/users/all-users
2024-08-16 14:46:13 [INFO]: GET /api/product/all-products
2024-08-16 14:46:13 [INFO]: GET /api/user/users/all-users
2024-08-16 14:46:17 [INFO]: GET /api/product/all-products
2024-08-16 14:46:17 [INFO]: GET /api/user/users/all-users
2024-08-16 14:46:19 [INFO]: GET /api/product/all-products
2024-08-16 14:46:19 [INFO]: GET /api/product/all-products
2024-08-16 14:48:23 [INFO]: GET /api/customer/customer1
2024-08-16 14:48:23 [INFO]: GET /api/customer/customer1
2024-08-16 14:48:24 [INFO]: GET /api/product/all-products
2024-08-16 14:48:24 [INFO]: GET /api/product/all-products
2024-08-16 14:48:47 [INFO]: GET /api/product/all-products
2024-08-16 14:48:47 [INFO]: GET /api/product/all-products
2024-08-16 14:52:02 [INFO]: GET /api/product/all-products
2024-08-16 14:52:02 [INFO]: GET /api/user/users/all-users
2024-08-16 14:52:02 [INFO]: GET /api/product/all-products
2024-08-16 14:52:02 [INFO]: GET /api/user/users/all-users
2024-08-16 14:52:04 [INFO]: GET /api/product/all-products
2024-08-16 14:52:04 [INFO]: GET /api/user/users/all-users
2024-08-16 14:52:09 [INFO]: GET /api/product/all-products
2024-08-16 14:52:09 [INFO]: GET /api/user/users/all-users
2024-08-16 14:53:31 [INFO]: GET /api/product/all-products
2024-08-16 14:53:31 [INFO]: GET /api/product/all-products
2024-08-16 14:53:34 [INFO]: GET /api/customer/customer1
2024-08-16 14:53:34 [INFO]: GET /api/customer/customer1
2024-08-16 14:53:36 [INFO]: GET /api/product/all-products
2024-08-16 14:53:36 [INFO]: GET /api/product/all-products
2024-08-16 14:56:35 [INFO]: GET /api/product/all-products
2024-08-16 14:56:35 [INFO]: GET /api/product/all-products
2024-08-16 15:04:32 [INFO]: Server app listening on port 5000!
2024-08-16 15:10:27 [INFO]: GET /api/product/all-products
2024-08-16 15:10:27 [INFO]: GET /api/product/all-products
2024-08-16 15:12:15 [INFO]: GET /api/cart/customer1
2024-08-16 15:12:15 [INFO]: GET /api/cart/customer1
2024-08-16 15:12:19 [INFO]: GET /api/cart/undefined
2024-08-16 15:12:19 [INFO]: GET /api/cart/undefined
2024-08-16 15:13:20 [INFO]: GET /api/cart/undefined
2024-08-16 15:13:26 [INFO]: GET /api/cart/customer1
2024-08-16 15:13:28 [INFO]: GET /api/cart/undefined
2024-08-16 15:13:28 [INFO]: GET /api/cart/undefined
2024-08-16 15:13:43 [INFO]: GET /api/cart/customer1
2024-08-16 15:13:52 [INFO]: GET /api/cart/customer1
2024-08-16 15:14:04 [INFO]: GET /api/cart/customer1
2024-08-16 15:14:04 [INFO]: GET /api/cart/customer1
2024-08-16 15:14:18 [INFO]: GET /api/cart/customer1
2024-08-16 15:14:25 [INFO]: GET /api/cart/customer1
2024-08-16 15:14:25 [INFO]: GET /api/cart/customer1
2024-08-16 15:17:18 [INFO]: Server app listening on port 5000!
2024-08-16 15:17:25 [INFO]: GET /api/cart/customer1
2024-08-16 15:17:25 [INFO]: GET /api/cart/customer1
2024-08-16 15:17:46 [INFO]: GET /api/cart/customer1
2024-08-16 15:17:51 [INFO]: GET /api/cart/customer1
2024-08-16 15:17:51 [INFO]: GET /api/cart/customer1
2024-08-16 15:17:52 [INFO]: GET /api/cart/customer1
2024-08-16 15:17:52 [INFO]: GET /api/cart/customer1
2024-08-16 15:17:57 [INFO]: GET /api/cart/customer1
2024-08-16 15:17:57 [INFO]: GET /api/cart/customer1
2024-08-16 15:18:02 [INFO]: GET /api/cart/customer1
2024-08-16 15:18:02 [INFO]: GET /api/cart/customer1
2024-08-16 15:18:04 [INFO]: GET /api/cart/customer1
2024-08-16 15:18:07 [INFO]: GET /api/cart/undefined
2024-08-16 15:18:07 [INFO]: GET /api/cart/undefined
2024-08-16 15:18:15 [INFO]: GET /api/cart/customer1
2024-08-16 15:18:15 [INFO]: GET /api/cart/customer1
2024-08-16 15:18:15 [INFO]: GET /api/cart/customer1
2024-08-16 15:18:17 [INFO]: GET /api/cart/customer1
2024-08-16 15:18:17 [INFO]: GET /api/cart/customer1
2024-08-16 15:18:55 [INFO]: Server app listening on port 5000!
2024-08-16 15:19:00 [INFO]: GET /api/cart/customer1
2024-08-16 15:19:00 [INFO]: GET /api/cart/customer1
2024-08-16 15:19:47 [INFO]: Server app listening on port 5000!
2024-08-16 15:19:50 [INFO]: Server app listening on port 5000!
2024-08-16 15:19:52 [INFO]: GET /api/cart/customer1
2024-08-16 15:19:52 [INFO]: GET /api/cart/customer1
2024-08-16 15:24:28 [INFO]: Server app listening on port 5000!
2024-08-16 15:24:37 [INFO]: GET /api/cart/customer1
2024-08-16 15:24:37 [INFO]: GET /api/cart/customer1
2024-08-16 15:25:21 [INFO]: GET /api/cart/customer1
2024-08-16 15:25:29 [INFO]: GET /api/cart/customer1
2024-08-16 15:25:38 [INFO]: GET /api/cart/customer1
2024-08-16 15:25:56 [INFO]: GET /api/cart/customer1
2024-08-16 15:25:56 [INFO]: GET /api/cart/customer1
2024-08-16 15:25:57 [INFO]: GET /api/cart/customer1
2024-08-16 15:26:04 [INFO]: GET /api/cart/customer1
2024-08-16 15:26:06 [INFO]: GET /api/cart/customer1
2024-08-16 15:26:10 [INFO]: GET /api/cart/customer1
2024-08-16 15:26:12 [INFO]: GET /api/cart/customer1
2024-08-16 15:26:20 [INFO]: GET /api/cart/customer1
2024-08-16 15:26:21 [INFO]: GET /api/cart/customer1
2024-08-16 15:26:30 [INFO]: GET /api/cart/customer1
2024-08-16 15:26:31 [INFO]: GET /api/cart/customer1
2024-08-16 15:26:34 [INFO]: GET /api/cart/customer1
2024-08-16 15:26:34 [INFO]: GET /api/cart/customer1
2024-08-16 15:26:40 [INFO]: GET /api/cart/customer1
2024-08-16 15:26:54 [INFO]: GET /api/cart/customer1
2024-08-16 15:27:09 [INFO]: GET /api/cart/customer1
2024-08-16 15:27:09 [INFO]: GET /api/cart/customer1
2024-08-16 15:27:17 [INFO]: GET /api/cart/customer1
2024-08-16 15:27:17 [INFO]: GET /api/cart/customer1
2024-08-16 15:27:19 [INFO]: GET /api/cart/customer1
2024-08-16 15:27:19 [INFO]: GET /api/cart/customer1
2024-08-16 15:27:25 [INFO]: GET /api/cart/customer1
2024-08-16 15:27:29 [INFO]: GET /api/cart/customer1
2024-08-16 15:27:49 [INFO]: GET /api/cart/customer1
2024-08-16 15:27:49 [INFO]: GET /api/cart/customer1
2024-08-16 15:27:49 [INFO]: GET /api/cart/customer1
2024-08-16 15:27:49 [INFO]: GET /api/cart/customer1
2024-08-16 15:27:49 [INFO]: GET /api/cart/customer1
2024-08-16 15:27:49 [INFO]: GET /api/cart/customer1
2024-08-16 15:27:49 [INFO]: GET /api/cart/customer1
2024-08-16 15:27:49 [INFO]: GET /api/cart/customer1
2024-08-16 15:28:02 [INFO]: GET /api/cart/customer1
2024-08-16 15:29:06 [INFO]: GET /api/cart/customer1
2024-08-16 15:29:06 [INFO]: GET /api/cart/customer1
2024-08-16 15:29:10 [INFO]: GET /api/cart/customer1
2024-08-16 15:29:11 [INFO]: GET /api/cart/customer1
2024-08-16 15:29:11 [INFO]: GET /api/cart/customer1
2024-08-16 15:29:15 [INFO]: GET /api/cart/customer1
2024-08-16 15:29:16 [INFO]: GET /api/cart/customer1
2024-08-16 15:29:22 [INFO]: GET /api/cart/customer1
2024-08-16 15:29:22 [INFO]: GET /api/cart/customer1
2024-08-16 15:29:38 [INFO]: GET /api/cart/customer1
2024-08-16 15:29:40 [INFO]: GET /api/cart/customer1
2024-08-16 15:29:58 [INFO]: GET /api/cart/$%7BuserName%7D
2024-08-16 15:30:13 [INFO]: GET /api/cart/customer1
2024-08-16 15:30:36 [INFO]: GET /api/cart/undefined
2024-08-16 15:30:36 [INFO]: GET /api/cart/undefined
2024-08-16 15:30:59 [INFO]: GET /api/cart/customer1
2024-08-16 15:31:03 [INFO]: GET /api/cart/customer1
2024-08-16 15:31:07 [INFO]: GET /api/cart/customer1
2024-08-16 15:31:07 [INFO]: GET /api/cart/customer1
2024-08-16 15:31:09 [INFO]: GET /api/cart/customer1
2024-08-16 15:31:09 [INFO]: GET /api/cart/customer1
2024-08-16 15:32:41 [INFO]: GET /api/cart/customer1
2024-08-16 15:32:42 [INFO]: GET /api/cart/customer1
2024-08-16 15:32:52 [INFO]: GET /api/cart/customer1
2024-08-16 15:32:52 [INFO]: GET /api/cart/customer1
2024-08-16 15:34:43 [INFO]: GET /api/cart/customer1
2024-08-16 15:34:59 [INFO]: GET /api/cart/customer1
2024-08-16 15:35:06 [INFO]: GET /api/cart/customer1
2024-08-16 15:35:07 [INFO]: GET /api/cart/customer1
2024-08-16 15:35:10 [INFO]: GET /api/cart/customer1
2024-08-16 15:35:11 [INFO]: GET /api/cart/customer1
2024-08-16 15:36:28 [INFO]: GET /api/cart/customer1
2024-08-16 15:36:28 [INFO]: GET /api/cart/customer1
2024-08-16 15:36:30 [INFO]: GET /api/cart/customer1
2024-08-16 15:36:30 [INFO]: GET /api/cart/customer1
2024-08-16 15:36:39 [INFO]: GET /api/cart/customer1
2024-08-16 15:36:39 [INFO]: GET /api/cart/customer1
2024-08-16 15:37:38 [INFO]: GET /api/cart/customer1
2024-08-16 15:38:20 [INFO]: GET /api/cart/customer1
2024-08-16 15:38:28 [INFO]: GET /api/cart/customer1
2024-08-16 15:39:03 [INFO]: GET /api/cart/customer1
2024-08-16 15:39:03 [INFO]: GET /api/cart/customer1
2024-08-16 15:39:20 [INFO]: GET /api/cart/customer1
2024-08-16 15:39:21 [INFO]: GET /api/cart/customer1
2024-08-16 15:39:21 [INFO]: GET /api/cart/customer1
2024-08-16 15:39:22 [INFO]: GET /api/cart/customer1
2024-08-16 15:39:22 [INFO]: GET /api/cart/customer1
2024-08-16 15:39:37 [INFO]: GET /api/cart/customer1
2024-08-16 15:39:37 [INFO]: GET /api/cart/customer1
2024-08-16 15:40:06 [INFO]: GET /api/cart/customer1
2024-08-16 15:40:07 [INFO]: GET /api/cart/customer1
2024-08-16 15:40:31 [INFO]: GET /api/cart/customer1
2024-08-16 15:40:32 [INFO]: GET /api/cart/customer1
2024-08-16 15:40:34 [INFO]: GET /api/cart/customer1
2024-08-16 15:40:37 [INFO]: GET /api/cart/customer1
2024-08-16 15:40:38 [INFO]: GET /api/cart/customer1
2024-08-16 15:40:41 [INFO]: GET /api/cart/customer1
2024-08-16 15:40:45 [INFO]: GET /api/cart/customer1
2024-08-16 15:40:48 [INFO]: GET /api/cart/customer1
2024-08-16 15:40:49 [INFO]: GET /api/cart/customer1
2024-08-16 15:40:51 [INFO]: GET /api/cart/customer1
2024-08-16 15:40:51 [INFO]: GET /api/cart/customer1
2024-08-16 15:41:31 [INFO]: GET /api/cart/customer1
2024-08-16 15:41:32 [INFO]: GET /api/cart/customer1
2024-08-16 15:41:36 [INFO]: GET /api/cart/customer1
2024-08-16 15:41:38 [INFO]: GET /api/cart/customer1
2024-08-16 15:42:24 [INFO]: GET /api/cart/customer1
2024-08-16 15:42:26 [INFO]: GET /api/cart/customer1
2024-08-16 15:42:29 [INFO]: GET /api/cart/customer1
2024-08-16 15:42:30 [INFO]: GET /api/cart/customer1
2024-08-16 15:42:33 [INFO]: GET /api/cart/customer1
2024-08-16 15:42:34 [INFO]: GET /api/cart/customer1
2024-08-16 15:42:38 [INFO]: GET /api/cart/customer1
2024-08-16 15:42:39 [INFO]: GET /api/cart/customer1
2024-08-16 15:42:41 [INFO]: GET /api/cart/customer1
2024-08-16 15:43:10 [INFO]: GET /api/cart/customer1
2024-08-16 15:43:20 [INFO]: GET /api/cart/customer1
2024-08-16 15:43:20 [INFO]: GET /api/cart/customer1
2024-08-16 15:44:21 [INFO]: GET /api/cart/customer1
2024-08-16 15:44:21 [INFO]: GET /api/cart/customer1
2024-08-16 15:44:22 [INFO]: GET /api/cart/customer1
2024-08-16 15:44:22 [INFO]: GET /api/cart/customer1
2024-08-16 15:44:22 [INFO]: GET /api/cart/customer1
2024-08-16 15:44:22 [INFO]: GET /api/cart/customer1
2024-08-16 15:44:22 [INFO]: GET /api/cart/customer1
2024-08-16 15:44:22 [INFO]: GET /api/cart/customer1
2024-08-16 15:44:22 [INFO]: GET /api/cart/customer1
2024-08-16 15:44:22 [INFO]: GET /api/cart/customer1
2024-08-16 15:44:22 [INFO]: GET /api/cart/customer1
2024-08-16 15:44:22 [INFO]: GET /api/cart/customer1
2024-08-16 15:44:22 [INFO]: GET /api/cart/customer1
2024-08-16 15:44:22 [INFO]: GET /api/cart/customer1
2024-08-16 15:44:22 [INFO]: GET /api/cart/customer1
2024-08-16 15:44:22 [INFO]: GET /api/cart/customer1
2024-08-16 15:44:22 [INFO]: GET /api/cart/customer1
2024-08-16 15:44:22 [INFO]: GET /api/cart/customer1
2024-08-16 15:44:22 [INFO]: GET /api/cart/customer1
2024-08-16 15:44:22 [INFO]: GET /api/cart/customer1
2024-08-16 15:44:22 [INFO]: GET /api/cart/customer1
2024-08-16 15:44:22 [INFO]: GET /api/cart/customer1
2024-08-16 15:44:23 [INFO]: GET /api/cart/customer1
2024-08-16 15:44:23 [INFO]: GET /api/cart/customer1
2024-08-16 15:44:54 [INFO]: GET /api/cart/customer1
2024-08-16 15:44:54 [INFO]: GET /api/cart/customer1
2024-08-16 15:44:54 [INFO]: GET /api/cart/customer1
2024-08-16 15:44:54 [INFO]: GET /api/cart/customer1
2024-08-16 15:44:54 [INFO]: GET /api/cart/customer1
2024-08-16 15:44:54 [INFO]: GET /api/cart/customer1
2024-08-16 15:44:54 [INFO]: GET /api/cart/customer1
2024-08-16 15:44:54 [INFO]: GET /api/cart/customer1
2024-08-16 15:44:54 [INFO]: GET /api/cart/customer1
2024-08-16 15:44:54 [INFO]: GET /api/cart/customer1
2024-08-16 15:44:54 [INFO]: GET /api/cart/customer1
2024-08-16 15:44:54 [INFO]: GET /api/cart/customer1
2024-08-16 15:44:55 [INFO]: GET /api/cart/customer1
2024-08-16 15:44:55 [INFO]: GET /api/cart/customer1
2024-08-16 15:45:09 [INFO]: POST /api/admin/login
2024-08-16 15:45:22 [INFO]: POST /api/admin/verifyOtp
2024-08-16 15:45:26 [INFO]: GET /api/product/all-products
2024-08-16 15:45:26 [INFO]: GET /api/user/users/all-users
2024-08-16 15:45:26 [INFO]: GET /api/product/all-products
2024-08-16 15:45:26 [INFO]: GET /api/user/users/all-users
2024-08-16 15:47:54 [INFO]: GET /api/cart/customer1
2024-08-16 15:47:59 [INFO]: GET /api/cart/customer1
2024-08-16 15:48:00 [INFO]: GET /api/cart/customer1
2024-08-16 15:48:02 [INFO]: GET /api/cart/customer1
2024-08-16 15:48:02 [INFO]: GET /api/cart/customer1
2024-08-16 15:48:07 [INFO]: GET /api/cart/customer1
2024-08-16 15:48:08 [INFO]: GET /api/cart/customer1
2024-08-16 15:48:58 [INFO]: GET /api/cart/customer1
2024-08-16 15:49:17 [INFO]: GET /api/cart/customer1
2024-08-16 15:49:17 [INFO]: GET /api/cart/customer1
2024-08-16 15:49:29 [INFO]: GET /api/product/all-products
2024-08-16 15:49:29 [INFO]: GET /api/product/all-products
2024-08-16 15:49:37 [INFO]: GET /api/customer/customer1
2024-08-16 15:49:37 [INFO]: GET /api/customer/customer1
2024-08-16 15:49:38 [INFO]: GET /api/product/all-products
2024-08-16 15:49:38 [INFO]: GET /api/product/all-products
2024-08-16 15:49:41 [INFO]: GET /api/cart/customer1
2024-08-16 15:49:41 [INFO]: GET /api/cart/customer1
2024-08-16 15:51:35 [INFO]: GET /api/cart/customer1
2024-08-16 15:51:35 [INFO]: GET /api/cart/customer1
2024-08-16 15:51:39 [INFO]: GET /api/cart/customer1
2024-08-16 15:51:39 [INFO]: GET /api/cart/customer1
2024-08-16 15:52:24 [INFO]: GET /api/cart/customer1
2024-08-16 15:52:24 [INFO]: GET /api/cart/customer1
2024-08-16 15:53:00 [INFO]: GET /api/cart/customer1
2024-08-16 15:53:04 [INFO]: GET /api/cart/customer1
2024-08-16 15:53:06 [INFO]: GET /api/cart/customer1
2024-08-16 15:53:06 [INFO]: GET /api/cart/customer1
2024-08-16 15:53:06 [INFO]: GET /api/cart/customer1
2024-08-16 15:53:10 [INFO]: GET /api/cart/customer1
2024-08-16 15:53:11 [INFO]: GET /api/cart/customer1
2024-08-16 15:54:12 [INFO]: GET /api/cart/customer1
2024-08-16 15:54:12 [INFO]: GET /api/cart/customer1
2024-08-16 15:54:14 [INFO]: GET /api/cart/customer1
2024-08-16 15:54:14 [INFO]: GET /api/cart/customer1
2024-08-16 15:55:47 [INFO]: GET /api/cart/customer1
2024-08-16 15:55:47 [INFO]: GET /api/cart/customer1
2024-08-16 15:56:01 [INFO]: GET /api/cart/customer1
2024-08-16 15:56:01 [INFO]: GET /api/cart/customer1
2024-08-16 16:02:29 [INFO]: GET /api/cart/customer1
2024-08-16 16:02:29 [INFO]: GET /api/cart/customer1
2024-08-16 16:02:34 [INFO]: GET /api/cart/customer1
2024-08-16 16:02:34 [INFO]: GET /api/cart/customer1
2024-08-16 16:03:09 [INFO]: GET /api/cart/customer1
2024-08-16 16:03:09 [INFO]: GET /api/cart/customer1
2024-08-16 16:03:12 [INFO]: GET /api/product/undefined
2024-08-16 16:03:12 [INFO]: GET /api/product/undefined
2024-08-16 16:03:12 [INFO]: GET /api/product/undefined
2024-08-16 16:03:14 [INFO]: GET /api/product/435240
2024-08-16 16:03:14 [INFO]: GET /api/product/363701
2024-08-16 16:03:14 [INFO]: GET /api/product/469108
2024-08-16 16:03:17 [INFO]: GET /api/cart/customer1
2024-08-16 16:03:17 [INFO]: GET /api/cart/customer1
2024-08-16 16:03:17 [INFO]: GET /api/product/435240
2024-08-16 16:03:17 [INFO]: GET /api/product/363701
2024-08-16 16:03:17 [INFO]: GET /api/product/469108
2024-08-16 16:03:17 [INFO]: GET /api/product/435240
2024-08-16 16:03:17 [INFO]: GET /api/product/363701
2024-08-16 16:03:17 [INFO]: GET /api/product/469108
2024-08-16 16:03:17 [INFO]: GET /api/product/435240
2024-08-16 16:03:17 [INFO]: GET /api/product/363701
2024-08-16 16:03:17 [INFO]: GET /api/product/469108
2024-08-16 16:03:39 [INFO]: GET /api/product/435240
2024-08-16 16:03:39 [INFO]: GET /api/product/469108
2024-08-16 16:03:39 [INFO]: GET /api/product/363701
2024-08-16 16:03:41 [INFO]: GET /api/cart/customer1
2024-08-16 16:03:41 [INFO]: GET /api/cart/customer1
2024-08-16 16:03:41 [INFO]: GET /api/product/435240
2024-08-16 16:03:41 [INFO]: GET /api/product/363701
2024-08-16 16:03:41 [INFO]: GET /api/product/469108
2024-08-16 16:03:41 [INFO]: GET /api/product/435240
2024-08-16 16:03:41 [INFO]: GET /api/product/469108
2024-08-16 16:03:41 [INFO]: GET /api/product/363701
2024-08-16 16:03:56 [INFO]: GET /api/product/435240
2024-08-16 16:03:56 [INFO]: GET /api/product/363701
2024-08-16 16:03:56 [INFO]: GET /api/product/469108
2024-08-16 16:03:59 [INFO]: GET /api/product/435240
2024-08-16 16:03:59 [INFO]: GET /api/product/363701
2024-08-16 16:03:59 [INFO]: GET /api/product/469108
2024-08-16 16:04:01 [INFO]: GET /api/product/435240
2024-08-16 16:04:01 [INFO]: GET /api/product/363701
2024-08-16 16:04:01 [INFO]: GET /api/product/469108
2024-08-16 16:04:07 [INFO]: GET /api/cart/customer1
2024-08-16 16:04:07 [INFO]: GET /api/cart/customer1
2024-08-16 16:04:07 [INFO]: GET /api/product/435240
2024-08-16 16:04:07 [INFO]: GET /api/product/363701
2024-08-16 16:04:07 [INFO]: GET /api/product/469108
2024-08-16 16:04:07 [INFO]: GET /api/product/435240
2024-08-16 16:04:07 [INFO]: GET /api/product/363701
2024-08-16 16:04:07 [INFO]: GET /api/product/469108
2024-08-16 16:04:55 [INFO]: GET /api/cart/customer1
2024-08-16 16:04:55 [INFO]: GET /api/cart/customer1
2024-08-16 16:04:55 [INFO]: GET /api/product/435240
2024-08-16 16:04:55 [INFO]: GET /api/product/363701
2024-08-16 16:04:55 [INFO]: GET /api/product/435240
2024-08-16 16:04:55 [INFO]: GET /api/product/363701
2024-08-16 16:04:55 [INFO]: GET /api/product/469108
2024-08-16 16:04:55 [INFO]: GET /api/product/469108
2024-08-16 16:05:01 [INFO]: GET /api/product/435240
2024-08-16 16:05:01 [INFO]: GET /api/product/469108
2024-08-16 16:05:01 [INFO]: GET /api/product/363701
2024-08-16 16:05:02 [INFO]: GET /api/cart/customer1
2024-08-16 16:05:02 [INFO]: GET /api/cart/customer1
2024-08-16 16:05:02 [INFO]: GET /api/product/435240
2024-08-16 16:05:02 [INFO]: GET /api/product/363701
2024-08-16 16:05:02 [INFO]: GET /api/product/469108
2024-08-16 16:05:02 [INFO]: GET /api/product/435240
2024-08-16 16:05:02 [INFO]: GET /api/product/363701
2024-08-16 16:05:02 [INFO]: GET /api/product/469108
2024-08-16 16:05:10 [INFO]: GET /api/product/435240
2024-08-16 16:05:10 [INFO]: GET /api/product/363701
2024-08-16 16:05:10 [INFO]: GET /api/product/469108
2024-08-16 16:05:10 [INFO]: GET /api/product/435240
2024-08-16 16:05:10 [INFO]: GET /api/product/363701
2024-08-16 16:05:10 [INFO]: GET /api/product/469108
2024-08-16 16:05:12 [INFO]: GET /api/cart/customer1
2024-08-16 16:05:12 [INFO]: GET /api/cart/customer1
2024-08-16 16:05:12 [INFO]: GET /api/product/435240
2024-08-16 16:05:12 [INFO]: GET /api/product/363701
2024-08-16 16:05:12 [INFO]: GET /api/product/469108
2024-08-16 16:05:12 [INFO]: GET /api/product/435240
2024-08-16 16:05:12 [INFO]: GET /api/product/363701
2024-08-16 16:05:12 [INFO]: GET /api/product/469108
2024-08-16 16:05:35 [INFO]: GET /api/product/435240
2024-08-16 16:05:35 [INFO]: GET /api/product/363701
2024-08-16 16:05:35 [INFO]: GET /api/product/469108
2024-08-16 16:05:55 [INFO]: GET /api/product/435240
2024-08-16 16:05:55 [INFO]: GET /api/product/363701
2024-08-16 16:05:55 [INFO]: GET /api/product/469108
2024-08-16 16:06:00 [INFO]: GET /api/product/435240
2024-08-16 16:06:00 [INFO]: GET /api/product/363701
2024-08-16 16:06:00 [INFO]: GET /api/product/469108
2024-08-16 16:07:56 [INFO]: GET /api/cart/customer1
2024-08-16 16:07:56 [INFO]: GET /api/cart/customer1
2024-08-16 16:07:56 [INFO]: GET /api/product/435240
2024-08-16 16:07:56 [INFO]: GET /api/product/363701
2024-08-16 16:07:56 [INFO]: GET /api/product/469108
2024-08-16 16:07:56 [INFO]: GET /api/product/435240
2024-08-16 16:07:56 [INFO]: GET /api/product/363701
2024-08-16 16:07:56 [INFO]: GET /api/product/469108
2024-08-16 16:08:26 [INFO]: GET /api/cart/customer1
2024-08-16 16:08:34 [INFO]: GET /api/product/435240
2024-08-16 16:08:34 [INFO]: GET /api/product/363701
2024-08-16 16:08:34 [INFO]: GET /api/product/469108
2024-08-16 16:08:52 [INFO]: GET /api/product/435240
2024-08-16 16:08:52 [INFO]: GET /api/product/363701
2024-08-16 16:08:52 [INFO]: GET /api/product/469108
2024-08-16 16:08:53 [INFO]: GET /api/product/435240
2024-08-16 16:08:53 [INFO]: GET /api/product/363701
2024-08-16 16:08:53 [INFO]: GET /api/product/469108
2024-08-16 16:08:54 [INFO]: GET /api/product/435240
2024-08-16 16:08:54 [INFO]: GET /api/product/363701
2024-08-16 16:08:54 [INFO]: GET /api/product/469108
2024-08-16 16:09:02 [INFO]: GET /api/product/435240
2024-08-16 16:09:02 [INFO]: GET /api/product/469108
2024-08-16 16:09:02 [INFO]: GET /api/product/363701
2024-08-16 16:09:13 [INFO]: GET /api/product/435240
2024-08-16 16:09:13 [INFO]: GET /api/product/363701
2024-08-16 16:09:13 [INFO]: GET /api/product/469108
2024-08-16 16:09:18 [INFO]: GET /api/product/435240
2024-08-16 16:09:18 [INFO]: GET /api/product/363701
2024-08-16 16:09:18 [INFO]: GET /api/product/469108
2024-08-16 16:09:21 [INFO]: GET /api/product/435240
2024-08-16 16:09:21 [INFO]: GET /api/product/363701
2024-08-16 16:09:21 [INFO]: GET /api/product/469108
2024-08-16 16:09:21 [INFO]: GET /api/product/435240
2024-08-16 16:09:21 [INFO]: GET /api/product/363701
2024-08-16 16:09:21 [INFO]: GET /api/product/469108
2024-08-16 16:10:05 [INFO]: GET /api/product/435240
2024-08-16 16:10:05 [INFO]: GET /api/product/363701
2024-08-16 16:10:05 [INFO]: GET /api/product/469108
2024-08-16 16:10:06 [INFO]: GET /api/product/435240
2024-08-16 16:10:06 [INFO]: GET /api/product/363701
2024-08-16 16:10:06 [INFO]: GET /api/product/469108
2024-08-16 16:10:06 [INFO]: GET /api/product/435240
2024-08-16 16:10:06 [INFO]: GET /api/product/363701
2024-08-16 16:10:06 [INFO]: GET /api/product/469108
2024-08-16 16:10:07 [INFO]: GET /api/product/435240
2024-08-16 16:10:07 [INFO]: GET /api/product/363701
2024-08-16 16:10:07 [INFO]: GET /api/product/469108
2024-08-16 16:10:12 [INFO]: GET /api/product/435240
2024-08-16 16:10:12 [INFO]: GET /api/product/469108
2024-08-16 16:10:12 [INFO]: GET /api/product/363701
2024-08-16 16:10:22 [INFO]: GET /api/product/435240
2024-08-16 16:10:22 [INFO]: GET /api/product/469108
2024-08-16 16:10:22 [INFO]: GET /api/product/363701
2024-08-16 16:10:23 [INFO]: GET /api/product/435240
2024-08-16 16:10:23 [INFO]: GET /api/product/363701
2024-08-16 16:10:23 [INFO]: GET /api/product/469108
2024-08-16 16:10:24 [INFO]: GET /api/product/435240
2024-08-16 16:10:24 [INFO]: GET /api/product/363701
2024-08-16 16:10:24 [INFO]: GET /api/product/469108
2024-08-16 16:10:30 [INFO]: GET /api/product/435240
2024-08-16 16:10:30 [INFO]: GET /api/product/363701
2024-08-16 16:10:30 [INFO]: GET /api/product/469108
2024-08-16 16:10:32 [INFO]: GET /api/product/435240
2024-08-16 16:10:32 [INFO]: GET /api/product/363701
2024-08-16 16:10:32 [INFO]: GET /api/product/469108
2024-08-16 16:10:33 [INFO]: GET /api/product/435240
2024-08-16 16:10:33 [INFO]: GET /api/product/363701
2024-08-16 16:10:33 [INFO]: GET /api/product/469108
2024-08-16 16:10:34 [INFO]: GET /api/product/435240
2024-08-16 16:10:34 [INFO]: GET /api/product/363701
2024-08-16 16:10:34 [INFO]: GET /api/product/469108
2024-08-16 16:10:35 [INFO]: GET /api/product/435240
2024-08-16 16:10:35 [INFO]: GET /api/product/363701
2024-08-16 16:10:35 [INFO]: GET /api/product/469108
2024-08-16 16:10:36 [INFO]: GET /api/product/435240
2024-08-16 16:10:36 [INFO]: GET /api/product/363701
2024-08-16 16:10:36 [INFO]: GET /api/product/469108
2024-08-16 16:10:37 [INFO]: GET /api/product/435240
2024-08-16 16:10:37 [INFO]: GET /api/product/363701
2024-08-16 16:10:37 [INFO]: GET /api/product/469108
2024-08-16 16:10:40 [INFO]: GET /api/product/435240
2024-08-16 16:10:40 [INFO]: GET /api/product/363701
2024-08-16 16:10:40 [INFO]: GET /api/product/469108
2024-08-16 16:10:43 [INFO]: GET /api/product/435240
2024-08-16 16:10:43 [INFO]: GET /api/product/363701
2024-08-16 16:10:43 [INFO]: GET /api/product/469108
2024-08-16 16:10:45 [INFO]: GET /api/product/435240
2024-08-16 16:10:45 [INFO]: GET /api/product/363701
2024-08-16 16:10:45 [INFO]: GET /api/product/469108
2024-08-16 16:10:53 [INFO]: GET /api/product/435240
2024-08-16 16:10:53 [INFO]: GET /api/product/363701
2024-08-16 16:10:53 [INFO]: GET /api/product/469108
2024-08-16 16:10:55 [INFO]: GET /api/cart/customer1
2024-08-16 16:10:55 [INFO]: GET /api/cart/customer1
2024-08-16 16:10:55 [INFO]: GET /api/product/435240
2024-08-16 16:10:55 [INFO]: GET /api/product/363701
2024-08-16 16:10:55 [INFO]: GET /api/product/469108
2024-08-16 16:10:55 [INFO]: GET /api/product/435240
2024-08-16 16:10:55 [INFO]: GET /api/product/363701
2024-08-16 16:10:55 [INFO]: GET /api/product/469108
2024-08-16 16:10:59 [INFO]: GET /api/product/all-products
2024-08-16 16:10:59 [INFO]: GET /api/product/all-products
2024-08-16 16:11:02 [INFO]: GET /api/cart/customer1
2024-08-16 16:11:02 [INFO]: GET /api/cart/customer1
2024-08-16 16:11:02 [INFO]: GET /api/product/435240
2024-08-16 16:11:02 [INFO]: GET /api/product/469108
2024-08-16 16:11:02 [INFO]: GET /api/product/363701
2024-08-16 16:11:02 [INFO]: GET /api/product/435240
2024-08-16 16:11:02 [INFO]: GET /api/product/469108
2024-08-16 16:11:02 [INFO]: GET /api/product/363701
2024-08-16 16:11:03 [INFO]: GET /api/product/all-products
2024-08-16 16:11:04 [INFO]: GET /api/product/all-products
2024-08-16 16:11:06 [INFO]: GET /api/cart/customer1
2024-08-16 16:11:06 [INFO]: GET /api/cart/customer1
2024-08-16 16:11:06 [INFO]: GET /api/product/435240
2024-08-16 16:11:06 [INFO]: GET /api/product/363701
2024-08-16 16:11:06 [INFO]: GET /api/product/469108
2024-08-16 16:11:06 [INFO]: GET /api/product/435240
2024-08-16 16:11:06 [INFO]: GET /api/product/363701
2024-08-16 16:11:06 [INFO]: GET /api/product/469108
2024-08-16 16:11:21 [INFO]: GET /api/product/435240
2024-08-16 16:11:21 [INFO]: GET /api/product/363701
2024-08-16 16:11:21 [INFO]: GET /api/product/469108
2024-08-16 16:11:23 [INFO]: GET /api/product/435240
2024-08-16 16:11:23 [INFO]: GET /api/product/363701
2024-08-16 16:11:23 [INFO]: GET /api/product/469108
2024-08-16 16:11:25 [INFO]: GET /api/product/435240
2024-08-16 16:11:25 [INFO]: GET /api/product/363701
2024-08-16 16:11:25 [INFO]: GET /api/product/469108
2024-08-16 16:11:29 [INFO]: GET /api/product/435240
2024-08-16 16:11:29 [INFO]: GET /api/product/363701
2024-08-16 16:11:29 [INFO]: GET /api/product/469108
2024-08-16 16:12:11 [INFO]: GET /api/product/435240
2024-08-16 16:12:11 [INFO]: GET /api/product/363701
2024-08-16 16:12:11 [INFO]: GET /api/product/469108
2024-08-16 16:12:12 [INFO]: GET /api/product/435240
2024-08-16 16:12:12 [INFO]: GET /api/product/363701
2024-08-16 16:12:12 [INFO]: GET /api/product/469108
2024-08-16 16:12:34 [INFO]: GET /api/product/all-products
2024-08-16 16:12:34 [INFO]: GET /api/product/all-products
2024-08-16 16:12:41 [INFO]: POST /api/cart/register
2024-08-16 16:12:43 [INFO]: GET /api/cart/customer1
2024-08-16 16:12:43 [INFO]: GET /api/cart/customer1
2024-08-16 16:12:43 [INFO]: GET /api/product/435240
2024-08-16 16:12:43 [INFO]: GET /api/product/469108
2024-08-16 16:12:43 [INFO]: GET /api/product/363701
2024-08-16 16:12:43 [INFO]: GET /api/product/435240
2024-08-16 16:12:43 [INFO]: GET /api/product/469108
2024-08-16 16:12:43 [INFO]: GET /api/product/363701
2024-08-16 16:12:43 [INFO]: GET /api/product/469108
2024-08-16 16:12:43 [INFO]: GET /api/product/469108
2024-08-16 16:15:16 [INFO]: GET /api/cart/customer1
2024-08-16 16:15:16 [INFO]: GET /api/cart/customer1
2024-08-16 16:15:16 [INFO]: GET /api/product/435240
2024-08-16 16:15:16 [INFO]: GET /api/product/363701
2024-08-16 16:15:16 [INFO]: GET /api/product/469108
2024-08-16 16:15:16 [INFO]: GET /api/product/435240
2024-08-16 16:15:16 [INFO]: GET /api/product/363701
2024-08-16 16:15:16 [INFO]: GET /api/product/469108
2024-08-16 16:15:16 [INFO]: GET /api/product/469108
2024-08-16 16:15:16 [INFO]: GET /api/product/469108
2024-08-16 16:15:41 [INFO]: GET /api/product/435240
2024-08-16 16:15:41 [INFO]: GET /api/product/363701
2024-08-16 16:15:41 [INFO]: GET /api/product/469108
2024-08-16 16:15:41 [INFO]: GET /api/product/469108
2024-08-16 18:04:47 [INFO]: Server app listening on port 5000!
2024-08-16 18:04:50 [INFO]: Server app listening on port 5000!
2024-08-16 18:04:57 [INFO]: DELETE /api/cart/deleteProduct/customer1/469108
2024-08-16 18:05:09 [INFO]: GET /api/cart/customer1
2024-08-16 18:05:09 [INFO]: GET /api/cart/customer1
2024-08-16 18:05:09 [INFO]: GET /api/product/435240
2024-08-16 18:05:09 [INFO]: GET /api/product/363701
2024-08-16 18:05:09 [INFO]: GET /api/product/435240
2024-08-16 18:05:09 [INFO]: GET /api/product/363701
2024-08-16 18:05:11 [INFO]: DELETE /api/cart/deleteProduct/customer1/363701
2024-08-16 18:06:50 [INFO]: GET /api/cart/customer1
2024-08-16 18:06:50 [INFO]: GET /api/cart/customer1
2024-08-16 18:06:50 [INFO]: GET /api/product/435240
2024-08-16 18:06:50 [INFO]: GET /api/product/435240
2024-08-16 18:07:17 [INFO]: GET /api/product/435240
2024-08-16 18:07:18 [INFO]: GET /api/product/435240
2024-08-16 18:07:19 [INFO]: GET /api/product/435240
2024-08-16 18:07:29 [INFO]: GET /api/product/435240
2024-08-16 18:07:34 [INFO]: GET /api/product/435240
2024-08-16 18:07:40 [INFO]: GET /api/product/435240
2024-08-16 18:07:42 [INFO]: GET /api/product/435240
2024-08-16 18:07:43 [INFO]: GET /api/product/435240
2024-08-16 18:07:44 [INFO]: DELETE /api/cart/deleteProduct/customer1/435240
2024-08-16 18:08:35 [INFO]: GET /api/product/435240
2024-08-16 18:08:36 [INFO]: DELETE /api/cart/deleteProduct/customer1/435240
2024-08-16 18:08:39 [INFO]: GET /api/cart/customer1
2024-08-16 18:08:39 [INFO]: GET /api/cart/customer1
2024-08-16 18:08:40 [INFO]: GET /api/product/all-products
2024-08-16 18:08:40 [INFO]: GET /api/product/all-products
2024-08-16 18:08:46 [INFO]: POST /api/cart/register
2024-08-16 18:08:51 [INFO]: GET /api/cart/customer1
2024-08-16 18:08:51 [INFO]: GET /api/cart/customer1
2024-08-16 18:08:51 [INFO]: GET /api/product/435240
2024-08-16 18:08:51 [INFO]: GET /api/product/435240
2024-08-16 18:08:53 [INFO]: DELETE /api/cart/deleteProduct/customer1/435240
2024-08-16 18:08:55 [INFO]: GET /api/cart/customer1
2024-08-16 18:08:55 [INFO]: GET /api/cart/customer1
2024-08-16 18:09:15 [INFO]: GET /api/product/all-products
2024-08-16 18:09:15 [INFO]: GET /api/product/all-products
2024-08-16 18:09:33 [INFO]: POST /api/cart/register
2024-08-16 18:09:57 [INFO]: GET /api/cart/customer1
2024-08-16 18:09:57 [INFO]: GET /api/cart/customer1
2024-08-16 18:09:57 [INFO]: GET /api/product/435240
2024-08-16 18:09:57 [INFO]: GET /api/product/435240
2024-08-16 18:09:58 [INFO]: GET /api/product/all-products
2024-08-16 18:09:58 [INFO]: GET /api/product/all-products
2024-08-16 18:18:23 [INFO]: GET /api/customer/customer1
2024-08-16 18:18:24 [INFO]: GET /api/customer/customer1
2024-08-16 18:18:24 [INFO]: GET /api/product/all-products
2024-08-16 18:18:24 [INFO]: GET /api/product/all-products
2024-08-16 18:18:27 [INFO]: GET /api/cart/customer1
2024-08-16 18:18:27 [INFO]: GET /api/cart/customer1
2024-08-16 18:18:27 [INFO]: GET /api/product/435240
2024-08-16 18:18:27 [INFO]: GET /api/product/435240
2024-08-16 18:18:28 [INFO]: DELETE /api/cart/deleteProduct/customer1/435240
2024-08-16 18:18:30 [INFO]: GET /api/cart/customer1
2024-08-16 18:18:30 [INFO]: GET /api/cart/customer1
2024-08-16 18:18:31 [INFO]: GET /api/product/all-products
2024-08-16 18:18:31 [INFO]: GET /api/product/all-products
2024-08-16 18:18:35 [INFO]: POST /api/cart/register
2024-08-16 18:18:38 [INFO]: POST /api/cart/register
2024-08-16 18:18:39 [INFO]: GET /api/cart/customer1
2024-08-16 18:18:39 [INFO]: GET /api/cart/customer1
2024-08-16 18:18:40 [INFO]: GET /api/product/363701
2024-08-16 18:18:40 [INFO]: GET /api/product/509936
2024-08-16 18:18:40 [INFO]: GET /api/product/363701
2024-08-16 18:18:40 [INFO]: GET /api/product/509936
2024-08-16 18:21:01 [INFO]: GET /api/cart/customer1
2024-08-16 18:21:01 [INFO]: GET /api/cart/customer1
2024-08-16 18:21:01 [INFO]: GET /api/product/363701
2024-08-16 18:21:01 [INFO]: GET /api/product/509936
2024-08-16 18:21:01 [INFO]: GET /api/product/363701
2024-08-16 18:21:01 [INFO]: GET /api/product/509936
2024-08-16 18:21:17 [INFO]: GET /api/cart/customer1
2024-08-16 18:21:17 [INFO]: GET /api/cart/customer1
2024-08-16 18:21:17 [INFO]: GET /api/product/363701
2024-08-16 18:21:17 [INFO]: GET /api/product/509936
2024-08-16 18:21:17 [INFO]: GET /api/product/363701
2024-08-16 18:21:17 [INFO]: GET /api/product/509936
2024-08-16 18:21:18 [INFO]: GET /api/cart/customer1
2024-08-16 18:21:18 [INFO]: GET /api/cart/customer1
2024-08-16 18:21:18 [INFO]: GET /api/product/363701
2024-08-16 18:21:18 [INFO]: GET /api/product/509936
2024-08-16 18:21:18 [INFO]: GET /api/product/363701
2024-08-16 18:21:18 [INFO]: GET /api/product/509936
2024-08-16 18:21:20 [INFO]: GET /api/product/all-products
2024-08-16 18:21:20 [INFO]: GET /api/product/all-products
2024-08-16 18:21:23 [INFO]: GET /api/cart/customer1
2024-08-16 18:21:23 [INFO]: GET /api/cart/customer1
2024-08-16 18:21:23 [INFO]: GET /api/product/363701
2024-08-16 18:21:23 [INFO]: GET /api/product/509936
2024-08-16 18:21:23 [INFO]: GET /api/product/363701
2024-08-16 18:21:23 [INFO]: GET /api/product/509936
2024-08-16 18:21:39 [INFO]: GET /api/cart/customer1
2024-08-16 18:22:05 [INFO]: GET /api/cart/customer1
2024-08-16 18:23:21 [INFO]: GET /api/cart/customer1
2024-08-16 18:23:24 [INFO]: GET /api/cart/customer1
2024-08-16 18:23:24 [INFO]: GET /api/cart/customer1
2024-08-16 18:23:24 [INFO]: GET /api/product/363701
2024-08-16 18:23:24 [INFO]: GET /api/product/509936
2024-08-16 18:23:24 [INFO]: GET /api/product/363701
2024-08-16 18:23:24 [INFO]: GET /api/product/509936
2024-08-16 18:23:27 [INFO]: GET /api/product/all-products
2024-08-16 18:23:27 [INFO]: GET /api/product/all-products
