2024-10-06 21:03:58 [INFO]: Server app listening on port 5000!
2024-10-06 21:04:22 [INFO]: Server app listening on port 5000!
2024-10-06 21:05:01 [INFO]: Server app listening on port 5000!
2024-10-06 21:05:18 [INFO]: Server app listening on port 5000!
2024-10-06 21:05:19 [INFO]: Server app listening on port 5000!
2024-10-06 21:06:39 [INFO]: Server app listening on port 5000!
2024-10-06 21:06:41 [INFO]: Server app listening on port 5000!
2024-10-06 21:07:09 [INFO]: Server app listening on port 5000!
2024-10-06 21:07:40 [INFO]: Server app listening on port 5000!
2024-10-06 21:07:46 [INFO]: Server app listening on port 5000!
2024-10-06 21:07:48 [INFO]: Server app listening on port 5000!
2024-10-06 21:07:48 [INFO]: Server app listening on port 5000!
2024-10-06 21:10:15 [INFO]: Server app listening on port 5000!
2024-10-06 21:11:29 [INFO]: Server app listening on port 5000!
2024-10-06 21:11:30 [INFO]: Server app listening on port 5000!
2024-10-06 21:14:00 [INFO]: Server app listening on port 5000!
2024-10-06 21:14:18 [INFO]: Server app listening on port 5000!
2024-10-06 21:15:57 [INFO]: POST /api/user/login
2024-10-06 21:15:57 [WARN]: Login failed: invalid password for user - shivamsatyam209@gmail.com
2024-10-06 21:16:13 [INFO]: POST /api/user/login
2024-10-06 21:16:13 [WARN]: Login failed: invalid password for user - shivamsatyam209@gmail.com
2024-10-06 21:16:21 [INFO]: POST /api/user/login
2024-10-06 21:16:21 [WARN]: Login failed: invalid password for user - shivamsatyam209@gmail.com
2024-10-06 21:16:49 [INFO]: POST /api/user/login
2024-10-06 21:16:49 [WARN]: Login failed: invalid password for user - shivamsatyam209@gmail.com
2024-10-06 21:17:24 [INFO]: Server app listening on port 5000!
2024-10-06 21:17:28 [INFO]: Server app listening on port 5000!
2024-10-06 21:17:30 [INFO]: Server app listening on port 5000!
2024-10-06 21:17:33 [INFO]: Server app listening on port 5000!
2024-10-06 21:17:45 [INFO]: POST /api/user/login
2024-10-06 21:17:45 [WARN]: Login failed: invalid password for user - shivamsatyam209@gmail.com
2024-10-06 21:17:52 [INFO]: Server app listening on port 5000!
2024-10-06 21:17:54 [INFO]: Server app listening on port 5000!
2024-10-06 21:17:57 [INFO]: Server app listening on port 5000!
2024-10-06 21:18:01 [INFO]: Server app listening on port 5000!
2024-10-06 21:18:51 [INFO]: POST /api/user/login
2024-10-06 21:18:51 [WARN]: Login failed: invalid password for user - shivamsatyam209@gmail.com
2024-10-06 21:19:04 [INFO]: POST /api/user/login
2024-10-06 21:19:04 [WARN]: Login failed: invalid password for user - shivamsatyam209@gmail.com
2024-10-06 21:19:16 [INFO]: POST /api/user/login
2024-10-06 21:19:16 [WARN]: Login failed: invalid password for user - shivamsatyam209@gmail.com
2024-10-06 21:19:46 [INFO]: POST /api/user/register
2024-10-06 21:19:46 [INFO]: User registered: seller1
2024-10-06 21:19:54 [INFO]: POST /api/user/login
2024-10-06 21:19:54 [INFO]: OTP sent to email for user: shivamsatyam209@gmail.com
2024-10-06 21:20:08 [INFO]: POST /api/user/verifyOtp
2024-10-06 21:20:08 [INFO]: OTP verified for user: shivamsatyam209@gmail.com
2024-10-06 21:20:12 [INFO]: GET /api/product/user-products/seller1
2024-10-06 21:20:12 [INFO]: Fetched products for user: seller1
2024-10-06 21:20:16 [INFO]: GET /api/product/436287
2024-10-06 21:20:16 [INFO]: Fetched product successfully: 436287
2024-10-06 21:20:18 [INFO]: GET /api/product/user-products/seller1
2024-10-06 21:20:18 [INFO]: Fetched products for user: seller1